[2025-01-06T15:00:34.403+0000] {local_task_job_runner.py:123} INFO - ::group::Pre task execution logs
[2025-01-06T15:00:34.410+0000] {taskinstance.py:2613} INFO - Dependencies all met for dep_context=non-requeueable deps ti=<TaskInstance: transfer.transfer_Products manual__2025-01-06T15:00:33.362035+00:00 [queued]>
[2025-01-06T15:00:34.413+0000] {taskinstance.py:2613} INFO - Dependencies all met for dep_context=requeueable deps ti=<TaskInstance: transfer.transfer_Products manual__2025-01-06T15:00:33.362035+00:00 [queued]>
[2025-01-06T15:00:34.414+0000] {taskinstance.py:2866} INFO - Starting attempt 1 of 1
[2025-01-06T15:00:34.419+0000] {taskinstance.py:2889} INFO - Executing <Task(GenericTransfer): transfer_Products> on 2025-01-06 15:00:33.362035+00:00
[2025-01-06T15:00:34.423+0000] {warnings.py:112} WARNING - /home/***/.local/lib/python3.12/site-packages/***/task/task_runner/standard_task_runner.py:70: DeprecationWarning: This process (pid=187) is multi-threaded, use of fork() may lead to deadlocks in the child.
  pid = os.fork()

[2025-01-06T15:00:34.424+0000] {standard_task_runner.py:104} INFO - Running: ['***', 'tasks', 'run', 'transfer', 'transfer_Products', 'manual__2025-01-06T15:00:33.362035+00:00', '--job-id', '23', '--raw', '--subdir', 'DAGS_FOLDER/tranfer_dag.py', '--cfg-path', '/tmp/tmpmn07ly3k']
[2025-01-06T15:00:34.425+0000] {standard_task_runner.py:72} INFO - Started process 193 to run task
[2025-01-06T15:00:34.425+0000] {standard_task_runner.py:105} INFO - Job 23: Subtask transfer_Products
[2025-01-06T15:00:34.450+0000] {task_command.py:467} INFO - Running <TaskInstance: transfer.transfer_Products manual__2025-01-06T15:00:33.362035+00:00 [running]> on host 78501d4f6bfb
[2025-01-06T15:00:34.495+0000] {taskinstance.py:3132} INFO - Exporting env vars: AIRFLOW_CTX_DAG_OWNER='***' AIRFLOW_CTX_DAG_ID='transfer' AIRFLOW_CTX_TASK_ID='transfer_Products' AIRFLOW_CTX_EXECUTION_DATE='2025-01-06T15:00:33.362035+00:00' AIRFLOW_CTX_TRY_NUMBER='1' AIRFLOW_CTX_DAG_RUN_ID='manual__2025-01-06T15:00:33.362035+00:00'
[2025-01-06T15:00:34.496+0000] {taskinstance.py:731} INFO - ::endgroup::
[2025-01-06T15:00:34.508+0000] {base.py:84} INFO - Retrieving connection 'postgres-source'
[2025-01-06T15:00:34.521+0000] {base.py:84} INFO - Retrieving connection 'mysql-target'
[2025-01-06T15:00:34.522+0000] {generic_transfer.py:79} INFO - Extracting data from postgres-source
[2025-01-06T15:00:34.522+0000] {generic_transfer.py:80} INFO - Executing: 
 SELECT * FROM Products
[2025-01-06T15:00:34.526+0000] {base.py:84} INFO - Retrieving connection 'postgres-source'
[2025-01-06T15:00:34.530+0000] {sql.py:553} INFO - Running statement: SELECT * FROM Products, parameters: None
[2025-01-06T15:00:34.531+0000] {sql.py:562} INFO - Rows affected: 2
[2025-01-06T15:00:34.532+0000] {generic_transfer.py:97} INFO - Running preoperator
[2025-01-06T15:00:34.532+0000] {generic_transfer.py:98} INFO - truncate Products
[2025-01-06T15:00:34.535+0000] {base.py:84} INFO - Retrieving connection 'mysql-target'
[2025-01-06T15:00:34.539+0000] {sql.py:553} INFO - Running statement: truncate Products, parameters: None
[2025-01-06T15:00:34.546+0000] {sql.py:562} INFO - Rows affected: 0
[2025-01-06T15:00:34.547+0000] {generic_transfer.py:107} INFO - Inserting rows into mysql-target
[2025-01-06T15:00:34.549+0000] {sql.py:694} INFO - Done loading. Loaded a total of 2 rows into Products
[2025-01-06T15:00:34.554+0000] {taskinstance.py:340} INFO - ::group::Post task execution logs
[2025-01-06T15:00:34.554+0000] {taskinstance.py:352} INFO - Marking task as SUCCESS. dag_id=transfer, task_id=transfer_Products, run_id=manual__2025-01-06T15:00:33.362035+00:00, execution_date=20250106T150033, start_date=20250106T150034, end_date=20250106T150034
[2025-01-06T15:00:34.599+0000] {local_task_job_runner.py:266} INFO - Task exited with return code 0
[2025-01-06T15:00:34.603+0000] {local_task_job_runner.py:245} INFO - ::endgroup::
