[2025-01-06T15:43:59.006+0000] {local_task_job_runner.py:123} INFO - ::group::Pre task execution logs
[2025-01-06T15:43:59.014+0000] {taskinstance.py:2613} INFO - Dependencies all met for dep_context=non-requeueable deps ti=<TaskInstance: transfer.transfer_Products manual__2025-01-06T15:43:58.576882+00:00 [queued]>
[2025-01-06T15:43:59.017+0000] {taskinstance.py:2613} INFO - Dependencies all met for dep_context=requeueable deps ti=<TaskInstance: transfer.transfer_Products manual__2025-01-06T15:43:58.576882+00:00 [queued]>
[2025-01-06T15:43:59.019+0000] {taskinstance.py:2866} INFO - Starting attempt 1 of 1
[2025-01-06T15:43:59.025+0000] {taskinstance.py:2889} INFO - Executing <Task(GenericTransfer): transfer_Products> on 2025-01-06 15:43:58.576882+00:00
[2025-01-06T15:43:59.028+0000] {warnings.py:112} WARNING - /home/***/.local/lib/python3.12/site-packages/***/task/task_runner/standard_task_runner.py:70: DeprecationWarning: This process (pid=151) is multi-threaded, use of fork() may lead to deadlocks in the child.
  pid = os.fork()

[2025-01-06T15:43:59.030+0000] {standard_task_runner.py:72} INFO - Started process 161 to run task
[2025-01-06T15:43:59.031+0000] {standard_task_runner.py:104} INFO - Running: ['***', 'tasks', 'run', 'transfer', 'transfer_Products', 'manual__2025-01-06T15:43:58.576882+00:00', '--job-id', '38', '--raw', '--subdir', 'DAGS_FOLDER/tranfer_dag.py', '--cfg-path', '/tmp/tmp790w356g']
[2025-01-06T15:43:59.032+0000] {standard_task_runner.py:105} INFO - Job 38: Subtask transfer_Products
[2025-01-06T15:43:59.060+0000] {task_command.py:467} INFO - Running <TaskInstance: transfer.transfer_Products manual__2025-01-06T15:43:58.576882+00:00 [running]> on host 78501d4f6bfb
[2025-01-06T15:43:59.103+0000] {taskinstance.py:3132} INFO - Exporting env vars: AIRFLOW_CTX_DAG_OWNER='***' AIRFLOW_CTX_DAG_ID='transfer' AIRFLOW_CTX_TASK_ID='transfer_Products' AIRFLOW_CTX_EXECUTION_DATE='2025-01-06T15:43:58.576882+00:00' AIRFLOW_CTX_TRY_NUMBER='1' AIRFLOW_CTX_DAG_RUN_ID='manual__2025-01-06T15:43:58.576882+00:00'
[2025-01-06T15:43:59.105+0000] {taskinstance.py:731} INFO - ::endgroup::
[2025-01-06T15:43:59.120+0000] {base.py:84} INFO - Retrieving connection 'postgres-source'
[2025-01-06T15:43:59.126+0000] {base.py:84} INFO - Retrieving connection 'mysql-target'
[2025-01-06T15:43:59.127+0000] {generic_transfer.py:79} INFO - Extracting data from postgres-source
[2025-01-06T15:43:59.127+0000] {generic_transfer.py:80} INFO - Executing: 
 SELECT * FROM Products
[2025-01-06T15:43:59.132+0000] {base.py:84} INFO - Retrieving connection 'postgres-source'
[2025-01-06T15:43:59.136+0000] {sql.py:553} INFO - Running statement: SELECT * FROM Products, parameters: None
[2025-01-06T15:43:59.138+0000] {sql.py:562} INFO - Rows affected: 2
[2025-01-06T15:43:59.138+0000] {generic_transfer.py:97} INFO - Running preoperator
[2025-01-06T15:43:59.139+0000] {generic_transfer.py:98} INFO - truncate Products
[2025-01-06T15:43:59.144+0000] {base.py:84} INFO - Retrieving connection 'mysql-target'
[2025-01-06T15:43:59.148+0000] {sql.py:553} INFO - Running statement: truncate Products, parameters: None
[2025-01-06T15:43:59.157+0000] {sql.py:562} INFO - Rows affected: 0
[2025-01-06T15:43:59.157+0000] {generic_transfer.py:107} INFO - Inserting rows into mysql-target
[2025-01-06T15:43:59.159+0000] {sql.py:694} INFO - Done loading. Loaded a total of 2 rows into Products
[2025-01-06T15:43:59.164+0000] {taskinstance.py:340} INFO - ::group::Post task execution logs
[2025-01-06T15:43:59.164+0000] {taskinstance.py:352} INFO - Marking task as SUCCESS. dag_id=transfer, task_id=transfer_Products, run_id=manual__2025-01-06T15:43:58.576882+00:00, execution_date=20250106T154358, start_date=20250106T154359, end_date=20250106T154359
[2025-01-06T15:43:59.205+0000] {local_task_job_runner.py:266} INFO - Task exited with return code 0
[2025-01-06T15:43:59.210+0000] {local_task_job_runner.py:245} INFO - ::endgroup::
