[2025-01-06T12:18:14.882+0000] {processor.py:186} INFO - Started process (PID=52) to work on /home/airflow/.local/lib/python3.12/site-packages/airflow/example_dags/example_params_trigger_ui.py
[2025-01-06T12:18:14.883+0000] {processor.py:914} INFO - Processing file /home/airflow/.local/lib/python3.12/site-packages/airflow/example_dags/example_params_trigger_ui.py for tasks to queue
[2025-01-06T12:18:14.884+0000] {logging_mixin.py:190} INFO - [2025-01-06T12:18:14.884+0000] {dagbag.py:588} INFO - Filling up the DagBag from /home/airflow/.local/lib/python3.12/site-packages/airflow/example_dags/example_params_trigger_ui.py
[2025-01-06T12:18:14.890+0000] {processor.py:925} INFO - DAG(s) 'example_params_trigger_ui' retrieved from /home/airflow/.local/lib/python3.12/site-packages/airflow/example_dags/example_params_trigger_ui.py
[2025-01-06T12:18:14.939+0000] {logging_mixin.py:190} INFO - [2025-01-06T12:18:14.938+0000] {override.py:1911} INFO - Created Permission View: can delete on DAG:example_params_trigger_ui
[2025-01-06T12:18:14.942+0000] {logging_mixin.py:190} INFO - [2025-01-06T12:18:14.942+0000] {override.py:1911} INFO - Created Permission View: can edit on DAG:example_params_trigger_ui
[2025-01-06T12:18:14.943+0000] {logging_mixin.py:190} INFO - [2025-01-06T12:18:14.943+0000] {override.py:1911} INFO - Created Permission View: can read on DAG:example_params_trigger_ui
[2025-01-06T12:18:14.945+0000] {logging_mixin.py:190} INFO - [2025-01-06T12:18:14.945+0000] {override.py:1911} INFO - Created Permission View: can delete on DAG Run:example_params_trigger_ui
[2025-01-06T12:18:14.946+0000] {logging_mixin.py:190} INFO - [2025-01-06T12:18:14.946+0000] {override.py:1911} INFO - Created Permission View: menu access on DAG Run:example_params_trigger_ui
[2025-01-06T12:18:14.948+0000] {logging_mixin.py:190} INFO - [2025-01-06T12:18:14.948+0000] {override.py:1911} INFO - Created Permission View: can read on DAG Run:example_params_trigger_ui
[2025-01-06T12:18:14.949+0000] {logging_mixin.py:190} INFO - [2025-01-06T12:18:14.949+0000] {override.py:1911} INFO - Created Permission View: can create on DAG Run:example_params_trigger_ui
[2025-01-06T12:18:14.950+0000] {logging_mixin.py:190} INFO - [2025-01-06T12:18:14.950+0000] {dag.py:3239} INFO - Sync 1 DAGs
[2025-01-06T12:18:14.955+0000] {logging_mixin.py:190} INFO - [2025-01-06T12:18:14.954+0000] {dag.py:3262} INFO - Creating ORM DAG for example_params_trigger_ui
[2025-01-06T12:18:14.955+0000] {logging_mixin.py:190} INFO - [2025-01-06T12:18:14.955+0000] {dag.py:4180} INFO - Setting next_dagrun for example_params_trigger_ui to None, run_after=None
[2025-01-06T12:18:14.961+0000] {processor.py:208} INFO - Processing /home/airflow/.local/lib/python3.12/site-packages/airflow/example_dags/example_params_trigger_ui.py took 0.081 seconds
[2025-01-06T12:18:28.862+0000] {processor.py:186} INFO - Started process (PID=52) to work on /home/airflow/.local/lib/python3.12/site-packages/airflow/example_dags/example_params_trigger_ui.py
[2025-01-06T12:18:28.863+0000] {processor.py:914} INFO - Processing file /home/airflow/.local/lib/python3.12/site-packages/airflow/example_dags/example_params_trigger_ui.py for tasks to queue
[2025-01-06T12:18:28.864+0000] {logging_mixin.py:190} INFO - [2025-01-06T12:18:28.864+0000] {dagbag.py:588} INFO - Filling up the DagBag from /home/airflow/.local/lib/python3.12/site-packages/airflow/example_dags/example_params_trigger_ui.py
[2025-01-06T12:18:28.870+0000] {processor.py:925} INFO - DAG(s) 'example_params_trigger_ui' retrieved from /home/airflow/.local/lib/python3.12/site-packages/airflow/example_dags/example_params_trigger_ui.py
[2025-01-06T12:18:28.877+0000] {logging_mixin.py:190} INFO - [2025-01-06T12:18:28.877+0000] {dag.py:3239} INFO - Sync 1 DAGs
[2025-01-06T12:18:28.884+0000] {logging_mixin.py:190} INFO - [2025-01-06T12:18:28.884+0000] {dag.py:4180} INFO - Setting next_dagrun for example_params_trigger_ui to None, run_after=None
[2025-01-06T12:18:28.892+0000] {processor.py:208} INFO - Processing /home/airflow/.local/lib/python3.12/site-packages/airflow/example_dags/example_params_trigger_ui.py took 0.032 seconds
[2025-01-06T12:18:39.919+0000] {processor.py:186} INFO - Started process (PID=52) to work on /home/airflow/.local/lib/python3.12/site-packages/airflow/example_dags/example_params_trigger_ui.py
[2025-01-06T12:18:39.920+0000] {processor.py:914} INFO - Processing file /home/airflow/.local/lib/python3.12/site-packages/airflow/example_dags/example_params_trigger_ui.py for tasks to queue
[2025-01-06T12:18:39.921+0000] {logging_mixin.py:190} INFO - [2025-01-06T12:18:39.921+0000] {dagbag.py:588} INFO - Filling up the DagBag from /home/airflow/.local/lib/python3.12/site-packages/airflow/example_dags/example_params_trigger_ui.py
[2025-01-06T12:18:39.929+0000] {processor.py:925} INFO - DAG(s) 'example_params_trigger_ui' retrieved from /home/airflow/.local/lib/python3.12/site-packages/airflow/example_dags/example_params_trigger_ui.py
[2025-01-06T12:18:39.935+0000] {logging_mixin.py:190} INFO - [2025-01-06T12:18:39.935+0000] {dag.py:3239} INFO - Sync 1 DAGs
[2025-01-06T12:18:39.942+0000] {logging_mixin.py:190} INFO - [2025-01-06T12:18:39.942+0000] {dag.py:4180} INFO - Setting next_dagrun for example_params_trigger_ui to None, run_after=None
[2025-01-06T12:18:39.950+0000] {processor.py:208} INFO - Processing /home/airflow/.local/lib/python3.12/site-packages/airflow/example_dags/example_params_trigger_ui.py took 0.034 seconds
[2025-01-06T12:19:18.799+0000] {processor.py:186} INFO - Started process (PID=52) to work on /home/airflow/.local/lib/python3.12/site-packages/airflow/example_dags/example_params_trigger_ui.py
[2025-01-06T12:19:18.799+0000] {processor.py:914} INFO - Processing file /home/airflow/.local/lib/python3.12/site-packages/airflow/example_dags/example_params_trigger_ui.py for tasks to queue
[2025-01-06T12:19:18.800+0000] {logging_mixin.py:190} INFO - [2025-01-06T12:19:18.800+0000] {dagbag.py:588} INFO - Filling up the DagBag from /home/airflow/.local/lib/python3.12/site-packages/airflow/example_dags/example_params_trigger_ui.py
[2025-01-06T12:19:18.806+0000] {processor.py:925} INFO - DAG(s) 'example_params_trigger_ui' retrieved from /home/airflow/.local/lib/python3.12/site-packages/airflow/example_dags/example_params_trigger_ui.py
[2025-01-06T12:19:18.826+0000] {logging_mixin.py:190} INFO - [2025-01-06T12:19:18.826+0000] {dag.py:3239} INFO - Sync 1 DAGs
[2025-01-06T12:19:18.833+0000] {logging_mixin.py:190} INFO - [2025-01-06T12:19:18.833+0000] {dag.py:4180} INFO - Setting next_dagrun for example_params_trigger_ui to None, run_after=None
[2025-01-06T12:19:18.842+0000] {processor.py:208} INFO - Processing /home/airflow/.local/lib/python3.12/site-packages/airflow/example_dags/example_params_trigger_ui.py took 0.046 seconds
[2025-01-06T12:33:12.264+0000] {processor.py:186} INFO - Started process (PID=54) to work on /home/airflow/.local/lib/python3.12/site-packages/airflow/example_dags/example_params_trigger_ui.py
[2025-01-06T12:33:12.265+0000] {processor.py:914} INFO - Processing file /home/airflow/.local/lib/python3.12/site-packages/airflow/example_dags/example_params_trigger_ui.py for tasks to queue
[2025-01-06T12:33:12.266+0000] {logging_mixin.py:190} INFO - [2025-01-06T12:33:12.266+0000] {dagbag.py:588} INFO - Filling up the DagBag from /home/airflow/.local/lib/python3.12/site-packages/airflow/example_dags/example_params_trigger_ui.py
[2025-01-06T12:33:12.272+0000] {processor.py:925} INFO - DAG(s) 'example_params_trigger_ui' retrieved from /home/airflow/.local/lib/python3.12/site-packages/airflow/example_dags/example_params_trigger_ui.py
[2025-01-06T12:33:12.320+0000] {logging_mixin.py:190} INFO - [2025-01-06T12:33:12.320+0000] {override.py:1911} INFO - Created Permission View: can delete on DAG:example_params_trigger_ui
[2025-01-06T12:33:12.324+0000] {logging_mixin.py:190} INFO - [2025-01-06T12:33:12.323+0000] {override.py:1911} INFO - Created Permission View: can read on DAG:example_params_trigger_ui
[2025-01-06T12:33:12.325+0000] {logging_mixin.py:190} INFO - [2025-01-06T12:33:12.325+0000] {override.py:1911} INFO - Created Permission View: can edit on DAG:example_params_trigger_ui
[2025-01-06T12:33:12.327+0000] {logging_mixin.py:190} INFO - [2025-01-06T12:33:12.327+0000] {override.py:1911} INFO - Created Permission View: menu access on DAG Run:example_params_trigger_ui
[2025-01-06T12:33:12.329+0000] {logging_mixin.py:190} INFO - [2025-01-06T12:33:12.329+0000] {override.py:1911} INFO - Created Permission View: can delete on DAG Run:example_params_trigger_ui
[2025-01-06T12:33:12.331+0000] {logging_mixin.py:190} INFO - [2025-01-06T12:33:12.331+0000] {override.py:1911} INFO - Created Permission View: can read on DAG Run:example_params_trigger_ui
[2025-01-06T12:33:12.332+0000] {logging_mixin.py:190} INFO - [2025-01-06T12:33:12.332+0000] {override.py:1911} INFO - Created Permission View: can create on DAG Run:example_params_trigger_ui
[2025-01-06T12:33:12.333+0000] {logging_mixin.py:190} INFO - [2025-01-06T12:33:12.332+0000] {dag.py:3239} INFO - Sync 1 DAGs
[2025-01-06T12:33:12.338+0000] {logging_mixin.py:190} INFO - [2025-01-06T12:33:12.337+0000] {dag.py:3262} INFO - Creating ORM DAG for example_params_trigger_ui
[2025-01-06T12:33:12.338+0000] {logging_mixin.py:190} INFO - [2025-01-06T12:33:12.338+0000] {dag.py:4180} INFO - Setting next_dagrun for example_params_trigger_ui to None, run_after=None
[2025-01-06T12:33:12.344+0000] {processor.py:208} INFO - Processing /home/airflow/.local/lib/python3.12/site-packages/airflow/example_dags/example_params_trigger_ui.py took 0.083 seconds
[2025-01-06T12:33:43.397+0000] {processor.py:186} INFO - Started process (PID=112) to work on /home/airflow/.local/lib/python3.12/site-packages/airflow/example_dags/example_params_trigger_ui.py
[2025-01-06T12:33:43.398+0000] {processor.py:914} INFO - Processing file /home/airflow/.local/lib/python3.12/site-packages/airflow/example_dags/example_params_trigger_ui.py for tasks to queue
[2025-01-06T12:33:43.399+0000] {logging_mixin.py:190} INFO - [2025-01-06T12:33:43.399+0000] {dagbag.py:588} INFO - Filling up the DagBag from /home/airflow/.local/lib/python3.12/site-packages/airflow/example_dags/example_params_trigger_ui.py
[2025-01-06T12:33:43.404+0000] {processor.py:925} INFO - DAG(s) 'example_params_trigger_ui' retrieved from /home/airflow/.local/lib/python3.12/site-packages/airflow/example_dags/example_params_trigger_ui.py
[2025-01-06T12:33:43.419+0000] {logging_mixin.py:190} INFO - [2025-01-06T12:33:43.419+0000] {dag.py:3239} INFO - Sync 1 DAGs
[2025-01-06T12:33:43.425+0000] {logging_mixin.py:190} INFO - [2025-01-06T12:33:43.425+0000] {dag.py:4180} INFO - Setting next_dagrun for example_params_trigger_ui to None, run_after=None
[2025-01-06T12:33:43.432+0000] {processor.py:208} INFO - Processing /home/airflow/.local/lib/python3.12/site-packages/airflow/example_dags/example_params_trigger_ui.py took 0.037 seconds
[2025-01-06T12:34:13.485+0000] {processor.py:186} INFO - Started process (PID=169) to work on /home/airflow/.local/lib/python3.12/site-packages/airflow/example_dags/example_params_trigger_ui.py
[2025-01-06T12:34:13.486+0000] {processor.py:914} INFO - Processing file /home/airflow/.local/lib/python3.12/site-packages/airflow/example_dags/example_params_trigger_ui.py for tasks to queue
[2025-01-06T12:34:13.487+0000] {logging_mixin.py:190} INFO - [2025-01-06T12:34:13.487+0000] {dagbag.py:588} INFO - Filling up the DagBag from /home/airflow/.local/lib/python3.12/site-packages/airflow/example_dags/example_params_trigger_ui.py
[2025-01-06T12:34:13.492+0000] {processor.py:925} INFO - DAG(s) 'example_params_trigger_ui' retrieved from /home/airflow/.local/lib/python3.12/site-packages/airflow/example_dags/example_params_trigger_ui.py
[2025-01-06T12:34:13.507+0000] {logging_mixin.py:190} INFO - [2025-01-06T12:34:13.507+0000] {dag.py:3239} INFO - Sync 1 DAGs
[2025-01-06T12:34:13.512+0000] {logging_mixin.py:190} INFO - [2025-01-06T12:34:13.512+0000] {dag.py:4180} INFO - Setting next_dagrun for example_params_trigger_ui to None, run_after=None
[2025-01-06T12:34:13.519+0000] {processor.py:208} INFO - Processing /home/airflow/.local/lib/python3.12/site-packages/airflow/example_dags/example_params_trigger_ui.py took 0.036 seconds
[2025-01-06T12:34:43.785+0000] {processor.py:186} INFO - Started process (PID=226) to work on /home/airflow/.local/lib/python3.12/site-packages/airflow/example_dags/example_params_trigger_ui.py
[2025-01-06T12:34:43.786+0000] {processor.py:914} INFO - Processing file /home/airflow/.local/lib/python3.12/site-packages/airflow/example_dags/example_params_trigger_ui.py for tasks to queue
[2025-01-06T12:34:43.787+0000] {logging_mixin.py:190} INFO - [2025-01-06T12:34:43.787+0000] {dagbag.py:588} INFO - Filling up the DagBag from /home/airflow/.local/lib/python3.12/site-packages/airflow/example_dags/example_params_trigger_ui.py
[2025-01-06T12:34:43.796+0000] {processor.py:925} INFO - DAG(s) 'example_params_trigger_ui' retrieved from /home/airflow/.local/lib/python3.12/site-packages/airflow/example_dags/example_params_trigger_ui.py
[2025-01-06T12:34:43.816+0000] {logging_mixin.py:190} INFO - [2025-01-06T12:34:43.815+0000] {dag.py:3239} INFO - Sync 1 DAGs
[2025-01-06T12:34:43.822+0000] {logging_mixin.py:190} INFO - [2025-01-06T12:34:43.822+0000] {dag.py:4180} INFO - Setting next_dagrun for example_params_trigger_ui to None, run_after=None
[2025-01-06T12:34:43.830+0000] {processor.py:208} INFO - Processing /home/airflow/.local/lib/python3.12/site-packages/airflow/example_dags/example_params_trigger_ui.py took 0.048 seconds
[2025-01-06T12:35:13.996+0000] {processor.py:186} INFO - Started process (PID=284) to work on /home/airflow/.local/lib/python3.12/site-packages/airflow/example_dags/example_params_trigger_ui.py
[2025-01-06T12:35:13.997+0000] {processor.py:914} INFO - Processing file /home/airflow/.local/lib/python3.12/site-packages/airflow/example_dags/example_params_trigger_ui.py for tasks to queue
[2025-01-06T12:35:13.998+0000] {logging_mixin.py:190} INFO - [2025-01-06T12:35:13.998+0000] {dagbag.py:588} INFO - Filling up the DagBag from /home/airflow/.local/lib/python3.12/site-packages/airflow/example_dags/example_params_trigger_ui.py
[2025-01-06T12:35:14.003+0000] {processor.py:925} INFO - DAG(s) 'example_params_trigger_ui' retrieved from /home/airflow/.local/lib/python3.12/site-packages/airflow/example_dags/example_params_trigger_ui.py
[2025-01-06T12:35:14.018+0000] {logging_mixin.py:190} INFO - [2025-01-06T12:35:14.018+0000] {dag.py:3239} INFO - Sync 1 DAGs
[2025-01-06T12:35:14.024+0000] {logging_mixin.py:190} INFO - [2025-01-06T12:35:14.024+0000] {dag.py:4180} INFO - Setting next_dagrun for example_params_trigger_ui to None, run_after=None
[2025-01-06T12:35:14.032+0000] {processor.py:208} INFO - Processing /home/airflow/.local/lib/python3.12/site-packages/airflow/example_dags/example_params_trigger_ui.py took 0.039 seconds
[2025-01-06T12:35:44.324+0000] {processor.py:186} INFO - Started process (PID=342) to work on /home/airflow/.local/lib/python3.12/site-packages/airflow/example_dags/example_params_trigger_ui.py
[2025-01-06T12:35:44.325+0000] {processor.py:914} INFO - Processing file /home/airflow/.local/lib/python3.12/site-packages/airflow/example_dags/example_params_trigger_ui.py for tasks to queue
[2025-01-06T12:35:44.326+0000] {logging_mixin.py:190} INFO - [2025-01-06T12:35:44.326+0000] {dagbag.py:588} INFO - Filling up the DagBag from /home/airflow/.local/lib/python3.12/site-packages/airflow/example_dags/example_params_trigger_ui.py
[2025-01-06T12:35:44.331+0000] {processor.py:925} INFO - DAG(s) 'example_params_trigger_ui' retrieved from /home/airflow/.local/lib/python3.12/site-packages/airflow/example_dags/example_params_trigger_ui.py
[2025-01-06T12:35:44.345+0000] {logging_mixin.py:190} INFO - [2025-01-06T12:35:44.345+0000] {dag.py:3239} INFO - Sync 1 DAGs
[2025-01-06T12:35:44.350+0000] {logging_mixin.py:190} INFO - [2025-01-06T12:35:44.350+0000] {dag.py:4180} INFO - Setting next_dagrun for example_params_trigger_ui to None, run_after=None
[2025-01-06T12:35:44.355+0000] {processor.py:208} INFO - Processing /home/airflow/.local/lib/python3.12/site-packages/airflow/example_dags/example_params_trigger_ui.py took 0.033 seconds
[2025-01-06T12:36:14.506+0000] {processor.py:186} INFO - Started process (PID=400) to work on /home/airflow/.local/lib/python3.12/site-packages/airflow/example_dags/example_params_trigger_ui.py
[2025-01-06T12:36:14.507+0000] {processor.py:914} INFO - Processing file /home/airflow/.local/lib/python3.12/site-packages/airflow/example_dags/example_params_trigger_ui.py for tasks to queue
[2025-01-06T12:36:14.508+0000] {logging_mixin.py:190} INFO - [2025-01-06T12:36:14.508+0000] {dagbag.py:588} INFO - Filling up the DagBag from /home/airflow/.local/lib/python3.12/site-packages/airflow/example_dags/example_params_trigger_ui.py
[2025-01-06T12:36:14.513+0000] {processor.py:925} INFO - DAG(s) 'example_params_trigger_ui' retrieved from /home/airflow/.local/lib/python3.12/site-packages/airflow/example_dags/example_params_trigger_ui.py
[2025-01-06T12:36:14.528+0000] {logging_mixin.py:190} INFO - [2025-01-06T12:36:14.528+0000] {dag.py:3239} INFO - Sync 1 DAGs
[2025-01-06T12:36:14.534+0000] {logging_mixin.py:190} INFO - [2025-01-06T12:36:14.533+0000] {dag.py:4180} INFO - Setting next_dagrun for example_params_trigger_ui to None, run_after=None
[2025-01-06T12:36:14.540+0000] {processor.py:208} INFO - Processing /home/airflow/.local/lib/python3.12/site-packages/airflow/example_dags/example_params_trigger_ui.py took 0.036 seconds
[2025-01-06T12:36:44.980+0000] {processor.py:186} INFO - Started process (PID=458) to work on /home/airflow/.local/lib/python3.12/site-packages/airflow/example_dags/example_params_trigger_ui.py
[2025-01-06T12:36:44.981+0000] {processor.py:914} INFO - Processing file /home/airflow/.local/lib/python3.12/site-packages/airflow/example_dags/example_params_trigger_ui.py for tasks to queue
[2025-01-06T12:36:44.982+0000] {logging_mixin.py:190} INFO - [2025-01-06T12:36:44.982+0000] {dagbag.py:588} INFO - Filling up the DagBag from /home/airflow/.local/lib/python3.12/site-packages/airflow/example_dags/example_params_trigger_ui.py
[2025-01-06T12:36:44.987+0000] {processor.py:925} INFO - DAG(s) 'example_params_trigger_ui' retrieved from /home/airflow/.local/lib/python3.12/site-packages/airflow/example_dags/example_params_trigger_ui.py
[2025-01-06T12:36:45.002+0000] {logging_mixin.py:190} INFO - [2025-01-06T12:36:45.001+0000] {dag.py:3239} INFO - Sync 1 DAGs
[2025-01-06T12:36:45.007+0000] {logging_mixin.py:190} INFO - [2025-01-06T12:36:45.007+0000] {dag.py:4180} INFO - Setting next_dagrun for example_params_trigger_ui to None, run_after=None
[2025-01-06T12:36:45.013+0000] {processor.py:208} INFO - Processing /home/airflow/.local/lib/python3.12/site-packages/airflow/example_dags/example_params_trigger_ui.py took 0.035 seconds
[2025-01-06T12:37:16.165+0000] {processor.py:186} INFO - Started process (PID=516) to work on /home/airflow/.local/lib/python3.12/site-packages/airflow/example_dags/example_params_trigger_ui.py
[2025-01-06T12:37:16.165+0000] {processor.py:914} INFO - Processing file /home/airflow/.local/lib/python3.12/site-packages/airflow/example_dags/example_params_trigger_ui.py for tasks to queue
[2025-01-06T12:37:16.166+0000] {logging_mixin.py:190} INFO - [2025-01-06T12:37:16.166+0000] {dagbag.py:588} INFO - Filling up the DagBag from /home/airflow/.local/lib/python3.12/site-packages/airflow/example_dags/example_params_trigger_ui.py
[2025-01-06T12:37:16.171+0000] {processor.py:925} INFO - DAG(s) 'example_params_trigger_ui' retrieved from /home/airflow/.local/lib/python3.12/site-packages/airflow/example_dags/example_params_trigger_ui.py
[2025-01-06T12:37:16.186+0000] {logging_mixin.py:190} INFO - [2025-01-06T12:37:16.186+0000] {dag.py:3239} INFO - Sync 1 DAGs
[2025-01-06T12:37:16.191+0000] {logging_mixin.py:190} INFO - [2025-01-06T12:37:16.191+0000] {dag.py:4180} INFO - Setting next_dagrun for example_params_trigger_ui to None, run_after=None
[2025-01-06T12:37:16.197+0000] {processor.py:208} INFO - Processing /home/airflow/.local/lib/python3.12/site-packages/airflow/example_dags/example_params_trigger_ui.py took 0.035 seconds
