[2025-01-06T12:17:46.620+0000] {processor.py:186} INFO - Started process (PID=41) to work on /home/airflow/.local/lib/python3.12/site-packages/airflow/example_dags/example_display_name.py
[2025-01-06T12:17:46.620+0000] {processor.py:914} INFO - Processing file /home/airflow/.local/lib/python3.12/site-packages/airflow/example_dags/example_display_name.py for tasks to queue
[2025-01-06T12:17:46.621+0000] {logging_mixin.py:190} INFO - [2025-01-06T12:17:46.621+0000] {dagbag.py:588} INFO - Filling up the DagBag from /home/airflow/.local/lib/python3.12/site-packages/airflow/example_dags/example_display_name.py
[2025-01-06T12:17:46.626+0000] {processor.py:925} INFO - DAG(s) 'example_display_name' retrieved from /home/airflow/.local/lib/python3.12/site-packages/airflow/example_dags/example_display_name.py
[2025-01-06T12:17:46.667+0000] {logging_mixin.py:190} INFO - [2025-01-06T12:17:46.667+0000] {override.py:1911} INFO - Created Permission View: can edit on DAG:example_display_name
[2025-01-06T12:17:46.671+0000] {logging_mixin.py:190} INFO - [2025-01-06T12:17:46.671+0000] {override.py:1911} INFO - Created Permission View: can read on DAG:example_display_name
[2025-01-06T12:17:46.673+0000] {logging_mixin.py:190} INFO - [2025-01-06T12:17:46.673+0000] {override.py:1911} INFO - Created Permission View: can delete on DAG:example_display_name
[2025-01-06T12:17:46.674+0000] {logging_mixin.py:190} INFO - [2025-01-06T12:17:46.674+0000] {override.py:1911} INFO - Created Permission View: can read on DAG Run:example_display_name
[2025-01-06T12:17:46.676+0000] {logging_mixin.py:190} INFO - [2025-01-06T12:17:46.676+0000] {override.py:1911} INFO - Created Permission View: can create on DAG Run:example_display_name
[2025-01-06T12:17:46.678+0000] {logging_mixin.py:190} INFO - [2025-01-06T12:17:46.678+0000] {override.py:1911} INFO - Created Permission View: menu access on DAG Run:example_display_name
[2025-01-06T12:17:46.680+0000] {logging_mixin.py:190} INFO - [2025-01-06T12:17:46.679+0000] {override.py:1911} INFO - Created Permission View: can delete on DAG Run:example_display_name
[2025-01-06T12:17:46.680+0000] {logging_mixin.py:190} INFO - [2025-01-06T12:17:46.680+0000] {dag.py:3239} INFO - Sync 1 DAGs
[2025-01-06T12:17:46.685+0000] {logging_mixin.py:190} INFO - [2025-01-06T12:17:46.685+0000] {dag.py:3262} INFO - Creating ORM DAG for example_display_name
[2025-01-06T12:17:46.685+0000] {logging_mixin.py:190} INFO - [2025-01-06T12:17:46.685+0000] {dag.py:4180} INFO - Setting next_dagrun for example_display_name to None, run_after=None
[2025-01-06T12:17:46.691+0000] {processor.py:208} INFO - Processing /home/airflow/.local/lib/python3.12/site-packages/airflow/example_dags/example_display_name.py took 0.073 seconds
[2025-01-06T12:18:00.835+0000] {processor.py:186} INFO - Started process (PID=41) to work on /home/airflow/.local/lib/python3.12/site-packages/airflow/example_dags/example_display_name.py
[2025-01-06T12:18:00.836+0000] {processor.py:914} INFO - Processing file /home/airflow/.local/lib/python3.12/site-packages/airflow/example_dags/example_display_name.py for tasks to queue
[2025-01-06T12:18:00.837+0000] {logging_mixin.py:190} INFO - [2025-01-06T12:18:00.837+0000] {dagbag.py:588} INFO - Filling up the DagBag from /home/airflow/.local/lib/python3.12/site-packages/airflow/example_dags/example_display_name.py
[2025-01-06T12:18:00.843+0000] {processor.py:925} INFO - DAG(s) 'example_display_name' retrieved from /home/airflow/.local/lib/python3.12/site-packages/airflow/example_dags/example_display_name.py
[2025-01-06T12:18:00.850+0000] {logging_mixin.py:190} INFO - [2025-01-06T12:18:00.850+0000] {dag.py:3239} INFO - Sync 1 DAGs
[2025-01-06T12:18:00.860+0000] {logging_mixin.py:190} INFO - [2025-01-06T12:18:00.860+0000] {dag.py:4180} INFO - Setting next_dagrun for example_display_name to None, run_after=None
[2025-01-06T12:18:00.868+0000] {processor.py:208} INFO - Processing /home/airflow/.local/lib/python3.12/site-packages/airflow/example_dags/example_display_name.py took 0.036 seconds
[2025-01-06T12:18:14.450+0000] {processor.py:186} INFO - Started process (PID=41) to work on /home/airflow/.local/lib/python3.12/site-packages/airflow/example_dags/example_display_name.py
[2025-01-06T12:18:14.450+0000] {processor.py:914} INFO - Processing file /home/airflow/.local/lib/python3.12/site-packages/airflow/example_dags/example_display_name.py for tasks to queue
[2025-01-06T12:18:14.451+0000] {logging_mixin.py:190} INFO - [2025-01-06T12:18:14.451+0000] {dagbag.py:588} INFO - Filling up the DagBag from /home/airflow/.local/lib/python3.12/site-packages/airflow/example_dags/example_display_name.py
[2025-01-06T12:18:14.455+0000] {processor.py:925} INFO - DAG(s) 'example_display_name' retrieved from /home/airflow/.local/lib/python3.12/site-packages/airflow/example_dags/example_display_name.py
[2025-01-06T12:18:14.460+0000] {logging_mixin.py:190} INFO - [2025-01-06T12:18:14.460+0000] {dag.py:3239} INFO - Sync 1 DAGs
[2025-01-06T12:18:14.467+0000] {logging_mixin.py:190} INFO - [2025-01-06T12:18:14.466+0000] {dag.py:4180} INFO - Setting next_dagrun for example_display_name to None, run_after=None
[2025-01-06T12:18:14.473+0000] {processor.py:208} INFO - Processing /home/airflow/.local/lib/python3.12/site-packages/airflow/example_dags/example_display_name.py took 0.026 seconds
[2025-01-06T12:18:28.303+0000] {processor.py:186} INFO - Started process (PID=41) to work on /home/airflow/.local/lib/python3.12/site-packages/airflow/example_dags/example_display_name.py
[2025-01-06T12:18:28.303+0000] {processor.py:914} INFO - Processing file /home/airflow/.local/lib/python3.12/site-packages/airflow/example_dags/example_display_name.py for tasks to queue
[2025-01-06T12:18:28.305+0000] {logging_mixin.py:190} INFO - [2025-01-06T12:18:28.304+0000] {dagbag.py:588} INFO - Filling up the DagBag from /home/airflow/.local/lib/python3.12/site-packages/airflow/example_dags/example_display_name.py
[2025-01-06T12:18:28.309+0000] {processor.py:925} INFO - DAG(s) 'example_display_name' retrieved from /home/airflow/.local/lib/python3.12/site-packages/airflow/example_dags/example_display_name.py
[2025-01-06T12:18:28.321+0000] {logging_mixin.py:190} INFO - [2025-01-06T12:18:28.321+0000] {dag.py:3239} INFO - Sync 1 DAGs
[2025-01-06T12:18:28.327+0000] {logging_mixin.py:190} INFO - [2025-01-06T12:18:28.327+0000] {dag.py:4180} INFO - Setting next_dagrun for example_display_name to None, run_after=None
[2025-01-06T12:18:28.334+0000] {processor.py:208} INFO - Processing /home/airflow/.local/lib/python3.12/site-packages/airflow/example_dags/example_display_name.py took 0.034 seconds
[2025-01-06T12:18:39.505+0000] {processor.py:186} INFO - Started process (PID=41) to work on /home/airflow/.local/lib/python3.12/site-packages/airflow/example_dags/example_display_name.py
[2025-01-06T12:18:39.505+0000] {processor.py:914} INFO - Processing file /home/airflow/.local/lib/python3.12/site-packages/airflow/example_dags/example_display_name.py for tasks to queue
[2025-01-06T12:18:39.506+0000] {logging_mixin.py:190} INFO - [2025-01-06T12:18:39.506+0000] {dagbag.py:588} INFO - Filling up the DagBag from /home/airflow/.local/lib/python3.12/site-packages/airflow/example_dags/example_display_name.py
[2025-01-06T12:18:39.512+0000] {processor.py:925} INFO - DAG(s) 'example_display_name' retrieved from /home/airflow/.local/lib/python3.12/site-packages/airflow/example_dags/example_display_name.py
[2025-01-06T12:18:39.531+0000] {logging_mixin.py:190} INFO - [2025-01-06T12:18:39.530+0000] {dag.py:3239} INFO - Sync 1 DAGs
[2025-01-06T12:18:39.538+0000] {logging_mixin.py:190} INFO - [2025-01-06T12:18:39.538+0000] {dag.py:4180} INFO - Setting next_dagrun for example_display_name to None, run_after=None
[2025-01-06T12:18:39.545+0000] {processor.py:208} INFO - Processing /home/airflow/.local/lib/python3.12/site-packages/airflow/example_dags/example_display_name.py took 0.045 seconds
[2025-01-06T12:19:05.621+0000] {processor.py:186} INFO - Started process (PID=41) to work on /home/airflow/.local/lib/python3.12/site-packages/airflow/example_dags/example_display_name.py
[2025-01-06T12:19:05.622+0000] {processor.py:914} INFO - Processing file /home/airflow/.local/lib/python3.12/site-packages/airflow/example_dags/example_display_name.py for tasks to queue
[2025-01-06T12:19:05.623+0000] {logging_mixin.py:190} INFO - [2025-01-06T12:19:05.623+0000] {dagbag.py:588} INFO - Filling up the DagBag from /home/airflow/.local/lib/python3.12/site-packages/airflow/example_dags/example_display_name.py
[2025-01-06T12:19:05.628+0000] {processor.py:925} INFO - DAG(s) 'example_display_name' retrieved from /home/airflow/.local/lib/python3.12/site-packages/airflow/example_dags/example_display_name.py
[2025-01-06T12:19:05.641+0000] {logging_mixin.py:190} INFO - [2025-01-06T12:19:05.641+0000] {dag.py:3239} INFO - Sync 1 DAGs
[2025-01-06T12:19:05.647+0000] {logging_mixin.py:190} INFO - [2025-01-06T12:19:05.647+0000] {dag.py:4180} INFO - Setting next_dagrun for example_display_name to None, run_after=None
[2025-01-06T12:19:05.653+0000] {processor.py:208} INFO - Processing /home/airflow/.local/lib/python3.12/site-packages/airflow/example_dags/example_display_name.py took 0.036 seconds
[2025-01-06T12:19:18.243+0000] {processor.py:186} INFO - Started process (PID=41) to work on /home/airflow/.local/lib/python3.12/site-packages/airflow/example_dags/example_display_name.py
[2025-01-06T12:19:18.243+0000] {processor.py:914} INFO - Processing file /home/airflow/.local/lib/python3.12/site-packages/airflow/example_dags/example_display_name.py for tasks to queue
[2025-01-06T12:19:18.244+0000] {logging_mixin.py:190} INFO - [2025-01-06T12:19:18.244+0000] {dagbag.py:588} INFO - Filling up the DagBag from /home/airflow/.local/lib/python3.12/site-packages/airflow/example_dags/example_display_name.py
[2025-01-06T12:19:18.248+0000] {processor.py:925} INFO - DAG(s) 'example_display_name' retrieved from /home/airflow/.local/lib/python3.12/site-packages/airflow/example_dags/example_display_name.py
[2025-01-06T12:19:18.260+0000] {logging_mixin.py:190} INFO - [2025-01-06T12:19:18.260+0000] {dag.py:3239} INFO - Sync 1 DAGs
[2025-01-06T12:19:18.265+0000] {logging_mixin.py:190} INFO - [2025-01-06T12:19:18.265+0000] {dag.py:4180} INFO - Setting next_dagrun for example_display_name to None, run_after=None
[2025-01-06T12:19:18.272+0000] {processor.py:208} INFO - Processing /home/airflow/.local/lib/python3.12/site-packages/airflow/example_dags/example_display_name.py took 0.032 seconds
[2025-01-06T12:33:11.475+0000] {processor.py:186} INFO - Started process (PID=43) to work on /home/airflow/.local/lib/python3.12/site-packages/airflow/example_dags/example_display_name.py
[2025-01-06T12:33:11.476+0000] {processor.py:914} INFO - Processing file /home/airflow/.local/lib/python3.12/site-packages/airflow/example_dags/example_display_name.py for tasks to queue
[2025-01-06T12:33:11.477+0000] {logging_mixin.py:190} INFO - [2025-01-06T12:33:11.476+0000] {dagbag.py:588} INFO - Filling up the DagBag from /home/airflow/.local/lib/python3.12/site-packages/airflow/example_dags/example_display_name.py
[2025-01-06T12:33:11.481+0000] {processor.py:925} INFO - DAG(s) 'example_display_name' retrieved from /home/airflow/.local/lib/python3.12/site-packages/airflow/example_dags/example_display_name.py
[2025-01-06T12:33:11.526+0000] {logging_mixin.py:190} INFO - [2025-01-06T12:33:11.525+0000] {override.py:1911} INFO - Created Permission View: can delete on DAG:example_display_name
[2025-01-06T12:33:11.529+0000] {logging_mixin.py:190} INFO - [2025-01-06T12:33:11.529+0000] {override.py:1911} INFO - Created Permission View: can read on DAG:example_display_name
[2025-01-06T12:33:11.531+0000] {logging_mixin.py:190} INFO - [2025-01-06T12:33:11.531+0000] {override.py:1911} INFO - Created Permission View: can edit on DAG:example_display_name
[2025-01-06T12:33:11.532+0000] {logging_mixin.py:190} INFO - [2025-01-06T12:33:11.532+0000] {override.py:1911} INFO - Created Permission View: menu access on DAG Run:example_display_name
[2025-01-06T12:33:11.534+0000] {logging_mixin.py:190} INFO - [2025-01-06T12:33:11.534+0000] {override.py:1911} INFO - Created Permission View: can delete on DAG Run:example_display_name
[2025-01-06T12:33:11.535+0000] {logging_mixin.py:190} INFO - [2025-01-06T12:33:11.535+0000] {override.py:1911} INFO - Created Permission View: can read on DAG Run:example_display_name
[2025-01-06T12:33:11.537+0000] {logging_mixin.py:190} INFO - [2025-01-06T12:33:11.537+0000] {override.py:1911} INFO - Created Permission View: can create on DAG Run:example_display_name
[2025-01-06T12:33:11.537+0000] {logging_mixin.py:190} INFO - [2025-01-06T12:33:11.537+0000] {dag.py:3239} INFO - Sync 1 DAGs
[2025-01-06T12:33:11.542+0000] {logging_mixin.py:190} INFO - [2025-01-06T12:33:11.542+0000] {dag.py:3262} INFO - Creating ORM DAG for example_display_name
[2025-01-06T12:33:11.542+0000] {logging_mixin.py:190} INFO - [2025-01-06T12:33:11.542+0000] {dag.py:4180} INFO - Setting next_dagrun for example_display_name to None, run_after=None
[2025-01-06T12:33:11.548+0000] {processor.py:208} INFO - Processing /home/airflow/.local/lib/python3.12/site-packages/airflow/example_dags/example_display_name.py took 0.076 seconds
[2025-01-06T12:33:41.677+0000] {processor.py:186} INFO - Started process (PID=100) to work on /home/airflow/.local/lib/python3.12/site-packages/airflow/example_dags/example_display_name.py
[2025-01-06T12:33:41.678+0000] {processor.py:914} INFO - Processing file /home/airflow/.local/lib/python3.12/site-packages/airflow/example_dags/example_display_name.py for tasks to queue
[2025-01-06T12:33:41.679+0000] {logging_mixin.py:190} INFO - [2025-01-06T12:33:41.679+0000] {dagbag.py:588} INFO - Filling up the DagBag from /home/airflow/.local/lib/python3.12/site-packages/airflow/example_dags/example_display_name.py
[2025-01-06T12:33:41.682+0000] {processor.py:925} INFO - DAG(s) 'example_display_name' retrieved from /home/airflow/.local/lib/python3.12/site-packages/airflow/example_dags/example_display_name.py
[2025-01-06T12:33:41.691+0000] {logging_mixin.py:190} INFO - [2025-01-06T12:33:41.691+0000] {dag.py:3239} INFO - Sync 1 DAGs
[2025-01-06T12:33:41.697+0000] {logging_mixin.py:190} INFO - [2025-01-06T12:33:41.697+0000] {dag.py:4180} INFO - Setting next_dagrun for example_display_name to None, run_after=None
[2025-01-06T12:33:41.704+0000] {processor.py:208} INFO - Processing /home/airflow/.local/lib/python3.12/site-packages/airflow/example_dags/example_display_name.py took 0.029 seconds
[2025-01-06T12:34:11.938+0000] {processor.py:186} INFO - Started process (PID=158) to work on /home/airflow/.local/lib/python3.12/site-packages/airflow/example_dags/example_display_name.py
[2025-01-06T12:34:11.939+0000] {processor.py:914} INFO - Processing file /home/airflow/.local/lib/python3.12/site-packages/airflow/example_dags/example_display_name.py for tasks to queue
[2025-01-06T12:34:11.940+0000] {logging_mixin.py:190} INFO - [2025-01-06T12:34:11.940+0000] {dagbag.py:588} INFO - Filling up the DagBag from /home/airflow/.local/lib/python3.12/site-packages/airflow/example_dags/example_display_name.py
[2025-01-06T12:34:11.943+0000] {processor.py:925} INFO - DAG(s) 'example_display_name' retrieved from /home/airflow/.local/lib/python3.12/site-packages/airflow/example_dags/example_display_name.py
[2025-01-06T12:34:11.952+0000] {logging_mixin.py:190} INFO - [2025-01-06T12:34:11.952+0000] {dag.py:3239} INFO - Sync 1 DAGs
[2025-01-06T12:34:11.958+0000] {logging_mixin.py:190} INFO - [2025-01-06T12:34:11.958+0000] {dag.py:4180} INFO - Setting next_dagrun for example_display_name to None, run_after=None
[2025-01-06T12:34:11.965+0000] {processor.py:208} INFO - Processing /home/airflow/.local/lib/python3.12/site-packages/airflow/example_dags/example_display_name.py took 0.029 seconds
[2025-01-06T12:34:42.104+0000] {processor.py:186} INFO - Started process (PID=215) to work on /home/airflow/.local/lib/python3.12/site-packages/airflow/example_dags/example_display_name.py
[2025-01-06T12:34:42.104+0000] {processor.py:914} INFO - Processing file /home/airflow/.local/lib/python3.12/site-packages/airflow/example_dags/example_display_name.py for tasks to queue
[2025-01-06T12:34:42.105+0000] {logging_mixin.py:190} INFO - [2025-01-06T12:34:42.105+0000] {dagbag.py:588} INFO - Filling up the DagBag from /home/airflow/.local/lib/python3.12/site-packages/airflow/example_dags/example_display_name.py
[2025-01-06T12:34:42.108+0000] {processor.py:925} INFO - DAG(s) 'example_display_name' retrieved from /home/airflow/.local/lib/python3.12/site-packages/airflow/example_dags/example_display_name.py
[2025-01-06T12:34:42.116+0000] {logging_mixin.py:190} INFO - [2025-01-06T12:34:42.116+0000] {dag.py:3239} INFO - Sync 1 DAGs
[2025-01-06T12:34:42.121+0000] {logging_mixin.py:190} INFO - [2025-01-06T12:34:42.121+0000] {dag.py:4180} INFO - Setting next_dagrun for example_display_name to None, run_after=None
[2025-01-06T12:34:42.127+0000] {processor.py:208} INFO - Processing /home/airflow/.local/lib/python3.12/site-packages/airflow/example_dags/example_display_name.py took 0.026 seconds
[2025-01-06T12:35:12.421+0000] {processor.py:186} INFO - Started process (PID=273) to work on /home/airflow/.local/lib/python3.12/site-packages/airflow/example_dags/example_display_name.py
[2025-01-06T12:35:12.422+0000] {processor.py:914} INFO - Processing file /home/airflow/.local/lib/python3.12/site-packages/airflow/example_dags/example_display_name.py for tasks to queue
[2025-01-06T12:35:12.423+0000] {logging_mixin.py:190} INFO - [2025-01-06T12:35:12.423+0000] {dagbag.py:588} INFO - Filling up the DagBag from /home/airflow/.local/lib/python3.12/site-packages/airflow/example_dags/example_display_name.py
[2025-01-06T12:35:12.427+0000] {processor.py:925} INFO - DAG(s) 'example_display_name' retrieved from /home/airflow/.local/lib/python3.12/site-packages/airflow/example_dags/example_display_name.py
[2025-01-06T12:35:12.445+0000] {logging_mixin.py:190} INFO - [2025-01-06T12:35:12.444+0000] {dag.py:3239} INFO - Sync 1 DAGs
[2025-01-06T12:35:12.451+0000] {logging_mixin.py:190} INFO - [2025-01-06T12:35:12.451+0000] {dag.py:4180} INFO - Setting next_dagrun for example_display_name to None, run_after=None
[2025-01-06T12:35:12.460+0000] {processor.py:208} INFO - Processing /home/airflow/.local/lib/python3.12/site-packages/airflow/example_dags/example_display_name.py took 0.044 seconds
[2025-01-06T12:35:42.565+0000] {processor.py:186} INFO - Started process (PID=330) to work on /home/airflow/.local/lib/python3.12/site-packages/airflow/example_dags/example_display_name.py
[2025-01-06T12:35:42.567+0000] {processor.py:914} INFO - Processing file /home/airflow/.local/lib/python3.12/site-packages/airflow/example_dags/example_display_name.py for tasks to queue
[2025-01-06T12:35:42.568+0000] {logging_mixin.py:190} INFO - [2025-01-06T12:35:42.567+0000] {dagbag.py:588} INFO - Filling up the DagBag from /home/airflow/.local/lib/python3.12/site-packages/airflow/example_dags/example_display_name.py
[2025-01-06T12:35:42.572+0000] {processor.py:925} INFO - DAG(s) 'example_display_name' retrieved from /home/airflow/.local/lib/python3.12/site-packages/airflow/example_dags/example_display_name.py
[2025-01-06T12:35:42.580+0000] {logging_mixin.py:190} INFO - [2025-01-06T12:35:42.580+0000] {dag.py:3239} INFO - Sync 1 DAGs
[2025-01-06T12:35:42.585+0000] {logging_mixin.py:190} INFO - [2025-01-06T12:35:42.585+0000] {dag.py:4180} INFO - Setting next_dagrun for example_display_name to None, run_after=None
[2025-01-06T12:35:42.591+0000] {processor.py:208} INFO - Processing /home/airflow/.local/lib/python3.12/site-packages/airflow/example_dags/example_display_name.py took 0.029 seconds
[2025-01-06T12:36:12.781+0000] {processor.py:186} INFO - Started process (PID=388) to work on /home/airflow/.local/lib/python3.12/site-packages/airflow/example_dags/example_display_name.py
[2025-01-06T12:36:12.781+0000] {processor.py:914} INFO - Processing file /home/airflow/.local/lib/python3.12/site-packages/airflow/example_dags/example_display_name.py for tasks to queue
[2025-01-06T12:36:12.782+0000] {logging_mixin.py:190} INFO - [2025-01-06T12:36:12.782+0000] {dagbag.py:588} INFO - Filling up the DagBag from /home/airflow/.local/lib/python3.12/site-packages/airflow/example_dags/example_display_name.py
[2025-01-06T12:36:12.785+0000] {processor.py:925} INFO - DAG(s) 'example_display_name' retrieved from /home/airflow/.local/lib/python3.12/site-packages/airflow/example_dags/example_display_name.py
[2025-01-06T12:36:12.793+0000] {logging_mixin.py:190} INFO - [2025-01-06T12:36:12.793+0000] {dag.py:3239} INFO - Sync 1 DAGs
[2025-01-06T12:36:12.798+0000] {logging_mixin.py:190} INFO - [2025-01-06T12:36:12.798+0000] {dag.py:4180} INFO - Setting next_dagrun for example_display_name to None, run_after=None
[2025-01-06T12:36:12.805+0000] {processor.py:208} INFO - Processing /home/airflow/.local/lib/python3.12/site-packages/airflow/example_dags/example_display_name.py took 0.026 seconds
[2025-01-06T12:36:43.162+0000] {processor.py:186} INFO - Started process (PID=446) to work on /home/airflow/.local/lib/python3.12/site-packages/airflow/example_dags/example_display_name.py
[2025-01-06T12:36:43.163+0000] {processor.py:914} INFO - Processing file /home/airflow/.local/lib/python3.12/site-packages/airflow/example_dags/example_display_name.py for tasks to queue
[2025-01-06T12:36:43.164+0000] {logging_mixin.py:190} INFO - [2025-01-06T12:36:43.164+0000] {dagbag.py:588} INFO - Filling up the DagBag from /home/airflow/.local/lib/python3.12/site-packages/airflow/example_dags/example_display_name.py
[2025-01-06T12:36:43.167+0000] {processor.py:925} INFO - DAG(s) 'example_display_name' retrieved from /home/airflow/.local/lib/python3.12/site-packages/airflow/example_dags/example_display_name.py
[2025-01-06T12:36:43.178+0000] {logging_mixin.py:190} INFO - [2025-01-06T12:36:43.178+0000] {dag.py:3239} INFO - Sync 1 DAGs
[2025-01-06T12:36:43.184+0000] {logging_mixin.py:190} INFO - [2025-01-06T12:36:43.184+0000] {dag.py:4180} INFO - Setting next_dagrun for example_display_name to None, run_after=None
[2025-01-06T12:36:43.192+0000] {processor.py:208} INFO - Processing /home/airflow/.local/lib/python3.12/site-packages/airflow/example_dags/example_display_name.py took 0.033 seconds
[2025-01-06T12:37:13.559+0000] {processor.py:186} INFO - Started process (PID=504) to work on /home/airflow/.local/lib/python3.12/site-packages/airflow/example_dags/example_display_name.py
[2025-01-06T12:37:13.560+0000] {processor.py:914} INFO - Processing file /home/airflow/.local/lib/python3.12/site-packages/airflow/example_dags/example_display_name.py for tasks to queue
[2025-01-06T12:37:13.561+0000] {logging_mixin.py:190} INFO - [2025-01-06T12:37:13.561+0000] {dagbag.py:588} INFO - Filling up the DagBag from /home/airflow/.local/lib/python3.12/site-packages/airflow/example_dags/example_display_name.py
[2025-01-06T12:37:13.564+0000] {processor.py:925} INFO - DAG(s) 'example_display_name' retrieved from /home/airflow/.local/lib/python3.12/site-packages/airflow/example_dags/example_display_name.py
[2025-01-06T12:37:13.572+0000] {logging_mixin.py:190} INFO - [2025-01-06T12:37:13.572+0000] {dag.py:3239} INFO - Sync 1 DAGs
[2025-01-06T12:37:13.577+0000] {logging_mixin.py:190} INFO - [2025-01-06T12:37:13.577+0000] {dag.py:4180} INFO - Setting next_dagrun for example_display_name to None, run_after=None
[2025-01-06T12:37:13.583+0000] {processor.py:208} INFO - Processing /home/airflow/.local/lib/python3.12/site-packages/airflow/example_dags/example_display_name.py took 0.026 seconds
