[2025-01-06T12:33:13.317+0000] {processor.py:186} INFO - Started process (PID=73) to work on /home/airflow/.local/lib/python3.12/site-packages/airflow/example_dags/example_workday_timetable.py
[2025-01-06T12:33:13.318+0000] {processor.py:914} INFO - Processing file /home/airflow/.local/lib/python3.12/site-packages/airflow/example_dags/example_workday_timetable.py for tasks to queue
[2025-01-06T12:33:13.319+0000] {logging_mixin.py:190} INFO - [2025-01-06T12:33:13.318+0000] {dagbag.py:588} INFO - Filling up the DagBag from /home/airflow/.local/lib/python3.12/site-packages/airflow/example_dags/example_workday_timetable.py
[2025-01-06T12:33:13.322+0000] {processor.py:925} INFO - DAG(s) 'example_workday_timetable' retrieved from /home/airflow/.local/lib/python3.12/site-packages/airflow/example_dags/example_workday_timetable.py
[2025-01-06T12:33:13.360+0000] {logging_mixin.py:190} INFO - [2025-01-06T12:33:13.360+0000] {override.py:1911} INFO - Created Permission View: can delete on DAG:example_workday_timetable
[2025-01-06T12:33:13.364+0000] {logging_mixin.py:190} INFO - [2025-01-06T12:33:13.363+0000] {override.py:1911} INFO - Created Permission View: can read on DAG:example_workday_timetable
[2025-01-06T12:33:13.365+0000] {logging_mixin.py:190} INFO - [2025-01-06T12:33:13.365+0000] {override.py:1911} INFO - Created Permission View: can edit on DAG:example_workday_timetable
[2025-01-06T12:33:13.367+0000] {logging_mixin.py:190} INFO - [2025-01-06T12:33:13.367+0000] {override.py:1911} INFO - Created Permission View: menu access on DAG Run:example_workday_timetable
[2025-01-06T12:33:13.369+0000] {logging_mixin.py:190} INFO - [2025-01-06T12:33:13.369+0000] {override.py:1911} INFO - Created Permission View: can delete on DAG Run:example_workday_timetable
[2025-01-06T12:33:13.371+0000] {logging_mixin.py:190} INFO - [2025-01-06T12:33:13.371+0000] {override.py:1911} INFO - Created Permission View: can read on DAG Run:example_workday_timetable
[2025-01-06T12:33:13.373+0000] {logging_mixin.py:190} INFO - [2025-01-06T12:33:13.373+0000] {override.py:1911} INFO - Created Permission View: can create on DAG Run:example_workday_timetable
[2025-01-06T12:33:13.373+0000] {logging_mixin.py:190} INFO - [2025-01-06T12:33:13.373+0000] {dag.py:3239} INFO - Sync 1 DAGs
[2025-01-06T12:33:13.378+0000] {logging_mixin.py:190} INFO - [2025-01-06T12:33:13.378+0000] {dag.py:3262} INFO - Creating ORM DAG for example_workday_timetable
[2025-01-06T12:33:13.401+0000] {logging_mixin.py:190} INFO - [2025-01-06T12:33:13.401+0000] {dag.py:4180} INFO - Setting next_dagrun for example_workday_timetable to 2021-01-04 00:00:00+00:00, run_after=2021-01-05 00:00:00+00:00
[2025-01-06T12:33:13.408+0000] {processor.py:208} INFO - Processing /home/airflow/.local/lib/python3.12/site-packages/airflow/example_dags/example_workday_timetable.py took 0.094 seconds
[2025-01-06T12:33:43.826+0000] {processor.py:186} INFO - Started process (PID=131) to work on /home/airflow/.local/lib/python3.12/site-packages/airflow/example_dags/example_workday_timetable.py
[2025-01-06T12:33:43.827+0000] {processor.py:914} INFO - Processing file /home/airflow/.local/lib/python3.12/site-packages/airflow/example_dags/example_workday_timetable.py for tasks to queue
[2025-01-06T12:33:43.828+0000] {logging_mixin.py:190} INFO - [2025-01-06T12:33:43.828+0000] {dagbag.py:588} INFO - Filling up the DagBag from /home/airflow/.local/lib/python3.12/site-packages/airflow/example_dags/example_workday_timetable.py
[2025-01-06T12:33:43.830+0000] {processor.py:925} INFO - DAG(s) 'example_workday_timetable' retrieved from /home/airflow/.local/lib/python3.12/site-packages/airflow/example_dags/example_workday_timetable.py
[2025-01-06T12:33:43.838+0000] {logging_mixin.py:190} INFO - [2025-01-06T12:33:43.838+0000] {dag.py:3239} INFO - Sync 1 DAGs
[2025-01-06T12:33:43.863+0000] {logging_mixin.py:190} INFO - [2025-01-06T12:33:43.863+0000] {dag.py:4180} INFO - Setting next_dagrun for example_workday_timetable to 2021-01-04 00:00:00+00:00, run_after=2021-01-05 00:00:00+00:00
[2025-01-06T12:33:43.871+0000] {processor.py:208} INFO - Processing /home/airflow/.local/lib/python3.12/site-packages/airflow/example_dags/example_workday_timetable.py took 0.047 seconds
[2025-01-06T12:34:14.226+0000] {processor.py:186} INFO - Started process (PID=189) to work on /home/airflow/.local/lib/python3.12/site-packages/airflow/example_dags/example_workday_timetable.py
[2025-01-06T12:34:14.226+0000] {processor.py:914} INFO - Processing file /home/airflow/.local/lib/python3.12/site-packages/airflow/example_dags/example_workday_timetable.py for tasks to queue
[2025-01-06T12:34:14.228+0000] {logging_mixin.py:190} INFO - [2025-01-06T12:34:14.228+0000] {dagbag.py:588} INFO - Filling up the DagBag from /home/airflow/.local/lib/python3.12/site-packages/airflow/example_dags/example_workday_timetable.py
[2025-01-06T12:34:14.230+0000] {processor.py:925} INFO - DAG(s) 'example_workday_timetable' retrieved from /home/airflow/.local/lib/python3.12/site-packages/airflow/example_dags/example_workday_timetable.py
[2025-01-06T12:34:14.238+0000] {logging_mixin.py:190} INFO - [2025-01-06T12:34:14.238+0000] {dag.py:3239} INFO - Sync 1 DAGs
[2025-01-06T12:34:14.262+0000] {logging_mixin.py:190} INFO - [2025-01-06T12:34:14.261+0000] {dag.py:4180} INFO - Setting next_dagrun for example_workday_timetable to 2021-01-04 00:00:00+00:00, run_after=2021-01-05 00:00:00+00:00
[2025-01-06T12:34:14.269+0000] {processor.py:208} INFO - Processing /home/airflow/.local/lib/python3.12/site-packages/airflow/example_dags/example_workday_timetable.py took 0.046 seconds
[2025-01-06T12:34:44.496+0000] {processor.py:186} INFO - Started process (PID=247) to work on /home/airflow/.local/lib/python3.12/site-packages/airflow/example_dags/example_workday_timetable.py
[2025-01-06T12:34:44.496+0000] {processor.py:914} INFO - Processing file /home/airflow/.local/lib/python3.12/site-packages/airflow/example_dags/example_workday_timetable.py for tasks to queue
[2025-01-06T12:34:44.497+0000] {logging_mixin.py:190} INFO - [2025-01-06T12:34:44.497+0000] {dagbag.py:588} INFO - Filling up the DagBag from /home/airflow/.local/lib/python3.12/site-packages/airflow/example_dags/example_workday_timetable.py
[2025-01-06T12:34:44.500+0000] {processor.py:925} INFO - DAG(s) 'example_workday_timetable' retrieved from /home/airflow/.local/lib/python3.12/site-packages/airflow/example_dags/example_workday_timetable.py
[2025-01-06T12:34:44.510+0000] {logging_mixin.py:190} INFO - [2025-01-06T12:34:44.510+0000] {dag.py:3239} INFO - Sync 1 DAGs
[2025-01-06T12:34:44.531+0000] {logging_mixin.py:190} INFO - [2025-01-06T12:34:44.531+0000] {dag.py:4180} INFO - Setting next_dagrun for example_workday_timetable to 2021-01-04 00:00:00+00:00, run_after=2021-01-05 00:00:00+00:00
[2025-01-06T12:34:44.537+0000] {processor.py:208} INFO - Processing /home/airflow/.local/lib/python3.12/site-packages/airflow/example_dags/example_workday_timetable.py took 0.044 seconds
[2025-01-06T12:35:15.814+0000] {processor.py:186} INFO - Started process (PID=305) to work on /home/airflow/.local/lib/python3.12/site-packages/airflow/example_dags/example_workday_timetable.py
[2025-01-06T12:35:15.814+0000] {processor.py:914} INFO - Processing file /home/airflow/.local/lib/python3.12/site-packages/airflow/example_dags/example_workday_timetable.py for tasks to queue
[2025-01-06T12:35:15.815+0000] {logging_mixin.py:190} INFO - [2025-01-06T12:35:15.815+0000] {dagbag.py:588} INFO - Filling up the DagBag from /home/airflow/.local/lib/python3.12/site-packages/airflow/example_dags/example_workday_timetable.py
[2025-01-06T12:35:15.818+0000] {processor.py:925} INFO - DAG(s) 'example_workday_timetable' retrieved from /home/airflow/.local/lib/python3.12/site-packages/airflow/example_dags/example_workday_timetable.py
[2025-01-06T12:35:15.825+0000] {logging_mixin.py:190} INFO - [2025-01-06T12:35:15.825+0000] {dag.py:3239} INFO - Sync 1 DAGs
[2025-01-06T12:35:15.847+0000] {logging_mixin.py:190} INFO - [2025-01-06T12:35:15.846+0000] {dag.py:4180} INFO - Setting next_dagrun for example_workday_timetable to 2021-01-04 00:00:00+00:00, run_after=2021-01-05 00:00:00+00:00
[2025-01-06T12:35:15.853+0000] {processor.py:208} INFO - Processing /home/airflow/.local/lib/python3.12/site-packages/airflow/example_dags/example_workday_timetable.py took 0.042 seconds
[2025-01-06T12:35:46.989+0000] {processor.py:186} INFO - Started process (PID=363) to work on /home/airflow/.local/lib/python3.12/site-packages/airflow/example_dags/example_workday_timetable.py
[2025-01-06T12:35:46.989+0000] {processor.py:914} INFO - Processing file /home/airflow/.local/lib/python3.12/site-packages/airflow/example_dags/example_workday_timetable.py for tasks to queue
[2025-01-06T12:35:46.990+0000] {logging_mixin.py:190} INFO - [2025-01-06T12:35:46.990+0000] {dagbag.py:588} INFO - Filling up the DagBag from /home/airflow/.local/lib/python3.12/site-packages/airflow/example_dags/example_workday_timetable.py
[2025-01-06T12:35:46.992+0000] {processor.py:925} INFO - DAG(s) 'example_workday_timetable' retrieved from /home/airflow/.local/lib/python3.12/site-packages/airflow/example_dags/example_workday_timetable.py
[2025-01-06T12:35:47.000+0000] {logging_mixin.py:190} INFO - [2025-01-06T12:35:47.000+0000] {dag.py:3239} INFO - Sync 1 DAGs
[2025-01-06T12:35:47.021+0000] {logging_mixin.py:190} INFO - [2025-01-06T12:35:47.021+0000] {dag.py:4180} INFO - Setting next_dagrun for example_workday_timetable to 2021-01-04 00:00:00+00:00, run_after=2021-01-05 00:00:00+00:00
[2025-01-06T12:35:47.028+0000] {processor.py:208} INFO - Processing /home/airflow/.local/lib/python3.12/site-packages/airflow/example_dags/example_workday_timetable.py took 0.042 seconds
[2025-01-06T12:36:18.232+0000] {processor.py:186} INFO - Started process (PID=421) to work on /home/airflow/.local/lib/python3.12/site-packages/airflow/example_dags/example_workday_timetable.py
[2025-01-06T12:36:18.233+0000] {processor.py:914} INFO - Processing file /home/airflow/.local/lib/python3.12/site-packages/airflow/example_dags/example_workday_timetable.py for tasks to queue
[2025-01-06T12:36:18.234+0000] {logging_mixin.py:190} INFO - [2025-01-06T12:36:18.234+0000] {dagbag.py:588} INFO - Filling up the DagBag from /home/airflow/.local/lib/python3.12/site-packages/airflow/example_dags/example_workday_timetable.py
[2025-01-06T12:36:18.237+0000] {processor.py:925} INFO - DAG(s) 'example_workday_timetable' retrieved from /home/airflow/.local/lib/python3.12/site-packages/airflow/example_dags/example_workday_timetable.py
[2025-01-06T12:36:18.244+0000] {logging_mixin.py:190} INFO - [2025-01-06T12:36:18.244+0000] {dag.py:3239} INFO - Sync 1 DAGs
[2025-01-06T12:36:18.265+0000] {logging_mixin.py:190} INFO - [2025-01-06T12:36:18.265+0000] {dag.py:4180} INFO - Setting next_dagrun for example_workday_timetable to 2021-01-04 00:00:00+00:00, run_after=2021-01-05 00:00:00+00:00
[2025-01-06T12:36:18.271+0000] {processor.py:208} INFO - Processing /home/airflow/.local/lib/python3.12/site-packages/airflow/example_dags/example_workday_timetable.py took 0.042 seconds
[2025-01-06T12:36:48.782+0000] {processor.py:186} INFO - Started process (PID=479) to work on /home/airflow/.local/lib/python3.12/site-packages/airflow/example_dags/example_workday_timetable.py
[2025-01-06T12:36:48.783+0000] {processor.py:914} INFO - Processing file /home/airflow/.local/lib/python3.12/site-packages/airflow/example_dags/example_workday_timetable.py for tasks to queue
[2025-01-06T12:36:48.784+0000] {logging_mixin.py:190} INFO - [2025-01-06T12:36:48.784+0000] {dagbag.py:588} INFO - Filling up the DagBag from /home/airflow/.local/lib/python3.12/site-packages/airflow/example_dags/example_workday_timetable.py
[2025-01-06T12:36:48.787+0000] {processor.py:925} INFO - DAG(s) 'example_workday_timetable' retrieved from /home/airflow/.local/lib/python3.12/site-packages/airflow/example_dags/example_workday_timetable.py
[2025-01-06T12:36:48.794+0000] {logging_mixin.py:190} INFO - [2025-01-06T12:36:48.794+0000] {dag.py:3239} INFO - Sync 1 DAGs
[2025-01-06T12:36:48.817+0000] {logging_mixin.py:190} INFO - [2025-01-06T12:36:48.817+0000] {dag.py:4180} INFO - Setting next_dagrun for example_workday_timetable to 2021-01-04 00:00:00+00:00, run_after=2021-01-05 00:00:00+00:00
[2025-01-06T12:36:48.824+0000] {processor.py:208} INFO - Processing /home/airflow/.local/lib/python3.12/site-packages/airflow/example_dags/example_workday_timetable.py took 0.044 seconds
[2025-01-06T12:37:19.847+0000] {processor.py:186} INFO - Started process (PID=537) to work on /home/airflow/.local/lib/python3.12/site-packages/airflow/example_dags/example_workday_timetable.py
[2025-01-06T12:37:19.848+0000] {processor.py:914} INFO - Processing file /home/airflow/.local/lib/python3.12/site-packages/airflow/example_dags/example_workday_timetable.py for tasks to queue
[2025-01-06T12:37:19.849+0000] {logging_mixin.py:190} INFO - [2025-01-06T12:37:19.849+0000] {dagbag.py:588} INFO - Filling up the DagBag from /home/airflow/.local/lib/python3.12/site-packages/airflow/example_dags/example_workday_timetable.py
[2025-01-06T12:37:19.851+0000] {processor.py:925} INFO - DAG(s) 'example_workday_timetable' retrieved from /home/airflow/.local/lib/python3.12/site-packages/airflow/example_dags/example_workday_timetable.py
[2025-01-06T12:37:19.859+0000] {logging_mixin.py:190} INFO - [2025-01-06T12:37:19.859+0000] {dag.py:3239} INFO - Sync 1 DAGs
[2025-01-06T12:37:19.881+0000] {logging_mixin.py:190} INFO - [2025-01-06T12:37:19.881+0000] {dag.py:4180} INFO - Setting next_dagrun for example_workday_timetable to 2021-01-04 00:00:00+00:00, run_after=2021-01-05 00:00:00+00:00
[2025-01-06T12:37:19.887+0000] {processor.py:208} INFO - Processing /home/airflow/.local/lib/python3.12/site-packages/airflow/example_dags/example_workday_timetable.py took 0.043 seconds
