[2025-01-06T12:17:45.639+0000] {processor.py:186} INFO - Started process (PID=35) to work on /home/airflow/.local/lib/python3.12/site-packages/airflow/example_dags/example_branch_python_dop_operator_3.py
[2025-01-06T12:17:45.640+0000] {processor.py:914} INFO - Processing file /home/airflow/.local/lib/python3.12/site-packages/airflow/example_dags/example_branch_python_dop_operator_3.py for tasks to queue
[2025-01-06T12:17:45.641+0000] {logging_mixin.py:190} INFO - [2025-01-06T12:17:45.641+0000] {dagbag.py:588} INFO - Filling up the DagBag from /home/airflow/.local/lib/python3.12/site-packages/airflow/example_dags/example_branch_python_dop_operator_3.py
[2025-01-06T12:17:45.646+0000] {processor.py:925} INFO - DAG(s) 'example_branch_dop_operator_v3' retrieved from /home/airflow/.local/lib/python3.12/site-packages/airflow/example_dags/example_branch_python_dop_operator_3.py
[2025-01-06T12:17:45.688+0000] {logging_mixin.py:190} INFO - [2025-01-06T12:17:45.688+0000] {override.py:1911} INFO - Created Permission View: can edit on DAG:example_branch_dop_operator_v3
[2025-01-06T12:17:45.693+0000] {logging_mixin.py:190} INFO - [2025-01-06T12:17:45.693+0000] {override.py:1911} INFO - Created Permission View: can read on DAG:example_branch_dop_operator_v3
[2025-01-06T12:17:45.695+0000] {logging_mixin.py:190} INFO - [2025-01-06T12:17:45.695+0000] {override.py:1911} INFO - Created Permission View: can delete on DAG:example_branch_dop_operator_v3
[2025-01-06T12:17:45.697+0000] {logging_mixin.py:190} INFO - [2025-01-06T12:17:45.697+0000] {override.py:1911} INFO - Created Permission View: can read on DAG Run:example_branch_dop_operator_v3
[2025-01-06T12:17:45.699+0000] {logging_mixin.py:190} INFO - [2025-01-06T12:17:45.699+0000] {override.py:1911} INFO - Created Permission View: can create on DAG Run:example_branch_dop_operator_v3
[2025-01-06T12:17:45.700+0000] {logging_mixin.py:190} INFO - [2025-01-06T12:17:45.700+0000] {override.py:1911} INFO - Created Permission View: menu access on DAG Run:example_branch_dop_operator_v3
[2025-01-06T12:17:45.702+0000] {logging_mixin.py:190} INFO - [2025-01-06T12:17:45.702+0000] {override.py:1911} INFO - Created Permission View: can delete on DAG Run:example_branch_dop_operator_v3
[2025-01-06T12:17:45.702+0000] {logging_mixin.py:190} INFO - [2025-01-06T12:17:45.702+0000] {dag.py:3239} INFO - Sync 1 DAGs
[2025-01-06T12:17:45.706+0000] {logging_mixin.py:190} INFO - [2025-01-06T12:17:45.706+0000] {dag.py:3262} INFO - Creating ORM DAG for example_branch_dop_operator_v3
[2025-01-06T12:17:45.712+0000] {logging_mixin.py:190} INFO - [2025-01-06T12:17:45.712+0000] {dag.py:4180} INFO - Setting next_dagrun for example_branch_dop_operator_v3 to 2025-01-06 12:16:00+00:00, run_after=2025-01-06 12:17:00+00:00
[2025-01-06T12:17:45.719+0000] {processor.py:208} INFO - Processing /home/airflow/.local/lib/python3.12/site-packages/airflow/example_dags/example_branch_python_dop_operator_3.py took 0.082 seconds
[2025-01-06T12:18:00.131+0000] {processor.py:186} INFO - Started process (PID=35) to work on /home/airflow/.local/lib/python3.12/site-packages/airflow/example_dags/example_branch_python_dop_operator_3.py
[2025-01-06T12:18:00.131+0000] {processor.py:914} INFO - Processing file /home/airflow/.local/lib/python3.12/site-packages/airflow/example_dags/example_branch_python_dop_operator_3.py for tasks to queue
[2025-01-06T12:18:00.132+0000] {logging_mixin.py:190} INFO - [2025-01-06T12:18:00.132+0000] {dagbag.py:588} INFO - Filling up the DagBag from /home/airflow/.local/lib/python3.12/site-packages/airflow/example_dags/example_branch_python_dop_operator_3.py
[2025-01-06T12:18:00.137+0000] {processor.py:925} INFO - DAG(s) 'example_branch_dop_operator_v3' retrieved from /home/airflow/.local/lib/python3.12/site-packages/airflow/example_dags/example_branch_python_dop_operator_3.py
[2025-01-06T12:18:00.142+0000] {logging_mixin.py:190} INFO - [2025-01-06T12:18:00.141+0000] {dag.py:3239} INFO - Sync 1 DAGs
[2025-01-06T12:18:00.152+0000] {logging_mixin.py:190} INFO - [2025-01-06T12:18:00.152+0000] {dag.py:4180} INFO - Setting next_dagrun for example_branch_dop_operator_v3 to 2025-01-06 12:17:00+00:00, run_after=2025-01-06 12:18:00+00:00
[2025-01-06T12:18:00.159+0000] {processor.py:208} INFO - Processing /home/airflow/.local/lib/python3.12/site-packages/airflow/example_dags/example_branch_python_dop_operator_3.py took 0.030 seconds
[2025-01-06T12:18:13.794+0000] {processor.py:186} INFO - Started process (PID=35) to work on /home/airflow/.local/lib/python3.12/site-packages/airflow/example_dags/example_branch_python_dop_operator_3.py
[2025-01-06T12:18:13.794+0000] {processor.py:914} INFO - Processing file /home/airflow/.local/lib/python3.12/site-packages/airflow/example_dags/example_branch_python_dop_operator_3.py for tasks to queue
[2025-01-06T12:18:13.795+0000] {logging_mixin.py:190} INFO - [2025-01-06T12:18:13.795+0000] {dagbag.py:588} INFO - Filling up the DagBag from /home/airflow/.local/lib/python3.12/site-packages/airflow/example_dags/example_branch_python_dop_operator_3.py
[2025-01-06T12:18:13.799+0000] {processor.py:925} INFO - DAG(s) 'example_branch_dop_operator_v3' retrieved from /home/airflow/.local/lib/python3.12/site-packages/airflow/example_dags/example_branch_python_dop_operator_3.py
[2025-01-06T12:18:13.804+0000] {logging_mixin.py:190} INFO - [2025-01-06T12:18:13.804+0000] {dag.py:3239} INFO - Sync 1 DAGs
[2025-01-06T12:18:13.814+0000] {logging_mixin.py:190} INFO - [2025-01-06T12:18:13.814+0000] {dag.py:4180} INFO - Setting next_dagrun for example_branch_dop_operator_v3 to 2025-01-06 12:17:00+00:00, run_after=2025-01-06 12:18:00+00:00
[2025-01-06T12:18:13.820+0000] {processor.py:208} INFO - Processing /home/airflow/.local/lib/python3.12/site-packages/airflow/example_dags/example_branch_python_dop_operator_3.py took 0.028 seconds
[2025-01-06T12:18:27.874+0000] {processor.py:186} INFO - Started process (PID=35) to work on /home/airflow/.local/lib/python3.12/site-packages/airflow/example_dags/example_branch_python_dop_operator_3.py
[2025-01-06T12:18:27.874+0000] {processor.py:914} INFO - Processing file /home/airflow/.local/lib/python3.12/site-packages/airflow/example_dags/example_branch_python_dop_operator_3.py for tasks to queue
[2025-01-06T12:18:27.875+0000] {logging_mixin.py:190} INFO - [2025-01-06T12:18:27.875+0000] {dagbag.py:588} INFO - Filling up the DagBag from /home/airflow/.local/lib/python3.12/site-packages/airflow/example_dags/example_branch_python_dop_operator_3.py
[2025-01-06T12:18:27.880+0000] {processor.py:925} INFO - DAG(s) 'example_branch_dop_operator_v3' retrieved from /home/airflow/.local/lib/python3.12/site-packages/airflow/example_dags/example_branch_python_dop_operator_3.py
[2025-01-06T12:18:27.890+0000] {logging_mixin.py:190} INFO - [2025-01-06T12:18:27.890+0000] {dag.py:3239} INFO - Sync 1 DAGs
[2025-01-06T12:18:27.901+0000] {logging_mixin.py:190} INFO - [2025-01-06T12:18:27.901+0000] {dag.py:4180} INFO - Setting next_dagrun for example_branch_dop_operator_v3 to 2025-01-06 12:17:00+00:00, run_after=2025-01-06 12:18:00+00:00
[2025-01-06T12:18:27.907+0000] {processor.py:208} INFO - Processing /home/airflow/.local/lib/python3.12/site-packages/airflow/example_dags/example_branch_python_dop_operator_3.py took 0.036 seconds
[2025-01-06T12:18:38.784+0000] {processor.py:186} INFO - Started process (PID=35) to work on /home/airflow/.local/lib/python3.12/site-packages/airflow/example_dags/example_branch_python_dop_operator_3.py
[2025-01-06T12:18:38.784+0000] {processor.py:914} INFO - Processing file /home/airflow/.local/lib/python3.12/site-packages/airflow/example_dags/example_branch_python_dop_operator_3.py for tasks to queue
[2025-01-06T12:18:38.785+0000] {logging_mixin.py:190} INFO - [2025-01-06T12:18:38.785+0000] {dagbag.py:588} INFO - Filling up the DagBag from /home/airflow/.local/lib/python3.12/site-packages/airflow/example_dags/example_branch_python_dop_operator_3.py
[2025-01-06T12:18:38.790+0000] {processor.py:925} INFO - DAG(s) 'example_branch_dop_operator_v3' retrieved from /home/airflow/.local/lib/python3.12/site-packages/airflow/example_dags/example_branch_python_dop_operator_3.py
[2025-01-06T12:18:38.799+0000] {logging_mixin.py:190} INFO - [2025-01-06T12:18:38.799+0000] {dag.py:3239} INFO - Sync 1 DAGs
[2025-01-06T12:18:38.810+0000] {logging_mixin.py:190} INFO - [2025-01-06T12:18:38.810+0000] {dag.py:4180} INFO - Setting next_dagrun for example_branch_dop_operator_v3 to 2025-01-06 12:17:00+00:00, run_after=2025-01-06 12:18:00+00:00
[2025-01-06T12:18:38.816+0000] {processor.py:208} INFO - Processing /home/airflow/.local/lib/python3.12/site-packages/airflow/example_dags/example_branch_python_dop_operator_3.py took 0.035 seconds
[2025-01-06T12:19:04.879+0000] {processor.py:186} INFO - Started process (PID=35) to work on /home/airflow/.local/lib/python3.12/site-packages/airflow/example_dags/example_branch_python_dop_operator_3.py
[2025-01-06T12:19:04.879+0000] {processor.py:914} INFO - Processing file /home/airflow/.local/lib/python3.12/site-packages/airflow/example_dags/example_branch_python_dop_operator_3.py for tasks to queue
[2025-01-06T12:19:04.880+0000] {logging_mixin.py:190} INFO - [2025-01-06T12:19:04.880+0000] {dagbag.py:588} INFO - Filling up the DagBag from /home/airflow/.local/lib/python3.12/site-packages/airflow/example_dags/example_branch_python_dop_operator_3.py
[2025-01-06T12:19:04.884+0000] {processor.py:925} INFO - DAG(s) 'example_branch_dop_operator_v3' retrieved from /home/airflow/.local/lib/python3.12/site-packages/airflow/example_dags/example_branch_python_dop_operator_3.py
[2025-01-06T12:19:04.894+0000] {logging_mixin.py:190} INFO - [2025-01-06T12:19:04.894+0000] {dag.py:3239} INFO - Sync 1 DAGs
[2025-01-06T12:19:04.904+0000] {logging_mixin.py:190} INFO - [2025-01-06T12:19:04.904+0000] {dag.py:4180} INFO - Setting next_dagrun for example_branch_dop_operator_v3 to 2025-01-06 12:18:00+00:00, run_after=2025-01-06 12:19:00+00:00
[2025-01-06T12:19:04.910+0000] {processor.py:208} INFO - Processing /home/airflow/.local/lib/python3.12/site-packages/airflow/example_dags/example_branch_python_dop_operator_3.py took 0.034 seconds
[2025-01-06T12:19:17.829+0000] {processor.py:186} INFO - Started process (PID=35) to work on /home/airflow/.local/lib/python3.12/site-packages/airflow/example_dags/example_branch_python_dop_operator_3.py
[2025-01-06T12:19:17.829+0000] {processor.py:914} INFO - Processing file /home/airflow/.local/lib/python3.12/site-packages/airflow/example_dags/example_branch_python_dop_operator_3.py for tasks to queue
[2025-01-06T12:19:17.830+0000] {logging_mixin.py:190} INFO - [2025-01-06T12:19:17.830+0000] {dagbag.py:588} INFO - Filling up the DagBag from /home/airflow/.local/lib/python3.12/site-packages/airflow/example_dags/example_branch_python_dop_operator_3.py
[2025-01-06T12:19:17.835+0000] {processor.py:925} INFO - DAG(s) 'example_branch_dop_operator_v3' retrieved from /home/airflow/.local/lib/python3.12/site-packages/airflow/example_dags/example_branch_python_dop_operator_3.py
[2025-01-06T12:19:17.845+0000] {logging_mixin.py:190} INFO - [2025-01-06T12:19:17.845+0000] {dag.py:3239} INFO - Sync 1 DAGs
[2025-01-06T12:19:17.856+0000] {logging_mixin.py:190} INFO - [2025-01-06T12:19:17.855+0000] {dag.py:4180} INFO - Setting next_dagrun for example_branch_dop_operator_v3 to 2025-01-06 12:18:00+00:00, run_after=2025-01-06 12:19:00+00:00
[2025-01-06T12:19:17.861+0000] {processor.py:208} INFO - Processing /home/airflow/.local/lib/python3.12/site-packages/airflow/example_dags/example_branch_python_dop_operator_3.py took 0.035 seconds
[2025-01-06T12:33:10.283+0000] {processor.py:186} INFO - Started process (PID=37) to work on /home/airflow/.local/lib/python3.12/site-packages/airflow/example_dags/example_branch_python_dop_operator_3.py
[2025-01-06T12:33:10.284+0000] {processor.py:914} INFO - Processing file /home/airflow/.local/lib/python3.12/site-packages/airflow/example_dags/example_branch_python_dop_operator_3.py for tasks to queue
[2025-01-06T12:33:10.285+0000] {logging_mixin.py:190} INFO - [2025-01-06T12:33:10.284+0000] {dagbag.py:588} INFO - Filling up the DagBag from /home/airflow/.local/lib/python3.12/site-packages/airflow/example_dags/example_branch_python_dop_operator_3.py
[2025-01-06T12:33:10.289+0000] {processor.py:925} INFO - DAG(s) 'example_branch_dop_operator_v3' retrieved from /home/airflow/.local/lib/python3.12/site-packages/airflow/example_dags/example_branch_python_dop_operator_3.py
[2025-01-06T12:33:10.332+0000] {logging_mixin.py:190} INFO - [2025-01-06T12:33:10.331+0000] {override.py:1911} INFO - Created Permission View: can delete on DAG:example_branch_dop_operator_v3
[2025-01-06T12:33:10.335+0000] {logging_mixin.py:190} INFO - [2025-01-06T12:33:10.335+0000] {override.py:1911} INFO - Created Permission View: can read on DAG:example_branch_dop_operator_v3
[2025-01-06T12:33:10.337+0000] {logging_mixin.py:190} INFO - [2025-01-06T12:33:10.337+0000] {override.py:1911} INFO - Created Permission View: can edit on DAG:example_branch_dop_operator_v3
[2025-01-06T12:33:10.338+0000] {logging_mixin.py:190} INFO - [2025-01-06T12:33:10.338+0000] {override.py:1911} INFO - Created Permission View: menu access on DAG Run:example_branch_dop_operator_v3
[2025-01-06T12:33:10.340+0000] {logging_mixin.py:190} INFO - [2025-01-06T12:33:10.340+0000] {override.py:1911} INFO - Created Permission View: can delete on DAG Run:example_branch_dop_operator_v3
[2025-01-06T12:33:10.342+0000] {logging_mixin.py:190} INFO - [2025-01-06T12:33:10.342+0000] {override.py:1911} INFO - Created Permission View: can read on DAG Run:example_branch_dop_operator_v3
[2025-01-06T12:33:10.343+0000] {logging_mixin.py:190} INFO - [2025-01-06T12:33:10.343+0000] {override.py:1911} INFO - Created Permission View: can create on DAG Run:example_branch_dop_operator_v3
[2025-01-06T12:33:10.343+0000] {logging_mixin.py:190} INFO - [2025-01-06T12:33:10.343+0000] {dag.py:3239} INFO - Sync 1 DAGs
[2025-01-06T12:33:10.348+0000] {logging_mixin.py:190} INFO - [2025-01-06T12:33:10.348+0000] {dag.py:3262} INFO - Creating ORM DAG for example_branch_dop_operator_v3
[2025-01-06T12:33:10.353+0000] {logging_mixin.py:190} INFO - [2025-01-06T12:33:10.353+0000] {dag.py:4180} INFO - Setting next_dagrun for example_branch_dop_operator_v3 to 2025-01-06 12:32:00+00:00, run_after=2025-01-06 12:33:00+00:00
[2025-01-06T12:33:10.358+0000] {processor.py:208} INFO - Processing /home/airflow/.local/lib/python3.12/site-packages/airflow/example_dags/example_branch_python_dop_operator_3.py took 0.077 seconds
[2025-01-06T12:33:41.296+0000] {processor.py:186} INFO - Started process (PID=95) to work on /home/airflow/.local/lib/python3.12/site-packages/airflow/example_dags/example_branch_python_dop_operator_3.py
[2025-01-06T12:33:41.297+0000] {processor.py:914} INFO - Processing file /home/airflow/.local/lib/python3.12/site-packages/airflow/example_dags/example_branch_python_dop_operator_3.py for tasks to queue
[2025-01-06T12:33:41.298+0000] {logging_mixin.py:190} INFO - [2025-01-06T12:33:41.298+0000] {dagbag.py:588} INFO - Filling up the DagBag from /home/airflow/.local/lib/python3.12/site-packages/airflow/example_dags/example_branch_python_dop_operator_3.py
[2025-01-06T12:33:41.302+0000] {processor.py:925} INFO - DAG(s) 'example_branch_dop_operator_v3' retrieved from /home/airflow/.local/lib/python3.12/site-packages/airflow/example_dags/example_branch_python_dop_operator_3.py
[2025-01-06T12:33:41.311+0000] {logging_mixin.py:190} INFO - [2025-01-06T12:33:41.311+0000] {dag.py:3239} INFO - Sync 1 DAGs
[2025-01-06T12:33:41.320+0000] {logging_mixin.py:190} INFO - [2025-01-06T12:33:41.320+0000] {dag.py:4180} INFO - Setting next_dagrun for example_branch_dop_operator_v3 to 2025-01-06 12:32:00+00:00, run_after=2025-01-06 12:33:00+00:00
[2025-01-06T12:33:41.327+0000] {processor.py:208} INFO - Processing /home/airflow/.local/lib/python3.12/site-packages/airflow/example_dags/example_branch_python_dop_operator_3.py took 0.033 seconds
[2025-01-06T12:34:11.571+0000] {processor.py:186} INFO - Started process (PID=153) to work on /home/airflow/.local/lib/python3.12/site-packages/airflow/example_dags/example_branch_python_dop_operator_3.py
[2025-01-06T12:34:11.572+0000] {processor.py:914} INFO - Processing file /home/airflow/.local/lib/python3.12/site-packages/airflow/example_dags/example_branch_python_dop_operator_3.py for tasks to queue
[2025-01-06T12:34:11.573+0000] {logging_mixin.py:190} INFO - [2025-01-06T12:34:11.573+0000] {dagbag.py:588} INFO - Filling up the DagBag from /home/airflow/.local/lib/python3.12/site-packages/airflow/example_dags/example_branch_python_dop_operator_3.py
[2025-01-06T12:34:11.577+0000] {processor.py:925} INFO - DAG(s) 'example_branch_dop_operator_v3' retrieved from /home/airflow/.local/lib/python3.12/site-packages/airflow/example_dags/example_branch_python_dop_operator_3.py
[2025-01-06T12:34:11.584+0000] {logging_mixin.py:190} INFO - [2025-01-06T12:34:11.584+0000] {dag.py:3239} INFO - Sync 1 DAGs
[2025-01-06T12:34:11.593+0000] {logging_mixin.py:190} INFO - [2025-01-06T12:34:11.593+0000] {dag.py:4180} INFO - Setting next_dagrun for example_branch_dop_operator_v3 to 2025-01-06 12:33:00+00:00, run_after=2025-01-06 12:34:00+00:00
[2025-01-06T12:34:11.599+0000] {processor.py:208} INFO - Processing /home/airflow/.local/lib/python3.12/site-packages/airflow/example_dags/example_branch_python_dop_operator_3.py took 0.030 seconds
[2025-01-06T12:34:41.993+0000] {processor.py:186} INFO - Started process (PID=211) to work on /home/airflow/.local/lib/python3.12/site-packages/airflow/example_dags/example_branch_python_dop_operator_3.py
[2025-01-06T12:34:41.995+0000] {processor.py:914} INFO - Processing file /home/airflow/.local/lib/python3.12/site-packages/airflow/example_dags/example_branch_python_dop_operator_3.py for tasks to queue
[2025-01-06T12:34:41.996+0000] {logging_mixin.py:190} INFO - [2025-01-06T12:34:41.996+0000] {dagbag.py:588} INFO - Filling up the DagBag from /home/airflow/.local/lib/python3.12/site-packages/airflow/example_dags/example_branch_python_dop_operator_3.py
[2025-01-06T12:34:42.001+0000] {processor.py:925} INFO - DAG(s) 'example_branch_dop_operator_v3' retrieved from /home/airflow/.local/lib/python3.12/site-packages/airflow/example_dags/example_branch_python_dop_operator_3.py
[2025-01-06T12:34:42.009+0000] {logging_mixin.py:190} INFO - [2025-01-06T12:34:42.009+0000] {dag.py:3239} INFO - Sync 1 DAGs
[2025-01-06T12:34:42.019+0000] {logging_mixin.py:190} INFO - [2025-01-06T12:34:42.019+0000] {dag.py:4180} INFO - Setting next_dagrun for example_branch_dop_operator_v3 to 2025-01-06 12:33:00+00:00, run_after=2025-01-06 12:34:00+00:00
[2025-01-06T12:34:42.025+0000] {processor.py:208} INFO - Processing /home/airflow/.local/lib/python3.12/site-packages/airflow/example_dags/example_branch_python_dop_operator_3.py took 0.035 seconds
[2025-01-06T12:35:12.271+0000] {processor.py:186} INFO - Started process (PID=269) to work on /home/airflow/.local/lib/python3.12/site-packages/airflow/example_dags/example_branch_python_dop_operator_3.py
[2025-01-06T12:35:12.272+0000] {processor.py:914} INFO - Processing file /home/airflow/.local/lib/python3.12/site-packages/airflow/example_dags/example_branch_python_dop_operator_3.py for tasks to queue
[2025-01-06T12:35:12.273+0000] {logging_mixin.py:190} INFO - [2025-01-06T12:35:12.272+0000] {dagbag.py:588} INFO - Filling up the DagBag from /home/airflow/.local/lib/python3.12/site-packages/airflow/example_dags/example_branch_python_dop_operator_3.py
[2025-01-06T12:35:12.277+0000] {processor.py:925} INFO - DAG(s) 'example_branch_dop_operator_v3' retrieved from /home/airflow/.local/lib/python3.12/site-packages/airflow/example_dags/example_branch_python_dop_operator_3.py
[2025-01-06T12:35:12.286+0000] {logging_mixin.py:190} INFO - [2025-01-06T12:35:12.286+0000] {dag.py:3239} INFO - Sync 1 DAGs
[2025-01-06T12:35:12.299+0000] {logging_mixin.py:190} INFO - [2025-01-06T12:35:12.299+0000] {dag.py:4180} INFO - Setting next_dagrun for example_branch_dop_operator_v3 to 2025-01-06 12:34:00+00:00, run_after=2025-01-06 12:35:00+00:00
[2025-01-06T12:35:12.307+0000] {processor.py:208} INFO - Processing /home/airflow/.local/lib/python3.12/site-packages/airflow/example_dags/example_branch_python_dop_operator_3.py took 0.038 seconds
[2025-01-06T12:35:42.511+0000] {processor.py:186} INFO - Started process (PID=327) to work on /home/airflow/.local/lib/python3.12/site-packages/airflow/example_dags/example_branch_python_dop_operator_3.py
[2025-01-06T12:35:42.511+0000] {processor.py:914} INFO - Processing file /home/airflow/.local/lib/python3.12/site-packages/airflow/example_dags/example_branch_python_dop_operator_3.py for tasks to queue
[2025-01-06T12:35:42.512+0000] {logging_mixin.py:190} INFO - [2025-01-06T12:35:42.512+0000] {dagbag.py:588} INFO - Filling up the DagBag from /home/airflow/.local/lib/python3.12/site-packages/airflow/example_dags/example_branch_python_dop_operator_3.py
[2025-01-06T12:35:42.517+0000] {processor.py:925} INFO - DAG(s) 'example_branch_dop_operator_v3' retrieved from /home/airflow/.local/lib/python3.12/site-packages/airflow/example_dags/example_branch_python_dop_operator_3.py
[2025-01-06T12:35:42.525+0000] {logging_mixin.py:190} INFO - [2025-01-06T12:35:42.525+0000] {dag.py:3239} INFO - Sync 1 DAGs
[2025-01-06T12:35:42.535+0000] {logging_mixin.py:190} INFO - [2025-01-06T12:35:42.534+0000] {dag.py:4180} INFO - Setting next_dagrun for example_branch_dop_operator_v3 to 2025-01-06 12:34:00+00:00, run_after=2025-01-06 12:35:00+00:00
[2025-01-06T12:35:42.541+0000] {processor.py:208} INFO - Processing /home/airflow/.local/lib/python3.12/site-packages/airflow/example_dags/example_branch_python_dop_operator_3.py took 0.033 seconds
[2025-01-06T12:36:12.699+0000] {processor.py:186} INFO - Started process (PID=385) to work on /home/airflow/.local/lib/python3.12/site-packages/airflow/example_dags/example_branch_python_dop_operator_3.py
[2025-01-06T12:36:12.699+0000] {processor.py:914} INFO - Processing file /home/airflow/.local/lib/python3.12/site-packages/airflow/example_dags/example_branch_python_dop_operator_3.py for tasks to queue
[2025-01-06T12:36:12.700+0000] {logging_mixin.py:190} INFO - [2025-01-06T12:36:12.700+0000] {dagbag.py:588} INFO - Filling up the DagBag from /home/airflow/.local/lib/python3.12/site-packages/airflow/example_dags/example_branch_python_dop_operator_3.py
[2025-01-06T12:36:12.704+0000] {processor.py:925} INFO - DAG(s) 'example_branch_dop_operator_v3' retrieved from /home/airflow/.local/lib/python3.12/site-packages/airflow/example_dags/example_branch_python_dop_operator_3.py
[2025-01-06T12:36:12.713+0000] {logging_mixin.py:190} INFO - [2025-01-06T12:36:12.712+0000] {dag.py:3239} INFO - Sync 1 DAGs
[2025-01-06T12:36:12.722+0000] {logging_mixin.py:190} INFO - [2025-01-06T12:36:12.722+0000] {dag.py:4180} INFO - Setting next_dagrun for example_branch_dop_operator_v3 to 2025-01-06 12:35:00+00:00, run_after=2025-01-06 12:36:00+00:00
[2025-01-06T12:36:12.730+0000] {processor.py:208} INFO - Processing /home/airflow/.local/lib/python3.12/site-packages/airflow/example_dags/example_branch_python_dop_operator_3.py took 0.033 seconds
[2025-01-06T12:36:43.054+0000] {processor.py:186} INFO - Started process (PID=443) to work on /home/airflow/.local/lib/python3.12/site-packages/airflow/example_dags/example_branch_python_dop_operator_3.py
[2025-01-06T12:36:43.055+0000] {processor.py:914} INFO - Processing file /home/airflow/.local/lib/python3.12/site-packages/airflow/example_dags/example_branch_python_dop_operator_3.py for tasks to queue
[2025-01-06T12:36:43.057+0000] {logging_mixin.py:190} INFO - [2025-01-06T12:36:43.057+0000] {dagbag.py:588} INFO - Filling up the DagBag from /home/airflow/.local/lib/python3.12/site-packages/airflow/example_dags/example_branch_python_dop_operator_3.py
[2025-01-06T12:36:43.063+0000] {processor.py:925} INFO - DAG(s) 'example_branch_dop_operator_v3' retrieved from /home/airflow/.local/lib/python3.12/site-packages/airflow/example_dags/example_branch_python_dop_operator_3.py
[2025-01-06T12:36:43.076+0000] {logging_mixin.py:190} INFO - [2025-01-06T12:36:43.075+0000] {dag.py:3239} INFO - Sync 1 DAGs
[2025-01-06T12:36:43.089+0000] {logging_mixin.py:190} INFO - [2025-01-06T12:36:43.088+0000] {dag.py:4180} INFO - Setting next_dagrun for example_branch_dop_operator_v3 to 2025-01-06 12:35:00+00:00, run_after=2025-01-06 12:36:00+00:00
[2025-01-06T12:36:43.098+0000] {processor.py:208} INFO - Processing /home/airflow/.local/lib/python3.12/site-packages/airflow/example_dags/example_branch_python_dop_operator_3.py took 0.047 seconds
[2025-01-06T12:37:13.481+0000] {processor.py:186} INFO - Started process (PID=501) to work on /home/airflow/.local/lib/python3.12/site-packages/airflow/example_dags/example_branch_python_dop_operator_3.py
[2025-01-06T12:37:13.481+0000] {processor.py:914} INFO - Processing file /home/airflow/.local/lib/python3.12/site-packages/airflow/example_dags/example_branch_python_dop_operator_3.py for tasks to queue
[2025-01-06T12:37:13.482+0000] {logging_mixin.py:190} INFO - [2025-01-06T12:37:13.482+0000] {dagbag.py:588} INFO - Filling up the DagBag from /home/airflow/.local/lib/python3.12/site-packages/airflow/example_dags/example_branch_python_dop_operator_3.py
[2025-01-06T12:37:13.487+0000] {processor.py:925} INFO - DAG(s) 'example_branch_dop_operator_v3' retrieved from /home/airflow/.local/lib/python3.12/site-packages/airflow/example_dags/example_branch_python_dop_operator_3.py
[2025-01-06T12:37:13.494+0000] {logging_mixin.py:190} INFO - [2025-01-06T12:37:13.494+0000] {dag.py:3239} INFO - Sync 1 DAGs
[2025-01-06T12:37:13.503+0000] {logging_mixin.py:190} INFO - [2025-01-06T12:37:13.502+0000] {dag.py:4180} INFO - Setting next_dagrun for example_branch_dop_operator_v3 to 2025-01-06 12:36:00+00:00, run_after=2025-01-06 12:37:00+00:00
[2025-01-06T12:37:13.509+0000] {processor.py:208} INFO - Processing /home/airflow/.local/lib/python3.12/site-packages/airflow/example_dags/example_branch_python_dop_operator_3.py took 0.030 seconds
