[2025-01-06T12:33:13.385+0000] {processor.py:186} INFO - Started process (PID=74) to work on /home/airflow/.local/lib/python3.12/site-packages/airflow/example_dags/example_xcom.py
[2025-01-06T12:33:13.386+0000] {processor.py:914} INFO - Processing file /home/airflow/.local/lib/python3.12/site-packages/airflow/example_dags/example_xcom.py for tasks to queue
[2025-01-06T12:33:13.387+0000] {logging_mixin.py:190} INFO - [2025-01-06T12:33:13.387+0000] {dagbag.py:588} INFO - Filling up the DagBag from /home/airflow/.local/lib/python3.12/site-packages/airflow/example_dags/example_xcom.py
[2025-01-06T12:33:13.392+0000] {processor.py:925} INFO - DAG(s) 'example_xcom' retrieved from /home/airflow/.local/lib/python3.12/site-packages/airflow/example_dags/example_xcom.py
[2025-01-06T12:33:13.440+0000] {logging_mixin.py:190} INFO - [2025-01-06T12:33:13.440+0000] {override.py:1911} INFO - Created Permission View: can delete on DAG:example_xcom
[2025-01-06T12:33:13.443+0000] {logging_mixin.py:190} INFO - [2025-01-06T12:33:13.443+0000] {override.py:1911} INFO - Created Permission View: can read on DAG:example_xcom
[2025-01-06T12:33:13.445+0000] {logging_mixin.py:190} INFO - [2025-01-06T12:33:13.445+0000] {override.py:1911} INFO - Created Permission View: can edit on DAG:example_xcom
[2025-01-06T12:33:13.447+0000] {logging_mixin.py:190} INFO - [2025-01-06T12:33:13.447+0000] {override.py:1911} INFO - Created Permission View: menu access on DAG Run:example_xcom
[2025-01-06T12:33:13.448+0000] {logging_mixin.py:190} INFO - [2025-01-06T12:33:13.448+0000] {override.py:1911} INFO - Created Permission View: can delete on DAG Run:example_xcom
[2025-01-06T12:33:13.450+0000] {logging_mixin.py:190} INFO - [2025-01-06T12:33:13.450+0000] {override.py:1911} INFO - Created Permission View: can read on DAG Run:example_xcom
[2025-01-06T12:33:13.452+0000] {logging_mixin.py:190} INFO - [2025-01-06T12:33:13.452+0000] {override.py:1911} INFO - Created Permission View: can create on DAG Run:example_xcom
[2025-01-06T12:33:13.452+0000] {logging_mixin.py:190} INFO - [2025-01-06T12:33:13.452+0000] {dag.py:3239} INFO - Sync 1 DAGs
[2025-01-06T12:33:13.457+0000] {logging_mixin.py:190} INFO - [2025-01-06T12:33:13.457+0000] {dag.py:3262} INFO - Creating ORM DAG for example_xcom
[2025-01-06T12:33:13.461+0000] {logging_mixin.py:190} INFO - [2025-01-06T12:33:13.461+0000] {dag.py:4180} INFO - Setting next_dagrun for example_xcom to 2021-01-01 00:00:00+00:00, run_after=2021-01-01 00:00:00+00:00
[2025-01-06T12:33:13.467+0000] {processor.py:208} INFO - Processing /home/airflow/.local/lib/python3.12/site-packages/airflow/example_dags/example_xcom.py took 0.085 seconds
[2025-01-06T12:33:43.866+0000] {processor.py:186} INFO - Started process (PID=132) to work on /home/airflow/.local/lib/python3.12/site-packages/airflow/example_dags/example_xcom.py
[2025-01-06T12:33:43.866+0000] {processor.py:914} INFO - Processing file /home/airflow/.local/lib/python3.12/site-packages/airflow/example_dags/example_xcom.py for tasks to queue
[2025-01-06T12:33:43.867+0000] {logging_mixin.py:190} INFO - [2025-01-06T12:33:43.867+0000] {dagbag.py:588} INFO - Filling up the DagBag from /home/airflow/.local/lib/python3.12/site-packages/airflow/example_dags/example_xcom.py
[2025-01-06T12:33:43.872+0000] {processor.py:925} INFO - DAG(s) 'example_xcom' retrieved from /home/airflow/.local/lib/python3.12/site-packages/airflow/example_dags/example_xcom.py
[2025-01-06T12:33:43.884+0000] {logging_mixin.py:190} INFO - [2025-01-06T12:33:43.884+0000] {dag.py:3239} INFO - Sync 1 DAGs
[2025-01-06T12:33:43.895+0000] {logging_mixin.py:190} INFO - [2025-01-06T12:33:43.895+0000] {dag.py:4180} INFO - Setting next_dagrun for example_xcom to 2021-01-01 00:00:00+00:00, run_after=2021-01-01 00:00:00+00:00
[2025-01-06T12:33:43.903+0000] {processor.py:208} INFO - Processing /home/airflow/.local/lib/python3.12/site-packages/airflow/example_dags/example_xcom.py took 0.041 seconds
[2025-01-06T12:34:14.230+0000] {processor.py:186} INFO - Started process (PID=190) to work on /home/airflow/.local/lib/python3.12/site-packages/airflow/example_dags/example_xcom.py
[2025-01-06T12:34:14.231+0000] {processor.py:914} INFO - Processing file /home/airflow/.local/lib/python3.12/site-packages/airflow/example_dags/example_xcom.py for tasks to queue
[2025-01-06T12:34:14.232+0000] {logging_mixin.py:190} INFO - [2025-01-06T12:34:14.232+0000] {dagbag.py:588} INFO - Filling up the DagBag from /home/airflow/.local/lib/python3.12/site-packages/airflow/example_dags/example_xcom.py
[2025-01-06T12:34:14.236+0000] {processor.py:925} INFO - DAG(s) 'example_xcom' retrieved from /home/airflow/.local/lib/python3.12/site-packages/airflow/example_dags/example_xcom.py
[2025-01-06T12:34:14.246+0000] {logging_mixin.py:190} INFO - [2025-01-06T12:34:14.245+0000] {dag.py:3239} INFO - Sync 1 DAGs
[2025-01-06T12:34:14.255+0000] {logging_mixin.py:190} INFO - [2025-01-06T12:34:14.255+0000] {dag.py:4180} INFO - Setting next_dagrun for example_xcom to 2021-01-01 00:00:00+00:00, run_after=2021-01-01 00:00:00+00:00
[2025-01-06T12:34:14.262+0000] {processor.py:208} INFO - Processing /home/airflow/.local/lib/python3.12/site-packages/airflow/example_dags/example_xcom.py took 0.034 seconds
[2025-01-06T12:34:44.549+0000] {processor.py:186} INFO - Started process (PID=248) to work on /home/airflow/.local/lib/python3.12/site-packages/airflow/example_dags/example_xcom.py
[2025-01-06T12:34:44.549+0000] {processor.py:914} INFO - Processing file /home/airflow/.local/lib/python3.12/site-packages/airflow/example_dags/example_xcom.py for tasks to queue
[2025-01-06T12:34:44.550+0000] {logging_mixin.py:190} INFO - [2025-01-06T12:34:44.550+0000] {dagbag.py:588} INFO - Filling up the DagBag from /home/airflow/.local/lib/python3.12/site-packages/airflow/example_dags/example_xcom.py
[2025-01-06T12:34:44.555+0000] {processor.py:925} INFO - DAG(s) 'example_xcom' retrieved from /home/airflow/.local/lib/python3.12/site-packages/airflow/example_dags/example_xcom.py
[2025-01-06T12:34:44.564+0000] {logging_mixin.py:190} INFO - [2025-01-06T12:34:44.564+0000] {dag.py:3239} INFO - Sync 1 DAGs
[2025-01-06T12:34:44.572+0000] {logging_mixin.py:190} INFO - [2025-01-06T12:34:44.572+0000] {dag.py:4180} INFO - Setting next_dagrun for example_xcom to 2021-01-01 00:00:00+00:00, run_after=2021-01-01 00:00:00+00:00
[2025-01-06T12:34:44.578+0000] {processor.py:208} INFO - Processing /home/airflow/.local/lib/python3.12/site-packages/airflow/example_dags/example_xcom.py took 0.032 seconds
[2025-01-06T12:35:15.820+0000] {processor.py:186} INFO - Started process (PID=306) to work on /home/airflow/.local/lib/python3.12/site-packages/airflow/example_dags/example_xcom.py
[2025-01-06T12:35:15.821+0000] {processor.py:914} INFO - Processing file /home/airflow/.local/lib/python3.12/site-packages/airflow/example_dags/example_xcom.py for tasks to queue
[2025-01-06T12:35:15.822+0000] {logging_mixin.py:190} INFO - [2025-01-06T12:35:15.822+0000] {dagbag.py:588} INFO - Filling up the DagBag from /home/airflow/.local/lib/python3.12/site-packages/airflow/example_dags/example_xcom.py
[2025-01-06T12:35:15.826+0000] {processor.py:925} INFO - DAG(s) 'example_xcom' retrieved from /home/airflow/.local/lib/python3.12/site-packages/airflow/example_dags/example_xcom.py
[2025-01-06T12:35:15.835+0000] {logging_mixin.py:190} INFO - [2025-01-06T12:35:15.835+0000] {dag.py:3239} INFO - Sync 1 DAGs
[2025-01-06T12:35:15.844+0000] {logging_mixin.py:190} INFO - [2025-01-06T12:35:15.843+0000] {dag.py:4180} INFO - Setting next_dagrun for example_xcom to 2021-01-01 00:00:00+00:00, run_after=2021-01-01 00:00:00+00:00
[2025-01-06T12:35:15.850+0000] {processor.py:208} INFO - Processing /home/airflow/.local/lib/python3.12/site-packages/airflow/example_dags/example_xcom.py took 0.032 seconds
[2025-01-06T12:35:47.021+0000] {processor.py:186} INFO - Started process (PID=364) to work on /home/airflow/.local/lib/python3.12/site-packages/airflow/example_dags/example_xcom.py
[2025-01-06T12:35:47.022+0000] {processor.py:914} INFO - Processing file /home/airflow/.local/lib/python3.12/site-packages/airflow/example_dags/example_xcom.py for tasks to queue
[2025-01-06T12:35:47.023+0000] {logging_mixin.py:190} INFO - [2025-01-06T12:35:47.023+0000] {dagbag.py:588} INFO - Filling up the DagBag from /home/airflow/.local/lib/python3.12/site-packages/airflow/example_dags/example_xcom.py
[2025-01-06T12:35:47.027+0000] {processor.py:925} INFO - DAG(s) 'example_xcom' retrieved from /home/airflow/.local/lib/python3.12/site-packages/airflow/example_dags/example_xcom.py
[2025-01-06T12:35:47.035+0000] {logging_mixin.py:190} INFO - [2025-01-06T12:35:47.035+0000] {dag.py:3239} INFO - Sync 1 DAGs
[2025-01-06T12:35:47.044+0000] {logging_mixin.py:190} INFO - [2025-01-06T12:35:47.044+0000] {dag.py:4180} INFO - Setting next_dagrun for example_xcom to 2021-01-01 00:00:00+00:00, run_after=2021-01-01 00:00:00+00:00
[2025-01-06T12:35:47.051+0000] {processor.py:208} INFO - Processing /home/airflow/.local/lib/python3.12/site-packages/airflow/example_dags/example_xcom.py took 0.032 seconds
[2025-01-06T12:36:18.243+0000] {processor.py:186} INFO - Started process (PID=422) to work on /home/airflow/.local/lib/python3.12/site-packages/airflow/example_dags/example_xcom.py
[2025-01-06T12:36:18.244+0000] {processor.py:914} INFO - Processing file /home/airflow/.local/lib/python3.12/site-packages/airflow/example_dags/example_xcom.py for tasks to queue
[2025-01-06T12:36:18.245+0000] {logging_mixin.py:190} INFO - [2025-01-06T12:36:18.245+0000] {dagbag.py:588} INFO - Filling up the DagBag from /home/airflow/.local/lib/python3.12/site-packages/airflow/example_dags/example_xcom.py
[2025-01-06T12:36:18.249+0000] {processor.py:925} INFO - DAG(s) 'example_xcom' retrieved from /home/airflow/.local/lib/python3.12/site-packages/airflow/example_dags/example_xcom.py
[2025-01-06T12:36:18.257+0000] {logging_mixin.py:190} INFO - [2025-01-06T12:36:18.257+0000] {dag.py:3239} INFO - Sync 1 DAGs
[2025-01-06T12:36:18.265+0000] {logging_mixin.py:190} INFO - [2025-01-06T12:36:18.265+0000] {dag.py:4180} INFO - Setting next_dagrun for example_xcom to 2021-01-01 00:00:00+00:00, run_after=2021-01-01 00:00:00+00:00
[2025-01-06T12:36:18.271+0000] {processor.py:208} INFO - Processing /home/airflow/.local/lib/python3.12/site-packages/airflow/example_dags/example_xcom.py took 0.031 seconds
[2025-01-06T12:36:48.792+0000] {processor.py:186} INFO - Started process (PID=480) to work on /home/airflow/.local/lib/python3.12/site-packages/airflow/example_dags/example_xcom.py
[2025-01-06T12:36:48.792+0000] {processor.py:914} INFO - Processing file /home/airflow/.local/lib/python3.12/site-packages/airflow/example_dags/example_xcom.py for tasks to queue
[2025-01-06T12:36:48.793+0000] {logging_mixin.py:190} INFO - [2025-01-06T12:36:48.793+0000] {dagbag.py:588} INFO - Filling up the DagBag from /home/airflow/.local/lib/python3.12/site-packages/airflow/example_dags/example_xcom.py
[2025-01-06T12:36:48.797+0000] {processor.py:925} INFO - DAG(s) 'example_xcom' retrieved from /home/airflow/.local/lib/python3.12/site-packages/airflow/example_dags/example_xcom.py
[2025-01-06T12:36:48.806+0000] {logging_mixin.py:190} INFO - [2025-01-06T12:36:48.805+0000] {dag.py:3239} INFO - Sync 1 DAGs
[2025-01-06T12:36:48.815+0000] {logging_mixin.py:190} INFO - [2025-01-06T12:36:48.815+0000] {dag.py:4180} INFO - Setting next_dagrun for example_xcom to 2021-01-01 00:00:00+00:00, run_after=2021-01-01 00:00:00+00:00
[2025-01-06T12:36:48.821+0000] {processor.py:208} INFO - Processing /home/airflow/.local/lib/python3.12/site-packages/airflow/example_dags/example_xcom.py took 0.032 seconds
[2025-01-06T12:37:19.867+0000] {processor.py:186} INFO - Started process (PID=538) to work on /home/airflow/.local/lib/python3.12/site-packages/airflow/example_dags/example_xcom.py
[2025-01-06T12:37:19.868+0000] {processor.py:914} INFO - Processing file /home/airflow/.local/lib/python3.12/site-packages/airflow/example_dags/example_xcom.py for tasks to queue
[2025-01-06T12:37:19.869+0000] {logging_mixin.py:190} INFO - [2025-01-06T12:37:19.869+0000] {dagbag.py:588} INFO - Filling up the DagBag from /home/airflow/.local/lib/python3.12/site-packages/airflow/example_dags/example_xcom.py
[2025-01-06T12:37:19.873+0000] {processor.py:925} INFO - DAG(s) 'example_xcom' retrieved from /home/airflow/.local/lib/python3.12/site-packages/airflow/example_dags/example_xcom.py
[2025-01-06T12:37:19.881+0000] {logging_mixin.py:190} INFO - [2025-01-06T12:37:19.881+0000] {dag.py:3239} INFO - Sync 1 DAGs
[2025-01-06T12:37:19.890+0000] {logging_mixin.py:190} INFO - [2025-01-06T12:37:19.889+0000] {dag.py:4180} INFO - Setting next_dagrun for example_xcom to 2021-01-01 00:00:00+00:00, run_after=2021-01-01 00:00:00+00:00
[2025-01-06T12:37:19.896+0000] {processor.py:208} INFO - Processing /home/airflow/.local/lib/python3.12/site-packages/airflow/example_dags/example_xcom.py took 0.031 seconds
