[2025-01-06T12:17:47.470+0000] {processor.py:186} INFO - Started process (PID=50) to work on /home/airflow/.local/lib/python3.12/site-packages/airflow/example_dags/example_nested_branch_dag.py
[2025-01-06T12:17:47.470+0000] {processor.py:914} INFO - Processing file /home/airflow/.local/lib/python3.12/site-packages/airflow/example_dags/example_nested_branch_dag.py for tasks to queue
[2025-01-06T12:17:47.471+0000] {logging_mixin.py:190} INFO - [2025-01-06T12:17:47.471+0000] {dagbag.py:588} INFO - Filling up the DagBag from /home/airflow/.local/lib/python3.12/site-packages/airflow/example_dags/example_nested_branch_dag.py
[2025-01-06T12:17:47.482+0000] {processor.py:925} INFO - DAG(s) 'example_nested_branch_dag' retrieved from /home/airflow/.local/lib/python3.12/site-packages/airflow/example_dags/example_nested_branch_dag.py
[2025-01-06T12:18:01.226+0000] {processor.py:186} INFO - Started process (PID=50) to work on /home/airflow/.local/lib/python3.12/site-packages/airflow/example_dags/example_nested_branch_dag.py
[2025-01-06T12:18:01.226+0000] {processor.py:914} INFO - Processing file /home/airflow/.local/lib/python3.12/site-packages/airflow/example_dags/example_nested_branch_dag.py for tasks to queue
[2025-01-06T12:18:01.230+0000] {logging_mixin.py:190} INFO - [2025-01-06T12:18:01.229+0000] {dagbag.py:588} INFO - Filling up the DagBag from /home/airflow/.local/lib/python3.12/site-packages/airflow/example_dags/example_nested_branch_dag.py
[2025-01-06T12:18:01.241+0000] {processor.py:925} INFO - DAG(s) 'example_nested_branch_dag' retrieved from /home/airflow/.local/lib/python3.12/site-packages/airflow/example_dags/example_nested_branch_dag.py
[2025-01-06T12:18:01.317+0000] {logging_mixin.py:190} INFO - [2025-01-06T12:18:01.316+0000] {override.py:1911} INFO - Created Permission View: can delete on DAG:example_nested_branch_dag
[2025-01-06T12:18:01.412+0000] {logging_mixin.py:190} INFO - [2025-01-06T12:18:01.410+0000] {override.py:1911} INFO - Created Permission View: can edit on DAG:example_nested_branch_dag
[2025-01-06T12:18:14.808+0000] {processor.py:186} INFO - Started process (PID=50) to work on /home/airflow/.local/lib/python3.12/site-packages/airflow/example_dags/example_nested_branch_dag.py
[2025-01-06T12:18:14.808+0000] {processor.py:914} INFO - Processing file /home/airflow/.local/lib/python3.12/site-packages/airflow/example_dags/example_nested_branch_dag.py for tasks to queue
[2025-01-06T12:18:14.810+0000] {logging_mixin.py:190} INFO - [2025-01-06T12:18:14.810+0000] {dagbag.py:588} INFO - Filling up the DagBag from /home/airflow/.local/lib/python3.12/site-packages/airflow/example_dags/example_nested_branch_dag.py
[2025-01-06T12:18:14.816+0000] {processor.py:925} INFO - DAG(s) 'example_nested_branch_dag' retrieved from /home/airflow/.local/lib/python3.12/site-packages/airflow/example_dags/example_nested_branch_dag.py
[2025-01-06T12:18:14.821+0000] {logging_mixin.py:190} INFO - [2025-01-06T12:18:14.821+0000] {dag.py:3239} INFO - Sync 1 DAGs
[2025-01-06T12:18:14.828+0000] {logging_mixin.py:190} INFO - [2025-01-06T12:18:14.827+0000] {dag.py:3262} INFO - Creating ORM DAG for example_nested_branch_dag
[2025-01-06T12:18:14.833+0000] {logging_mixin.py:190} INFO - [2025-01-06T12:18:14.833+0000] {dag.py:4180} INFO - Setting next_dagrun for example_nested_branch_dag to 2025-01-05 00:00:00+00:00, run_after=2025-01-06 00:00:00+00:00
[2025-01-06T12:18:14.840+0000] {processor.py:208} INFO - Processing /home/airflow/.local/lib/python3.12/site-packages/airflow/example_dags/example_nested_branch_dag.py took 0.035 seconds
[2025-01-06T12:18:28.811+0000] {processor.py:186} INFO - Started process (PID=50) to work on /home/airflow/.local/lib/python3.12/site-packages/airflow/example_dags/example_nested_branch_dag.py
[2025-01-06T12:18:28.812+0000] {processor.py:914} INFO - Processing file /home/airflow/.local/lib/python3.12/site-packages/airflow/example_dags/example_nested_branch_dag.py for tasks to queue
[2025-01-06T12:18:28.814+0000] {logging_mixin.py:190} INFO - [2025-01-06T12:18:28.814+0000] {dagbag.py:588} INFO - Filling up the DagBag from /home/airflow/.local/lib/python3.12/site-packages/airflow/example_dags/example_nested_branch_dag.py
[2025-01-06T12:18:28.820+0000] {processor.py:925} INFO - DAG(s) 'example_nested_branch_dag' retrieved from /home/airflow/.local/lib/python3.12/site-packages/airflow/example_dags/example_nested_branch_dag.py
[2025-01-06T12:18:28.827+0000] {logging_mixin.py:190} INFO - [2025-01-06T12:18:28.827+0000] {dag.py:3239} INFO - Sync 1 DAGs
[2025-01-06T12:18:28.838+0000] {logging_mixin.py:190} INFO - [2025-01-06T12:18:28.838+0000] {dag.py:4180} INFO - Setting next_dagrun for example_nested_branch_dag to 2025-01-05 00:00:00+00:00, run_after=2025-01-06 00:00:00+00:00
[2025-01-06T12:18:28.846+0000] {processor.py:208} INFO - Processing /home/airflow/.local/lib/python3.12/site-packages/airflow/example_dags/example_nested_branch_dag.py took 0.038 seconds
[2025-01-06T12:18:39.800+0000] {processor.py:186} INFO - Started process (PID=50) to work on /home/airflow/.local/lib/python3.12/site-packages/airflow/example_dags/example_nested_branch_dag.py
[2025-01-06T12:18:39.800+0000] {processor.py:914} INFO - Processing file /home/airflow/.local/lib/python3.12/site-packages/airflow/example_dags/example_nested_branch_dag.py for tasks to queue
[2025-01-06T12:18:39.803+0000] {logging_mixin.py:190} INFO - [2025-01-06T12:18:39.803+0000] {dagbag.py:588} INFO - Filling up the DagBag from /home/airflow/.local/lib/python3.12/site-packages/airflow/example_dags/example_nested_branch_dag.py
[2025-01-06T12:18:39.809+0000] {processor.py:925} INFO - DAG(s) 'example_nested_branch_dag' retrieved from /home/airflow/.local/lib/python3.12/site-packages/airflow/example_dags/example_nested_branch_dag.py
[2025-01-06T12:18:39.820+0000] {logging_mixin.py:190} INFO - [2025-01-06T12:18:39.820+0000] {dag.py:3239} INFO - Sync 1 DAGs
[2025-01-06T12:18:39.831+0000] {logging_mixin.py:190} INFO - [2025-01-06T12:18:39.831+0000] {dag.py:4180} INFO - Setting next_dagrun for example_nested_branch_dag to 2025-01-05 00:00:00+00:00, run_after=2025-01-06 00:00:00+00:00
[2025-01-06T12:18:39.838+0000] {processor.py:208} INFO - Processing /home/airflow/.local/lib/python3.12/site-packages/airflow/example_dags/example_nested_branch_dag.py took 0.041 seconds
[2025-01-06T12:19:18.751+0000] {processor.py:186} INFO - Started process (PID=50) to work on /home/airflow/.local/lib/python3.12/site-packages/airflow/example_dags/example_nested_branch_dag.py
[2025-01-06T12:19:18.751+0000] {processor.py:914} INFO - Processing file /home/airflow/.local/lib/python3.12/site-packages/airflow/example_dags/example_nested_branch_dag.py for tasks to queue
[2025-01-06T12:19:18.753+0000] {logging_mixin.py:190} INFO - [2025-01-06T12:19:18.753+0000] {dagbag.py:588} INFO - Filling up the DagBag from /home/airflow/.local/lib/python3.12/site-packages/airflow/example_dags/example_nested_branch_dag.py
[2025-01-06T12:19:18.758+0000] {processor.py:925} INFO - DAG(s) 'example_nested_branch_dag' retrieved from /home/airflow/.local/lib/python3.12/site-packages/airflow/example_dags/example_nested_branch_dag.py
[2025-01-06T12:19:18.769+0000] {logging_mixin.py:190} INFO - [2025-01-06T12:19:18.769+0000] {dag.py:3239} INFO - Sync 1 DAGs
[2025-01-06T12:19:18.778+0000] {logging_mixin.py:190} INFO - [2025-01-06T12:19:18.778+0000] {dag.py:4180} INFO - Setting next_dagrun for example_nested_branch_dag to 2025-01-05 00:00:00+00:00, run_after=2025-01-06 00:00:00+00:00
[2025-01-06T12:19:18.785+0000] {processor.py:208} INFO - Processing /home/airflow/.local/lib/python3.12/site-packages/airflow/example_dags/example_nested_branch_dag.py took 0.036 seconds
[2025-01-06T12:33:12.177+0000] {processor.py:186} INFO - Started process (PID=52) to work on /home/airflow/.local/lib/python3.12/site-packages/airflow/example_dags/example_nested_branch_dag.py
[2025-01-06T12:33:12.178+0000] {processor.py:914} INFO - Processing file /home/airflow/.local/lib/python3.12/site-packages/airflow/example_dags/example_nested_branch_dag.py for tasks to queue
[2025-01-06T12:33:12.179+0000] {logging_mixin.py:190} INFO - [2025-01-06T12:33:12.179+0000] {dagbag.py:588} INFO - Filling up the DagBag from /home/airflow/.local/lib/python3.12/site-packages/airflow/example_dags/example_nested_branch_dag.py
[2025-01-06T12:33:12.185+0000] {processor.py:925} INFO - DAG(s) 'example_nested_branch_dag' retrieved from /home/airflow/.local/lib/python3.12/site-packages/airflow/example_dags/example_nested_branch_dag.py
[2025-01-06T12:33:12.225+0000] {logging_mixin.py:190} INFO - [2025-01-06T12:33:12.225+0000] {override.py:1911} INFO - Created Permission View: can delete on DAG:example_nested_branch_dag
[2025-01-06T12:33:12.229+0000] {logging_mixin.py:190} INFO - [2025-01-06T12:33:12.229+0000] {override.py:1911} INFO - Created Permission View: can read on DAG:example_nested_branch_dag
[2025-01-06T12:33:12.231+0000] {logging_mixin.py:190} INFO - [2025-01-06T12:33:12.230+0000] {override.py:1911} INFO - Created Permission View: can edit on DAG:example_nested_branch_dag
[2025-01-06T12:33:12.232+0000] {logging_mixin.py:190} INFO - [2025-01-06T12:33:12.232+0000] {override.py:1911} INFO - Created Permission View: menu access on DAG Run:example_nested_branch_dag
[2025-01-06T12:33:12.234+0000] {logging_mixin.py:190} INFO - [2025-01-06T12:33:12.234+0000] {override.py:1911} INFO - Created Permission View: can delete on DAG Run:example_nested_branch_dag
[2025-01-06T12:33:12.235+0000] {logging_mixin.py:190} INFO - [2025-01-06T12:33:12.235+0000] {override.py:1911} INFO - Created Permission View: can read on DAG Run:example_nested_branch_dag
[2025-01-06T12:33:12.237+0000] {logging_mixin.py:190} INFO - [2025-01-06T12:33:12.237+0000] {override.py:1911} INFO - Created Permission View: can create on DAG Run:example_nested_branch_dag
[2025-01-06T12:33:12.237+0000] {logging_mixin.py:190} INFO - [2025-01-06T12:33:12.237+0000] {dag.py:3239} INFO - Sync 1 DAGs
[2025-01-06T12:33:12.242+0000] {logging_mixin.py:190} INFO - [2025-01-06T12:33:12.242+0000] {dag.py:3262} INFO - Creating ORM DAG for example_nested_branch_dag
[2025-01-06T12:33:12.246+0000] {logging_mixin.py:190} INFO - [2025-01-06T12:33:12.246+0000] {dag.py:4180} INFO - Setting next_dagrun for example_nested_branch_dag to 2025-01-05 00:00:00+00:00, run_after=2025-01-06 00:00:00+00:00
[2025-01-06T12:33:12.251+0000] {processor.py:208} INFO - Processing /home/airflow/.local/lib/python3.12/site-packages/airflow/example_dags/example_nested_branch_dag.py took 0.076 seconds
[2025-01-06T12:33:43.184+0000] {processor.py:186} INFO - Started process (PID=110) to work on /home/airflow/.local/lib/python3.12/site-packages/airflow/example_dags/example_nested_branch_dag.py
[2025-01-06T12:33:43.184+0000] {processor.py:914} INFO - Processing file /home/airflow/.local/lib/python3.12/site-packages/airflow/example_dags/example_nested_branch_dag.py for tasks to queue
[2025-01-06T12:33:43.185+0000] {logging_mixin.py:190} INFO - [2025-01-06T12:33:43.185+0000] {dagbag.py:588} INFO - Filling up the DagBag from /home/airflow/.local/lib/python3.12/site-packages/airflow/example_dags/example_nested_branch_dag.py
[2025-01-06T12:33:43.191+0000] {processor.py:925} INFO - DAG(s) 'example_nested_branch_dag' retrieved from /home/airflow/.local/lib/python3.12/site-packages/airflow/example_dags/example_nested_branch_dag.py
[2025-01-06T12:33:43.201+0000] {logging_mixin.py:190} INFO - [2025-01-06T12:33:43.201+0000] {dag.py:3239} INFO - Sync 1 DAGs
[2025-01-06T12:33:43.210+0000] {logging_mixin.py:190} INFO - [2025-01-06T12:33:43.210+0000] {dag.py:4180} INFO - Setting next_dagrun for example_nested_branch_dag to 2025-01-05 00:00:00+00:00, run_after=2025-01-06 00:00:00+00:00
[2025-01-06T12:33:43.217+0000] {processor.py:208} INFO - Processing /home/airflow/.local/lib/python3.12/site-packages/airflow/example_dags/example_nested_branch_dag.py took 0.036 seconds
[2025-01-06T12:34:13.441+0000] {processor.py:186} INFO - Started process (PID=167) to work on /home/airflow/.local/lib/python3.12/site-packages/airflow/example_dags/example_nested_branch_dag.py
[2025-01-06T12:34:13.441+0000] {processor.py:914} INFO - Processing file /home/airflow/.local/lib/python3.12/site-packages/airflow/example_dags/example_nested_branch_dag.py for tasks to queue
[2025-01-06T12:34:13.442+0000] {logging_mixin.py:190} INFO - [2025-01-06T12:34:13.442+0000] {dagbag.py:588} INFO - Filling up the DagBag from /home/airflow/.local/lib/python3.12/site-packages/airflow/example_dags/example_nested_branch_dag.py
[2025-01-06T12:34:13.448+0000] {processor.py:925} INFO - DAG(s) 'example_nested_branch_dag' retrieved from /home/airflow/.local/lib/python3.12/site-packages/airflow/example_dags/example_nested_branch_dag.py
[2025-01-06T12:34:13.457+0000] {logging_mixin.py:190} INFO - [2025-01-06T12:34:13.457+0000] {dag.py:3239} INFO - Sync 1 DAGs
[2025-01-06T12:34:13.466+0000] {logging_mixin.py:190} INFO - [2025-01-06T12:34:13.466+0000] {dag.py:4180} INFO - Setting next_dagrun for example_nested_branch_dag to 2025-01-05 00:00:00+00:00, run_after=2025-01-06 00:00:00+00:00
[2025-01-06T12:34:13.473+0000] {processor.py:208} INFO - Processing /home/airflow/.local/lib/python3.12/site-packages/airflow/example_dags/example_nested_branch_dag.py took 0.035 seconds
[2025-01-06T12:34:43.712+0000] {processor.py:186} INFO - Started process (PID=225) to work on /home/airflow/.local/lib/python3.12/site-packages/airflow/example_dags/example_nested_branch_dag.py
[2025-01-06T12:34:43.713+0000] {processor.py:914} INFO - Processing file /home/airflow/.local/lib/python3.12/site-packages/airflow/example_dags/example_nested_branch_dag.py for tasks to queue
[2025-01-06T12:34:43.714+0000] {logging_mixin.py:190} INFO - [2025-01-06T12:34:43.714+0000] {dagbag.py:588} INFO - Filling up the DagBag from /home/airflow/.local/lib/python3.12/site-packages/airflow/example_dags/example_nested_branch_dag.py
[2025-01-06T12:34:43.723+0000] {processor.py:925} INFO - DAG(s) 'example_nested_branch_dag' retrieved from /home/airflow/.local/lib/python3.12/site-packages/airflow/example_dags/example_nested_branch_dag.py
[2025-01-06T12:34:43.737+0000] {logging_mixin.py:190} INFO - [2025-01-06T12:34:43.737+0000] {dag.py:3239} INFO - Sync 1 DAGs
[2025-01-06T12:34:43.758+0000] {logging_mixin.py:190} INFO - [2025-01-06T12:34:43.758+0000] {dag.py:4180} INFO - Setting next_dagrun for example_nested_branch_dag to 2025-01-05 00:00:00+00:00, run_after=2025-01-06 00:00:00+00:00
[2025-01-06T12:34:43.767+0000] {processor.py:208} INFO - Processing /home/airflow/.local/lib/python3.12/site-packages/airflow/example_dags/example_nested_branch_dag.py took 0.060 seconds
[2025-01-06T12:35:13.994+0000] {processor.py:186} INFO - Started process (PID=283) to work on /home/airflow/.local/lib/python3.12/site-packages/airflow/example_dags/example_nested_branch_dag.py
[2025-01-06T12:35:13.994+0000] {processor.py:914} INFO - Processing file /home/airflow/.local/lib/python3.12/site-packages/airflow/example_dags/example_nested_branch_dag.py for tasks to queue
[2025-01-06T12:35:13.995+0000] {logging_mixin.py:190} INFO - [2025-01-06T12:35:13.995+0000] {dagbag.py:588} INFO - Filling up the DagBag from /home/airflow/.local/lib/python3.12/site-packages/airflow/example_dags/example_nested_branch_dag.py
[2025-01-06T12:35:14.001+0000] {processor.py:925} INFO - DAG(s) 'example_nested_branch_dag' retrieved from /home/airflow/.local/lib/python3.12/site-packages/airflow/example_dags/example_nested_branch_dag.py
[2025-01-06T12:35:14.011+0000] {logging_mixin.py:190} INFO - [2025-01-06T12:35:14.011+0000] {dag.py:3239} INFO - Sync 1 DAGs
[2025-01-06T12:35:14.020+0000] {logging_mixin.py:190} INFO - [2025-01-06T12:35:14.020+0000] {dag.py:4180} INFO - Setting next_dagrun for example_nested_branch_dag to 2025-01-05 00:00:00+00:00, run_after=2025-01-06 00:00:00+00:00
[2025-01-06T12:35:14.028+0000] {processor.py:208} INFO - Processing /home/airflow/.local/lib/python3.12/site-packages/airflow/example_dags/example_nested_branch_dag.py took 0.037 seconds
[2025-01-06T12:35:44.286+0000] {processor.py:186} INFO - Started process (PID=341) to work on /home/airflow/.local/lib/python3.12/site-packages/airflow/example_dags/example_nested_branch_dag.py
[2025-01-06T12:35:44.286+0000] {processor.py:914} INFO - Processing file /home/airflow/.local/lib/python3.12/site-packages/airflow/example_dags/example_nested_branch_dag.py for tasks to queue
[2025-01-06T12:35:44.287+0000] {logging_mixin.py:190} INFO - [2025-01-06T12:35:44.287+0000] {dagbag.py:588} INFO - Filling up the DagBag from /home/airflow/.local/lib/python3.12/site-packages/airflow/example_dags/example_nested_branch_dag.py
[2025-01-06T12:35:44.293+0000] {processor.py:925} INFO - DAG(s) 'example_nested_branch_dag' retrieved from /home/airflow/.local/lib/python3.12/site-packages/airflow/example_dags/example_nested_branch_dag.py
[2025-01-06T12:35:44.301+0000] {logging_mixin.py:190} INFO - [2025-01-06T12:35:44.301+0000] {dag.py:3239} INFO - Sync 1 DAGs
[2025-01-06T12:35:44.309+0000] {logging_mixin.py:190} INFO - [2025-01-06T12:35:44.309+0000] {dag.py:4180} INFO - Setting next_dagrun for example_nested_branch_dag to 2025-01-05 00:00:00+00:00, run_after=2025-01-06 00:00:00+00:00
[2025-01-06T12:35:44.315+0000] {processor.py:208} INFO - Processing /home/airflow/.local/lib/python3.12/site-packages/airflow/example_dags/example_nested_branch_dag.py took 0.032 seconds
[2025-01-06T12:36:14.486+0000] {processor.py:186} INFO - Started process (PID=399) to work on /home/airflow/.local/lib/python3.12/site-packages/airflow/example_dags/example_nested_branch_dag.py
[2025-01-06T12:36:14.486+0000] {processor.py:914} INFO - Processing file /home/airflow/.local/lib/python3.12/site-packages/airflow/example_dags/example_nested_branch_dag.py for tasks to queue
[2025-01-06T12:36:14.487+0000] {logging_mixin.py:190} INFO - [2025-01-06T12:36:14.487+0000] {dagbag.py:588} INFO - Filling up the DagBag from /home/airflow/.local/lib/python3.12/site-packages/airflow/example_dags/example_nested_branch_dag.py
[2025-01-06T12:36:14.492+0000] {processor.py:925} INFO - DAG(s) 'example_nested_branch_dag' retrieved from /home/airflow/.local/lib/python3.12/site-packages/airflow/example_dags/example_nested_branch_dag.py
[2025-01-06T12:36:14.500+0000] {logging_mixin.py:190} INFO - [2025-01-06T12:36:14.500+0000] {dag.py:3239} INFO - Sync 1 DAGs
[2025-01-06T12:36:14.509+0000] {logging_mixin.py:190} INFO - [2025-01-06T12:36:14.509+0000] {dag.py:4180} INFO - Setting next_dagrun for example_nested_branch_dag to 2025-01-05 00:00:00+00:00, run_after=2025-01-06 00:00:00+00:00
[2025-01-06T12:36:14.516+0000] {processor.py:208} INFO - Processing /home/airflow/.local/lib/python3.12/site-packages/airflow/example_dags/example_nested_branch_dag.py took 0.032 seconds
[2025-01-06T12:36:44.970+0000] {processor.py:186} INFO - Started process (PID=457) to work on /home/airflow/.local/lib/python3.12/site-packages/airflow/example_dags/example_nested_branch_dag.py
[2025-01-06T12:36:44.970+0000] {processor.py:914} INFO - Processing file /home/airflow/.local/lib/python3.12/site-packages/airflow/example_dags/example_nested_branch_dag.py for tasks to queue
[2025-01-06T12:36:44.971+0000] {logging_mixin.py:190} INFO - [2025-01-06T12:36:44.971+0000] {dagbag.py:588} INFO - Filling up the DagBag from /home/airflow/.local/lib/python3.12/site-packages/airflow/example_dags/example_nested_branch_dag.py
[2025-01-06T12:36:44.976+0000] {processor.py:925} INFO - DAG(s) 'example_nested_branch_dag' retrieved from /home/airflow/.local/lib/python3.12/site-packages/airflow/example_dags/example_nested_branch_dag.py
[2025-01-06T12:36:44.985+0000] {logging_mixin.py:190} INFO - [2025-01-06T12:36:44.984+0000] {dag.py:3239} INFO - Sync 1 DAGs
[2025-01-06T12:36:44.993+0000] {logging_mixin.py:190} INFO - [2025-01-06T12:36:44.993+0000] {dag.py:4180} INFO - Setting next_dagrun for example_nested_branch_dag to 2025-01-05 00:00:00+00:00, run_after=2025-01-06 00:00:00+00:00
[2025-01-06T12:36:44.999+0000] {processor.py:208} INFO - Processing /home/airflow/.local/lib/python3.12/site-packages/airflow/example_dags/example_nested_branch_dag.py took 0.032 seconds
[2025-01-06T12:37:16.127+0000] {processor.py:186} INFO - Started process (PID=515) to work on /home/airflow/.local/lib/python3.12/site-packages/airflow/example_dags/example_nested_branch_dag.py
[2025-01-06T12:37:16.128+0000] {processor.py:914} INFO - Processing file /home/airflow/.local/lib/python3.12/site-packages/airflow/example_dags/example_nested_branch_dag.py for tasks to queue
[2025-01-06T12:37:16.129+0000] {logging_mixin.py:190} INFO - [2025-01-06T12:37:16.129+0000] {dagbag.py:588} INFO - Filling up the DagBag from /home/airflow/.local/lib/python3.12/site-packages/airflow/example_dags/example_nested_branch_dag.py
[2025-01-06T12:37:16.133+0000] {processor.py:925} INFO - DAG(s) 'example_nested_branch_dag' retrieved from /home/airflow/.local/lib/python3.12/site-packages/airflow/example_dags/example_nested_branch_dag.py
[2025-01-06T12:37:16.141+0000] {logging_mixin.py:190} INFO - [2025-01-06T12:37:16.141+0000] {dag.py:3239} INFO - Sync 1 DAGs
[2025-01-06T12:37:16.149+0000] {logging_mixin.py:190} INFO - [2025-01-06T12:37:16.149+0000] {dag.py:4180} INFO - Setting next_dagrun for example_nested_branch_dag to 2025-01-05 00:00:00+00:00, run_after=2025-01-06 00:00:00+00:00
[2025-01-06T12:37:16.155+0000] {processor.py:208} INFO - Processing /home/airflow/.local/lib/python3.12/site-packages/airflow/example_dags/example_nested_branch_dag.py took 0.030 seconds
