[2025-01-06T12:18:14.974+0000] {processor.py:186} INFO - Started process (PID=53) to work on /home/airflow/.local/lib/python3.12/site-packages/airflow/example_dags/example_params_ui_tutorial.py
[2025-01-06T12:18:14.975+0000] {processor.py:914} INFO - Processing file /home/airflow/.local/lib/python3.12/site-packages/airflow/example_dags/example_params_ui_tutorial.py for tasks to queue
[2025-01-06T12:18:14.976+0000] {logging_mixin.py:190} INFO - [2025-01-06T12:18:14.976+0000] {dagbag.py:588} INFO - Filling up the DagBag from /home/airflow/.local/lib/python3.12/site-packages/airflow/example_dags/example_params_ui_tutorial.py
[2025-01-06T12:18:14.983+0000] {processor.py:925} INFO - DAG(s) 'example_params_ui_tutorial' retrieved from /home/airflow/.local/lib/python3.12/site-packages/airflow/example_dags/example_params_ui_tutorial.py
[2025-01-06T12:18:15.063+0000] {logging_mixin.py:190} INFO - [2025-01-06T12:18:15.062+0000] {override.py:1911} INFO - Created Permission View: can delete on DAG:example_params_ui_tutorial
[2025-01-06T12:18:15.067+0000] {logging_mixin.py:190} INFO - [2025-01-06T12:18:15.067+0000] {override.py:1911} INFO - Created Permission View: can edit on DAG:example_params_ui_tutorial
[2025-01-06T12:18:15.069+0000] {logging_mixin.py:190} INFO - [2025-01-06T12:18:15.069+0000] {override.py:1911} INFO - Created Permission View: can read on DAG:example_params_ui_tutorial
[2025-01-06T12:18:15.070+0000] {logging_mixin.py:190} INFO - [2025-01-06T12:18:15.070+0000] {override.py:1911} INFO - Created Permission View: can delete on DAG Run:example_params_ui_tutorial
[2025-01-06T12:18:15.072+0000] {logging_mixin.py:190} INFO - [2025-01-06T12:18:15.072+0000] {override.py:1911} INFO - Created Permission View: menu access on DAG Run:example_params_ui_tutorial
[2025-01-06T12:18:15.074+0000] {logging_mixin.py:190} INFO - [2025-01-06T12:18:15.074+0000] {override.py:1911} INFO - Created Permission View: can read on DAG Run:example_params_ui_tutorial
[2025-01-06T12:18:15.076+0000] {logging_mixin.py:190} INFO - [2025-01-06T12:18:15.076+0000] {override.py:1911} INFO - Created Permission View: can create on DAG Run:example_params_ui_tutorial
[2025-01-06T12:18:15.076+0000] {logging_mixin.py:190} INFO - [2025-01-06T12:18:15.076+0000] {dag.py:3239} INFO - Sync 1 DAGs
[2025-01-06T12:18:15.081+0000] {logging_mixin.py:190} INFO - [2025-01-06T12:18:15.081+0000] {dag.py:3262} INFO - Creating ORM DAG for example_params_ui_tutorial
[2025-01-06T12:18:15.081+0000] {logging_mixin.py:190} INFO - [2025-01-06T12:18:15.081+0000] {dag.py:4180} INFO - Setting next_dagrun for example_params_ui_tutorial to None, run_after=None
[2025-01-06T12:18:15.145+0000] {processor.py:208} INFO - Processing /home/airflow/.local/lib/python3.12/site-packages/airflow/example_dags/example_params_ui_tutorial.py took 0.173 seconds
[2025-01-06T12:18:28.907+0000] {processor.py:186} INFO - Started process (PID=53) to work on /home/airflow/.local/lib/python3.12/site-packages/airflow/example_dags/example_params_ui_tutorial.py
[2025-01-06T12:18:28.908+0000] {processor.py:914} INFO - Processing file /home/airflow/.local/lib/python3.12/site-packages/airflow/example_dags/example_params_ui_tutorial.py for tasks to queue
[2025-01-06T12:18:28.909+0000] {logging_mixin.py:190} INFO - [2025-01-06T12:18:28.909+0000] {dagbag.py:588} INFO - Filling up the DagBag from /home/airflow/.local/lib/python3.12/site-packages/airflow/example_dags/example_params_ui_tutorial.py
[2025-01-06T12:18:28.915+0000] {processor.py:925} INFO - DAG(s) 'example_params_ui_tutorial' retrieved from /home/airflow/.local/lib/python3.12/site-packages/airflow/example_dags/example_params_ui_tutorial.py
[2025-01-06T12:18:28.923+0000] {logging_mixin.py:190} INFO - [2025-01-06T12:18:28.923+0000] {dag.py:3239} INFO - Sync 1 DAGs
[2025-01-06T12:18:28.931+0000] {logging_mixin.py:190} INFO - [2025-01-06T12:18:28.931+0000] {dag.py:4180} INFO - Setting next_dagrun for example_params_ui_tutorial to None, run_after=None
[2025-01-06T12:18:28.941+0000] {processor.py:208} INFO - Processing /home/airflow/.local/lib/python3.12/site-packages/airflow/example_dags/example_params_ui_tutorial.py took 0.037 seconds
[2025-01-06T12:18:39.963+0000] {processor.py:186} INFO - Started process (PID=53) to work on /home/airflow/.local/lib/python3.12/site-packages/airflow/example_dags/example_params_ui_tutorial.py
[2025-01-06T12:18:39.964+0000] {processor.py:914} INFO - Processing file /home/airflow/.local/lib/python3.12/site-packages/airflow/example_dags/example_params_ui_tutorial.py for tasks to queue
[2025-01-06T12:18:39.965+0000] {logging_mixin.py:190} INFO - [2025-01-06T12:18:39.965+0000] {dagbag.py:588} INFO - Filling up the DagBag from /home/airflow/.local/lib/python3.12/site-packages/airflow/example_dags/example_params_ui_tutorial.py
[2025-01-06T12:18:39.969+0000] {processor.py:925} INFO - DAG(s) 'example_params_ui_tutorial' retrieved from /home/airflow/.local/lib/python3.12/site-packages/airflow/example_dags/example_params_ui_tutorial.py
[2025-01-06T12:18:39.976+0000] {logging_mixin.py:190} INFO - [2025-01-06T12:18:39.975+0000] {dag.py:3239} INFO - Sync 1 DAGs
[2025-01-06T12:18:39.982+0000] {logging_mixin.py:190} INFO - [2025-01-06T12:18:39.982+0000] {dag.py:4180} INFO - Setting next_dagrun for example_params_ui_tutorial to None, run_after=None
[2025-01-06T12:18:39.990+0000] {processor.py:208} INFO - Processing /home/airflow/.local/lib/python3.12/site-packages/airflow/example_dags/example_params_ui_tutorial.py took 0.029 seconds
[2025-01-06T12:19:18.857+0000] {processor.py:186} INFO - Started process (PID=53) to work on /home/airflow/.local/lib/python3.12/site-packages/airflow/example_dags/example_params_ui_tutorial.py
[2025-01-06T12:19:18.857+0000] {processor.py:914} INFO - Processing file /home/airflow/.local/lib/python3.12/site-packages/airflow/example_dags/example_params_ui_tutorial.py for tasks to queue
[2025-01-06T12:19:18.859+0000] {logging_mixin.py:190} INFO - [2025-01-06T12:19:18.859+0000] {dagbag.py:588} INFO - Filling up the DagBag from /home/airflow/.local/lib/python3.12/site-packages/airflow/example_dags/example_params_ui_tutorial.py
[2025-01-06T12:19:18.864+0000] {processor.py:925} INFO - DAG(s) 'example_params_ui_tutorial' retrieved from /home/airflow/.local/lib/python3.12/site-packages/airflow/example_dags/example_params_ui_tutorial.py
[2025-01-06T12:19:18.882+0000] {logging_mixin.py:190} INFO - [2025-01-06T12:19:18.882+0000] {dag.py:3239} INFO - Sync 1 DAGs
[2025-01-06T12:19:18.888+0000] {logging_mixin.py:190} INFO - [2025-01-06T12:19:18.888+0000] {dag.py:4180} INFO - Setting next_dagrun for example_params_ui_tutorial to None, run_after=None
[2025-01-06T12:19:18.896+0000] {processor.py:208} INFO - Processing /home/airflow/.local/lib/python3.12/site-packages/airflow/example_dags/example_params_ui_tutorial.py took 0.042 seconds
[2025-01-06T12:33:12.357+0000] {processor.py:186} INFO - Started process (PID=55) to work on /home/airflow/.local/lib/python3.12/site-packages/airflow/example_dags/example_params_ui_tutorial.py
[2025-01-06T12:33:12.357+0000] {processor.py:914} INFO - Processing file /home/airflow/.local/lib/python3.12/site-packages/airflow/example_dags/example_params_ui_tutorial.py for tasks to queue
[2025-01-06T12:33:12.359+0000] {logging_mixin.py:190} INFO - [2025-01-06T12:33:12.358+0000] {dagbag.py:588} INFO - Filling up the DagBag from /home/airflow/.local/lib/python3.12/site-packages/airflow/example_dags/example_params_ui_tutorial.py
[2025-01-06T12:33:12.364+0000] {processor.py:925} INFO - DAG(s) 'example_params_ui_tutorial' retrieved from /home/airflow/.local/lib/python3.12/site-packages/airflow/example_dags/example_params_ui_tutorial.py
[2025-01-06T12:33:12.414+0000] {logging_mixin.py:190} INFO - [2025-01-06T12:33:12.414+0000] {override.py:1911} INFO - Created Permission View: can delete on DAG:example_params_ui_tutorial
[2025-01-06T12:33:12.417+0000] {logging_mixin.py:190} INFO - [2025-01-06T12:33:12.417+0000] {override.py:1911} INFO - Created Permission View: can read on DAG:example_params_ui_tutorial
[2025-01-06T12:33:12.419+0000] {logging_mixin.py:190} INFO - [2025-01-06T12:33:12.419+0000] {override.py:1911} INFO - Created Permission View: can edit on DAG:example_params_ui_tutorial
[2025-01-06T12:33:12.421+0000] {logging_mixin.py:190} INFO - [2025-01-06T12:33:12.421+0000] {override.py:1911} INFO - Created Permission View: menu access on DAG Run:example_params_ui_tutorial
[2025-01-06T12:33:12.422+0000] {logging_mixin.py:190} INFO - [2025-01-06T12:33:12.422+0000] {override.py:1911} INFO - Created Permission View: can delete on DAG Run:example_params_ui_tutorial
[2025-01-06T12:33:12.424+0000] {logging_mixin.py:190} INFO - [2025-01-06T12:33:12.424+0000] {override.py:1911} INFO - Created Permission View: can read on DAG Run:example_params_ui_tutorial
[2025-01-06T12:33:12.426+0000] {logging_mixin.py:190} INFO - [2025-01-06T12:33:12.426+0000] {override.py:1911} INFO - Created Permission View: can create on DAG Run:example_params_ui_tutorial
[2025-01-06T12:33:12.426+0000] {logging_mixin.py:190} INFO - [2025-01-06T12:33:12.426+0000] {dag.py:3239} INFO - Sync 1 DAGs
[2025-01-06T12:33:12.431+0000] {logging_mixin.py:190} INFO - [2025-01-06T12:33:12.431+0000] {dag.py:3262} INFO - Creating ORM DAG for example_params_ui_tutorial
[2025-01-06T12:33:12.431+0000] {logging_mixin.py:190} INFO - [2025-01-06T12:33:12.431+0000] {dag.py:4180} INFO - Setting next_dagrun for example_params_ui_tutorial to None, run_after=None
[2025-01-06T12:33:12.437+0000] {processor.py:208} INFO - Processing /home/airflow/.local/lib/python3.12/site-packages/airflow/example_dags/example_params_ui_tutorial.py took 0.083 seconds
[2025-01-06T12:33:43.443+0000] {processor.py:186} INFO - Started process (PID=113) to work on /home/airflow/.local/lib/python3.12/site-packages/airflow/example_dags/example_params_ui_tutorial.py
[2025-01-06T12:33:43.444+0000] {processor.py:914} INFO - Processing file /home/airflow/.local/lib/python3.12/site-packages/airflow/example_dags/example_params_ui_tutorial.py for tasks to queue
[2025-01-06T12:33:43.445+0000] {logging_mixin.py:190} INFO - [2025-01-06T12:33:43.445+0000] {dagbag.py:588} INFO - Filling up the DagBag from /home/airflow/.local/lib/python3.12/site-packages/airflow/example_dags/example_params_ui_tutorial.py
[2025-01-06T12:33:43.449+0000] {processor.py:925} INFO - DAG(s) 'example_params_ui_tutorial' retrieved from /home/airflow/.local/lib/python3.12/site-packages/airflow/example_dags/example_params_ui_tutorial.py
[2025-01-06T12:33:43.464+0000] {logging_mixin.py:190} INFO - [2025-01-06T12:33:43.464+0000] {dag.py:3239} INFO - Sync 1 DAGs
[2025-01-06T12:33:43.470+0000] {logging_mixin.py:190} INFO - [2025-01-06T12:33:43.470+0000] {dag.py:4180} INFO - Setting next_dagrun for example_params_ui_tutorial to None, run_after=None
[2025-01-06T12:33:43.476+0000] {processor.py:208} INFO - Processing /home/airflow/.local/lib/python3.12/site-packages/airflow/example_dags/example_params_ui_tutorial.py took 0.035 seconds
[2025-01-06T12:34:13.713+0000] {processor.py:186} INFO - Started process (PID=171) to work on /home/airflow/.local/lib/python3.12/site-packages/airflow/example_dags/example_params_ui_tutorial.py
[2025-01-06T12:34:13.713+0000] {processor.py:914} INFO - Processing file /home/airflow/.local/lib/python3.12/site-packages/airflow/example_dags/example_params_ui_tutorial.py for tasks to queue
[2025-01-06T12:34:13.714+0000] {logging_mixin.py:190} INFO - [2025-01-06T12:34:13.714+0000] {dagbag.py:588} INFO - Filling up the DagBag from /home/airflow/.local/lib/python3.12/site-packages/airflow/example_dags/example_params_ui_tutorial.py
[2025-01-06T12:34:13.719+0000] {processor.py:925} INFO - DAG(s) 'example_params_ui_tutorial' retrieved from /home/airflow/.local/lib/python3.12/site-packages/airflow/example_dags/example_params_ui_tutorial.py
[2025-01-06T12:34:13.734+0000] {logging_mixin.py:190} INFO - [2025-01-06T12:34:13.734+0000] {dag.py:3239} INFO - Sync 1 DAGs
[2025-01-06T12:34:13.740+0000] {logging_mixin.py:190} INFO - [2025-01-06T12:34:13.739+0000] {dag.py:4180} INFO - Setting next_dagrun for example_params_ui_tutorial to None, run_after=None
[2025-01-06T12:34:13.746+0000] {processor.py:208} INFO - Processing /home/airflow/.local/lib/python3.12/site-packages/airflow/example_dags/example_params_ui_tutorial.py took 0.036 seconds
[2025-01-06T12:34:44.106+0000] {processor.py:186} INFO - Started process (PID=229) to work on /home/airflow/.local/lib/python3.12/site-packages/airflow/example_dags/example_params_ui_tutorial.py
[2025-01-06T12:34:44.106+0000] {processor.py:914} INFO - Processing file /home/airflow/.local/lib/python3.12/site-packages/airflow/example_dags/example_params_ui_tutorial.py for tasks to queue
[2025-01-06T12:34:44.107+0000] {logging_mixin.py:190} INFO - [2025-01-06T12:34:44.107+0000] {dagbag.py:588} INFO - Filling up the DagBag from /home/airflow/.local/lib/python3.12/site-packages/airflow/example_dags/example_params_ui_tutorial.py
[2025-01-06T12:34:44.111+0000] {processor.py:925} INFO - DAG(s) 'example_params_ui_tutorial' retrieved from /home/airflow/.local/lib/python3.12/site-packages/airflow/example_dags/example_params_ui_tutorial.py
[2025-01-06T12:34:44.126+0000] {logging_mixin.py:190} INFO - [2025-01-06T12:34:44.126+0000] {dag.py:3239} INFO - Sync 1 DAGs
[2025-01-06T12:34:44.131+0000] {logging_mixin.py:190} INFO - [2025-01-06T12:34:44.131+0000] {dag.py:4180} INFO - Setting next_dagrun for example_params_ui_tutorial to None, run_after=None
[2025-01-06T12:34:44.137+0000] {processor.py:208} INFO - Processing /home/airflow/.local/lib/python3.12/site-packages/airflow/example_dags/example_params_ui_tutorial.py took 0.034 seconds
[2025-01-06T12:35:15.390+0000] {processor.py:186} INFO - Started process (PID=287) to work on /home/airflow/.local/lib/python3.12/site-packages/airflow/example_dags/example_params_ui_tutorial.py
[2025-01-06T12:35:15.391+0000] {processor.py:914} INFO - Processing file /home/airflow/.local/lib/python3.12/site-packages/airflow/example_dags/example_params_ui_tutorial.py for tasks to queue
[2025-01-06T12:35:15.391+0000] {logging_mixin.py:190} INFO - [2025-01-06T12:35:15.391+0000] {dagbag.py:588} INFO - Filling up the DagBag from /home/airflow/.local/lib/python3.12/site-packages/airflow/example_dags/example_params_ui_tutorial.py
[2025-01-06T12:35:15.396+0000] {processor.py:925} INFO - DAG(s) 'example_params_ui_tutorial' retrieved from /home/airflow/.local/lib/python3.12/site-packages/airflow/example_dags/example_params_ui_tutorial.py
[2025-01-06T12:35:15.411+0000] {logging_mixin.py:190} INFO - [2025-01-06T12:35:15.410+0000] {dag.py:3239} INFO - Sync 1 DAGs
[2025-01-06T12:35:15.416+0000] {logging_mixin.py:190} INFO - [2025-01-06T12:35:15.416+0000] {dag.py:4180} INFO - Setting next_dagrun for example_params_ui_tutorial to None, run_after=None
[2025-01-06T12:35:15.422+0000] {processor.py:208} INFO - Processing /home/airflow/.local/lib/python3.12/site-packages/airflow/example_dags/example_params_ui_tutorial.py took 0.034 seconds
[2025-01-06T12:35:46.627+0000] {processor.py:186} INFO - Started process (PID=345) to work on /home/airflow/.local/lib/python3.12/site-packages/airflow/example_dags/example_params_ui_tutorial.py
[2025-01-06T12:35:46.627+0000] {processor.py:914} INFO - Processing file /home/airflow/.local/lib/python3.12/site-packages/airflow/example_dags/example_params_ui_tutorial.py for tasks to queue
[2025-01-06T12:35:46.628+0000] {logging_mixin.py:190} INFO - [2025-01-06T12:35:46.628+0000] {dagbag.py:588} INFO - Filling up the DagBag from /home/airflow/.local/lib/python3.12/site-packages/airflow/example_dags/example_params_ui_tutorial.py
[2025-01-06T12:35:46.632+0000] {processor.py:925} INFO - DAG(s) 'example_params_ui_tutorial' retrieved from /home/airflow/.local/lib/python3.12/site-packages/airflow/example_dags/example_params_ui_tutorial.py
[2025-01-06T12:35:46.646+0000] {logging_mixin.py:190} INFO - [2025-01-06T12:35:46.646+0000] {dag.py:3239} INFO - Sync 1 DAGs
[2025-01-06T12:35:46.651+0000] {logging_mixin.py:190} INFO - [2025-01-06T12:35:46.651+0000] {dag.py:4180} INFO - Setting next_dagrun for example_params_ui_tutorial to None, run_after=None
[2025-01-06T12:35:46.657+0000] {processor.py:208} INFO - Processing /home/airflow/.local/lib/python3.12/site-packages/airflow/example_dags/example_params_ui_tutorial.py took 0.032 seconds
[2025-01-06T12:36:17.845+0000] {processor.py:186} INFO - Started process (PID=403) to work on /home/airflow/.local/lib/python3.12/site-packages/airflow/example_dags/example_params_ui_tutorial.py
[2025-01-06T12:36:17.845+0000] {processor.py:914} INFO - Processing file /home/airflow/.local/lib/python3.12/site-packages/airflow/example_dags/example_params_ui_tutorial.py for tasks to queue
[2025-01-06T12:36:17.846+0000] {logging_mixin.py:190} INFO - [2025-01-06T12:36:17.846+0000] {dagbag.py:588} INFO - Filling up the DagBag from /home/airflow/.local/lib/python3.12/site-packages/airflow/example_dags/example_params_ui_tutorial.py
[2025-01-06T12:36:17.850+0000] {processor.py:925} INFO - DAG(s) 'example_params_ui_tutorial' retrieved from /home/airflow/.local/lib/python3.12/site-packages/airflow/example_dags/example_params_ui_tutorial.py
[2025-01-06T12:36:17.864+0000] {logging_mixin.py:190} INFO - [2025-01-06T12:36:17.864+0000] {dag.py:3239} INFO - Sync 1 DAGs
[2025-01-06T12:36:17.869+0000] {logging_mixin.py:190} INFO - [2025-01-06T12:36:17.869+0000] {dag.py:4180} INFO - Setting next_dagrun for example_params_ui_tutorial to None, run_after=None
[2025-01-06T12:36:17.875+0000] {processor.py:208} INFO - Processing /home/airflow/.local/lib/python3.12/site-packages/airflow/example_dags/example_params_ui_tutorial.py took 0.033 seconds
[2025-01-06T12:36:48.355+0000] {processor.py:186} INFO - Started process (PID=461) to work on /home/airflow/.local/lib/python3.12/site-packages/airflow/example_dags/example_params_ui_tutorial.py
[2025-01-06T12:36:48.356+0000] {processor.py:914} INFO - Processing file /home/airflow/.local/lib/python3.12/site-packages/airflow/example_dags/example_params_ui_tutorial.py for tasks to queue
[2025-01-06T12:36:48.356+0000] {logging_mixin.py:190} INFO - [2025-01-06T12:36:48.356+0000] {dagbag.py:588} INFO - Filling up the DagBag from /home/airflow/.local/lib/python3.12/site-packages/airflow/example_dags/example_params_ui_tutorial.py
[2025-01-06T12:36:48.361+0000] {processor.py:925} INFO - DAG(s) 'example_params_ui_tutorial' retrieved from /home/airflow/.local/lib/python3.12/site-packages/airflow/example_dags/example_params_ui_tutorial.py
[2025-01-06T12:36:48.375+0000] {logging_mixin.py:190} INFO - [2025-01-06T12:36:48.375+0000] {dag.py:3239} INFO - Sync 1 DAGs
[2025-01-06T12:36:48.380+0000] {logging_mixin.py:190} INFO - [2025-01-06T12:36:48.380+0000] {dag.py:4180} INFO - Setting next_dagrun for example_params_ui_tutorial to None, run_after=None
[2025-01-06T12:36:48.386+0000] {processor.py:208} INFO - Processing /home/airflow/.local/lib/python3.12/site-packages/airflow/example_dags/example_params_ui_tutorial.py took 0.033 seconds
[2025-01-06T12:37:19.456+0000] {processor.py:186} INFO - Started process (PID=519) to work on /home/airflow/.local/lib/python3.12/site-packages/airflow/example_dags/example_params_ui_tutorial.py
[2025-01-06T12:37:19.456+0000] {processor.py:914} INFO - Processing file /home/airflow/.local/lib/python3.12/site-packages/airflow/example_dags/example_params_ui_tutorial.py for tasks to queue
[2025-01-06T12:37:19.457+0000] {logging_mixin.py:190} INFO - [2025-01-06T12:37:19.457+0000] {dagbag.py:588} INFO - Filling up the DagBag from /home/airflow/.local/lib/python3.12/site-packages/airflow/example_dags/example_params_ui_tutorial.py
[2025-01-06T12:37:19.462+0000] {processor.py:925} INFO - DAG(s) 'example_params_ui_tutorial' retrieved from /home/airflow/.local/lib/python3.12/site-packages/airflow/example_dags/example_params_ui_tutorial.py
[2025-01-06T12:37:19.477+0000] {logging_mixin.py:190} INFO - [2025-01-06T12:37:19.477+0000] {dag.py:3239} INFO - Sync 1 DAGs
[2025-01-06T12:37:19.483+0000] {logging_mixin.py:190} INFO - [2025-01-06T12:37:19.482+0000] {dag.py:4180} INFO - Setting next_dagrun for example_params_ui_tutorial to None, run_after=None
[2025-01-06T12:37:19.489+0000] {processor.py:208} INFO - Processing /home/airflow/.local/lib/python3.12/site-packages/airflow/example_dags/example_params_ui_tutorial.py took 0.035 seconds
