[2025-01-06T12:17:47.169+0000] {processor.py:186} INFO - Started process (PID=47) to work on /home/airflow/.local/lib/python3.12/site-packages/airflow/example_dags/example_latest_only.py
[2025-01-06T12:17:47.169+0000] {processor.py:914} INFO - Processing file /home/airflow/.local/lib/python3.12/site-packages/airflow/example_dags/example_latest_only.py for tasks to queue
[2025-01-06T12:17:47.171+0000] {logging_mixin.py:190} INFO - [2025-01-06T12:17:47.170+0000] {dagbag.py:588} INFO - Filling up the DagBag from /home/airflow/.local/lib/python3.12/site-packages/airflow/example_dags/example_latest_only.py
[2025-01-06T12:17:47.175+0000] {processor.py:925} INFO - DAG(s) 'latest_only' retrieved from /home/airflow/.local/lib/python3.12/site-packages/airflow/example_dags/example_latest_only.py
[2025-01-06T12:17:47.229+0000] {logging_mixin.py:190} INFO - [2025-01-06T12:17:47.228+0000] {override.py:1911} INFO - Created Permission View: can edit on DAG:latest_only
[2025-01-06T12:17:47.232+0000] {logging_mixin.py:190} INFO - [2025-01-06T12:17:47.232+0000] {override.py:1911} INFO - Created Permission View: can read on DAG:latest_only
[2025-01-06T12:17:47.234+0000] {logging_mixin.py:190} INFO - [2025-01-06T12:17:47.234+0000] {override.py:1911} INFO - Created Permission View: can delete on DAG:latest_only
[2025-01-06T12:17:47.236+0000] {logging_mixin.py:190} INFO - [2025-01-06T12:17:47.236+0000] {override.py:1911} INFO - Created Permission View: can read on DAG Run:latest_only
[2025-01-06T12:17:47.238+0000] {logging_mixin.py:190} INFO - [2025-01-06T12:17:47.237+0000] {override.py:1911} INFO - Created Permission View: can create on DAG Run:latest_only
[2025-01-06T12:17:47.239+0000] {logging_mixin.py:190} INFO - [2025-01-06T12:17:47.239+0000] {override.py:1911} INFO - Created Permission View: menu access on DAG Run:latest_only
[2025-01-06T12:17:47.241+0000] {logging_mixin.py:190} INFO - [2025-01-06T12:17:47.240+0000] {override.py:1911} INFO - Created Permission View: can delete on DAG Run:latest_only
[2025-01-06T12:17:47.241+0000] {logging_mixin.py:190} INFO - [2025-01-06T12:17:47.241+0000] {dag.py:3239} INFO - Sync 1 DAGs
[2025-01-06T12:17:47.245+0000] {logging_mixin.py:190} INFO - [2025-01-06T12:17:47.245+0000] {dag.py:3262} INFO - Creating ORM DAG for latest_only
[2025-01-06T12:17:47.250+0000] {logging_mixin.py:190} INFO - [2025-01-06T12:17:47.250+0000] {dag.py:4180} INFO - Setting next_dagrun for latest_only to 2025-01-06 08:00:00+00:00, run_after=2025-01-06 12:00:00+00:00
[2025-01-06T12:17:47.257+0000] {processor.py:208} INFO - Processing /home/airflow/.local/lib/python3.12/site-packages/airflow/example_dags/example_latest_only.py took 0.091 seconds
[2025-01-06T12:18:01.014+0000] {processor.py:186} INFO - Started process (PID=47) to work on /home/airflow/.local/lib/python3.12/site-packages/airflow/example_dags/example_latest_only.py
[2025-01-06T12:18:01.015+0000] {processor.py:914} INFO - Processing file /home/airflow/.local/lib/python3.12/site-packages/airflow/example_dags/example_latest_only.py for tasks to queue
[2025-01-06T12:18:01.016+0000] {logging_mixin.py:190} INFO - [2025-01-06T12:18:01.016+0000] {dagbag.py:588} INFO - Filling up the DagBag from /home/airflow/.local/lib/python3.12/site-packages/airflow/example_dags/example_latest_only.py
[2025-01-06T12:18:01.023+0000] {processor.py:925} INFO - DAG(s) 'latest_only' retrieved from /home/airflow/.local/lib/python3.12/site-packages/airflow/example_dags/example_latest_only.py
[2025-01-06T12:18:01.028+0000] {logging_mixin.py:190} INFO - [2025-01-06T12:18:01.028+0000] {dag.py:3239} INFO - Sync 1 DAGs
[2025-01-06T12:18:01.038+0000] {logging_mixin.py:190} INFO - [2025-01-06T12:18:01.038+0000] {dag.py:4180} INFO - Setting next_dagrun for latest_only to 2025-01-06 08:00:00+00:00, run_after=2025-01-06 12:00:00+00:00
[2025-01-06T12:18:01.047+0000] {processor.py:208} INFO - Processing /home/airflow/.local/lib/python3.12/site-packages/airflow/example_dags/example_latest_only.py took 0.036 seconds
[2025-01-06T12:18:14.685+0000] {processor.py:186} INFO - Started process (PID=47) to work on /home/airflow/.local/lib/python3.12/site-packages/airflow/example_dags/example_latest_only.py
[2025-01-06T12:18:14.685+0000] {processor.py:914} INFO - Processing file /home/airflow/.local/lib/python3.12/site-packages/airflow/example_dags/example_latest_only.py for tasks to queue
[2025-01-06T12:18:14.686+0000] {logging_mixin.py:190} INFO - [2025-01-06T12:18:14.686+0000] {dagbag.py:588} INFO - Filling up the DagBag from /home/airflow/.local/lib/python3.12/site-packages/airflow/example_dags/example_latest_only.py
[2025-01-06T12:18:14.691+0000] {processor.py:925} INFO - DAG(s) 'latest_only' retrieved from /home/airflow/.local/lib/python3.12/site-packages/airflow/example_dags/example_latest_only.py
[2025-01-06T12:18:14.697+0000] {logging_mixin.py:190} INFO - [2025-01-06T12:18:14.697+0000] {dag.py:3239} INFO - Sync 1 DAGs
[2025-01-06T12:18:14.708+0000] {logging_mixin.py:190} INFO - [2025-01-06T12:18:14.708+0000] {dag.py:4180} INFO - Setting next_dagrun for latest_only to 2025-01-06 08:00:00+00:00, run_after=2025-01-06 12:00:00+00:00
[2025-01-06T12:18:14.715+0000] {processor.py:208} INFO - Processing /home/airflow/.local/lib/python3.12/site-packages/airflow/example_dags/example_latest_only.py took 0.033 seconds
[2025-01-06T12:18:28.667+0000] {processor.py:186} INFO - Started process (PID=47) to work on /home/airflow/.local/lib/python3.12/site-packages/airflow/example_dags/example_latest_only.py
[2025-01-06T12:18:28.668+0000] {processor.py:914} INFO - Processing file /home/airflow/.local/lib/python3.12/site-packages/airflow/example_dags/example_latest_only.py for tasks to queue
[2025-01-06T12:18:28.669+0000] {logging_mixin.py:190} INFO - [2025-01-06T12:18:28.669+0000] {dagbag.py:588} INFO - Filling up the DagBag from /home/airflow/.local/lib/python3.12/site-packages/airflow/example_dags/example_latest_only.py
[2025-01-06T12:18:28.674+0000] {processor.py:925} INFO - DAG(s) 'latest_only' retrieved from /home/airflow/.local/lib/python3.12/site-packages/airflow/example_dags/example_latest_only.py
[2025-01-06T12:18:28.686+0000] {logging_mixin.py:190} INFO - [2025-01-06T12:18:28.685+0000] {dag.py:3239} INFO - Sync 1 DAGs
[2025-01-06T12:18:28.696+0000] {logging_mixin.py:190} INFO - [2025-01-06T12:18:28.696+0000] {dag.py:4180} INFO - Setting next_dagrun for latest_only to 2025-01-06 08:00:00+00:00, run_after=2025-01-06 12:00:00+00:00
[2025-01-06T12:18:28.704+0000] {processor.py:208} INFO - Processing /home/airflow/.local/lib/python3.12/site-packages/airflow/example_dags/example_latest_only.py took 0.040 seconds
[2025-01-06T12:18:39.655+0000] {processor.py:186} INFO - Started process (PID=47) to work on /home/airflow/.local/lib/python3.12/site-packages/airflow/example_dags/example_latest_only.py
[2025-01-06T12:18:39.655+0000] {processor.py:914} INFO - Processing file /home/airflow/.local/lib/python3.12/site-packages/airflow/example_dags/example_latest_only.py for tasks to queue
[2025-01-06T12:18:39.656+0000] {logging_mixin.py:190} INFO - [2025-01-06T12:18:39.656+0000] {dagbag.py:588} INFO - Filling up the DagBag from /home/airflow/.local/lib/python3.12/site-packages/airflow/example_dags/example_latest_only.py
[2025-01-06T12:18:39.661+0000] {processor.py:925} INFO - DAG(s) 'latest_only' retrieved from /home/airflow/.local/lib/python3.12/site-packages/airflow/example_dags/example_latest_only.py
[2025-01-06T12:18:39.671+0000] {logging_mixin.py:190} INFO - [2025-01-06T12:18:39.671+0000] {dag.py:3239} INFO - Sync 1 DAGs
[2025-01-06T12:18:39.680+0000] {logging_mixin.py:190} INFO - [2025-01-06T12:18:39.680+0000] {dag.py:4180} INFO - Setting next_dagrun for latest_only to 2025-01-06 08:00:00+00:00, run_after=2025-01-06 12:00:00+00:00
[2025-01-06T12:18:39.686+0000] {processor.py:208} INFO - Processing /home/airflow/.local/lib/python3.12/site-packages/airflow/example_dags/example_latest_only.py took 0.035 seconds
[2025-01-06T12:19:06.007+0000] {processor.py:186} INFO - Started process (PID=47) to work on /home/airflow/.local/lib/python3.12/site-packages/airflow/example_dags/example_latest_only.py
[2025-01-06T12:19:06.012+0000] {processor.py:914} INFO - Processing file /home/airflow/.local/lib/python3.12/site-packages/airflow/example_dags/example_latest_only.py for tasks to queue
[2025-01-06T12:19:06.073+0000] {logging_mixin.py:190} INFO - [2025-01-06T12:19:06.072+0000] {dagbag.py:588} INFO - Filling up the DagBag from /home/airflow/.local/lib/python3.12/site-packages/airflow/example_dags/example_latest_only.py
[2025-01-06T12:19:18.617+0000] {processor.py:186} INFO - Started process (PID=47) to work on /home/airflow/.local/lib/python3.12/site-packages/airflow/example_dags/example_latest_only.py
[2025-01-06T12:19:18.618+0000] {processor.py:914} INFO - Processing file /home/airflow/.local/lib/python3.12/site-packages/airflow/example_dags/example_latest_only.py for tasks to queue
[2025-01-06T12:19:18.619+0000] {logging_mixin.py:190} INFO - [2025-01-06T12:19:18.619+0000] {dagbag.py:588} INFO - Filling up the DagBag from /home/airflow/.local/lib/python3.12/site-packages/airflow/example_dags/example_latest_only.py
[2025-01-06T12:19:18.624+0000] {processor.py:925} INFO - DAG(s) 'latest_only' retrieved from /home/airflow/.local/lib/python3.12/site-packages/airflow/example_dags/example_latest_only.py
[2025-01-06T12:19:18.633+0000] {logging_mixin.py:190} INFO - [2025-01-06T12:19:18.633+0000] {dag.py:3239} INFO - Sync 1 DAGs
[2025-01-06T12:19:18.643+0000] {logging_mixin.py:190} INFO - [2025-01-06T12:19:18.642+0000] {dag.py:4180} INFO - Setting next_dagrun for latest_only to 2025-01-06 08:00:00+00:00, run_after=2025-01-06 12:00:00+00:00
[2025-01-06T12:19:18.650+0000] {processor.py:208} INFO - Processing /home/airflow/.local/lib/python3.12/site-packages/airflow/example_dags/example_latest_only.py took 0.035 seconds
[2025-01-06T12:33:11.926+0000] {processor.py:186} INFO - Started process (PID=49) to work on /home/airflow/.local/lib/python3.12/site-packages/airflow/example_dags/example_latest_only.py
[2025-01-06T12:33:11.926+0000] {processor.py:914} INFO - Processing file /home/airflow/.local/lib/python3.12/site-packages/airflow/example_dags/example_latest_only.py for tasks to queue
[2025-01-06T12:33:11.927+0000] {logging_mixin.py:190} INFO - [2025-01-06T12:33:11.927+0000] {dagbag.py:588} INFO - Filling up the DagBag from /home/airflow/.local/lib/python3.12/site-packages/airflow/example_dags/example_latest_only.py
[2025-01-06T12:33:11.932+0000] {processor.py:925} INFO - DAG(s) 'latest_only' retrieved from /home/airflow/.local/lib/python3.12/site-packages/airflow/example_dags/example_latest_only.py
[2025-01-06T12:33:11.972+0000] {logging_mixin.py:190} INFO - [2025-01-06T12:33:11.972+0000] {override.py:1911} INFO - Created Permission View: can delete on DAG:latest_only
[2025-01-06T12:33:11.976+0000] {logging_mixin.py:190} INFO - [2025-01-06T12:33:11.975+0000] {override.py:1911} INFO - Created Permission View: can read on DAG:latest_only
[2025-01-06T12:33:11.977+0000] {logging_mixin.py:190} INFO - [2025-01-06T12:33:11.977+0000] {override.py:1911} INFO - Created Permission View: can edit on DAG:latest_only
[2025-01-06T12:33:11.979+0000] {logging_mixin.py:190} INFO - [2025-01-06T12:33:11.979+0000] {override.py:1911} INFO - Created Permission View: menu access on DAG Run:latest_only
[2025-01-06T12:33:11.981+0000] {logging_mixin.py:190} INFO - [2025-01-06T12:33:11.981+0000] {override.py:1911} INFO - Created Permission View: can delete on DAG Run:latest_only
[2025-01-06T12:33:11.983+0000] {logging_mixin.py:190} INFO - [2025-01-06T12:33:11.983+0000] {override.py:1911} INFO - Created Permission View: can read on DAG Run:latest_only
[2025-01-06T12:33:11.984+0000] {logging_mixin.py:190} INFO - [2025-01-06T12:33:11.984+0000] {override.py:1911} INFO - Created Permission View: can create on DAG Run:latest_only
[2025-01-06T12:33:11.984+0000] {logging_mixin.py:190} INFO - [2025-01-06T12:33:11.984+0000] {dag.py:3239} INFO - Sync 1 DAGs
[2025-01-06T12:33:11.989+0000] {logging_mixin.py:190} INFO - [2025-01-06T12:33:11.989+0000] {dag.py:3262} INFO - Creating ORM DAG for latest_only
[2025-01-06T12:33:11.993+0000] {logging_mixin.py:190} INFO - [2025-01-06T12:33:11.993+0000] {dag.py:4180} INFO - Setting next_dagrun for latest_only to 2025-01-06 08:00:00+00:00, run_after=2025-01-06 12:00:00+00:00
[2025-01-06T12:33:11.999+0000] {processor.py:208} INFO - Processing /home/airflow/.local/lib/python3.12/site-packages/airflow/example_dags/example_latest_only.py took 0.076 seconds
[2025-01-06T12:33:42.061+0000] {processor.py:186} INFO - Started process (PID=106) to work on /home/airflow/.local/lib/python3.12/site-packages/airflow/example_dags/example_latest_only.py
[2025-01-06T12:33:42.061+0000] {processor.py:914} INFO - Processing file /home/airflow/.local/lib/python3.12/site-packages/airflow/example_dags/example_latest_only.py for tasks to queue
[2025-01-06T12:33:42.062+0000] {logging_mixin.py:190} INFO - [2025-01-06T12:33:42.062+0000] {dagbag.py:588} INFO - Filling up the DagBag from /home/airflow/.local/lib/python3.12/site-packages/airflow/example_dags/example_latest_only.py
[2025-01-06T12:33:42.065+0000] {processor.py:925} INFO - DAG(s) 'latest_only' retrieved from /home/airflow/.local/lib/python3.12/site-packages/airflow/example_dags/example_latest_only.py
[2025-01-06T12:33:42.072+0000] {logging_mixin.py:190} INFO - [2025-01-06T12:33:42.072+0000] {dag.py:3239} INFO - Sync 1 DAGs
[2025-01-06T12:33:42.080+0000] {logging_mixin.py:190} INFO - [2025-01-06T12:33:42.080+0000] {dag.py:4180} INFO - Setting next_dagrun for latest_only to 2025-01-06 08:00:00+00:00, run_after=2025-01-06 12:00:00+00:00
[2025-01-06T12:33:42.086+0000] {processor.py:208} INFO - Processing /home/airflow/.local/lib/python3.12/site-packages/airflow/example_dags/example_latest_only.py took 0.027 seconds
[2025-01-06T12:34:12.334+0000] {processor.py:186} INFO - Started process (PID=164) to work on /home/airflow/.local/lib/python3.12/site-packages/airflow/example_dags/example_latest_only.py
[2025-01-06T12:34:12.335+0000] {processor.py:914} INFO - Processing file /home/airflow/.local/lib/python3.12/site-packages/airflow/example_dags/example_latest_only.py for tasks to queue
[2025-01-06T12:34:12.336+0000] {logging_mixin.py:190} INFO - [2025-01-06T12:34:12.335+0000] {dagbag.py:588} INFO - Filling up the DagBag from /home/airflow/.local/lib/python3.12/site-packages/airflow/example_dags/example_latest_only.py
[2025-01-06T12:34:12.339+0000] {processor.py:925} INFO - DAG(s) 'latest_only' retrieved from /home/airflow/.local/lib/python3.12/site-packages/airflow/example_dags/example_latest_only.py
[2025-01-06T12:34:12.348+0000] {logging_mixin.py:190} INFO - [2025-01-06T12:34:12.347+0000] {dag.py:3239} INFO - Sync 1 DAGs
[2025-01-06T12:34:12.357+0000] {logging_mixin.py:190} INFO - [2025-01-06T12:34:12.357+0000] {dag.py:4180} INFO - Setting next_dagrun for latest_only to 2025-01-06 08:00:00+00:00, run_after=2025-01-06 12:00:00+00:00
[2025-01-06T12:34:12.363+0000] {processor.py:208} INFO - Processing /home/airflow/.local/lib/python3.12/site-packages/airflow/example_dags/example_latest_only.py took 0.031 seconds
[2025-01-06T12:34:42.594+0000] {processor.py:186} INFO - Started process (PID=222) to work on /home/airflow/.local/lib/python3.12/site-packages/airflow/example_dags/example_latest_only.py
[2025-01-06T12:34:42.595+0000] {processor.py:914} INFO - Processing file /home/airflow/.local/lib/python3.12/site-packages/airflow/example_dags/example_latest_only.py for tasks to queue
[2025-01-06T12:34:42.595+0000] {logging_mixin.py:190} INFO - [2025-01-06T12:34:42.595+0000] {dagbag.py:588} INFO - Filling up the DagBag from /home/airflow/.local/lib/python3.12/site-packages/airflow/example_dags/example_latest_only.py
[2025-01-06T12:34:42.599+0000] {processor.py:925} INFO - DAG(s) 'latest_only' retrieved from /home/airflow/.local/lib/python3.12/site-packages/airflow/example_dags/example_latest_only.py
[2025-01-06T12:34:42.606+0000] {logging_mixin.py:190} INFO - [2025-01-06T12:34:42.606+0000] {dag.py:3239} INFO - Sync 1 DAGs
[2025-01-06T12:34:42.615+0000] {logging_mixin.py:190} INFO - [2025-01-06T12:34:42.615+0000] {dag.py:4180} INFO - Setting next_dagrun for latest_only to 2025-01-06 08:00:00+00:00, run_after=2025-01-06 12:00:00+00:00
[2025-01-06T12:34:42.620+0000] {processor.py:208} INFO - Processing /home/airflow/.local/lib/python3.12/site-packages/airflow/example_dags/example_latest_only.py took 0.029 seconds
[2025-01-06T12:35:12.664+0000] {processor.py:186} INFO - Started process (PID=279) to work on /home/airflow/.local/lib/python3.12/site-packages/airflow/example_dags/example_latest_only.py
[2025-01-06T12:35:12.665+0000] {processor.py:914} INFO - Processing file /home/airflow/.local/lib/python3.12/site-packages/airflow/example_dags/example_latest_only.py for tasks to queue
[2025-01-06T12:35:12.666+0000] {logging_mixin.py:190} INFO - [2025-01-06T12:35:12.665+0000] {dagbag.py:588} INFO - Filling up the DagBag from /home/airflow/.local/lib/python3.12/site-packages/airflow/example_dags/example_latest_only.py
[2025-01-06T12:35:12.669+0000] {processor.py:925} INFO - DAG(s) 'latest_only' retrieved from /home/airflow/.local/lib/python3.12/site-packages/airflow/example_dags/example_latest_only.py
[2025-01-06T12:35:12.677+0000] {logging_mixin.py:190} INFO - [2025-01-06T12:35:12.677+0000] {dag.py:3239} INFO - Sync 1 DAGs
[2025-01-06T12:35:12.685+0000] {logging_mixin.py:190} INFO - [2025-01-06T12:35:12.685+0000] {dag.py:4180} INFO - Setting next_dagrun for latest_only to 2025-01-06 08:00:00+00:00, run_after=2025-01-06 12:00:00+00:00
[2025-01-06T12:35:12.691+0000] {processor.py:208} INFO - Processing /home/airflow/.local/lib/python3.12/site-packages/airflow/example_dags/example_latest_only.py took 0.029 seconds
[2025-01-06T12:35:42.932+0000] {processor.py:186} INFO - Started process (PID=337) to work on /home/airflow/.local/lib/python3.12/site-packages/airflow/example_dags/example_latest_only.py
[2025-01-06T12:35:42.933+0000] {processor.py:914} INFO - Processing file /home/airflow/.local/lib/python3.12/site-packages/airflow/example_dags/example_latest_only.py for tasks to queue
[2025-01-06T12:35:42.934+0000] {logging_mixin.py:190} INFO - [2025-01-06T12:35:42.933+0000] {dagbag.py:588} INFO - Filling up the DagBag from /home/airflow/.local/lib/python3.12/site-packages/airflow/example_dags/example_latest_only.py
[2025-01-06T12:35:42.937+0000] {processor.py:925} INFO - DAG(s) 'latest_only' retrieved from /home/airflow/.local/lib/python3.12/site-packages/airflow/example_dags/example_latest_only.py
[2025-01-06T12:35:42.945+0000] {logging_mixin.py:190} INFO - [2025-01-06T12:35:42.945+0000] {dag.py:3239} INFO - Sync 1 DAGs
[2025-01-06T12:35:42.954+0000] {logging_mixin.py:190} INFO - [2025-01-06T12:35:42.954+0000] {dag.py:4180} INFO - Setting next_dagrun for latest_only to 2025-01-06 08:00:00+00:00, run_after=2025-01-06 12:00:00+00:00
[2025-01-06T12:35:42.960+0000] {processor.py:208} INFO - Processing /home/airflow/.local/lib/python3.12/site-packages/airflow/example_dags/example_latest_only.py took 0.030 seconds
[2025-01-06T12:36:13.170+0000] {processor.py:186} INFO - Started process (PID=394) to work on /home/airflow/.local/lib/python3.12/site-packages/airflow/example_dags/example_latest_only.py
[2025-01-06T12:36:13.170+0000] {processor.py:914} INFO - Processing file /home/airflow/.local/lib/python3.12/site-packages/airflow/example_dags/example_latest_only.py for tasks to queue
[2025-01-06T12:36:13.171+0000] {logging_mixin.py:190} INFO - [2025-01-06T12:36:13.171+0000] {dagbag.py:588} INFO - Filling up the DagBag from /home/airflow/.local/lib/python3.12/site-packages/airflow/example_dags/example_latest_only.py
[2025-01-06T12:36:13.174+0000] {processor.py:925} INFO - DAG(s) 'latest_only' retrieved from /home/airflow/.local/lib/python3.12/site-packages/airflow/example_dags/example_latest_only.py
[2025-01-06T12:36:13.182+0000] {logging_mixin.py:190} INFO - [2025-01-06T12:36:13.182+0000] {dag.py:3239} INFO - Sync 1 DAGs
[2025-01-06T12:36:13.190+0000] {logging_mixin.py:190} INFO - [2025-01-06T12:36:13.190+0000] {dag.py:4180} INFO - Setting next_dagrun for latest_only to 2025-01-06 08:00:00+00:00, run_after=2025-01-06 12:00:00+00:00
[2025-01-06T12:36:13.195+0000] {processor.py:208} INFO - Processing /home/airflow/.local/lib/python3.12/site-packages/airflow/example_dags/example_latest_only.py took 0.028 seconds
[2025-01-06T12:36:43.333+0000] {processor.py:186} INFO - Started process (PID=452) to work on /home/airflow/.local/lib/python3.12/site-packages/airflow/example_dags/example_latest_only.py
[2025-01-06T12:36:43.333+0000] {processor.py:914} INFO - Processing file /home/airflow/.local/lib/python3.12/site-packages/airflow/example_dags/example_latest_only.py for tasks to queue
[2025-01-06T12:36:43.334+0000] {logging_mixin.py:190} INFO - [2025-01-06T12:36:43.334+0000] {dagbag.py:588} INFO - Filling up the DagBag from /home/airflow/.local/lib/python3.12/site-packages/airflow/example_dags/example_latest_only.py
[2025-01-06T12:36:43.339+0000] {processor.py:925} INFO - DAG(s) 'latest_only' retrieved from /home/airflow/.local/lib/python3.12/site-packages/airflow/example_dags/example_latest_only.py
[2025-01-06T12:36:43.349+0000] {logging_mixin.py:190} INFO - [2025-01-06T12:36:43.349+0000] {dag.py:3239} INFO - Sync 1 DAGs
[2025-01-06T12:36:43.359+0000] {logging_mixin.py:190} INFO - [2025-01-06T12:36:43.359+0000] {dag.py:4180} INFO - Setting next_dagrun for latest_only to 2025-01-06 08:00:00+00:00, run_after=2025-01-06 12:00:00+00:00
[2025-01-06T12:36:43.366+0000] {processor.py:208} INFO - Processing /home/airflow/.local/lib/python3.12/site-packages/airflow/example_dags/example_latest_only.py took 0.036 seconds
[2025-01-06T12:37:13.723+0000] {processor.py:186} INFO - Started process (PID=510) to work on /home/airflow/.local/lib/python3.12/site-packages/airflow/example_dags/example_latest_only.py
[2025-01-06T12:37:13.723+0000] {processor.py:914} INFO - Processing file /home/airflow/.local/lib/python3.12/site-packages/airflow/example_dags/example_latest_only.py for tasks to queue
[2025-01-06T12:37:13.724+0000] {logging_mixin.py:190} INFO - [2025-01-06T12:37:13.724+0000] {dagbag.py:588} INFO - Filling up the DagBag from /home/airflow/.local/lib/python3.12/site-packages/airflow/example_dags/example_latest_only.py
[2025-01-06T12:37:13.728+0000] {processor.py:925} INFO - DAG(s) 'latest_only' retrieved from /home/airflow/.local/lib/python3.12/site-packages/airflow/example_dags/example_latest_only.py
[2025-01-06T12:37:13.736+0000] {logging_mixin.py:190} INFO - [2025-01-06T12:37:13.736+0000] {dag.py:3239} INFO - Sync 1 DAGs
[2025-01-06T12:37:13.746+0000] {logging_mixin.py:190} INFO - [2025-01-06T12:37:13.746+0000] {dag.py:4180} INFO - Setting next_dagrun for latest_only to 2025-01-06 08:00:00+00:00, run_after=2025-01-06 12:00:00+00:00
[2025-01-06T12:37:13.753+0000] {processor.py:208} INFO - Processing /home/airflow/.local/lib/python3.12/site-packages/airflow/example_dags/example_latest_only.py took 0.033 seconds
