[2025-01-06T12:33:12.952+0000] {processor.py:186} INFO - Started process (PID=65) to work on /home/airflow/.local/lib/python3.12/site-packages/airflow/example_dags/example_skip_dag.py
[2025-01-06T12:33:12.953+0000] {processor.py:914} INFO - Processing file /home/airflow/.local/lib/python3.12/site-packages/airflow/example_dags/example_skip_dag.py for tasks to queue
[2025-01-06T12:33:12.954+0000] {logging_mixin.py:190} INFO - [2025-01-06T12:33:12.953+0000] {dagbag.py:588} INFO - Filling up the DagBag from /home/airflow/.local/lib/python3.12/site-packages/airflow/example_dags/example_skip_dag.py
[2025-01-06T12:33:12.958+0000] {processor.py:925} INFO - DAG(s) 'example_skip_dag' retrieved from /home/airflow/.local/lib/python3.12/site-packages/airflow/example_dags/example_skip_dag.py
[2025-01-06T12:33:12.998+0000] {logging_mixin.py:190} INFO - [2025-01-06T12:33:12.998+0000] {override.py:1911} INFO - Created Permission View: can delete on DAG:example_skip_dag
[2025-01-06T12:33:13.001+0000] {logging_mixin.py:190} INFO - [2025-01-06T12:33:13.001+0000] {override.py:1911} INFO - Created Permission View: can read on DAG:example_skip_dag
[2025-01-06T12:33:13.003+0000] {logging_mixin.py:190} INFO - [2025-01-06T12:33:13.003+0000] {override.py:1911} INFO - Created Permission View: can edit on DAG:example_skip_dag
[2025-01-06T12:33:13.004+0000] {logging_mixin.py:190} INFO - [2025-01-06T12:33:13.004+0000] {override.py:1911} INFO - Created Permission View: menu access on DAG Run:example_skip_dag
[2025-01-06T12:33:13.006+0000] {logging_mixin.py:190} INFO - [2025-01-06T12:33:13.006+0000] {override.py:1911} INFO - Created Permission View: can delete on DAG Run:example_skip_dag
[2025-01-06T12:33:13.008+0000] {logging_mixin.py:190} INFO - [2025-01-06T12:33:13.008+0000] {override.py:1911} INFO - Created Permission View: can read on DAG Run:example_skip_dag
[2025-01-06T12:33:13.009+0000] {logging_mixin.py:190} INFO - [2025-01-06T12:33:13.009+0000] {override.py:1911} INFO - Created Permission View: can create on DAG Run:example_skip_dag
[2025-01-06T12:33:13.010+0000] {logging_mixin.py:190} INFO - [2025-01-06T12:33:13.010+0000] {dag.py:3239} INFO - Sync 1 DAGs
[2025-01-06T12:33:13.014+0000] {logging_mixin.py:190} INFO - [2025-01-06T12:33:13.014+0000] {dag.py:3262} INFO - Creating ORM DAG for example_skip_dag
[2025-01-06T12:33:13.018+0000] {logging_mixin.py:190} INFO - [2025-01-06T12:33:13.018+0000] {dag.py:4180} INFO - Setting next_dagrun for example_skip_dag to 2025-01-05 00:00:00+00:00, run_after=2025-01-06 00:00:00+00:00
[2025-01-06T12:33:13.024+0000] {processor.py:208} INFO - Processing /home/airflow/.local/lib/python3.12/site-packages/airflow/example_dags/example_skip_dag.py took 0.075 seconds
[2025-01-06T12:33:43.664+0000] {processor.py:186} INFO - Started process (PID=123) to work on /home/airflow/.local/lib/python3.12/site-packages/airflow/example_dags/example_skip_dag.py
[2025-01-06T12:33:43.665+0000] {processor.py:914} INFO - Processing file /home/airflow/.local/lib/python3.12/site-packages/airflow/example_dags/example_skip_dag.py for tasks to queue
[2025-01-06T12:33:43.666+0000] {logging_mixin.py:190} INFO - [2025-01-06T12:33:43.666+0000] {dagbag.py:588} INFO - Filling up the DagBag from /home/airflow/.local/lib/python3.12/site-packages/airflow/example_dags/example_skip_dag.py
[2025-01-06T12:33:43.669+0000] {processor.py:925} INFO - DAG(s) 'example_skip_dag' retrieved from /home/airflow/.local/lib/python3.12/site-packages/airflow/example_dags/example_skip_dag.py
[2025-01-06T12:33:43.678+0000] {logging_mixin.py:190} INFO - [2025-01-06T12:33:43.678+0000] {dag.py:3239} INFO - Sync 1 DAGs
[2025-01-06T12:33:43.687+0000] {logging_mixin.py:190} INFO - [2025-01-06T12:33:43.687+0000] {dag.py:4180} INFO - Setting next_dagrun for example_skip_dag to 2025-01-05 00:00:00+00:00, run_after=2025-01-06 00:00:00+00:00
[2025-01-06T12:33:43.693+0000] {processor.py:208} INFO - Processing /home/airflow/.local/lib/python3.12/site-packages/airflow/example_dags/example_skip_dag.py took 0.031 seconds
[2025-01-06T12:34:14.000+0000] {processor.py:186} INFO - Started process (PID=181) to work on /home/airflow/.local/lib/python3.12/site-packages/airflow/example_dags/example_skip_dag.py
[2025-01-06T12:34:14.000+0000] {processor.py:914} INFO - Processing file /home/airflow/.local/lib/python3.12/site-packages/airflow/example_dags/example_skip_dag.py for tasks to queue
[2025-01-06T12:34:14.001+0000] {logging_mixin.py:190} INFO - [2025-01-06T12:34:14.001+0000] {dagbag.py:588} INFO - Filling up the DagBag from /home/airflow/.local/lib/python3.12/site-packages/airflow/example_dags/example_skip_dag.py
[2025-01-06T12:34:14.006+0000] {processor.py:925} INFO - DAG(s) 'example_skip_dag' retrieved from /home/airflow/.local/lib/python3.12/site-packages/airflow/example_dags/example_skip_dag.py
[2025-01-06T12:34:14.019+0000] {logging_mixin.py:190} INFO - [2025-01-06T12:34:14.019+0000] {dag.py:3239} INFO - Sync 1 DAGs
[2025-01-06T12:34:14.032+0000] {logging_mixin.py:190} INFO - [2025-01-06T12:34:14.032+0000] {dag.py:4180} INFO - Setting next_dagrun for example_skip_dag to 2025-01-05 00:00:00+00:00, run_after=2025-01-06 00:00:00+00:00
[2025-01-06T12:34:14.042+0000] {processor.py:208} INFO - Processing /home/airflow/.local/lib/python3.12/site-packages/airflow/example_dags/example_skip_dag.py took 0.046 seconds
[2025-01-06T12:34:44.335+0000] {processor.py:186} INFO - Started process (PID=239) to work on /home/airflow/.local/lib/python3.12/site-packages/airflow/example_dags/example_skip_dag.py
[2025-01-06T12:34:44.335+0000] {processor.py:914} INFO - Processing file /home/airflow/.local/lib/python3.12/site-packages/airflow/example_dags/example_skip_dag.py for tasks to queue
[2025-01-06T12:34:44.336+0000] {logging_mixin.py:190} INFO - [2025-01-06T12:34:44.336+0000] {dagbag.py:588} INFO - Filling up the DagBag from /home/airflow/.local/lib/python3.12/site-packages/airflow/example_dags/example_skip_dag.py
[2025-01-06T12:34:44.340+0000] {processor.py:925} INFO - DAG(s) 'example_skip_dag' retrieved from /home/airflow/.local/lib/python3.12/site-packages/airflow/example_dags/example_skip_dag.py
[2025-01-06T12:34:44.348+0000] {logging_mixin.py:190} INFO - [2025-01-06T12:34:44.348+0000] {dag.py:3239} INFO - Sync 1 DAGs
[2025-01-06T12:34:44.357+0000] {logging_mixin.py:190} INFO - [2025-01-06T12:34:44.357+0000] {dag.py:4180} INFO - Setting next_dagrun for example_skip_dag to 2025-01-05 00:00:00+00:00, run_after=2025-01-06 00:00:00+00:00
[2025-01-06T12:34:44.364+0000] {processor.py:208} INFO - Processing /home/airflow/.local/lib/python3.12/site-packages/airflow/example_dags/example_skip_dag.py took 0.031 seconds
[2025-01-06T12:35:15.620+0000] {processor.py:186} INFO - Started process (PID=297) to work on /home/airflow/.local/lib/python3.12/site-packages/airflow/example_dags/example_skip_dag.py
[2025-01-06T12:35:15.620+0000] {processor.py:914} INFO - Processing file /home/airflow/.local/lib/python3.12/site-packages/airflow/example_dags/example_skip_dag.py for tasks to queue
[2025-01-06T12:35:15.621+0000] {logging_mixin.py:190} INFO - [2025-01-06T12:35:15.621+0000] {dagbag.py:588} INFO - Filling up the DagBag from /home/airflow/.local/lib/python3.12/site-packages/airflow/example_dags/example_skip_dag.py
[2025-01-06T12:35:15.625+0000] {processor.py:925} INFO - DAG(s) 'example_skip_dag' retrieved from /home/airflow/.local/lib/python3.12/site-packages/airflow/example_dags/example_skip_dag.py
[2025-01-06T12:35:15.634+0000] {logging_mixin.py:190} INFO - [2025-01-06T12:35:15.634+0000] {dag.py:3239} INFO - Sync 1 DAGs
[2025-01-06T12:35:15.642+0000] {logging_mixin.py:190} INFO - [2025-01-06T12:35:15.642+0000] {dag.py:4180} INFO - Setting next_dagrun for example_skip_dag to 2025-01-05 00:00:00+00:00, run_after=2025-01-06 00:00:00+00:00
[2025-01-06T12:35:15.649+0000] {processor.py:208} INFO - Processing /home/airflow/.local/lib/python3.12/site-packages/airflow/example_dags/example_skip_dag.py took 0.031 seconds
[2025-01-06T12:35:46.839+0000] {processor.py:186} INFO - Started process (PID=355) to work on /home/airflow/.local/lib/python3.12/site-packages/airflow/example_dags/example_skip_dag.py
[2025-01-06T12:35:46.839+0000] {processor.py:914} INFO - Processing file /home/airflow/.local/lib/python3.12/site-packages/airflow/example_dags/example_skip_dag.py for tasks to queue
[2025-01-06T12:35:46.840+0000] {logging_mixin.py:190} INFO - [2025-01-06T12:35:46.840+0000] {dagbag.py:588} INFO - Filling up the DagBag from /home/airflow/.local/lib/python3.12/site-packages/airflow/example_dags/example_skip_dag.py
[2025-01-06T12:35:46.844+0000] {processor.py:925} INFO - DAG(s) 'example_skip_dag' retrieved from /home/airflow/.local/lib/python3.12/site-packages/airflow/example_dags/example_skip_dag.py
[2025-01-06T12:35:46.852+0000] {logging_mixin.py:190} INFO - [2025-01-06T12:35:46.852+0000] {dag.py:3239} INFO - Sync 1 DAGs
[2025-01-06T12:35:46.860+0000] {logging_mixin.py:190} INFO - [2025-01-06T12:35:46.860+0000] {dag.py:4180} INFO - Setting next_dagrun for example_skip_dag to 2025-01-05 00:00:00+00:00, run_after=2025-01-06 00:00:00+00:00
[2025-01-06T12:35:46.867+0000] {processor.py:208} INFO - Processing /home/airflow/.local/lib/python3.12/site-packages/airflow/example_dags/example_skip_dag.py took 0.031 seconds
[2025-01-06T12:36:18.071+0000] {processor.py:186} INFO - Started process (PID=413) to work on /home/airflow/.local/lib/python3.12/site-packages/airflow/example_dags/example_skip_dag.py
[2025-01-06T12:36:18.071+0000] {processor.py:914} INFO - Processing file /home/airflow/.local/lib/python3.12/site-packages/airflow/example_dags/example_skip_dag.py for tasks to queue
[2025-01-06T12:36:18.072+0000] {logging_mixin.py:190} INFO - [2025-01-06T12:36:18.072+0000] {dagbag.py:588} INFO - Filling up the DagBag from /home/airflow/.local/lib/python3.12/site-packages/airflow/example_dags/example_skip_dag.py
[2025-01-06T12:36:18.076+0000] {processor.py:925} INFO - DAG(s) 'example_skip_dag' retrieved from /home/airflow/.local/lib/python3.12/site-packages/airflow/example_dags/example_skip_dag.py
[2025-01-06T12:36:18.083+0000] {logging_mixin.py:190} INFO - [2025-01-06T12:36:18.083+0000] {dag.py:3239} INFO - Sync 1 DAGs
[2025-01-06T12:36:18.092+0000] {logging_mixin.py:190} INFO - [2025-01-06T12:36:18.092+0000] {dag.py:4180} INFO - Setting next_dagrun for example_skip_dag to 2025-01-05 00:00:00+00:00, run_after=2025-01-06 00:00:00+00:00
[2025-01-06T12:36:18.098+0000] {processor.py:208} INFO - Processing /home/airflow/.local/lib/python3.12/site-packages/airflow/example_dags/example_skip_dag.py took 0.030 seconds
[2025-01-06T12:36:48.616+0000] {processor.py:186} INFO - Started process (PID=471) to work on /home/airflow/.local/lib/python3.12/site-packages/airflow/example_dags/example_skip_dag.py
[2025-01-06T12:36:48.618+0000] {processor.py:914} INFO - Processing file /home/airflow/.local/lib/python3.12/site-packages/airflow/example_dags/example_skip_dag.py for tasks to queue
[2025-01-06T12:36:48.619+0000] {logging_mixin.py:190} INFO - [2025-01-06T12:36:48.619+0000] {dagbag.py:588} INFO - Filling up the DagBag from /home/airflow/.local/lib/python3.12/site-packages/airflow/example_dags/example_skip_dag.py
[2025-01-06T12:36:48.622+0000] {processor.py:925} INFO - DAG(s) 'example_skip_dag' retrieved from /home/airflow/.local/lib/python3.12/site-packages/airflow/example_dags/example_skip_dag.py
[2025-01-06T12:36:48.632+0000] {logging_mixin.py:190} INFO - [2025-01-06T12:36:48.632+0000] {dag.py:3239} INFO - Sync 1 DAGs
[2025-01-06T12:36:48.640+0000] {logging_mixin.py:190} INFO - [2025-01-06T12:36:48.640+0000] {dag.py:4180} INFO - Setting next_dagrun for example_skip_dag to 2025-01-05 00:00:00+00:00, run_after=2025-01-06 00:00:00+00:00
[2025-01-06T12:36:48.646+0000] {processor.py:208} INFO - Processing /home/airflow/.local/lib/python3.12/site-packages/airflow/example_dags/example_skip_dag.py took 0.033 seconds
[2025-01-06T12:37:19.680+0000] {processor.py:186} INFO - Started process (PID=529) to work on /home/airflow/.local/lib/python3.12/site-packages/airflow/example_dags/example_skip_dag.py
[2025-01-06T12:37:19.681+0000] {processor.py:914} INFO - Processing file /home/airflow/.local/lib/python3.12/site-packages/airflow/example_dags/example_skip_dag.py for tasks to queue
[2025-01-06T12:37:19.682+0000] {logging_mixin.py:190} INFO - [2025-01-06T12:37:19.681+0000] {dagbag.py:588} INFO - Filling up the DagBag from /home/airflow/.local/lib/python3.12/site-packages/airflow/example_dags/example_skip_dag.py
[2025-01-06T12:37:19.685+0000] {processor.py:925} INFO - DAG(s) 'example_skip_dag' retrieved from /home/airflow/.local/lib/python3.12/site-packages/airflow/example_dags/example_skip_dag.py
[2025-01-06T12:37:19.694+0000] {logging_mixin.py:190} INFO - [2025-01-06T12:37:19.694+0000] {dag.py:3239} INFO - Sync 1 DAGs
[2025-01-06T12:37:19.702+0000] {logging_mixin.py:190} INFO - [2025-01-06T12:37:19.702+0000] {dag.py:4180} INFO - Setting next_dagrun for example_skip_dag to 2025-01-05 00:00:00+00:00, run_after=2025-01-06 00:00:00+00:00
[2025-01-06T12:37:19.708+0000] {processor.py:208} INFO - Processing /home/airflow/.local/lib/python3.12/site-packages/airflow/example_dags/example_skip_dag.py took 0.030 seconds
