[2025-01-06T12:33:12.951+0000] {processor.py:186} INFO - Started process (PID=64) to work on /home/airflow/.local/lib/python3.12/site-packages/airflow/example_dags/example_short_circuit_operator.py
[2025-01-06T12:33:12.951+0000] {processor.py:914} INFO - Processing file /home/airflow/.local/lib/python3.12/site-packages/airflow/example_dags/example_short_circuit_operator.py for tasks to queue
[2025-01-06T12:33:12.952+0000] {logging_mixin.py:190} INFO - [2025-01-06T12:33:12.952+0000] {dagbag.py:588} INFO - Filling up the DagBag from /home/airflow/.local/lib/python3.12/site-packages/airflow/example_dags/example_short_circuit_operator.py
[2025-01-06T12:33:12.957+0000] {processor.py:925} INFO - DAG(s) 'example_short_circuit_operator' retrieved from /home/airflow/.local/lib/python3.12/site-packages/airflow/example_dags/example_short_circuit_operator.py
[2025-01-06T12:33:12.998+0000] {logging_mixin.py:190} INFO - [2025-01-06T12:33:12.998+0000] {override.py:1911} INFO - Created Permission View: can delete on DAG:example_short_circuit_operator
[2025-01-06T12:33:13.001+0000] {logging_mixin.py:190} INFO - [2025-01-06T12:33:13.001+0000] {override.py:1911} INFO - Created Permission View: can read on DAG:example_short_circuit_operator
[2025-01-06T12:33:13.003+0000] {logging_mixin.py:190} INFO - [2025-01-06T12:33:13.003+0000] {override.py:1911} INFO - Created Permission View: can edit on DAG:example_short_circuit_operator
[2025-01-06T12:33:13.005+0000] {logging_mixin.py:190} INFO - [2025-01-06T12:33:13.004+0000] {override.py:1911} INFO - Created Permission View: menu access on DAG Run:example_short_circuit_operator
[2025-01-06T12:33:13.006+0000] {logging_mixin.py:190} INFO - [2025-01-06T12:33:13.006+0000] {override.py:1911} INFO - Created Permission View: can delete on DAG Run:example_short_circuit_operator
[2025-01-06T12:33:13.008+0000] {logging_mixin.py:190} INFO - [2025-01-06T12:33:13.008+0000] {override.py:1911} INFO - Created Permission View: can read on DAG Run:example_short_circuit_operator
[2025-01-06T12:33:13.010+0000] {logging_mixin.py:190} INFO - [2025-01-06T12:33:13.010+0000] {override.py:1911} INFO - Created Permission View: can create on DAG Run:example_short_circuit_operator
[2025-01-06T12:33:13.010+0000] {logging_mixin.py:190} INFO - [2025-01-06T12:33:13.010+0000] {dag.py:3239} INFO - Sync 1 DAGs
[2025-01-06T12:33:13.014+0000] {logging_mixin.py:190} INFO - [2025-01-06T12:33:13.014+0000] {dag.py:3262} INFO - Creating ORM DAG for example_short_circuit_operator
[2025-01-06T12:33:13.015+0000] {logging_mixin.py:190} INFO - [2025-01-06T12:33:13.015+0000] {dag.py:4180} INFO - Setting next_dagrun for example_short_circuit_operator to None, run_after=None
[2025-01-06T12:33:13.020+0000] {processor.py:208} INFO - Processing /home/airflow/.local/lib/python3.12/site-packages/airflow/example_dags/example_short_circuit_operator.py took 0.072 seconds
[2025-01-06T12:33:43.646+0000] {processor.py:186} INFO - Started process (PID=122) to work on /home/airflow/.local/lib/python3.12/site-packages/airflow/example_dags/example_short_circuit_operator.py
[2025-01-06T12:33:43.646+0000] {processor.py:914} INFO - Processing file /home/airflow/.local/lib/python3.12/site-packages/airflow/example_dags/example_short_circuit_operator.py for tasks to queue
[2025-01-06T12:33:43.647+0000] {logging_mixin.py:190} INFO - [2025-01-06T12:33:43.647+0000] {dagbag.py:588} INFO - Filling up the DagBag from /home/airflow/.local/lib/python3.12/site-packages/airflow/example_dags/example_short_circuit_operator.py
[2025-01-06T12:33:43.651+0000] {processor.py:925} INFO - DAG(s) 'example_short_circuit_operator' retrieved from /home/airflow/.local/lib/python3.12/site-packages/airflow/example_dags/example_short_circuit_operator.py
[2025-01-06T12:33:43.659+0000] {logging_mixin.py:190} INFO - [2025-01-06T12:33:43.659+0000] {dag.py:3239} INFO - Sync 1 DAGs
[2025-01-06T12:33:43.665+0000] {logging_mixin.py:190} INFO - [2025-01-06T12:33:43.665+0000] {dag.py:4180} INFO - Setting next_dagrun for example_short_circuit_operator to None, run_after=None
[2025-01-06T12:33:43.671+0000] {processor.py:208} INFO - Processing /home/airflow/.local/lib/python3.12/site-packages/airflow/example_dags/example_short_circuit_operator.py took 0.028 seconds
[2025-01-06T12:34:13.980+0000] {processor.py:186} INFO - Started process (PID=180) to work on /home/airflow/.local/lib/python3.12/site-packages/airflow/example_dags/example_short_circuit_operator.py
[2025-01-06T12:34:13.981+0000] {processor.py:914} INFO - Processing file /home/airflow/.local/lib/python3.12/site-packages/airflow/example_dags/example_short_circuit_operator.py for tasks to queue
[2025-01-06T12:34:13.982+0000] {logging_mixin.py:190} INFO - [2025-01-06T12:34:13.982+0000] {dagbag.py:588} INFO - Filling up the DagBag from /home/airflow/.local/lib/python3.12/site-packages/airflow/example_dags/example_short_circuit_operator.py
[2025-01-06T12:34:13.987+0000] {processor.py:925} INFO - DAG(s) 'example_short_circuit_operator' retrieved from /home/airflow/.local/lib/python3.12/site-packages/airflow/example_dags/example_short_circuit_operator.py
[2025-01-06T12:34:13.999+0000] {logging_mixin.py:190} INFO - [2025-01-06T12:34:13.999+0000] {dag.py:3239} INFO - Sync 1 DAGs
[2025-01-06T12:34:14.007+0000] {logging_mixin.py:190} INFO - [2025-01-06T12:34:14.007+0000] {dag.py:4180} INFO - Setting next_dagrun for example_short_circuit_operator to None, run_after=None
[2025-01-06T12:34:14.017+0000] {processor.py:208} INFO - Processing /home/airflow/.local/lib/python3.12/site-packages/airflow/example_dags/example_short_circuit_operator.py took 0.041 seconds
[2025-01-06T12:34:44.304+0000] {processor.py:186} INFO - Started process (PID=238) to work on /home/airflow/.local/lib/python3.12/site-packages/airflow/example_dags/example_short_circuit_operator.py
[2025-01-06T12:34:44.304+0000] {processor.py:914} INFO - Processing file /home/airflow/.local/lib/python3.12/site-packages/airflow/example_dags/example_short_circuit_operator.py for tasks to queue
[2025-01-06T12:34:44.305+0000] {logging_mixin.py:190} INFO - [2025-01-06T12:34:44.305+0000] {dagbag.py:588} INFO - Filling up the DagBag from /home/airflow/.local/lib/python3.12/site-packages/airflow/example_dags/example_short_circuit_operator.py
[2025-01-06T12:34:44.309+0000] {processor.py:925} INFO - DAG(s) 'example_short_circuit_operator' retrieved from /home/airflow/.local/lib/python3.12/site-packages/airflow/example_dags/example_short_circuit_operator.py
[2025-01-06T12:34:44.318+0000] {logging_mixin.py:190} INFO - [2025-01-06T12:34:44.318+0000] {dag.py:3239} INFO - Sync 1 DAGs
[2025-01-06T12:34:44.324+0000] {logging_mixin.py:190} INFO - [2025-01-06T12:34:44.323+0000] {dag.py:4180} INFO - Setting next_dagrun for example_short_circuit_operator to None, run_after=None
[2025-01-06T12:34:44.330+0000] {processor.py:208} INFO - Processing /home/airflow/.local/lib/python3.12/site-packages/airflow/example_dags/example_short_circuit_operator.py took 0.028 seconds
[2025-01-06T12:35:15.618+0000] {processor.py:186} INFO - Started process (PID=296) to work on /home/airflow/.local/lib/python3.12/site-packages/airflow/example_dags/example_short_circuit_operator.py
[2025-01-06T12:35:15.620+0000] {processor.py:914} INFO - Processing file /home/airflow/.local/lib/python3.12/site-packages/airflow/example_dags/example_short_circuit_operator.py for tasks to queue
[2025-01-06T12:35:15.621+0000] {logging_mixin.py:190} INFO - [2025-01-06T12:35:15.621+0000] {dagbag.py:588} INFO - Filling up the DagBag from /home/airflow/.local/lib/python3.12/site-packages/airflow/example_dags/example_short_circuit_operator.py
[2025-01-06T12:35:15.625+0000] {processor.py:925} INFO - DAG(s) 'example_short_circuit_operator' retrieved from /home/airflow/.local/lib/python3.12/site-packages/airflow/example_dags/example_short_circuit_operator.py
[2025-01-06T12:35:15.634+0000] {logging_mixin.py:190} INFO - [2025-01-06T12:35:15.634+0000] {dag.py:3239} INFO - Sync 1 DAGs
[2025-01-06T12:35:15.642+0000] {logging_mixin.py:190} INFO - [2025-01-06T12:35:15.642+0000] {dag.py:4180} INFO - Setting next_dagrun for example_short_circuit_operator to None, run_after=None
[2025-01-06T12:35:15.649+0000] {processor.py:208} INFO - Processing /home/airflow/.local/lib/python3.12/site-packages/airflow/example_dags/example_short_circuit_operator.py took 0.033 seconds
[2025-01-06T12:35:46.809+0000] {processor.py:186} INFO - Started process (PID=354) to work on /home/airflow/.local/lib/python3.12/site-packages/airflow/example_dags/example_short_circuit_operator.py
[2025-01-06T12:35:46.810+0000] {processor.py:914} INFO - Processing file /home/airflow/.local/lib/python3.12/site-packages/airflow/example_dags/example_short_circuit_operator.py for tasks to queue
[2025-01-06T12:35:46.811+0000] {logging_mixin.py:190} INFO - [2025-01-06T12:35:46.811+0000] {dagbag.py:588} INFO - Filling up the DagBag from /home/airflow/.local/lib/python3.12/site-packages/airflow/example_dags/example_short_circuit_operator.py
[2025-01-06T12:35:46.814+0000] {processor.py:925} INFO - DAG(s) 'example_short_circuit_operator' retrieved from /home/airflow/.local/lib/python3.12/site-packages/airflow/example_dags/example_short_circuit_operator.py
[2025-01-06T12:35:46.823+0000] {logging_mixin.py:190} INFO - [2025-01-06T12:35:46.822+0000] {dag.py:3239} INFO - Sync 1 DAGs
[2025-01-06T12:35:46.828+0000] {logging_mixin.py:190} INFO - [2025-01-06T12:35:46.828+0000] {dag.py:4180} INFO - Setting next_dagrun for example_short_circuit_operator to None, run_after=None
[2025-01-06T12:35:46.834+0000] {processor.py:208} INFO - Processing /home/airflow/.local/lib/python3.12/site-packages/airflow/example_dags/example_short_circuit_operator.py took 0.027 seconds
[2025-01-06T12:36:18.062+0000] {processor.py:186} INFO - Started process (PID=412) to work on /home/airflow/.local/lib/python3.12/site-packages/airflow/example_dags/example_short_circuit_operator.py
[2025-01-06T12:36:18.063+0000] {processor.py:914} INFO - Processing file /home/airflow/.local/lib/python3.12/site-packages/airflow/example_dags/example_short_circuit_operator.py for tasks to queue
[2025-01-06T12:36:18.064+0000] {logging_mixin.py:190} INFO - [2025-01-06T12:36:18.064+0000] {dagbag.py:588} INFO - Filling up the DagBag from /home/airflow/.local/lib/python3.12/site-packages/airflow/example_dags/example_short_circuit_operator.py
[2025-01-06T12:36:18.068+0000] {processor.py:925} INFO - DAG(s) 'example_short_circuit_operator' retrieved from /home/airflow/.local/lib/python3.12/site-packages/airflow/example_dags/example_short_circuit_operator.py
[2025-01-06T12:36:18.076+0000] {logging_mixin.py:190} INFO - [2025-01-06T12:36:18.076+0000] {dag.py:3239} INFO - Sync 1 DAGs
[2025-01-06T12:36:18.081+0000] {logging_mixin.py:190} INFO - [2025-01-06T12:36:18.081+0000] {dag.py:4180} INFO - Setting next_dagrun for example_short_circuit_operator to None, run_after=None
[2025-01-06T12:36:18.087+0000] {processor.py:208} INFO - Processing /home/airflow/.local/lib/python3.12/site-packages/airflow/example_dags/example_short_circuit_operator.py took 0.027 seconds
[2025-01-06T12:36:48.582+0000] {processor.py:186} INFO - Started process (PID=470) to work on /home/airflow/.local/lib/python3.12/site-packages/airflow/example_dags/example_short_circuit_operator.py
[2025-01-06T12:36:48.582+0000] {processor.py:914} INFO - Processing file /home/airflow/.local/lib/python3.12/site-packages/airflow/example_dags/example_short_circuit_operator.py for tasks to queue
[2025-01-06T12:36:48.583+0000] {logging_mixin.py:190} INFO - [2025-01-06T12:36:48.583+0000] {dagbag.py:588} INFO - Filling up the DagBag from /home/airflow/.local/lib/python3.12/site-packages/airflow/example_dags/example_short_circuit_operator.py
[2025-01-06T12:36:48.587+0000] {processor.py:925} INFO - DAG(s) 'example_short_circuit_operator' retrieved from /home/airflow/.local/lib/python3.12/site-packages/airflow/example_dags/example_short_circuit_operator.py
[2025-01-06T12:36:48.595+0000] {logging_mixin.py:190} INFO - [2025-01-06T12:36:48.595+0000] {dag.py:3239} INFO - Sync 1 DAGs
[2025-01-06T12:36:48.600+0000] {logging_mixin.py:190} INFO - [2025-01-06T12:36:48.600+0000] {dag.py:4180} INFO - Setting next_dagrun for example_short_circuit_operator to None, run_after=None
[2025-01-06T12:36:48.606+0000] {processor.py:208} INFO - Processing /home/airflow/.local/lib/python3.12/site-packages/airflow/example_dags/example_short_circuit_operator.py took 0.027 seconds
[2025-01-06T12:37:19.679+0000] {processor.py:186} INFO - Started process (PID=528) to work on /home/airflow/.local/lib/python3.12/site-packages/airflow/example_dags/example_short_circuit_operator.py
[2025-01-06T12:37:19.681+0000] {processor.py:914} INFO - Processing file /home/airflow/.local/lib/python3.12/site-packages/airflow/example_dags/example_short_circuit_operator.py for tasks to queue
[2025-01-06T12:37:19.685+0000] {logging_mixin.py:190} INFO - [2025-01-06T12:37:19.685+0000] {dagbag.py:588} INFO - Filling up the DagBag from /home/airflow/.local/lib/python3.12/site-packages/airflow/example_dags/example_short_circuit_operator.py
[2025-01-06T12:37:19.690+0000] {processor.py:925} INFO - DAG(s) 'example_short_circuit_operator' retrieved from /home/airflow/.local/lib/python3.12/site-packages/airflow/example_dags/example_short_circuit_operator.py
[2025-01-06T12:37:19.698+0000] {logging_mixin.py:190} INFO - [2025-01-06T12:37:19.698+0000] {dag.py:3239} INFO - Sync 1 DAGs
[2025-01-06T12:37:19.703+0000] {logging_mixin.py:190} INFO - [2025-01-06T12:37:19.703+0000] {dag.py:4180} INFO - Setting next_dagrun for example_short_circuit_operator to None, run_after=None
[2025-01-06T12:37:19.709+0000] {processor.py:208} INFO - Processing /home/airflow/.local/lib/python3.12/site-packages/airflow/example_dags/example_short_circuit_operator.py took 0.033 seconds
