[2025-01-06T12:33:13.210+0000] {processor.py:186} INFO - Started process (PID=70) to work on /home/airflow/.local/lib/python3.12/site-packages/airflow/example_dags/example_time_delta_sensor_async.py
[2025-01-06T12:33:13.210+0000] {processor.py:914} INFO - Processing file /home/airflow/.local/lib/python3.12/site-packages/airflow/example_dags/example_time_delta_sensor_async.py for tasks to queue
[2025-01-06T12:33:13.212+0000] {logging_mixin.py:190} INFO - [2025-01-06T12:33:13.212+0000] {dagbag.py:588} INFO - Filling up the DagBag from /home/airflow/.local/lib/python3.12/site-packages/airflow/example_dags/example_time_delta_sensor_async.py
[2025-01-06T12:33:13.216+0000] {processor.py:925} INFO - DAG(s) 'example_time_delta_sensor_async' retrieved from /home/airflow/.local/lib/python3.12/site-packages/airflow/example_dags/example_time_delta_sensor_async.py
[2025-01-06T12:33:13.261+0000] {logging_mixin.py:190} INFO - [2025-01-06T12:33:13.261+0000] {override.py:1911} INFO - Created Permission View: can delete on DAG:example_time_delta_sensor_async
[2025-01-06T12:33:13.265+0000] {logging_mixin.py:190} INFO - [2025-01-06T12:33:13.265+0000] {override.py:1911} INFO - Created Permission View: can read on DAG:example_time_delta_sensor_async
[2025-01-06T12:33:13.267+0000] {logging_mixin.py:190} INFO - [2025-01-06T12:33:13.267+0000] {override.py:1911} INFO - Created Permission View: can edit on DAG:example_time_delta_sensor_async
[2025-01-06T12:33:13.269+0000] {logging_mixin.py:190} INFO - [2025-01-06T12:33:13.269+0000] {override.py:1911} INFO - Created Permission View: menu access on DAG Run:example_time_delta_sensor_async
[2025-01-06T12:33:13.271+0000] {logging_mixin.py:190} INFO - [2025-01-06T12:33:13.271+0000] {override.py:1911} INFO - Created Permission View: can delete on DAG Run:example_time_delta_sensor_async
[2025-01-06T12:33:13.273+0000] {logging_mixin.py:190} INFO - [2025-01-06T12:33:13.273+0000] {override.py:1911} INFO - Created Permission View: can read on DAG Run:example_time_delta_sensor_async
[2025-01-06T12:33:13.275+0000] {logging_mixin.py:190} INFO - [2025-01-06T12:33:13.275+0000] {override.py:1911} INFO - Created Permission View: can create on DAG Run:example_time_delta_sensor_async
[2025-01-06T12:33:13.275+0000] {logging_mixin.py:190} INFO - [2025-01-06T12:33:13.275+0000] {dag.py:3239} INFO - Sync 1 DAGs
[2025-01-06T12:33:13.280+0000] {logging_mixin.py:190} INFO - [2025-01-06T12:33:13.280+0000] {dag.py:3262} INFO - Creating ORM DAG for example_time_delta_sensor_async
[2025-01-06T12:33:13.281+0000] {logging_mixin.py:190} INFO - [2025-01-06T12:33:13.281+0000] {dag.py:4180} INFO - Setting next_dagrun for example_time_delta_sensor_async to None, run_after=None
[2025-01-06T12:33:13.287+0000] {processor.py:208} INFO - Processing /home/airflow/.local/lib/python3.12/site-packages/airflow/example_dags/example_time_delta_sensor_async.py took 0.080 seconds
[2025-01-06T12:33:43.759+0000] {processor.py:186} INFO - Started process (PID=128) to work on /home/airflow/.local/lib/python3.12/site-packages/airflow/example_dags/example_time_delta_sensor_async.py
[2025-01-06T12:33:43.760+0000] {processor.py:914} INFO - Processing file /home/airflow/.local/lib/python3.12/site-packages/airflow/example_dags/example_time_delta_sensor_async.py for tasks to queue
[2025-01-06T12:33:43.761+0000] {logging_mixin.py:190} INFO - [2025-01-06T12:33:43.761+0000] {dagbag.py:588} INFO - Filling up the DagBag from /home/airflow/.local/lib/python3.12/site-packages/airflow/example_dags/example_time_delta_sensor_async.py
[2025-01-06T12:33:43.764+0000] {processor.py:925} INFO - DAG(s) 'example_time_delta_sensor_async' retrieved from /home/airflow/.local/lib/python3.12/site-packages/airflow/example_dags/example_time_delta_sensor_async.py
[2025-01-06T12:33:43.771+0000] {logging_mixin.py:190} INFO - [2025-01-06T12:33:43.771+0000] {dag.py:3239} INFO - Sync 1 DAGs
[2025-01-06T12:33:43.776+0000] {logging_mixin.py:190} INFO - [2025-01-06T12:33:43.776+0000] {dag.py:4180} INFO - Setting next_dagrun for example_time_delta_sensor_async to None, run_after=None
[2025-01-06T12:33:43.783+0000] {processor.py:208} INFO - Processing /home/airflow/.local/lib/python3.12/site-packages/airflow/example_dags/example_time_delta_sensor_async.py took 0.026 seconds
[2025-01-06T12:34:14.151+0000] {processor.py:186} INFO - Started process (PID=186) to work on /home/airflow/.local/lib/python3.12/site-packages/airflow/example_dags/example_time_delta_sensor_async.py
[2025-01-06T12:34:14.152+0000] {processor.py:914} INFO - Processing file /home/airflow/.local/lib/python3.12/site-packages/airflow/example_dags/example_time_delta_sensor_async.py for tasks to queue
[2025-01-06T12:34:14.153+0000] {logging_mixin.py:190} INFO - [2025-01-06T12:34:14.153+0000] {dagbag.py:588} INFO - Filling up the DagBag from /home/airflow/.local/lib/python3.12/site-packages/airflow/example_dags/example_time_delta_sensor_async.py
[2025-01-06T12:34:14.156+0000] {processor.py:925} INFO - DAG(s) 'example_time_delta_sensor_async' retrieved from /home/airflow/.local/lib/python3.12/site-packages/airflow/example_dags/example_time_delta_sensor_async.py
[2025-01-06T12:34:14.165+0000] {logging_mixin.py:190} INFO - [2025-01-06T12:34:14.165+0000] {dag.py:3239} INFO - Sync 1 DAGs
[2025-01-06T12:34:14.171+0000] {logging_mixin.py:190} INFO - [2025-01-06T12:34:14.171+0000] {dag.py:4180} INFO - Setting next_dagrun for example_time_delta_sensor_async to None, run_after=None
[2025-01-06T12:34:14.178+0000] {processor.py:208} INFO - Processing /home/airflow/.local/lib/python3.12/site-packages/airflow/example_dags/example_time_delta_sensor_async.py took 0.029 seconds
[2025-01-06T12:34:44.423+0000] {processor.py:186} INFO - Started process (PID=244) to work on /home/airflow/.local/lib/python3.12/site-packages/airflow/example_dags/example_time_delta_sensor_async.py
[2025-01-06T12:34:44.423+0000] {processor.py:914} INFO - Processing file /home/airflow/.local/lib/python3.12/site-packages/airflow/example_dags/example_time_delta_sensor_async.py for tasks to queue
[2025-01-06T12:34:44.424+0000] {logging_mixin.py:190} INFO - [2025-01-06T12:34:44.424+0000] {dagbag.py:588} INFO - Filling up the DagBag from /home/airflow/.local/lib/python3.12/site-packages/airflow/example_dags/example_time_delta_sensor_async.py
[2025-01-06T12:34:44.427+0000] {processor.py:925} INFO - DAG(s) 'example_time_delta_sensor_async' retrieved from /home/airflow/.local/lib/python3.12/site-packages/airflow/example_dags/example_time_delta_sensor_async.py
[2025-01-06T12:34:44.435+0000] {logging_mixin.py:190} INFO - [2025-01-06T12:34:44.435+0000] {dag.py:3239} INFO - Sync 1 DAGs
[2025-01-06T12:34:44.441+0000] {logging_mixin.py:190} INFO - [2025-01-06T12:34:44.441+0000] {dag.py:4180} INFO - Setting next_dagrun for example_time_delta_sensor_async to None, run_after=None
[2025-01-06T12:34:44.447+0000] {processor.py:208} INFO - Processing /home/airflow/.local/lib/python3.12/site-packages/airflow/example_dags/example_time_delta_sensor_async.py took 0.027 seconds
[2025-01-06T12:35:15.746+0000] {processor.py:186} INFO - Started process (PID=302) to work on /home/airflow/.local/lib/python3.12/site-packages/airflow/example_dags/example_time_delta_sensor_async.py
[2025-01-06T12:35:15.747+0000] {processor.py:914} INFO - Processing file /home/airflow/.local/lib/python3.12/site-packages/airflow/example_dags/example_time_delta_sensor_async.py for tasks to queue
[2025-01-06T12:35:15.748+0000] {logging_mixin.py:190} INFO - [2025-01-06T12:35:15.748+0000] {dagbag.py:588} INFO - Filling up the DagBag from /home/airflow/.local/lib/python3.12/site-packages/airflow/example_dags/example_time_delta_sensor_async.py
[2025-01-06T12:35:15.751+0000] {processor.py:925} INFO - DAG(s) 'example_time_delta_sensor_async' retrieved from /home/airflow/.local/lib/python3.12/site-packages/airflow/example_dags/example_time_delta_sensor_async.py
[2025-01-06T12:35:15.759+0000] {logging_mixin.py:190} INFO - [2025-01-06T12:35:15.759+0000] {dag.py:3239} INFO - Sync 1 DAGs
[2025-01-06T12:35:15.765+0000] {logging_mixin.py:190} INFO - [2025-01-06T12:35:15.764+0000] {dag.py:4180} INFO - Setting next_dagrun for example_time_delta_sensor_async to None, run_after=None
[2025-01-06T12:35:15.772+0000] {processor.py:208} INFO - Processing /home/airflow/.local/lib/python3.12/site-packages/airflow/example_dags/example_time_delta_sensor_async.py took 0.029 seconds
[2025-01-06T12:35:46.922+0000] {processor.py:186} INFO - Started process (PID=360) to work on /home/airflow/.local/lib/python3.12/site-packages/airflow/example_dags/example_time_delta_sensor_async.py
[2025-01-06T12:35:46.923+0000] {processor.py:914} INFO - Processing file /home/airflow/.local/lib/python3.12/site-packages/airflow/example_dags/example_time_delta_sensor_async.py for tasks to queue
[2025-01-06T12:35:46.924+0000] {logging_mixin.py:190} INFO - [2025-01-06T12:35:46.924+0000] {dagbag.py:588} INFO - Filling up the DagBag from /home/airflow/.local/lib/python3.12/site-packages/airflow/example_dags/example_time_delta_sensor_async.py
[2025-01-06T12:35:46.926+0000] {processor.py:925} INFO - DAG(s) 'example_time_delta_sensor_async' retrieved from /home/airflow/.local/lib/python3.12/site-packages/airflow/example_dags/example_time_delta_sensor_async.py
[2025-01-06T12:35:46.933+0000] {logging_mixin.py:190} INFO - [2025-01-06T12:35:46.933+0000] {dag.py:3239} INFO - Sync 1 DAGs
[2025-01-06T12:35:46.938+0000] {logging_mixin.py:190} INFO - [2025-01-06T12:35:46.938+0000] {dag.py:4180} INFO - Setting next_dagrun for example_time_delta_sensor_async to None, run_after=None
[2025-01-06T12:35:46.944+0000] {processor.py:208} INFO - Processing /home/airflow/.local/lib/python3.12/site-packages/airflow/example_dags/example_time_delta_sensor_async.py took 0.024 seconds
[2025-01-06T12:36:18.174+0000] {processor.py:186} INFO - Started process (PID=418) to work on /home/airflow/.local/lib/python3.12/site-packages/airflow/example_dags/example_time_delta_sensor_async.py
[2025-01-06T12:36:18.174+0000] {processor.py:914} INFO - Processing file /home/airflow/.local/lib/python3.12/site-packages/airflow/example_dags/example_time_delta_sensor_async.py for tasks to queue
[2025-01-06T12:36:18.175+0000] {logging_mixin.py:190} INFO - [2025-01-06T12:36:18.175+0000] {dagbag.py:588} INFO - Filling up the DagBag from /home/airflow/.local/lib/python3.12/site-packages/airflow/example_dags/example_time_delta_sensor_async.py
[2025-01-06T12:36:18.178+0000] {processor.py:925} INFO - DAG(s) 'example_time_delta_sensor_async' retrieved from /home/airflow/.local/lib/python3.12/site-packages/airflow/example_dags/example_time_delta_sensor_async.py
[2025-01-06T12:36:18.186+0000] {logging_mixin.py:190} INFO - [2025-01-06T12:36:18.186+0000] {dag.py:3239} INFO - Sync 1 DAGs
[2025-01-06T12:36:18.192+0000] {logging_mixin.py:190} INFO - [2025-01-06T12:36:18.192+0000] {dag.py:4180} INFO - Setting next_dagrun for example_time_delta_sensor_async to None, run_after=None
[2025-01-06T12:36:18.198+0000] {processor.py:208} INFO - Processing /home/airflow/.local/lib/python3.12/site-packages/airflow/example_dags/example_time_delta_sensor_async.py took 0.027 seconds
[2025-01-06T12:36:48.711+0000] {processor.py:186} INFO - Started process (PID=476) to work on /home/airflow/.local/lib/python3.12/site-packages/airflow/example_dags/example_time_delta_sensor_async.py
[2025-01-06T12:36:48.711+0000] {processor.py:914} INFO - Processing file /home/airflow/.local/lib/python3.12/site-packages/airflow/example_dags/example_time_delta_sensor_async.py for tasks to queue
[2025-01-06T12:36:48.713+0000] {logging_mixin.py:190} INFO - [2025-01-06T12:36:48.712+0000] {dagbag.py:588} INFO - Filling up the DagBag from /home/airflow/.local/lib/python3.12/site-packages/airflow/example_dags/example_time_delta_sensor_async.py
[2025-01-06T12:36:48.716+0000] {processor.py:925} INFO - DAG(s) 'example_time_delta_sensor_async' retrieved from /home/airflow/.local/lib/python3.12/site-packages/airflow/example_dags/example_time_delta_sensor_async.py
[2025-01-06T12:36:48.725+0000] {logging_mixin.py:190} INFO - [2025-01-06T12:36:48.725+0000] {dag.py:3239} INFO - Sync 1 DAGs
[2025-01-06T12:36:48.731+0000] {logging_mixin.py:190} INFO - [2025-01-06T12:36:48.731+0000] {dag.py:4180} INFO - Setting next_dagrun for example_time_delta_sensor_async to None, run_after=None
[2025-01-06T12:36:48.737+0000] {processor.py:208} INFO - Processing /home/airflow/.local/lib/python3.12/site-packages/airflow/example_dags/example_time_delta_sensor_async.py took 0.029 seconds
[2025-01-06T12:37:19.796+0000] {processor.py:186} INFO - Started process (PID=534) to work on /home/airflow/.local/lib/python3.12/site-packages/airflow/example_dags/example_time_delta_sensor_async.py
[2025-01-06T12:37:19.796+0000] {processor.py:914} INFO - Processing file /home/airflow/.local/lib/python3.12/site-packages/airflow/example_dags/example_time_delta_sensor_async.py for tasks to queue
[2025-01-06T12:37:19.797+0000] {logging_mixin.py:190} INFO - [2025-01-06T12:37:19.797+0000] {dagbag.py:588} INFO - Filling up the DagBag from /home/airflow/.local/lib/python3.12/site-packages/airflow/example_dags/example_time_delta_sensor_async.py
[2025-01-06T12:37:19.800+0000] {processor.py:925} INFO - DAG(s) 'example_time_delta_sensor_async' retrieved from /home/airflow/.local/lib/python3.12/site-packages/airflow/example_dags/example_time_delta_sensor_async.py
[2025-01-06T12:37:19.808+0000] {logging_mixin.py:190} INFO - [2025-01-06T12:37:19.808+0000] {dag.py:3239} INFO - Sync 1 DAGs
[2025-01-06T12:37:19.813+0000] {logging_mixin.py:190} INFO - [2025-01-06T12:37:19.813+0000] {dag.py:4180} INFO - Setting next_dagrun for example_time_delta_sensor_async to None, run_after=None
[2025-01-06T12:37:19.820+0000] {processor.py:208} INFO - Processing /home/airflow/.local/lib/python3.12/site-packages/airflow/example_dags/example_time_delta_sensor_async.py took 0.026 seconds
