[2025-01-06T12:33:13.036+0000] {processor.py:186} INFO - Started process (PID=67) to work on /home/airflow/.local/lib/python3.12/site-packages/airflow/example_dags/example_subdag_operator.py
[2025-01-06T12:33:13.037+0000] {processor.py:914} INFO - Processing file /home/airflow/.local/lib/python3.12/site-packages/airflow/example_dags/example_subdag_operator.py for tasks to queue
[2025-01-06T12:33:13.038+0000] {logging_mixin.py:190} INFO - [2025-01-06T12:33:13.038+0000] {dagbag.py:588} INFO - Filling up the DagBag from /home/airflow/.local/lib/python3.12/site-packages/airflow/example_dags/example_subdag_operator.py
[2025-01-06T12:33:13.050+0000] {processor.py:925} INFO - DAG(s) 'example_subdag_operator.section-1', 'example_subdag_operator.section-2', 'example_subdag_operator' retrieved from /home/airflow/.local/lib/python3.12/site-packages/airflow/example_dags/example_subdag_operator.py
[2025-01-06T12:33:13.086+0000] {logging_mixin.py:190} INFO - [2025-01-06T12:33:13.085+0000] {override.py:1911} INFO - Created Permission View: can delete on DAG:example_subdag_operator
[2025-01-06T12:33:13.089+0000] {logging_mixin.py:190} INFO - [2025-01-06T12:33:13.088+0000] {override.py:1911} INFO - Created Permission View: can read on DAG:example_subdag_operator
[2025-01-06T12:33:13.090+0000] {logging_mixin.py:190} INFO - [2025-01-06T12:33:13.090+0000] {override.py:1911} INFO - Created Permission View: can edit on DAG:example_subdag_operator
[2025-01-06T12:33:13.092+0000] {logging_mixin.py:190} INFO - [2025-01-06T12:33:13.092+0000] {override.py:1911} INFO - Created Permission View: menu access on DAG Run:example_subdag_operator
[2025-01-06T12:33:13.094+0000] {logging_mixin.py:190} INFO - [2025-01-06T12:33:13.094+0000] {override.py:1911} INFO - Created Permission View: can delete on DAG Run:example_subdag_operator
[2025-01-06T12:33:13.095+0000] {logging_mixin.py:190} INFO - [2025-01-06T12:33:13.095+0000] {override.py:1911} INFO - Created Permission View: can read on DAG Run:example_subdag_operator
[2025-01-06T12:33:13.097+0000] {logging_mixin.py:190} INFO - [2025-01-06T12:33:13.097+0000] {override.py:1911} INFO - Created Permission View: can create on DAG Run:example_subdag_operator
[2025-01-06T12:33:13.097+0000] {logging_mixin.py:190} INFO - [2025-01-06T12:33:13.097+0000] {dag.py:3239} INFO - Sync 3 DAGs
[2025-01-06T12:33:13.102+0000] {logging_mixin.py:190} INFO - [2025-01-06T12:33:13.102+0000] {dag.py:3262} INFO - Creating ORM DAG for example_subdag_operator.section-1
[2025-01-06T12:33:13.102+0000] {logging_mixin.py:190} INFO - [2025-01-06T12:33:13.102+0000] {dag.py:3262} INFO - Creating ORM DAG for example_subdag_operator.section-2
[2025-01-06T12:33:13.102+0000] {logging_mixin.py:190} INFO - [2025-01-06T12:33:13.102+0000] {dag.py:3262} INFO - Creating ORM DAG for example_subdag_operator
[2025-01-06T12:33:13.106+0000] {logging_mixin.py:190} INFO - [2025-01-06T12:33:13.106+0000] {dag.py:4180} INFO - Setting next_dagrun for example_subdag_operator to 2022-01-01 00:00:00+00:00, run_after=2022-01-01 00:00:00+00:00
[2025-01-06T12:33:13.106+0000] {logging_mixin.py:190} INFO - [2025-01-06T12:33:13.106+0000] {dag.py:4180} INFO - Setting next_dagrun for example_subdag_operator.section-1 to None, run_after=None
[2025-01-06T12:33:13.106+0000] {logging_mixin.py:190} INFO - [2025-01-06T12:33:13.106+0000] {dag.py:4180} INFO - Setting next_dagrun for example_subdag_operator.section-2 to None, run_after=None
[2025-01-06T12:33:13.111+0000] {logging_mixin.py:190} INFO - [2025-01-06T12:33:13.111+0000] {dag.py:3239} INFO - Sync 2 DAGs
[2025-01-06T12:33:13.113+0000] {logging_mixin.py:190} INFO - [2025-01-06T12:33:13.113+0000] {dag.py:4180} INFO - Setting next_dagrun for example_subdag_operator.section-1 to None, run_after=None
[2025-01-06T12:33:13.114+0000] {logging_mixin.py:190} INFO - [2025-01-06T12:33:13.114+0000] {dag.py:4180} INFO - Setting next_dagrun for example_subdag_operator.section-2 to None, run_after=None
[2025-01-06T12:33:13.118+0000] {processor.py:208} INFO - Processing /home/airflow/.local/lib/python3.12/site-packages/airflow/example_dags/example_subdag_operator.py took 0.084 seconds
[2025-01-06T12:33:43.704+0000] {processor.py:186} INFO - Started process (PID=125) to work on /home/airflow/.local/lib/python3.12/site-packages/airflow/example_dags/example_subdag_operator.py
[2025-01-06T12:33:43.704+0000] {processor.py:914} INFO - Processing file /home/airflow/.local/lib/python3.12/site-packages/airflow/example_dags/example_subdag_operator.py for tasks to queue
[2025-01-06T12:33:43.706+0000] {logging_mixin.py:190} INFO - [2025-01-06T12:33:43.705+0000] {dagbag.py:588} INFO - Filling up the DagBag from /home/airflow/.local/lib/python3.12/site-packages/airflow/example_dags/example_subdag_operator.py
[2025-01-06T12:33:43.716+0000] {processor.py:925} INFO - DAG(s) 'example_subdag_operator.section-1', 'example_subdag_operator.section-2', 'example_subdag_operator' retrieved from /home/airflow/.local/lib/python3.12/site-packages/airflow/example_dags/example_subdag_operator.py
[2025-01-06T12:33:43.722+0000] {logging_mixin.py:190} INFO - [2025-01-06T12:33:43.722+0000] {dag.py:3239} INFO - Sync 3 DAGs
[2025-01-06T12:33:43.731+0000] {logging_mixin.py:190} INFO - [2025-01-06T12:33:43.731+0000] {dag.py:4180} INFO - Setting next_dagrun for example_subdag_operator to 2022-01-01 00:00:00+00:00, run_after=2022-01-01 00:00:00+00:00
[2025-01-06T12:33:43.733+0000] {logging_mixin.py:190} INFO - [2025-01-06T12:33:43.732+0000] {dag.py:4180} INFO - Setting next_dagrun for example_subdag_operator.section-1 to None, run_after=None
[2025-01-06T12:33:43.733+0000] {logging_mixin.py:190} INFO - [2025-01-06T12:33:43.733+0000] {dag.py:4180} INFO - Setting next_dagrun for example_subdag_operator.section-2 to None, run_after=None
[2025-01-06T12:33:43.736+0000] {logging_mixin.py:190} INFO - [2025-01-06T12:33:43.736+0000] {dag.py:3239} INFO - Sync 2 DAGs
[2025-01-06T12:33:43.738+0000] {logging_mixin.py:190} INFO - [2025-01-06T12:33:43.737+0000] {dag.py:4180} INFO - Setting next_dagrun for example_subdag_operator.section-1 to None, run_after=None
[2025-01-06T12:33:43.738+0000] {logging_mixin.py:190} INFO - [2025-01-06T12:33:43.738+0000] {dag.py:4180} INFO - Setting next_dagrun for example_subdag_operator.section-2 to None, run_after=None
[2025-01-06T12:33:43.741+0000] {processor.py:208} INFO - Processing /home/airflow/.local/lib/python3.12/site-packages/airflow/example_dags/example_subdag_operator.py took 0.040 seconds
[2025-01-06T12:34:14.056+0000] {processor.py:186} INFO - Started process (PID=183) to work on /home/airflow/.local/lib/python3.12/site-packages/airflow/example_dags/example_subdag_operator.py
[2025-01-06T12:34:14.056+0000] {processor.py:914} INFO - Processing file /home/airflow/.local/lib/python3.12/site-packages/airflow/example_dags/example_subdag_operator.py for tasks to queue
[2025-01-06T12:34:14.058+0000] {logging_mixin.py:190} INFO - [2025-01-06T12:34:14.058+0000] {dagbag.py:588} INFO - Filling up the DagBag from /home/airflow/.local/lib/python3.12/site-packages/airflow/example_dags/example_subdag_operator.py
[2025-01-06T12:34:14.087+0000] {processor.py:925} INFO - DAG(s) 'example_subdag_operator.section-1', 'example_subdag_operator.section-2', 'example_subdag_operator' retrieved from /home/airflow/.local/lib/python3.12/site-packages/airflow/example_dags/example_subdag_operator.py
[2025-01-06T12:34:14.095+0000] {logging_mixin.py:190} INFO - [2025-01-06T12:34:14.095+0000] {dag.py:3239} INFO - Sync 3 DAGs
[2025-01-06T12:34:14.110+0000] {logging_mixin.py:190} INFO - [2025-01-06T12:34:14.109+0000] {dag.py:4180} INFO - Setting next_dagrun for example_subdag_operator to 2022-01-01 00:00:00+00:00, run_after=2022-01-01 00:00:00+00:00
[2025-01-06T12:34:14.112+0000] {logging_mixin.py:190} INFO - [2025-01-06T12:34:14.112+0000] {dag.py:4180} INFO - Setting next_dagrun for example_subdag_operator.section-1 to None, run_after=None
[2025-01-06T12:34:14.113+0000] {logging_mixin.py:190} INFO - [2025-01-06T12:34:14.113+0000] {dag.py:4180} INFO - Setting next_dagrun for example_subdag_operator.section-2 to None, run_after=None
[2025-01-06T12:34:14.116+0000] {logging_mixin.py:190} INFO - [2025-01-06T12:34:14.116+0000] {dag.py:3239} INFO - Sync 2 DAGs
[2025-01-06T12:34:14.118+0000] {logging_mixin.py:190} INFO - [2025-01-06T12:34:14.118+0000] {dag.py:4180} INFO - Setting next_dagrun for example_subdag_operator.section-1 to None, run_after=None
[2025-01-06T12:34:14.119+0000] {logging_mixin.py:190} INFO - [2025-01-06T12:34:14.119+0000] {dag.py:4180} INFO - Setting next_dagrun for example_subdag_operator.section-2 to None, run_after=None
[2025-01-06T12:34:14.124+0000] {processor.py:208} INFO - Processing /home/airflow/.local/lib/python3.12/site-packages/airflow/example_dags/example_subdag_operator.py took 0.072 seconds
[2025-01-06T12:34:44.375+0000] {processor.py:186} INFO - Started process (PID=241) to work on /home/airflow/.local/lib/python3.12/site-packages/airflow/example_dags/example_subdag_operator.py
[2025-01-06T12:34:44.375+0000] {processor.py:914} INFO - Processing file /home/airflow/.local/lib/python3.12/site-packages/airflow/example_dags/example_subdag_operator.py for tasks to queue
[2025-01-06T12:34:44.376+0000] {logging_mixin.py:190} INFO - [2025-01-06T12:34:44.376+0000] {dagbag.py:588} INFO - Filling up the DagBag from /home/airflow/.local/lib/python3.12/site-packages/airflow/example_dags/example_subdag_operator.py
[2025-01-06T12:34:44.387+0000] {processor.py:925} INFO - DAG(s) 'example_subdag_operator.section-1', 'example_subdag_operator.section-2', 'example_subdag_operator' retrieved from /home/airflow/.local/lib/python3.12/site-packages/airflow/example_dags/example_subdag_operator.py
[2025-01-06T12:34:44.392+0000] {logging_mixin.py:190} INFO - [2025-01-06T12:34:44.392+0000] {dag.py:3239} INFO - Sync 3 DAGs
[2025-01-06T12:34:44.401+0000] {logging_mixin.py:190} INFO - [2025-01-06T12:34:44.401+0000] {dag.py:4180} INFO - Setting next_dagrun for example_subdag_operator to 2022-01-01 00:00:00+00:00, run_after=2022-01-01 00:00:00+00:00
[2025-01-06T12:34:44.403+0000] {logging_mixin.py:190} INFO - [2025-01-06T12:34:44.403+0000] {dag.py:4180} INFO - Setting next_dagrun for example_subdag_operator.section-1 to None, run_after=None
[2025-01-06T12:34:44.403+0000] {logging_mixin.py:190} INFO - [2025-01-06T12:34:44.403+0000] {dag.py:4180} INFO - Setting next_dagrun for example_subdag_operator.section-2 to None, run_after=None
[2025-01-06T12:34:44.406+0000] {logging_mixin.py:190} INFO - [2025-01-06T12:34:44.406+0000] {dag.py:3239} INFO - Sync 2 DAGs
[2025-01-06T12:34:44.408+0000] {logging_mixin.py:190} INFO - [2025-01-06T12:34:44.408+0000] {dag.py:4180} INFO - Setting next_dagrun for example_subdag_operator.section-1 to None, run_after=None
[2025-01-06T12:34:44.408+0000] {logging_mixin.py:190} INFO - [2025-01-06T12:34:44.408+0000] {dag.py:4180} INFO - Setting next_dagrun for example_subdag_operator.section-2 to None, run_after=None
[2025-01-06T12:34:44.411+0000] {processor.py:208} INFO - Processing /home/airflow/.local/lib/python3.12/site-packages/airflow/example_dags/example_subdag_operator.py took 0.039 seconds
[2025-01-06T12:35:15.697+0000] {processor.py:186} INFO - Started process (PID=299) to work on /home/airflow/.local/lib/python3.12/site-packages/airflow/example_dags/example_subdag_operator.py
[2025-01-06T12:35:15.697+0000] {processor.py:914} INFO - Processing file /home/airflow/.local/lib/python3.12/site-packages/airflow/example_dags/example_subdag_operator.py for tasks to queue
[2025-01-06T12:35:15.698+0000] {logging_mixin.py:190} INFO - [2025-01-06T12:35:15.698+0000] {dagbag.py:588} INFO - Filling up the DagBag from /home/airflow/.local/lib/python3.12/site-packages/airflow/example_dags/example_subdag_operator.py
[2025-01-06T12:35:15.709+0000] {processor.py:925} INFO - DAG(s) 'example_subdag_operator.section-1', 'example_subdag_operator.section-2', 'example_subdag_operator' retrieved from /home/airflow/.local/lib/python3.12/site-packages/airflow/example_dags/example_subdag_operator.py
[2025-01-06T12:35:15.714+0000] {logging_mixin.py:190} INFO - [2025-01-06T12:35:15.714+0000] {dag.py:3239} INFO - Sync 3 DAGs
[2025-01-06T12:35:15.723+0000] {logging_mixin.py:190} INFO - [2025-01-06T12:35:15.723+0000] {dag.py:4180} INFO - Setting next_dagrun for example_subdag_operator to 2022-01-01 00:00:00+00:00, run_after=2022-01-01 00:00:00+00:00
[2025-01-06T12:35:15.725+0000] {logging_mixin.py:190} INFO - [2025-01-06T12:35:15.725+0000] {dag.py:4180} INFO - Setting next_dagrun for example_subdag_operator.section-1 to None, run_after=None
[2025-01-06T12:35:15.726+0000] {logging_mixin.py:190} INFO - [2025-01-06T12:35:15.726+0000] {dag.py:4180} INFO - Setting next_dagrun for example_subdag_operator.section-2 to None, run_after=None
[2025-01-06T12:35:15.729+0000] {logging_mixin.py:190} INFO - [2025-01-06T12:35:15.728+0000] {dag.py:3239} INFO - Sync 2 DAGs
[2025-01-06T12:35:15.731+0000] {logging_mixin.py:190} INFO - [2025-01-06T12:35:15.731+0000] {dag.py:4180} INFO - Setting next_dagrun for example_subdag_operator.section-1 to None, run_after=None
[2025-01-06T12:35:15.731+0000] {logging_mixin.py:190} INFO - [2025-01-06T12:35:15.731+0000] {dag.py:4180} INFO - Setting next_dagrun for example_subdag_operator.section-2 to None, run_after=None
[2025-01-06T12:35:15.735+0000] {processor.py:208} INFO - Processing /home/airflow/.local/lib/python3.12/site-packages/airflow/example_dags/example_subdag_operator.py took 0.041 seconds
[2025-01-06T12:35:46.877+0000] {processor.py:186} INFO - Started process (PID=357) to work on /home/airflow/.local/lib/python3.12/site-packages/airflow/example_dags/example_subdag_operator.py
[2025-01-06T12:35:46.878+0000] {processor.py:914} INFO - Processing file /home/airflow/.local/lib/python3.12/site-packages/airflow/example_dags/example_subdag_operator.py for tasks to queue
[2025-01-06T12:35:46.879+0000] {logging_mixin.py:190} INFO - [2025-01-06T12:35:46.879+0000] {dagbag.py:588} INFO - Filling up the DagBag from /home/airflow/.local/lib/python3.12/site-packages/airflow/example_dags/example_subdag_operator.py
[2025-01-06T12:35:46.888+0000] {processor.py:925} INFO - DAG(s) 'example_subdag_operator.section-1', 'example_subdag_operator.section-2', 'example_subdag_operator' retrieved from /home/airflow/.local/lib/python3.12/site-packages/airflow/example_dags/example_subdag_operator.py
[2025-01-06T12:35:46.894+0000] {logging_mixin.py:190} INFO - [2025-01-06T12:35:46.894+0000] {dag.py:3239} INFO - Sync 3 DAGs
[2025-01-06T12:35:46.902+0000] {logging_mixin.py:190} INFO - [2025-01-06T12:35:46.902+0000] {dag.py:4180} INFO - Setting next_dagrun for example_subdag_operator to 2022-01-01 00:00:00+00:00, run_after=2022-01-01 00:00:00+00:00
[2025-01-06T12:35:46.904+0000] {logging_mixin.py:190} INFO - [2025-01-06T12:35:46.904+0000] {dag.py:4180} INFO - Setting next_dagrun for example_subdag_operator.section-1 to None, run_after=None
[2025-01-06T12:35:46.904+0000] {logging_mixin.py:190} INFO - [2025-01-06T12:35:46.904+0000] {dag.py:4180} INFO - Setting next_dagrun for example_subdag_operator.section-2 to None, run_after=None
[2025-01-06T12:35:46.907+0000] {logging_mixin.py:190} INFO - [2025-01-06T12:35:46.907+0000] {dag.py:3239} INFO - Sync 2 DAGs
[2025-01-06T12:35:46.909+0000] {logging_mixin.py:190} INFO - [2025-01-06T12:35:46.908+0000] {dag.py:4180} INFO - Setting next_dagrun for example_subdag_operator.section-1 to None, run_after=None
[2025-01-06T12:35:46.909+0000] {logging_mixin.py:190} INFO - [2025-01-06T12:35:46.909+0000] {dag.py:4180} INFO - Setting next_dagrun for example_subdag_operator.section-2 to None, run_after=None
[2025-01-06T12:35:46.912+0000] {processor.py:208} INFO - Processing /home/airflow/.local/lib/python3.12/site-packages/airflow/example_dags/example_subdag_operator.py took 0.037 seconds
[2025-01-06T12:36:18.109+0000] {processor.py:186} INFO - Started process (PID=415) to work on /home/airflow/.local/lib/python3.12/site-packages/airflow/example_dags/example_subdag_operator.py
[2025-01-06T12:36:18.110+0000] {processor.py:914} INFO - Processing file /home/airflow/.local/lib/python3.12/site-packages/airflow/example_dags/example_subdag_operator.py for tasks to queue
[2025-01-06T12:36:18.111+0000] {logging_mixin.py:190} INFO - [2025-01-06T12:36:18.111+0000] {dagbag.py:588} INFO - Filling up the DagBag from /home/airflow/.local/lib/python3.12/site-packages/airflow/example_dags/example_subdag_operator.py
[2025-01-06T12:36:18.121+0000] {processor.py:925} INFO - DAG(s) 'example_subdag_operator.section-1', 'example_subdag_operator.section-2', 'example_subdag_operator' retrieved from /home/airflow/.local/lib/python3.12/site-packages/airflow/example_dags/example_subdag_operator.py
[2025-01-06T12:36:18.127+0000] {logging_mixin.py:190} INFO - [2025-01-06T12:36:18.127+0000] {dag.py:3239} INFO - Sync 3 DAGs
[2025-01-06T12:36:18.136+0000] {logging_mixin.py:190} INFO - [2025-01-06T12:36:18.136+0000] {dag.py:4180} INFO - Setting next_dagrun for example_subdag_operator to 2022-01-01 00:00:00+00:00, run_after=2022-01-01 00:00:00+00:00
[2025-01-06T12:36:18.137+0000] {logging_mixin.py:190} INFO - [2025-01-06T12:36:18.137+0000] {dag.py:4180} INFO - Setting next_dagrun for example_subdag_operator.section-1 to None, run_after=None
[2025-01-06T12:36:18.138+0000] {logging_mixin.py:190} INFO - [2025-01-06T12:36:18.138+0000] {dag.py:4180} INFO - Setting next_dagrun for example_subdag_operator.section-2 to None, run_after=None
[2025-01-06T12:36:18.140+0000] {logging_mixin.py:190} INFO - [2025-01-06T12:36:18.140+0000] {dag.py:3239} INFO - Sync 2 DAGs
[2025-01-06T12:36:18.142+0000] {logging_mixin.py:190} INFO - [2025-01-06T12:36:18.142+0000] {dag.py:4180} INFO - Setting next_dagrun for example_subdag_operator.section-1 to None, run_after=None
[2025-01-06T12:36:18.142+0000] {logging_mixin.py:190} INFO - [2025-01-06T12:36:18.142+0000] {dag.py:4180} INFO - Setting next_dagrun for example_subdag_operator.section-2 to None, run_after=None
[2025-01-06T12:36:18.145+0000] {processor.py:208} INFO - Processing /home/airflow/.local/lib/python3.12/site-packages/airflow/example_dags/example_subdag_operator.py took 0.039 seconds
[2025-01-06T12:36:48.659+0000] {processor.py:186} INFO - Started process (PID=473) to work on /home/airflow/.local/lib/python3.12/site-packages/airflow/example_dags/example_subdag_operator.py
[2025-01-06T12:36:48.660+0000] {processor.py:914} INFO - Processing file /home/airflow/.local/lib/python3.12/site-packages/airflow/example_dags/example_subdag_operator.py for tasks to queue
[2025-01-06T12:36:48.661+0000] {logging_mixin.py:190} INFO - [2025-01-06T12:36:48.661+0000] {dagbag.py:588} INFO - Filling up the DagBag from /home/airflow/.local/lib/python3.12/site-packages/airflow/example_dags/example_subdag_operator.py
[2025-01-06T12:36:48.673+0000] {processor.py:925} INFO - DAG(s) 'example_subdag_operator.section-1', 'example_subdag_operator.section-2', 'example_subdag_operator' retrieved from /home/airflow/.local/lib/python3.12/site-packages/airflow/example_dags/example_subdag_operator.py
[2025-01-06T12:36:48.679+0000] {logging_mixin.py:190} INFO - [2025-01-06T12:36:48.679+0000] {dag.py:3239} INFO - Sync 3 DAGs
[2025-01-06T12:36:48.687+0000] {logging_mixin.py:190} INFO - [2025-01-06T12:36:48.687+0000] {dag.py:4180} INFO - Setting next_dagrun for example_subdag_operator to 2022-01-01 00:00:00+00:00, run_after=2022-01-01 00:00:00+00:00
[2025-01-06T12:36:48.689+0000] {logging_mixin.py:190} INFO - [2025-01-06T12:36:48.689+0000] {dag.py:4180} INFO - Setting next_dagrun for example_subdag_operator.section-1 to None, run_after=None
[2025-01-06T12:36:48.690+0000] {logging_mixin.py:190} INFO - [2025-01-06T12:36:48.690+0000] {dag.py:4180} INFO - Setting next_dagrun for example_subdag_operator.section-2 to None, run_after=None
[2025-01-06T12:36:48.693+0000] {logging_mixin.py:190} INFO - [2025-01-06T12:36:48.693+0000] {dag.py:3239} INFO - Sync 2 DAGs
[2025-01-06T12:36:48.695+0000] {logging_mixin.py:190} INFO - [2025-01-06T12:36:48.695+0000] {dag.py:4180} INFO - Setting next_dagrun for example_subdag_operator.section-1 to None, run_after=None
[2025-01-06T12:36:48.695+0000] {logging_mixin.py:190} INFO - [2025-01-06T12:36:48.695+0000] {dag.py:4180} INFO - Setting next_dagrun for example_subdag_operator.section-2 to None, run_after=None
[2025-01-06T12:36:48.699+0000] {processor.py:208} INFO - Processing /home/airflow/.local/lib/python3.12/site-packages/airflow/example_dags/example_subdag_operator.py took 0.043 seconds
[2025-01-06T12:37:19.722+0000] {processor.py:186} INFO - Started process (PID=531) to work on /home/airflow/.local/lib/python3.12/site-packages/airflow/example_dags/example_subdag_operator.py
[2025-01-06T12:37:19.723+0000] {processor.py:914} INFO - Processing file /home/airflow/.local/lib/python3.12/site-packages/airflow/example_dags/example_subdag_operator.py for tasks to queue
[2025-01-06T12:37:19.724+0000] {logging_mixin.py:190} INFO - [2025-01-06T12:37:19.723+0000] {dagbag.py:588} INFO - Filling up the DagBag from /home/airflow/.local/lib/python3.12/site-packages/airflow/example_dags/example_subdag_operator.py
[2025-01-06T12:37:19.734+0000] {processor.py:925} INFO - DAG(s) 'example_subdag_operator.section-1', 'example_subdag_operator.section-2', 'example_subdag_operator' retrieved from /home/airflow/.local/lib/python3.12/site-packages/airflow/example_dags/example_subdag_operator.py
[2025-01-06T12:37:19.739+0000] {logging_mixin.py:190} INFO - [2025-01-06T12:37:19.739+0000] {dag.py:3239} INFO - Sync 3 DAGs
[2025-01-06T12:37:19.748+0000] {logging_mixin.py:190} INFO - [2025-01-06T12:37:19.748+0000] {dag.py:4180} INFO - Setting next_dagrun for example_subdag_operator to 2022-01-01 00:00:00+00:00, run_after=2022-01-01 00:00:00+00:00
[2025-01-06T12:37:19.749+0000] {logging_mixin.py:190} INFO - [2025-01-06T12:37:19.749+0000] {dag.py:4180} INFO - Setting next_dagrun for example_subdag_operator.section-1 to None, run_after=None
[2025-01-06T12:37:19.750+0000] {logging_mixin.py:190} INFO - [2025-01-06T12:37:19.750+0000] {dag.py:4180} INFO - Setting next_dagrun for example_subdag_operator.section-2 to None, run_after=None
[2025-01-06T12:37:19.752+0000] {logging_mixin.py:190} INFO - [2025-01-06T12:37:19.752+0000] {dag.py:3239} INFO - Sync 2 DAGs
[2025-01-06T12:37:19.754+0000] {logging_mixin.py:190} INFO - [2025-01-06T12:37:19.754+0000] {dag.py:4180} INFO - Setting next_dagrun for example_subdag_operator.section-1 to None, run_after=None
[2025-01-06T12:37:19.755+0000] {logging_mixin.py:190} INFO - [2025-01-06T12:37:19.755+0000] {dag.py:4180} INFO - Setting next_dagrun for example_subdag_operator.section-2 to None, run_after=None
[2025-01-06T12:37:19.758+0000] {processor.py:208} INFO - Processing /home/airflow/.local/lib/python3.12/site-packages/airflow/example_dags/example_subdag_operator.py took 0.038 seconds
