[2025-01-06T12:17:46.998+0000] {processor.py:186} INFO - Started process (PID=45) to work on /home/airflow/.local/lib/python3.12/site-packages/airflow/example_dags/example_inlet_event_extra.py
[2025-01-06T12:17:46.998+0000] {processor.py:914} INFO - Processing file /home/airflow/.local/lib/python3.12/site-packages/airflow/example_dags/example_inlet_event_extra.py for tasks to queue
[2025-01-06T12:17:46.999+0000] {logging_mixin.py:190} INFO - [2025-01-06T12:17:46.999+0000] {dagbag.py:588} INFO - Filling up the DagBag from /home/airflow/.local/lib/python3.12/site-packages/airflow/example_dags/example_inlet_event_extra.py
[2025-01-06T12:17:47.314+0000] {processor.py:925} INFO - DAG(s) 'read_dataset_event_from_classic', 'read_dataset_event' retrieved from /home/airflow/.local/lib/python3.12/site-packages/airflow/example_dags/example_inlet_event_extra.py
[2025-01-06T12:18:00.920+0000] {processor.py:186} INFO - Started process (PID=45) to work on /home/airflow/.local/lib/python3.12/site-packages/airflow/example_dags/example_inlet_event_extra.py
[2025-01-06T12:18:00.921+0000] {processor.py:914} INFO - Processing file /home/airflow/.local/lib/python3.12/site-packages/airflow/example_dags/example_inlet_event_extra.py for tasks to queue
[2025-01-06T12:18:00.922+0000] {logging_mixin.py:190} INFO - [2025-01-06T12:18:00.921+0000] {dagbag.py:588} INFO - Filling up the DagBag from /home/airflow/.local/lib/python3.12/site-packages/airflow/example_dags/example_inlet_event_extra.py
[2025-01-06T12:18:01.214+0000] {processor.py:925} INFO - DAG(s) 'read_dataset_event', 'read_dataset_event_from_classic' retrieved from /home/airflow/.local/lib/python3.12/site-packages/airflow/example_dags/example_inlet_event_extra.py
[2025-01-06T12:18:14.521+0000] {processor.py:186} INFO - Started process (PID=45) to work on /home/airflow/.local/lib/python3.12/site-packages/airflow/example_dags/example_inlet_event_extra.py
[2025-01-06T12:18:14.521+0000] {processor.py:914} INFO - Processing file /home/airflow/.local/lib/python3.12/site-packages/airflow/example_dags/example_inlet_event_extra.py for tasks to queue
[2025-01-06T12:18:14.522+0000] {logging_mixin.py:190} INFO - [2025-01-06T12:18:14.522+0000] {dagbag.py:588} INFO - Filling up the DagBag from /home/airflow/.local/lib/python3.12/site-packages/airflow/example_dags/example_inlet_event_extra.py
[2025-01-06T12:18:14.781+0000] {processor.py:925} INFO - DAG(s) 'read_dataset_event', 'read_dataset_event_from_classic' retrieved from /home/airflow/.local/lib/python3.12/site-packages/airflow/example_dags/example_inlet_event_extra.py
[2025-01-06T12:18:14.824+0000] {logging_mixin.py:190} INFO - [2025-01-06T12:18:14.823+0000] {override.py:1911} INFO - Created Permission View: can delete on DAG:read_dataset_event
[2025-01-06T12:18:14.828+0000] {logging_mixin.py:190} INFO - [2025-01-06T12:18:14.828+0000] {override.py:1911} INFO - Created Permission View: can edit on DAG:read_dataset_event
[2025-01-06T12:18:14.830+0000] {logging_mixin.py:190} INFO - [2025-01-06T12:18:14.830+0000] {override.py:1911} INFO - Created Permission View: can read on DAG:read_dataset_event
[2025-01-06T12:18:14.832+0000] {logging_mixin.py:190} INFO - [2025-01-06T12:18:14.832+0000] {override.py:1911} INFO - Created Permission View: can delete on DAG Run:read_dataset_event
[2025-01-06T12:18:14.834+0000] {logging_mixin.py:190} INFO - [2025-01-06T12:18:14.834+0000] {override.py:1911} INFO - Created Permission View: menu access on DAG Run:read_dataset_event
[2025-01-06T12:18:14.836+0000] {logging_mixin.py:190} INFO - [2025-01-06T12:18:14.836+0000] {override.py:1911} INFO - Created Permission View: can read on DAG Run:read_dataset_event
[2025-01-06T12:18:14.838+0000] {logging_mixin.py:190} INFO - [2025-01-06T12:18:14.838+0000] {override.py:1911} INFO - Created Permission View: can create on DAG Run:read_dataset_event
[2025-01-06T12:18:14.841+0000] {logging_mixin.py:190} INFO - [2025-01-06T12:18:14.841+0000] {override.py:1911} INFO - Created Permission View: can delete on DAG:read_dataset_event_from_classic
[2025-01-06T12:18:14.843+0000] {logging_mixin.py:190} INFO - [2025-01-06T12:18:14.843+0000] {override.py:1911} INFO - Created Permission View: can edit on DAG:read_dataset_event_from_classic
[2025-01-06T12:18:14.845+0000] {logging_mixin.py:190} INFO - [2025-01-06T12:18:14.845+0000] {override.py:1911} INFO - Created Permission View: can read on DAG:read_dataset_event_from_classic
[2025-01-06T12:18:14.847+0000] {logging_mixin.py:190} INFO - [2025-01-06T12:18:14.847+0000] {override.py:1911} INFO - Created Permission View: can delete on DAG Run:read_dataset_event_from_classic
[2025-01-06T12:18:14.848+0000] {logging_mixin.py:190} INFO - [2025-01-06T12:18:14.848+0000] {override.py:1911} INFO - Created Permission View: menu access on DAG Run:read_dataset_event_from_classic
[2025-01-06T12:18:14.850+0000] {logging_mixin.py:190} INFO - [2025-01-06T12:18:14.850+0000] {override.py:1911} INFO - Created Permission View: can read on DAG Run:read_dataset_event_from_classic
[2025-01-06T12:18:14.851+0000] {logging_mixin.py:190} INFO - [2025-01-06T12:18:14.851+0000] {override.py:1911} INFO - Created Permission View: can create on DAG Run:read_dataset_event_from_classic
[2025-01-06T12:18:14.851+0000] {logging_mixin.py:190} INFO - [2025-01-06T12:18:14.851+0000] {dag.py:3239} INFO - Sync 2 DAGs
[2025-01-06T12:18:14.856+0000] {logging_mixin.py:190} INFO - [2025-01-06T12:18:14.856+0000] {dag.py:3262} INFO - Creating ORM DAG for read_dataset_event
[2025-01-06T12:18:14.856+0000] {logging_mixin.py:190} INFO - [2025-01-06T12:18:14.856+0000] {dag.py:3262} INFO - Creating ORM DAG for read_dataset_event_from_classic
[2025-01-06T12:18:14.860+0000] {logging_mixin.py:190} INFO - [2025-01-06T12:18:14.859+0000] {dag.py:4180} INFO - Setting next_dagrun for read_dataset_event to 2025-01-05 00:00:00+00:00, run_after=2025-01-06 00:00:00+00:00
[2025-01-06T12:18:14.860+0000] {logging_mixin.py:190} INFO - [2025-01-06T12:18:14.860+0000] {dag.py:4180} INFO - Setting next_dagrun for read_dataset_event_from_classic to 2025-01-05 00:00:00+00:00, run_after=2025-01-06 00:00:00+00:00
[2025-01-06T12:18:14.866+0000] {processor.py:208} INFO - Processing /home/airflow/.local/lib/python3.12/site-packages/airflow/example_dags/example_inlet_event_extra.py took 0.347 seconds
[2025-01-06T12:18:28.507+0000] {processor.py:186} INFO - Started process (PID=45) to work on /home/airflow/.local/lib/python3.12/site-packages/airflow/example_dags/example_inlet_event_extra.py
[2025-01-06T12:18:28.507+0000] {processor.py:914} INFO - Processing file /home/airflow/.local/lib/python3.12/site-packages/airflow/example_dags/example_inlet_event_extra.py for tasks to queue
[2025-01-06T12:18:28.511+0000] {logging_mixin.py:190} INFO - [2025-01-06T12:18:28.511+0000] {dagbag.py:588} INFO - Filling up the DagBag from /home/airflow/.local/lib/python3.12/site-packages/airflow/example_dags/example_inlet_event_extra.py
[2025-01-06T12:18:28.788+0000] {processor.py:925} INFO - DAG(s) 'read_dataset_event', 'read_dataset_event_from_classic' retrieved from /home/airflow/.local/lib/python3.12/site-packages/airflow/example_dags/example_inlet_event_extra.py
[2025-01-06T12:18:28.793+0000] {logging_mixin.py:190} INFO - [2025-01-06T12:18:28.793+0000] {dag.py:3239} INFO - Sync 2 DAGs
[2025-01-06T12:18:28.804+0000] {logging_mixin.py:190} INFO - [2025-01-06T12:18:28.804+0000] {dag.py:4180} INFO - Setting next_dagrun for read_dataset_event to 2025-01-05 00:00:00+00:00, run_after=2025-01-06 00:00:00+00:00
[2025-01-06T12:18:28.806+0000] {logging_mixin.py:190} INFO - [2025-01-06T12:18:28.806+0000] {dag.py:4180} INFO - Setting next_dagrun for read_dataset_event_from_classic to 2025-01-05 00:00:00+00:00, run_after=2025-01-06 00:00:00+00:00
[2025-01-06T12:18:28.812+0000] {processor.py:208} INFO - Processing /home/airflow/.local/lib/python3.12/site-packages/airflow/example_dags/example_inlet_event_extra.py took 0.307 seconds
[2025-01-06T12:18:39.592+0000] {processor.py:186} INFO - Started process (PID=45) to work on /home/airflow/.local/lib/python3.12/site-packages/airflow/example_dags/example_inlet_event_extra.py
[2025-01-06T12:18:39.593+0000] {processor.py:914} INFO - Processing file /home/airflow/.local/lib/python3.12/site-packages/airflow/example_dags/example_inlet_event_extra.py for tasks to queue
[2025-01-06T12:18:39.594+0000] {logging_mixin.py:190} INFO - [2025-01-06T12:18:39.594+0000] {dagbag.py:588} INFO - Filling up the DagBag from /home/airflow/.local/lib/python3.12/site-packages/airflow/example_dags/example_inlet_event_extra.py
[2025-01-06T12:18:39.877+0000] {processor.py:925} INFO - DAG(s) 'read_dataset_event_from_classic', 'read_dataset_event' retrieved from /home/airflow/.local/lib/python3.12/site-packages/airflow/example_dags/example_inlet_event_extra.py
[2025-01-06T12:18:39.882+0000] {logging_mixin.py:190} INFO - [2025-01-06T12:18:39.882+0000] {dag.py:3239} INFO - Sync 2 DAGs
[2025-01-06T12:18:39.892+0000] {logging_mixin.py:190} INFO - [2025-01-06T12:18:39.892+0000] {dag.py:4180} INFO - Setting next_dagrun for read_dataset_event to 2025-01-05 00:00:00+00:00, run_after=2025-01-06 00:00:00+00:00
[2025-01-06T12:18:39.894+0000] {logging_mixin.py:190} INFO - [2025-01-06T12:18:39.894+0000] {dag.py:4180} INFO - Setting next_dagrun for read_dataset_event_from_classic to 2025-01-05 00:00:00+00:00, run_after=2025-01-06 00:00:00+00:00
[2025-01-06T12:18:39.900+0000] {processor.py:208} INFO - Processing /home/airflow/.local/lib/python3.12/site-packages/airflow/example_dags/example_inlet_event_extra.py took 0.311 seconds
[2025-01-06T12:19:05.714+0000] {processor.py:186} INFO - Started process (PID=45) to work on /home/airflow/.local/lib/python3.12/site-packages/airflow/example_dags/example_inlet_event_extra.py
[2025-01-06T12:19:05.715+0000] {processor.py:914} INFO - Processing file /home/airflow/.local/lib/python3.12/site-packages/airflow/example_dags/example_inlet_event_extra.py for tasks to queue
[2025-01-06T12:19:05.716+0000] {logging_mixin.py:190} INFO - [2025-01-06T12:19:05.716+0000] {dagbag.py:588} INFO - Filling up the DagBag from /home/airflow/.local/lib/python3.12/site-packages/airflow/example_dags/example_inlet_event_extra.py
[2025-01-06T12:19:18.413+0000] {processor.py:186} INFO - Started process (PID=45) to work on /home/airflow/.local/lib/python3.12/site-packages/airflow/example_dags/example_inlet_event_extra.py
[2025-01-06T12:19:18.413+0000] {processor.py:914} INFO - Processing file /home/airflow/.local/lib/python3.12/site-packages/airflow/example_dags/example_inlet_event_extra.py for tasks to queue
[2025-01-06T12:19:18.414+0000] {logging_mixin.py:190} INFO - [2025-01-06T12:19:18.414+0000] {dagbag.py:588} INFO - Filling up the DagBag from /home/airflow/.local/lib/python3.12/site-packages/airflow/example_dags/example_inlet_event_extra.py
[2025-01-06T12:19:18.670+0000] {processor.py:925} INFO - DAG(s) 'read_dataset_event', 'read_dataset_event_from_classic' retrieved from /home/airflow/.local/lib/python3.12/site-packages/airflow/example_dags/example_inlet_event_extra.py
[2025-01-06T12:19:18.678+0000] {logging_mixin.py:190} INFO - [2025-01-06T12:19:18.678+0000] {dag.py:3239} INFO - Sync 2 DAGs
[2025-01-06T12:19:18.687+0000] {logging_mixin.py:190} INFO - [2025-01-06T12:19:18.687+0000] {dag.py:4180} INFO - Setting next_dagrun for read_dataset_event to 2025-01-05 00:00:00+00:00, run_after=2025-01-06 00:00:00+00:00
[2025-01-06T12:19:18.689+0000] {logging_mixin.py:190} INFO - [2025-01-06T12:19:18.689+0000] {dag.py:4180} INFO - Setting next_dagrun for read_dataset_event_from_classic to 2025-01-05 00:00:00+00:00, run_after=2025-01-06 00:00:00+00:00
[2025-01-06T12:19:18.695+0000] {processor.py:208} INFO - Processing /home/airflow/.local/lib/python3.12/site-packages/airflow/example_dags/example_inlet_event_extra.py took 0.285 seconds
[2025-01-06T12:33:11.834+0000] {processor.py:186} INFO - Started process (PID=47) to work on /home/airflow/.local/lib/python3.12/site-packages/airflow/example_dags/example_inlet_event_extra.py
[2025-01-06T12:33:11.835+0000] {processor.py:914} INFO - Processing file /home/airflow/.local/lib/python3.12/site-packages/airflow/example_dags/example_inlet_event_extra.py for tasks to queue
[2025-01-06T12:33:11.836+0000] {logging_mixin.py:190} INFO - [2025-01-06T12:33:11.835+0000] {dagbag.py:588} INFO - Filling up the DagBag from /home/airflow/.local/lib/python3.12/site-packages/airflow/example_dags/example_inlet_event_extra.py
[2025-01-06T12:33:12.084+0000] {processor.py:925} INFO - DAG(s) 'read_dataset_event_from_classic', 'read_dataset_event' retrieved from /home/airflow/.local/lib/python3.12/site-packages/airflow/example_dags/example_inlet_event_extra.py
[2025-01-06T12:33:12.120+0000] {logging_mixin.py:190} INFO - [2025-01-06T12:33:12.120+0000] {override.py:1911} INFO - Created Permission View: can delete on DAG:read_dataset_event_from_classic
[2025-01-06T12:33:12.124+0000] {logging_mixin.py:190} INFO - [2025-01-06T12:33:12.124+0000] {override.py:1911} INFO - Created Permission View: can read on DAG:read_dataset_event_from_classic
[2025-01-06T12:33:12.126+0000] {logging_mixin.py:190} INFO - [2025-01-06T12:33:12.126+0000] {override.py:1911} INFO - Created Permission View: can edit on DAG:read_dataset_event_from_classic
[2025-01-06T12:33:12.128+0000] {logging_mixin.py:190} INFO - [2025-01-06T12:33:12.128+0000] {override.py:1911} INFO - Created Permission View: menu access on DAG Run:read_dataset_event_from_classic
[2025-01-06T12:33:12.130+0000] {logging_mixin.py:190} INFO - [2025-01-06T12:33:12.130+0000] {override.py:1911} INFO - Created Permission View: can delete on DAG Run:read_dataset_event_from_classic
[2025-01-06T12:33:12.132+0000] {logging_mixin.py:190} INFO - [2025-01-06T12:33:12.131+0000] {override.py:1911} INFO - Created Permission View: can read on DAG Run:read_dataset_event_from_classic
[2025-01-06T12:33:12.133+0000] {logging_mixin.py:190} INFO - [2025-01-06T12:33:12.133+0000] {override.py:1911} INFO - Created Permission View: can create on DAG Run:read_dataset_event_from_classic
[2025-01-06T12:33:12.137+0000] {logging_mixin.py:190} INFO - [2025-01-06T12:33:12.137+0000] {override.py:1911} INFO - Created Permission View: can delete on DAG:read_dataset_event
[2025-01-06T12:33:12.139+0000] {logging_mixin.py:190} INFO - [2025-01-06T12:33:12.139+0000] {override.py:1911} INFO - Created Permission View: can read on DAG:read_dataset_event
[2025-01-06T12:33:12.140+0000] {logging_mixin.py:190} INFO - [2025-01-06T12:33:12.140+0000] {override.py:1911} INFO - Created Permission View: can edit on DAG:read_dataset_event
[2025-01-06T12:33:12.142+0000] {logging_mixin.py:190} INFO - [2025-01-06T12:33:12.142+0000] {override.py:1911} INFO - Created Permission View: menu access on DAG Run:read_dataset_event
[2025-01-06T12:33:12.143+0000] {logging_mixin.py:190} INFO - [2025-01-06T12:33:12.143+0000] {override.py:1911} INFO - Created Permission View: can delete on DAG Run:read_dataset_event
[2025-01-06T12:33:12.145+0000] {logging_mixin.py:190} INFO - [2025-01-06T12:33:12.145+0000] {override.py:1911} INFO - Created Permission View: can read on DAG Run:read_dataset_event
[2025-01-06T12:33:12.148+0000] {logging_mixin.py:190} INFO - [2025-01-06T12:33:12.148+0000] {override.py:1911} INFO - Created Permission View: can create on DAG Run:read_dataset_event
[2025-01-06T12:33:12.148+0000] {logging_mixin.py:190} INFO - [2025-01-06T12:33:12.148+0000] {dag.py:3239} INFO - Sync 2 DAGs
[2025-01-06T12:33:12.153+0000] {logging_mixin.py:190} INFO - [2025-01-06T12:33:12.152+0000] {dag.py:3262} INFO - Creating ORM DAG for read_dataset_event
[2025-01-06T12:33:12.153+0000] {logging_mixin.py:190} INFO - [2025-01-06T12:33:12.153+0000] {dag.py:3262} INFO - Creating ORM DAG for read_dataset_event_from_classic
[2025-01-06T12:33:12.157+0000] {logging_mixin.py:190} INFO - [2025-01-06T12:33:12.157+0000] {dag.py:4180} INFO - Setting next_dagrun for read_dataset_event to 2025-01-05 00:00:00+00:00, run_after=2025-01-06 00:00:00+00:00
[2025-01-06T12:33:12.157+0000] {logging_mixin.py:190} INFO - [2025-01-06T12:33:12.157+0000] {dag.py:4180} INFO - Setting next_dagrun for read_dataset_event_from_classic to 2025-01-05 00:00:00+00:00, run_after=2025-01-06 00:00:00+00:00
[2025-01-06T12:33:12.163+0000] {processor.py:208} INFO - Processing /home/airflow/.local/lib/python3.12/site-packages/airflow/example_dags/example_inlet_event_extra.py took 0.332 seconds
[2025-01-06T12:33:43.089+0000] {processor.py:186} INFO - Started process (PID=107) to work on /home/airflow/.local/lib/python3.12/site-packages/airflow/example_dags/example_inlet_event_extra.py
[2025-01-06T12:33:43.090+0000] {processor.py:914} INFO - Processing file /home/airflow/.local/lib/python3.12/site-packages/airflow/example_dags/example_inlet_event_extra.py for tasks to queue
[2025-01-06T12:33:43.093+0000] {logging_mixin.py:190} INFO - [2025-01-06T12:33:43.092+0000] {dagbag.py:588} INFO - Filling up the DagBag from /home/airflow/.local/lib/python3.12/site-packages/airflow/example_dags/example_inlet_event_extra.py
[2025-01-06T12:33:43.358+0000] {processor.py:925} INFO - DAG(s) 'read_dataset_event_from_classic', 'read_dataset_event' retrieved from /home/airflow/.local/lib/python3.12/site-packages/airflow/example_dags/example_inlet_event_extra.py
[2025-01-06T12:33:43.366+0000] {logging_mixin.py:190} INFO - [2025-01-06T12:33:43.366+0000] {dag.py:3239} INFO - Sync 2 DAGs
[2025-01-06T12:33:43.375+0000] {logging_mixin.py:190} INFO - [2025-01-06T12:33:43.375+0000] {dag.py:4180} INFO - Setting next_dagrun for read_dataset_event to 2025-01-05 00:00:00+00:00, run_after=2025-01-06 00:00:00+00:00
[2025-01-06T12:33:43.377+0000] {logging_mixin.py:190} INFO - [2025-01-06T12:33:43.377+0000] {dag.py:4180} INFO - Setting next_dagrun for read_dataset_event_from_classic to 2025-01-05 00:00:00+00:00, run_after=2025-01-06 00:00:00+00:00
[2025-01-06T12:33:43.383+0000] {processor.py:208} INFO - Processing /home/airflow/.local/lib/python3.12/site-packages/airflow/example_dags/example_inlet_event_extra.py took 0.299 seconds
[2025-01-06T12:34:13.444+0000] {processor.py:186} INFO - Started process (PID=168) to work on /home/airflow/.local/lib/python3.12/site-packages/airflow/example_dags/example_inlet_event_extra.py
[2025-01-06T12:34:13.445+0000] {processor.py:914} INFO - Processing file /home/airflow/.local/lib/python3.12/site-packages/airflow/example_dags/example_inlet_event_extra.py for tasks to queue
[2025-01-06T12:34:13.446+0000] {logging_mixin.py:190} INFO - [2025-01-06T12:34:13.446+0000] {dagbag.py:588} INFO - Filling up the DagBag from /home/airflow/.local/lib/python3.12/site-packages/airflow/example_dags/example_inlet_event_extra.py
[2025-01-06T12:34:13.672+0000] {processor.py:925} INFO - DAG(s) 'read_dataset_event_from_classic', 'read_dataset_event' retrieved from /home/airflow/.local/lib/python3.12/site-packages/airflow/example_dags/example_inlet_event_extra.py
[2025-01-06T12:34:13.679+0000] {logging_mixin.py:190} INFO - [2025-01-06T12:34:13.679+0000] {dag.py:3239} INFO - Sync 2 DAGs
[2025-01-06T12:34:13.689+0000] {logging_mixin.py:190} INFO - [2025-01-06T12:34:13.689+0000] {dag.py:4180} INFO - Setting next_dagrun for read_dataset_event to 2025-01-05 00:00:00+00:00, run_after=2025-01-06 00:00:00+00:00
[2025-01-06T12:34:13.690+0000] {logging_mixin.py:190} INFO - [2025-01-06T12:34:13.690+0000] {dag.py:4180} INFO - Setting next_dagrun for read_dataset_event_from_classic to 2025-01-05 00:00:00+00:00, run_after=2025-01-06 00:00:00+00:00
[2025-01-06T12:34:13.697+0000] {processor.py:208} INFO - Processing /home/airflow/.local/lib/python3.12/site-packages/airflow/example_dags/example_inlet_event_extra.py took 0.255 seconds
[2025-01-06T12:34:43.843+0000] {processor.py:186} INFO - Started process (PID=227) to work on /home/airflow/.local/lib/python3.12/site-packages/airflow/example_dags/example_inlet_event_extra.py
[2025-01-06T12:34:43.843+0000] {processor.py:914} INFO - Processing file /home/airflow/.local/lib/python3.12/site-packages/airflow/example_dags/example_inlet_event_extra.py for tasks to queue
[2025-01-06T12:34:43.845+0000] {logging_mixin.py:190} INFO - [2025-01-06T12:34:43.844+0000] {dagbag.py:588} INFO - Filling up the DagBag from /home/airflow/.local/lib/python3.12/site-packages/airflow/example_dags/example_inlet_event_extra.py
[2025-01-06T12:34:44.069+0000] {processor.py:925} INFO - DAG(s) 'read_dataset_event', 'read_dataset_event_from_classic' retrieved from /home/airflow/.local/lib/python3.12/site-packages/airflow/example_dags/example_inlet_event_extra.py
[2025-01-06T12:34:44.077+0000] {logging_mixin.py:190} INFO - [2025-01-06T12:34:44.076+0000] {dag.py:3239} INFO - Sync 2 DAGs
[2025-01-06T12:34:44.085+0000] {logging_mixin.py:190} INFO - [2025-01-06T12:34:44.085+0000] {dag.py:4180} INFO - Setting next_dagrun for read_dataset_event to 2025-01-05 00:00:00+00:00, run_after=2025-01-06 00:00:00+00:00
[2025-01-06T12:34:44.087+0000] {logging_mixin.py:190} INFO - [2025-01-06T12:34:44.087+0000] {dag.py:4180} INFO - Setting next_dagrun for read_dataset_event_from_classic to 2025-01-05 00:00:00+00:00, run_after=2025-01-06 00:00:00+00:00
[2025-01-06T12:34:44.092+0000] {processor.py:208} INFO - Processing /home/airflow/.local/lib/python3.12/site-packages/airflow/example_dags/example_inlet_event_extra.py took 0.253 seconds
[2025-01-06T12:35:15.060+0000] {processor.py:186} INFO - Started process (PID=285) to work on /home/airflow/.local/lib/python3.12/site-packages/airflow/example_dags/example_inlet_event_extra.py
[2025-01-06T12:35:15.061+0000] {processor.py:914} INFO - Processing file /home/airflow/.local/lib/python3.12/site-packages/airflow/example_dags/example_inlet_event_extra.py for tasks to queue
[2025-01-06T12:35:15.063+0000] {logging_mixin.py:190} INFO - [2025-01-06T12:35:15.063+0000] {dagbag.py:588} INFO - Filling up the DagBag from /home/airflow/.local/lib/python3.12/site-packages/airflow/example_dags/example_inlet_event_extra.py
[2025-01-06T12:35:15.352+0000] {processor.py:925} INFO - DAG(s) 'read_dataset_event_from_classic', 'read_dataset_event' retrieved from /home/airflow/.local/lib/python3.12/site-packages/airflow/example_dags/example_inlet_event_extra.py
[2025-01-06T12:35:15.360+0000] {logging_mixin.py:190} INFO - [2025-01-06T12:35:15.360+0000] {dag.py:3239} INFO - Sync 2 DAGs
[2025-01-06T12:35:15.368+0000] {logging_mixin.py:190} INFO - [2025-01-06T12:35:15.368+0000] {dag.py:4180} INFO - Setting next_dagrun for read_dataset_event to 2025-01-05 00:00:00+00:00, run_after=2025-01-06 00:00:00+00:00
[2025-01-06T12:35:15.370+0000] {logging_mixin.py:190} INFO - [2025-01-06T12:35:15.370+0000] {dag.py:4180} INFO - Setting next_dagrun for read_dataset_event_from_classic to 2025-01-05 00:00:00+00:00, run_after=2025-01-06 00:00:00+00:00
[2025-01-06T12:35:15.375+0000] {processor.py:208} INFO - Processing /home/airflow/.local/lib/python3.12/site-packages/airflow/example_dags/example_inlet_event_extra.py took 0.321 seconds
[2025-01-06T12:35:46.361+0000] {processor.py:186} INFO - Started process (PID=343) to work on /home/airflow/.local/lib/python3.12/site-packages/airflow/example_dags/example_inlet_event_extra.py
[2025-01-06T12:35:46.361+0000] {processor.py:914} INFO - Processing file /home/airflow/.local/lib/python3.12/site-packages/airflow/example_dags/example_inlet_event_extra.py for tasks to queue
[2025-01-06T12:35:46.363+0000] {logging_mixin.py:190} INFO - [2025-01-06T12:35:46.363+0000] {dagbag.py:588} INFO - Filling up the DagBag from /home/airflow/.local/lib/python3.12/site-packages/airflow/example_dags/example_inlet_event_extra.py
[2025-01-06T12:35:46.591+0000] {processor.py:925} INFO - DAG(s) 'read_dataset_event', 'read_dataset_event_from_classic' retrieved from /home/airflow/.local/lib/python3.12/site-packages/airflow/example_dags/example_inlet_event_extra.py
[2025-01-06T12:35:46.599+0000] {logging_mixin.py:190} INFO - [2025-01-06T12:35:46.599+0000] {dag.py:3239} INFO - Sync 2 DAGs
[2025-01-06T12:35:46.607+0000] {logging_mixin.py:190} INFO - [2025-01-06T12:35:46.607+0000] {dag.py:4180} INFO - Setting next_dagrun for read_dataset_event to 2025-01-05 00:00:00+00:00, run_after=2025-01-06 00:00:00+00:00
[2025-01-06T12:35:46.609+0000] {logging_mixin.py:190} INFO - [2025-01-06T12:35:46.608+0000] {dag.py:4180} INFO - Setting next_dagrun for read_dataset_event_from_classic to 2025-01-05 00:00:00+00:00, run_after=2025-01-06 00:00:00+00:00
[2025-01-06T12:35:46.614+0000] {processor.py:208} INFO - Processing /home/airflow/.local/lib/python3.12/site-packages/airflow/example_dags/example_inlet_event_extra.py took 0.259 seconds
[2025-01-06T12:36:17.574+0000] {processor.py:186} INFO - Started process (PID=401) to work on /home/airflow/.local/lib/python3.12/site-packages/airflow/example_dags/example_inlet_event_extra.py
[2025-01-06T12:36:17.576+0000] {processor.py:914} INFO - Processing file /home/airflow/.local/lib/python3.12/site-packages/airflow/example_dags/example_inlet_event_extra.py for tasks to queue
[2025-01-06T12:36:17.577+0000] {logging_mixin.py:190} INFO - [2025-01-06T12:36:17.577+0000] {dagbag.py:588} INFO - Filling up the DagBag from /home/airflow/.local/lib/python3.12/site-packages/airflow/example_dags/example_inlet_event_extra.py
[2025-01-06T12:36:17.808+0000] {processor.py:925} INFO - DAG(s) 'read_dataset_event_from_classic', 'read_dataset_event' retrieved from /home/airflow/.local/lib/python3.12/site-packages/airflow/example_dags/example_inlet_event_extra.py
[2025-01-06T12:36:17.817+0000] {logging_mixin.py:190} INFO - [2025-01-06T12:36:17.816+0000] {dag.py:3239} INFO - Sync 2 DAGs
[2025-01-06T12:36:17.824+0000] {logging_mixin.py:190} INFO - [2025-01-06T12:36:17.824+0000] {dag.py:4180} INFO - Setting next_dagrun for read_dataset_event to 2025-01-05 00:00:00+00:00, run_after=2025-01-06 00:00:00+00:00
[2025-01-06T12:36:17.826+0000] {logging_mixin.py:190} INFO - [2025-01-06T12:36:17.826+0000] {dag.py:4180} INFO - Setting next_dagrun for read_dataset_event_from_classic to 2025-01-05 00:00:00+00:00, run_after=2025-01-06 00:00:00+00:00
[2025-01-06T12:36:17.831+0000] {processor.py:208} INFO - Processing /home/airflow/.local/lib/python3.12/site-packages/airflow/example_dags/example_inlet_event_extra.py took 0.263 seconds
[2025-01-06T12:36:48.051+0000] {processor.py:186} INFO - Started process (PID=459) to work on /home/airflow/.local/lib/python3.12/site-packages/airflow/example_dags/example_inlet_event_extra.py
[2025-01-06T12:36:48.052+0000] {processor.py:914} INFO - Processing file /home/airflow/.local/lib/python3.12/site-packages/airflow/example_dags/example_inlet_event_extra.py for tasks to queue
[2025-01-06T12:36:48.054+0000] {logging_mixin.py:190} INFO - [2025-01-06T12:36:48.054+0000] {dagbag.py:588} INFO - Filling up the DagBag from /home/airflow/.local/lib/python3.12/site-packages/airflow/example_dags/example_inlet_event_extra.py
[2025-01-06T12:36:48.317+0000] {processor.py:925} INFO - DAG(s) 'read_dataset_event', 'read_dataset_event_from_classic' retrieved from /home/airflow/.local/lib/python3.12/site-packages/airflow/example_dags/example_inlet_event_extra.py
[2025-01-06T12:36:48.326+0000] {logging_mixin.py:190} INFO - [2025-01-06T12:36:48.325+0000] {dag.py:3239} INFO - Sync 2 DAGs
[2025-01-06T12:36:48.334+0000] {logging_mixin.py:190} INFO - [2025-01-06T12:36:48.334+0000] {dag.py:4180} INFO - Setting next_dagrun for read_dataset_event to 2025-01-05 00:00:00+00:00, run_after=2025-01-06 00:00:00+00:00
[2025-01-06T12:36:48.336+0000] {logging_mixin.py:190} INFO - [2025-01-06T12:36:48.336+0000] {dag.py:4180} INFO - Setting next_dagrun for read_dataset_event_from_classic to 2025-01-05 00:00:00+00:00, run_after=2025-01-06 00:00:00+00:00
[2025-01-06T12:36:48.341+0000] {processor.py:208} INFO - Processing /home/airflow/.local/lib/python3.12/site-packages/airflow/example_dags/example_inlet_event_extra.py took 0.298 seconds
[2025-01-06T12:37:19.190+0000] {processor.py:186} INFO - Started process (PID=517) to work on /home/airflow/.local/lib/python3.12/site-packages/airflow/example_dags/example_inlet_event_extra.py
[2025-01-06T12:37:19.190+0000] {processor.py:914} INFO - Processing file /home/airflow/.local/lib/python3.12/site-packages/airflow/example_dags/example_inlet_event_extra.py for tasks to queue
[2025-01-06T12:37:19.191+0000] {logging_mixin.py:190} INFO - [2025-01-06T12:37:19.191+0000] {dagbag.py:588} INFO - Filling up the DagBag from /home/airflow/.local/lib/python3.12/site-packages/airflow/example_dags/example_inlet_event_extra.py
[2025-01-06T12:37:19.417+0000] {processor.py:925} INFO - DAG(s) 'read_dataset_event_from_classic', 'read_dataset_event' retrieved from /home/airflow/.local/lib/python3.12/site-packages/airflow/example_dags/example_inlet_event_extra.py
[2025-01-06T12:37:19.425+0000] {logging_mixin.py:190} INFO - [2025-01-06T12:37:19.425+0000] {dag.py:3239} INFO - Sync 2 DAGs
[2025-01-06T12:37:19.434+0000] {logging_mixin.py:190} INFO - [2025-01-06T12:37:19.434+0000] {dag.py:4180} INFO - Setting next_dagrun for read_dataset_event to 2025-01-05 00:00:00+00:00, run_after=2025-01-06 00:00:00+00:00
[2025-01-06T12:37:19.436+0000] {logging_mixin.py:190} INFO - [2025-01-06T12:37:19.436+0000] {dag.py:4180} INFO - Setting next_dagrun for read_dataset_event_from_classic to 2025-01-05 00:00:00+00:00, run_after=2025-01-06 00:00:00+00:00
[2025-01-06T12:37:19.441+0000] {processor.py:208} INFO - Processing /home/airflow/.local/lib/python3.12/site-packages/airflow/example_dags/example_inlet_event_extra.py took 0.254 seconds
