[2025-01-06T12:17:37.186+0000] {processor.py:186} INFO - Started process (PID=28) to work on /home/airflow/.local/lib/python3.12/site-packages/airflow/example_dags/example_bash_decorator.py
[2025-01-06T12:17:37.187+0000] {processor.py:914} INFO - Processing file /home/airflow/.local/lib/python3.12/site-packages/airflow/example_dags/example_bash_decorator.py for tasks to queue
[2025-01-06T12:17:37.188+0000] {logging_mixin.py:190} INFO - [2025-01-06T12:17:37.188+0000] {dagbag.py:588} INFO - Filling up the DagBag from /home/airflow/.local/lib/python3.12/site-packages/airflow/example_dags/example_bash_decorator.py
[2025-01-06T12:17:37.202+0000] {processor.py:925} INFO - DAG(s) 'example_bash_decorator' retrieved from /home/airflow/.local/lib/python3.12/site-packages/airflow/example_dags/example_bash_decorator.py
[2025-01-06T12:17:45.282+0000] {processor.py:186} INFO - Started process (PID=28) to work on /home/airflow/.local/lib/python3.12/site-packages/airflow/example_dags/example_bash_decorator.py
[2025-01-06T12:17:45.282+0000] {processor.py:914} INFO - Processing file /home/airflow/.local/lib/python3.12/site-packages/airflow/example_dags/example_bash_decorator.py for tasks to queue
[2025-01-06T12:17:45.284+0000] {logging_mixin.py:190} INFO - [2025-01-06T12:17:45.284+0000] {dagbag.py:588} INFO - Filling up the DagBag from /home/airflow/.local/lib/python3.12/site-packages/airflow/example_dags/example_bash_decorator.py
[2025-01-06T12:17:45.291+0000] {processor.py:925} INFO - DAG(s) 'example_bash_decorator' retrieved from /home/airflow/.local/lib/python3.12/site-packages/airflow/example_dags/example_bash_decorator.py
[2025-01-06T12:17:45.396+0000] {logging_mixin.py:190} INFO - [2025-01-06T12:17:45.396+0000] {override.py:1911} INFO - Created Permission View: can edit on DAG:example_bash_decorator
[2025-01-06T12:17:45.399+0000] {logging_mixin.py:190} INFO - [2025-01-06T12:17:45.399+0000] {override.py:1911} INFO - Created Permission View: can read on DAG:example_bash_decorator
[2025-01-06T12:17:45.401+0000] {logging_mixin.py:190} INFO - [2025-01-06T12:17:45.401+0000] {override.py:1911} INFO - Created Permission View: can delete on DAG:example_bash_decorator
[2025-01-06T12:17:45.403+0000] {logging_mixin.py:190} INFO - [2025-01-06T12:17:45.403+0000] {override.py:1911} INFO - Created Permission View: can read on DAG Run:example_bash_decorator
[2025-01-06T12:17:45.404+0000] {logging_mixin.py:190} INFO - [2025-01-06T12:17:45.404+0000] {override.py:1911} INFO - Created Permission View: can create on DAG Run:example_bash_decorator
[2025-01-06T12:17:45.406+0000] {logging_mixin.py:190} INFO - [2025-01-06T12:17:45.406+0000] {override.py:1911} INFO - Created Permission View: menu access on DAG Run:example_bash_decorator
[2025-01-06T12:17:45.407+0000] {logging_mixin.py:190} INFO - [2025-01-06T12:17:45.407+0000] {override.py:1911} INFO - Created Permission View: can delete on DAG Run:example_bash_decorator
[2025-01-06T12:17:45.407+0000] {logging_mixin.py:190} INFO - [2025-01-06T12:17:45.407+0000] {dag.py:3239} INFO - Sync 1 DAGs
[2025-01-06T12:17:45.412+0000] {logging_mixin.py:190} INFO - [2025-01-06T12:17:45.412+0000] {dag.py:3262} INFO - Creating ORM DAG for example_bash_decorator
[2025-01-06T12:17:45.413+0000] {logging_mixin.py:190} INFO - [2025-01-06T12:17:45.413+0000] {dag.py:4180} INFO - Setting next_dagrun for example_bash_decorator to None, run_after=None
[2025-01-06T12:17:45.417+0000] {processor.py:208} INFO - Processing /home/airflow/.local/lib/python3.12/site-packages/airflow/example_dags/example_bash_decorator.py took 0.139 seconds
[2025-01-06T12:17:59.966+0000] {processor.py:186} INFO - Started process (PID=28) to work on /home/airflow/.local/lib/python3.12/site-packages/airflow/example_dags/example_bash_decorator.py
[2025-01-06T12:17:59.968+0000] {processor.py:914} INFO - Processing file /home/airflow/.local/lib/python3.12/site-packages/airflow/example_dags/example_bash_decorator.py for tasks to queue
[2025-01-06T12:17:59.969+0000] {logging_mixin.py:190} INFO - [2025-01-06T12:17:59.969+0000] {dagbag.py:588} INFO - Filling up the DagBag from /home/airflow/.local/lib/python3.12/site-packages/airflow/example_dags/example_bash_decorator.py
[2025-01-06T12:17:59.977+0000] {processor.py:925} INFO - DAG(s) 'example_bash_decorator' retrieved from /home/airflow/.local/lib/python3.12/site-packages/airflow/example_dags/example_bash_decorator.py
[2025-01-06T12:17:59.982+0000] {logging_mixin.py:190} INFO - [2025-01-06T12:17:59.982+0000] {dag.py:3239} INFO - Sync 1 DAGs
[2025-01-06T12:17:59.988+0000] {logging_mixin.py:190} INFO - [2025-01-06T12:17:59.988+0000] {dag.py:4180} INFO - Setting next_dagrun for example_bash_decorator to None, run_after=None
[2025-01-06T12:17:59.997+0000] {processor.py:208} INFO - Processing /home/airflow/.local/lib/python3.12/site-packages/airflow/example_dags/example_bash_decorator.py took 0.034 seconds
[2025-01-06T12:18:13.666+0000] {processor.py:186} INFO - Started process (PID=28) to work on /home/airflow/.local/lib/python3.12/site-packages/airflow/example_dags/example_bash_decorator.py
[2025-01-06T12:18:13.667+0000] {processor.py:914} INFO - Processing file /home/airflow/.local/lib/python3.12/site-packages/airflow/example_dags/example_bash_decorator.py for tasks to queue
[2025-01-06T12:18:13.668+0000] {logging_mixin.py:190} INFO - [2025-01-06T12:18:13.668+0000] {dagbag.py:588} INFO - Filling up the DagBag from /home/airflow/.local/lib/python3.12/site-packages/airflow/example_dags/example_bash_decorator.py
[2025-01-06T12:18:13.675+0000] {processor.py:925} INFO - DAG(s) 'example_bash_decorator' retrieved from /home/airflow/.local/lib/python3.12/site-packages/airflow/example_dags/example_bash_decorator.py
[2025-01-06T12:18:13.680+0000] {logging_mixin.py:190} INFO - [2025-01-06T12:18:13.680+0000] {dag.py:3239} INFO - Sync 1 DAGs
[2025-01-06T12:18:13.685+0000] {logging_mixin.py:190} INFO - [2025-01-06T12:18:13.685+0000] {dag.py:4180} INFO - Setting next_dagrun for example_bash_decorator to None, run_after=None
[2025-01-06T12:18:13.692+0000] {processor.py:208} INFO - Processing /home/airflow/.local/lib/python3.12/site-packages/airflow/example_dags/example_bash_decorator.py took 0.028 seconds
[2025-01-06T12:18:27.657+0000] {processor.py:186} INFO - Started process (PID=28) to work on /home/airflow/.local/lib/python3.12/site-packages/airflow/example_dags/example_bash_decorator.py
[2025-01-06T12:18:27.658+0000] {processor.py:914} INFO - Processing file /home/airflow/.local/lib/python3.12/site-packages/airflow/example_dags/example_bash_decorator.py for tasks to queue
[2025-01-06T12:18:27.659+0000] {logging_mixin.py:190} INFO - [2025-01-06T12:18:27.659+0000] {dagbag.py:588} INFO - Filling up the DagBag from /home/airflow/.local/lib/python3.12/site-packages/airflow/example_dags/example_bash_decorator.py
[2025-01-06T12:18:27.666+0000] {processor.py:925} INFO - DAG(s) 'example_bash_decorator' retrieved from /home/airflow/.local/lib/python3.12/site-packages/airflow/example_dags/example_bash_decorator.py
[2025-01-06T12:18:27.724+0000] {logging_mixin.py:190} INFO - [2025-01-06T12:18:27.724+0000] {dag.py:3239} INFO - Sync 1 DAGs
[2025-01-06T12:18:27.729+0000] {logging_mixin.py:190} INFO - [2025-01-06T12:18:27.729+0000] {dag.py:4180} INFO - Setting next_dagrun for example_bash_decorator to None, run_after=None
[2025-01-06T12:18:27.736+0000] {processor.py:208} INFO - Processing /home/airflow/.local/lib/python3.12/site-packages/airflow/example_dags/example_bash_decorator.py took 0.081 seconds
[2025-01-06T12:18:38.631+0000] {processor.py:186} INFO - Started process (PID=28) to work on /home/airflow/.local/lib/python3.12/site-packages/airflow/example_dags/example_bash_decorator.py
[2025-01-06T12:18:38.632+0000] {processor.py:914} INFO - Processing file /home/airflow/.local/lib/python3.12/site-packages/airflow/example_dags/example_bash_decorator.py for tasks to queue
[2025-01-06T12:18:38.633+0000] {logging_mixin.py:190} INFO - [2025-01-06T12:18:38.633+0000] {dagbag.py:588} INFO - Filling up the DagBag from /home/airflow/.local/lib/python3.12/site-packages/airflow/example_dags/example_bash_decorator.py
[2025-01-06T12:18:38.640+0000] {processor.py:925} INFO - DAG(s) 'example_bash_decorator' retrieved from /home/airflow/.local/lib/python3.12/site-packages/airflow/example_dags/example_bash_decorator.py
[2025-01-06T12:18:38.646+0000] {logging_mixin.py:190} INFO - [2025-01-06T12:18:38.645+0000] {dag.py:3239} INFO - Sync 1 DAGs
[2025-01-06T12:18:38.651+0000] {logging_mixin.py:190} INFO - [2025-01-06T12:18:38.651+0000] {dag.py:4180} INFO - Setting next_dagrun for example_bash_decorator to None, run_after=None
[2025-01-06T12:18:38.659+0000] {processor.py:208} INFO - Processing /home/airflow/.local/lib/python3.12/site-packages/airflow/example_dags/example_bash_decorator.py took 0.030 seconds
[2025-01-06T12:19:04.669+0000] {processor.py:186} INFO - Started process (PID=28) to work on /home/airflow/.local/lib/python3.12/site-packages/airflow/example_dags/example_bash_decorator.py
[2025-01-06T12:19:04.669+0000] {processor.py:914} INFO - Processing file /home/airflow/.local/lib/python3.12/site-packages/airflow/example_dags/example_bash_decorator.py for tasks to queue
[2025-01-06T12:19:04.671+0000] {logging_mixin.py:190} INFO - [2025-01-06T12:19:04.670+0000] {dagbag.py:588} INFO - Filling up the DagBag from /home/airflow/.local/lib/python3.12/site-packages/airflow/example_dags/example_bash_decorator.py
[2025-01-06T12:19:04.678+0000] {processor.py:925} INFO - DAG(s) 'example_bash_decorator' retrieved from /home/airflow/.local/lib/python3.12/site-packages/airflow/example_dags/example_bash_decorator.py
[2025-01-06T12:19:04.730+0000] {logging_mixin.py:190} INFO - [2025-01-06T12:19:04.730+0000] {dag.py:3239} INFO - Sync 1 DAGs
[2025-01-06T12:19:04.735+0000] {logging_mixin.py:190} INFO - [2025-01-06T12:19:04.735+0000] {dag.py:4180} INFO - Setting next_dagrun for example_bash_decorator to None, run_after=None
[2025-01-06T12:19:04.741+0000] {processor.py:208} INFO - Processing /home/airflow/.local/lib/python3.12/site-packages/airflow/example_dags/example_bash_decorator.py took 0.075 seconds
[2025-01-06T12:19:17.676+0000] {processor.py:186} INFO - Started process (PID=28) to work on /home/airflow/.local/lib/python3.12/site-packages/airflow/example_dags/example_bash_decorator.py
[2025-01-06T12:19:17.679+0000] {processor.py:914} INFO - Processing file /home/airflow/.local/lib/python3.12/site-packages/airflow/example_dags/example_bash_decorator.py for tasks to queue
[2025-01-06T12:19:17.680+0000] {logging_mixin.py:190} INFO - [2025-01-06T12:19:17.680+0000] {dagbag.py:588} INFO - Filling up the DagBag from /home/airflow/.local/lib/python3.12/site-packages/airflow/example_dags/example_bash_decorator.py
[2025-01-06T12:19:17.687+0000] {processor.py:925} INFO - DAG(s) 'example_bash_decorator' retrieved from /home/airflow/.local/lib/python3.12/site-packages/airflow/example_dags/example_bash_decorator.py
[2025-01-06T12:19:17.692+0000] {logging_mixin.py:190} INFO - [2025-01-06T12:19:17.692+0000] {dag.py:3239} INFO - Sync 1 DAGs
[2025-01-06T12:19:17.698+0000] {logging_mixin.py:190} INFO - [2025-01-06T12:19:17.698+0000] {dag.py:4180} INFO - Setting next_dagrun for example_bash_decorator to None, run_after=None
[2025-01-06T12:19:17.706+0000] {processor.py:208} INFO - Processing /home/airflow/.local/lib/python3.12/site-packages/airflow/example_dags/example_bash_decorator.py took 0.032 seconds
[2025-01-06T12:33:09.919+0000] {processor.py:186} INFO - Started process (PID=30) to work on /home/airflow/.local/lib/python3.12/site-packages/airflow/example_dags/example_bash_decorator.py
[2025-01-06T12:33:09.919+0000] {processor.py:914} INFO - Processing file /home/airflow/.local/lib/python3.12/site-packages/airflow/example_dags/example_bash_decorator.py for tasks to queue
[2025-01-06T12:33:09.921+0000] {logging_mixin.py:190} INFO - [2025-01-06T12:33:09.921+0000] {dagbag.py:588} INFO - Filling up the DagBag from /home/airflow/.local/lib/python3.12/site-packages/airflow/example_dags/example_bash_decorator.py
[2025-01-06T12:33:09.933+0000] {processor.py:925} INFO - DAG(s) 'example_bash_decorator' retrieved from /home/airflow/.local/lib/python3.12/site-packages/airflow/example_dags/example_bash_decorator.py
[2025-01-06T12:33:10.029+0000] {logging_mixin.py:190} INFO - [2025-01-06T12:33:10.029+0000] {override.py:1911} INFO - Created Permission View: can delete on DAG:example_bash_decorator
[2025-01-06T12:33:10.033+0000] {logging_mixin.py:190} INFO - [2025-01-06T12:33:10.033+0000] {override.py:1911} INFO - Created Permission View: can read on DAG:example_bash_decorator
[2025-01-06T12:33:10.035+0000] {logging_mixin.py:190} INFO - [2025-01-06T12:33:10.035+0000] {override.py:1911} INFO - Created Permission View: can edit on DAG:example_bash_decorator
[2025-01-06T12:33:10.036+0000] {logging_mixin.py:190} INFO - [2025-01-06T12:33:10.036+0000] {override.py:1911} INFO - Created Permission View: menu access on DAG Run:example_bash_decorator
[2025-01-06T12:33:10.038+0000] {logging_mixin.py:190} INFO - [2025-01-06T12:33:10.038+0000] {override.py:1911} INFO - Created Permission View: can delete on DAG Run:example_bash_decorator
[2025-01-06T12:33:10.040+0000] {logging_mixin.py:190} INFO - [2025-01-06T12:33:10.040+0000] {override.py:1911} INFO - Created Permission View: can read on DAG Run:example_bash_decorator
[2025-01-06T12:33:10.041+0000] {logging_mixin.py:190} INFO - [2025-01-06T12:33:10.041+0000] {override.py:1911} INFO - Created Permission View: can create on DAG Run:example_bash_decorator
[2025-01-06T12:33:10.042+0000] {logging_mixin.py:190} INFO - [2025-01-06T12:33:10.041+0000] {dag.py:3239} INFO - Sync 1 DAGs
[2025-01-06T12:33:10.047+0000] {logging_mixin.py:190} INFO - [2025-01-06T12:33:10.047+0000] {dag.py:3262} INFO - Creating ORM DAG for example_bash_decorator
[2025-01-06T12:33:10.048+0000] {logging_mixin.py:190} INFO - [2025-01-06T12:33:10.048+0000] {dag.py:4180} INFO - Setting next_dagrun for example_bash_decorator to None, run_after=None
[2025-01-06T12:33:10.053+0000] {processor.py:208} INFO - Processing /home/airflow/.local/lib/python3.12/site-packages/airflow/example_dags/example_bash_decorator.py took 0.138 seconds
[2025-01-06T12:33:41.067+0000] {processor.py:186} INFO - Started process (PID=88) to work on /home/airflow/.local/lib/python3.12/site-packages/airflow/example_dags/example_bash_decorator.py
[2025-01-06T12:33:41.068+0000] {processor.py:914} INFO - Processing file /home/airflow/.local/lib/python3.12/site-packages/airflow/example_dags/example_bash_decorator.py for tasks to queue
[2025-01-06T12:33:41.074+0000] {logging_mixin.py:190} INFO - [2025-01-06T12:33:41.073+0000] {dagbag.py:588} INFO - Filling up the DagBag from /home/airflow/.local/lib/python3.12/site-packages/airflow/example_dags/example_bash_decorator.py
[2025-01-06T12:33:41.087+0000] {processor.py:925} INFO - DAG(s) 'example_bash_decorator' retrieved from /home/airflow/.local/lib/python3.12/site-packages/airflow/example_dags/example_bash_decorator.py
[2025-01-06T12:33:41.102+0000] {logging_mixin.py:190} INFO - [2025-01-06T12:33:41.102+0000] {dag.py:3239} INFO - Sync 1 DAGs
[2025-01-06T12:33:41.112+0000] {logging_mixin.py:190} INFO - [2025-01-06T12:33:41.111+0000] {dag.py:4180} INFO - Setting next_dagrun for example_bash_decorator to None, run_after=None
[2025-01-06T12:33:41.119+0000] {processor.py:208} INFO - Processing /home/airflow/.local/lib/python3.12/site-packages/airflow/example_dags/example_bash_decorator.py took 0.060 seconds
[2025-01-06T12:34:11.349+0000] {processor.py:186} INFO - Started process (PID=146) to work on /home/airflow/.local/lib/python3.12/site-packages/airflow/example_dags/example_bash_decorator.py
[2025-01-06T12:34:11.351+0000] {processor.py:914} INFO - Processing file /home/airflow/.local/lib/python3.12/site-packages/airflow/example_dags/example_bash_decorator.py for tasks to queue
[2025-01-06T12:34:11.353+0000] {logging_mixin.py:190} INFO - [2025-01-06T12:34:11.353+0000] {dagbag.py:588} INFO - Filling up the DagBag from /home/airflow/.local/lib/python3.12/site-packages/airflow/example_dags/example_bash_decorator.py
[2025-01-06T12:34:11.362+0000] {processor.py:925} INFO - DAG(s) 'example_bash_decorator' retrieved from /home/airflow/.local/lib/python3.12/site-packages/airflow/example_dags/example_bash_decorator.py
[2025-01-06T12:34:11.375+0000] {logging_mixin.py:190} INFO - [2025-01-06T12:34:11.375+0000] {dag.py:3239} INFO - Sync 1 DAGs
[2025-01-06T12:34:11.382+0000] {logging_mixin.py:190} INFO - [2025-01-06T12:34:11.382+0000] {dag.py:4180} INFO - Setting next_dagrun for example_bash_decorator to None, run_after=None
[2025-01-06T12:34:11.390+0000] {processor.py:208} INFO - Processing /home/airflow/.local/lib/python3.12/site-packages/airflow/example_dags/example_bash_decorator.py took 0.046 seconds
[2025-01-06T12:34:41.824+0000] {processor.py:186} INFO - Started process (PID=204) to work on /home/airflow/.local/lib/python3.12/site-packages/airflow/example_dags/example_bash_decorator.py
[2025-01-06T12:34:41.825+0000] {processor.py:914} INFO - Processing file /home/airflow/.local/lib/python3.12/site-packages/airflow/example_dags/example_bash_decorator.py for tasks to queue
[2025-01-06T12:34:41.827+0000] {logging_mixin.py:190} INFO - [2025-01-06T12:34:41.826+0000] {dagbag.py:588} INFO - Filling up the DagBag from /home/airflow/.local/lib/python3.12/site-packages/airflow/example_dags/example_bash_decorator.py
[2025-01-06T12:34:41.836+0000] {processor.py:925} INFO - DAG(s) 'example_bash_decorator' retrieved from /home/airflow/.local/lib/python3.12/site-packages/airflow/example_dags/example_bash_decorator.py
[2025-01-06T12:34:41.849+0000] {logging_mixin.py:190} INFO - [2025-01-06T12:34:41.849+0000] {dag.py:3239} INFO - Sync 1 DAGs
[2025-01-06T12:34:41.855+0000] {logging_mixin.py:190} INFO - [2025-01-06T12:34:41.855+0000] {dag.py:4180} INFO - Setting next_dagrun for example_bash_decorator to None, run_after=None
[2025-01-06T12:34:41.862+0000] {processor.py:208} INFO - Processing /home/airflow/.local/lib/python3.12/site-packages/airflow/example_dags/example_bash_decorator.py took 0.043 seconds
[2025-01-06T12:35:12.060+0000] {processor.py:186} INFO - Started process (PID=262) to work on /home/airflow/.local/lib/python3.12/site-packages/airflow/example_dags/example_bash_decorator.py
[2025-01-06T12:35:12.061+0000] {processor.py:914} INFO - Processing file /home/airflow/.local/lib/python3.12/site-packages/airflow/example_dags/example_bash_decorator.py for tasks to queue
[2025-01-06T12:35:12.064+0000] {logging_mixin.py:190} INFO - [2025-01-06T12:35:12.063+0000] {dagbag.py:588} INFO - Filling up the DagBag from /home/airflow/.local/lib/python3.12/site-packages/airflow/example_dags/example_bash_decorator.py
[2025-01-06T12:35:12.076+0000] {processor.py:925} INFO - DAG(s) 'example_bash_decorator' retrieved from /home/airflow/.local/lib/python3.12/site-packages/airflow/example_dags/example_bash_decorator.py
[2025-01-06T12:35:12.093+0000] {logging_mixin.py:190} INFO - [2025-01-06T12:35:12.093+0000] {dag.py:3239} INFO - Sync 1 DAGs
[2025-01-06T12:35:12.102+0000] {logging_mixin.py:190} INFO - [2025-01-06T12:35:12.102+0000] {dag.py:4180} INFO - Setting next_dagrun for example_bash_decorator to None, run_after=None
[2025-01-06T12:35:12.112+0000] {processor.py:208} INFO - Processing /home/airflow/.local/lib/python3.12/site-packages/airflow/example_dags/example_bash_decorator.py took 0.058 seconds
[2025-01-06T12:35:42.341+0000] {processor.py:186} INFO - Started process (PID=320) to work on /home/airflow/.local/lib/python3.12/site-packages/airflow/example_dags/example_bash_decorator.py
[2025-01-06T12:35:42.342+0000] {processor.py:914} INFO - Processing file /home/airflow/.local/lib/python3.12/site-packages/airflow/example_dags/example_bash_decorator.py for tasks to queue
[2025-01-06T12:35:42.343+0000] {logging_mixin.py:190} INFO - [2025-01-06T12:35:42.342+0000] {dagbag.py:588} INFO - Filling up the DagBag from /home/airflow/.local/lib/python3.12/site-packages/airflow/example_dags/example_bash_decorator.py
[2025-01-06T12:35:42.349+0000] {processor.py:925} INFO - DAG(s) 'example_bash_decorator' retrieved from /home/airflow/.local/lib/python3.12/site-packages/airflow/example_dags/example_bash_decorator.py
[2025-01-06T12:35:42.360+0000] {logging_mixin.py:190} INFO - [2025-01-06T12:35:42.360+0000] {dag.py:3239} INFO - Sync 1 DAGs
[2025-01-06T12:35:42.366+0000] {logging_mixin.py:190} INFO - [2025-01-06T12:35:42.366+0000] {dag.py:4180} INFO - Setting next_dagrun for example_bash_decorator to None, run_after=None
[2025-01-06T12:35:42.373+0000] {processor.py:208} INFO - Processing /home/airflow/.local/lib/python3.12/site-packages/airflow/example_dags/example_bash_decorator.py took 0.035 seconds
[2025-01-06T12:36:12.526+0000] {processor.py:186} INFO - Started process (PID=378) to work on /home/airflow/.local/lib/python3.12/site-packages/airflow/example_dags/example_bash_decorator.py
[2025-01-06T12:36:12.526+0000] {processor.py:914} INFO - Processing file /home/airflow/.local/lib/python3.12/site-packages/airflow/example_dags/example_bash_decorator.py for tasks to queue
[2025-01-06T12:36:12.528+0000] {logging_mixin.py:190} INFO - [2025-01-06T12:36:12.528+0000] {dagbag.py:588} INFO - Filling up the DagBag from /home/airflow/.local/lib/python3.12/site-packages/airflow/example_dags/example_bash_decorator.py
[2025-01-06T12:36:12.538+0000] {processor.py:925} INFO - DAG(s) 'example_bash_decorator' retrieved from /home/airflow/.local/lib/python3.12/site-packages/airflow/example_dags/example_bash_decorator.py
[2025-01-06T12:36:12.550+0000] {logging_mixin.py:190} INFO - [2025-01-06T12:36:12.550+0000] {dag.py:3239} INFO - Sync 1 DAGs
[2025-01-06T12:36:12.557+0000] {logging_mixin.py:190} INFO - [2025-01-06T12:36:12.557+0000] {dag.py:4180} INFO - Setting next_dagrun for example_bash_decorator to None, run_after=None
[2025-01-06T12:36:12.564+0000] {processor.py:208} INFO - Processing /home/airflow/.local/lib/python3.12/site-packages/airflow/example_dags/example_bash_decorator.py took 0.045 seconds
[2025-01-06T12:36:42.764+0000] {processor.py:186} INFO - Started process (PID=436) to work on /home/airflow/.local/lib/python3.12/site-packages/airflow/example_dags/example_bash_decorator.py
[2025-01-06T12:36:42.765+0000] {processor.py:914} INFO - Processing file /home/airflow/.local/lib/python3.12/site-packages/airflow/example_dags/example_bash_decorator.py for tasks to queue
[2025-01-06T12:36:42.767+0000] {logging_mixin.py:190} INFO - [2025-01-06T12:36:42.767+0000] {dagbag.py:588} INFO - Filling up the DagBag from /home/airflow/.local/lib/python3.12/site-packages/airflow/example_dags/example_bash_decorator.py
[2025-01-06T12:36:42.781+0000] {processor.py:925} INFO - DAG(s) 'example_bash_decorator' retrieved from /home/airflow/.local/lib/python3.12/site-packages/airflow/example_dags/example_bash_decorator.py
[2025-01-06T12:36:42.798+0000] {logging_mixin.py:190} INFO - [2025-01-06T12:36:42.798+0000] {dag.py:3239} INFO - Sync 1 DAGs
[2025-01-06T12:36:42.809+0000] {logging_mixin.py:190} INFO - [2025-01-06T12:36:42.809+0000] {dag.py:4180} INFO - Setting next_dagrun for example_bash_decorator to None, run_after=None
[2025-01-06T12:36:42.820+0000] {processor.py:208} INFO - Processing /home/airflow/.local/lib/python3.12/site-packages/airflow/example_dags/example_bash_decorator.py took 0.062 seconds
[2025-01-06T12:37:13.304+0000] {processor.py:186} INFO - Started process (PID=494) to work on /home/airflow/.local/lib/python3.12/site-packages/airflow/example_dags/example_bash_decorator.py
[2025-01-06T12:37:13.305+0000] {processor.py:914} INFO - Processing file /home/airflow/.local/lib/python3.12/site-packages/airflow/example_dags/example_bash_decorator.py for tasks to queue
[2025-01-06T12:37:13.307+0000] {logging_mixin.py:190} INFO - [2025-01-06T12:37:13.307+0000] {dagbag.py:588} INFO - Filling up the DagBag from /home/airflow/.local/lib/python3.12/site-packages/airflow/example_dags/example_bash_decorator.py
[2025-01-06T12:37:13.317+0000] {processor.py:925} INFO - DAG(s) 'example_bash_decorator' retrieved from /home/airflow/.local/lib/python3.12/site-packages/airflow/example_dags/example_bash_decorator.py
[2025-01-06T12:37:13.328+0000] {logging_mixin.py:190} INFO - [2025-01-06T12:37:13.328+0000] {dag.py:3239} INFO - Sync 1 DAGs
[2025-01-06T12:37:13.335+0000] {logging_mixin.py:190} INFO - [2025-01-06T12:37:13.335+0000] {dag.py:4180} INFO - Setting next_dagrun for example_bash_decorator to None, run_after=None
[2025-01-06T12:37:13.343+0000] {processor.py:208} INFO - Processing /home/airflow/.local/lib/python3.12/site-packages/airflow/example_dags/example_bash_decorator.py took 0.044 seconds
