[2025-01-06T12:17:45.429+0000] {processor.py:186} INFO - Started process (PID=30) to work on /home/airflow/.local/lib/python3.12/site-packages/airflow/example_dags/example_branch_datetime_operator.py
[2025-01-06T12:17:45.430+0000] {processor.py:914} INFO - Processing file /home/airflow/.local/lib/python3.12/site-packages/airflow/example_dags/example_branch_datetime_operator.py for tasks to queue
[2025-01-06T12:17:45.431+0000] {logging_mixin.py:190} INFO - [2025-01-06T12:17:45.431+0000] {dagbag.py:588} INFO - Filling up the DagBag from /home/airflow/.local/lib/python3.12/site-packages/airflow/example_dags/example_branch_datetime_operator.py
[2025-01-06T12:17:45.436+0000] {processor.py:925} INFO - DAG(s) 'example_branch_datetime_operator_3', 'example_branch_datetime_operator_2', 'example_branch_datetime_operator' retrieved from /home/airflow/.local/lib/python3.12/site-packages/airflow/example_dags/example_branch_datetime_operator.py
[2025-01-06T12:17:45.475+0000] {logging_mixin.py:190} INFO - [2025-01-06T12:17:45.475+0000] {override.py:1911} INFO - Created Permission View: can edit on DAG:example_branch_datetime_operator_3
[2025-01-06T12:17:45.478+0000] {logging_mixin.py:190} INFO - [2025-01-06T12:17:45.478+0000] {override.py:1911} INFO - Created Permission View: can read on DAG:example_branch_datetime_operator_3
[2025-01-06T12:17:45.480+0000] {logging_mixin.py:190} INFO - [2025-01-06T12:17:45.480+0000] {override.py:1911} INFO - Created Permission View: can delete on DAG:example_branch_datetime_operator_3
[2025-01-06T12:17:45.482+0000] {logging_mixin.py:190} INFO - [2025-01-06T12:17:45.482+0000] {override.py:1911} INFO - Created Permission View: can read on DAG Run:example_branch_datetime_operator_3
[2025-01-06T12:17:45.484+0000] {logging_mixin.py:190} INFO - [2025-01-06T12:17:45.484+0000] {override.py:1911} INFO - Created Permission View: can create on DAG Run:example_branch_datetime_operator_3
[2025-01-06T12:17:45.486+0000] {logging_mixin.py:190} INFO - [2025-01-06T12:17:45.486+0000] {override.py:1911} INFO - Created Permission View: menu access on DAG Run:example_branch_datetime_operator_3
[2025-01-06T12:17:45.488+0000] {logging_mixin.py:190} INFO - [2025-01-06T12:17:45.487+0000] {override.py:1911} INFO - Created Permission View: can delete on DAG Run:example_branch_datetime_operator_3
[2025-01-06T12:17:45.491+0000] {logging_mixin.py:190} INFO - [2025-01-06T12:17:45.491+0000] {override.py:1911} INFO - Created Permission View: can edit on DAG:example_branch_datetime_operator_2
[2025-01-06T12:17:45.493+0000] {logging_mixin.py:190} INFO - [2025-01-06T12:17:45.493+0000] {override.py:1911} INFO - Created Permission View: can read on DAG:example_branch_datetime_operator_2
[2025-01-06T12:17:45.494+0000] {logging_mixin.py:190} INFO - [2025-01-06T12:17:45.494+0000] {override.py:1911} INFO - Created Permission View: can delete on DAG:example_branch_datetime_operator_2
[2025-01-06T12:17:45.496+0000] {logging_mixin.py:190} INFO - [2025-01-06T12:17:45.496+0000] {override.py:1911} INFO - Created Permission View: can read on DAG Run:example_branch_datetime_operator_2
[2025-01-06T12:17:45.497+0000] {logging_mixin.py:190} INFO - [2025-01-06T12:17:45.497+0000] {override.py:1911} INFO - Created Permission View: can create on DAG Run:example_branch_datetime_operator_2
[2025-01-06T12:17:45.499+0000] {logging_mixin.py:190} INFO - [2025-01-06T12:17:45.499+0000] {override.py:1911} INFO - Created Permission View: menu access on DAG Run:example_branch_datetime_operator_2
[2025-01-06T12:17:45.500+0000] {logging_mixin.py:190} INFO - [2025-01-06T12:17:45.500+0000] {override.py:1911} INFO - Created Permission View: can delete on DAG Run:example_branch_datetime_operator_2
[2025-01-06T12:17:45.503+0000] {logging_mixin.py:190} INFO - [2025-01-06T12:17:45.503+0000] {override.py:1911} INFO - Created Permission View: can edit on DAG:example_branch_datetime_operator
[2025-01-06T12:17:45.506+0000] {logging_mixin.py:190} INFO - [2025-01-06T12:17:45.506+0000] {override.py:1911} INFO - Created Permission View: can read on DAG:example_branch_datetime_operator
[2025-01-06T12:17:45.507+0000] {logging_mixin.py:190} INFO - [2025-01-06T12:17:45.507+0000] {override.py:1911} INFO - Created Permission View: can delete on DAG:example_branch_datetime_operator
[2025-01-06T12:17:45.509+0000] {logging_mixin.py:190} INFO - [2025-01-06T12:17:45.509+0000] {override.py:1911} INFO - Created Permission View: can read on DAG Run:example_branch_datetime_operator
[2025-01-06T12:17:45.511+0000] {logging_mixin.py:190} INFO - [2025-01-06T12:17:45.511+0000] {override.py:1911} INFO - Created Permission View: can create on DAG Run:example_branch_datetime_operator
[2025-01-06T12:17:45.512+0000] {logging_mixin.py:190} INFO - [2025-01-06T12:17:45.512+0000] {override.py:1911} INFO - Created Permission View: menu access on DAG Run:example_branch_datetime_operator
[2025-01-06T12:17:45.514+0000] {logging_mixin.py:190} INFO - [2025-01-06T12:17:45.514+0000] {override.py:1911} INFO - Created Permission View: can delete on DAG Run:example_branch_datetime_operator
[2025-01-06T12:17:45.514+0000] {logging_mixin.py:190} INFO - [2025-01-06T12:17:45.514+0000] {dag.py:3239} INFO - Sync 3 DAGs
[2025-01-06T12:17:45.519+0000] {logging_mixin.py:190} INFO - [2025-01-06T12:17:45.518+0000] {dag.py:3262} INFO - Creating ORM DAG for example_branch_datetime_operator_2
[2025-01-06T12:17:45.519+0000] {logging_mixin.py:190} INFO - [2025-01-06T12:17:45.519+0000] {dag.py:3262} INFO - Creating ORM DAG for example_branch_datetime_operator
[2025-01-06T12:17:45.519+0000] {logging_mixin.py:190} INFO - [2025-01-06T12:17:45.519+0000] {dag.py:3262} INFO - Creating ORM DAG for example_branch_datetime_operator_3
[2025-01-06T12:17:45.523+0000] {logging_mixin.py:190} INFO - [2025-01-06T12:17:45.523+0000] {dag.py:4180} INFO - Setting next_dagrun for example_branch_datetime_operator to 2025-01-05 00:00:00+00:00, run_after=2025-01-06 00:00:00+00:00
[2025-01-06T12:17:45.523+0000] {logging_mixin.py:190} INFO - [2025-01-06T12:17:45.523+0000] {dag.py:4180} INFO - Setting next_dagrun for example_branch_datetime_operator_2 to 2025-01-05 00:00:00+00:00, run_after=2025-01-06 00:00:00+00:00
[2025-01-06T12:17:45.524+0000] {logging_mixin.py:190} INFO - [2025-01-06T12:17:45.524+0000] {dag.py:4180} INFO - Setting next_dagrun for example_branch_datetime_operator_3 to 2025-01-05 00:00:00+00:00, run_after=2025-01-06 00:00:00+00:00
[2025-01-06T12:17:45.529+0000] {processor.py:208} INFO - Processing /home/airflow/.local/lib/python3.12/site-packages/airflow/example_dags/example_branch_datetime_operator.py took 0.102 seconds
[2025-01-06T12:18:00.010+0000] {processor.py:186} INFO - Started process (PID=30) to work on /home/airflow/.local/lib/python3.12/site-packages/airflow/example_dags/example_branch_datetime_operator.py
[2025-01-06T12:18:00.010+0000] {processor.py:914} INFO - Processing file /home/airflow/.local/lib/python3.12/site-packages/airflow/example_dags/example_branch_datetime_operator.py for tasks to queue
[2025-01-06T12:18:00.011+0000] {logging_mixin.py:190} INFO - [2025-01-06T12:18:00.011+0000] {dagbag.py:588} INFO - Filling up the DagBag from /home/airflow/.local/lib/python3.12/site-packages/airflow/example_dags/example_branch_datetime_operator.py
[2025-01-06T12:18:00.016+0000] {processor.py:925} INFO - DAG(s) 'example_branch_datetime_operator_2', 'example_branch_datetime_operator', 'example_branch_datetime_operator_3' retrieved from /home/airflow/.local/lib/python3.12/site-packages/airflow/example_dags/example_branch_datetime_operator.py
[2025-01-06T12:18:00.021+0000] {logging_mixin.py:190} INFO - [2025-01-06T12:18:00.021+0000] {dag.py:3239} INFO - Sync 3 DAGs
[2025-01-06T12:18:00.031+0000] {logging_mixin.py:190} INFO - [2025-01-06T12:18:00.031+0000] {dag.py:4180} INFO - Setting next_dagrun for example_branch_datetime_operator to 2025-01-05 00:00:00+00:00, run_after=2025-01-06 00:00:00+00:00
[2025-01-06T12:18:00.033+0000] {logging_mixin.py:190} INFO - [2025-01-06T12:18:00.033+0000] {dag.py:4180} INFO - Setting next_dagrun for example_branch_datetime_operator_2 to 2025-01-05 00:00:00+00:00, run_after=2025-01-06 00:00:00+00:00
[2025-01-06T12:18:00.034+0000] {logging_mixin.py:190} INFO - [2025-01-06T12:18:00.034+0000] {dag.py:4180} INFO - Setting next_dagrun for example_branch_datetime_operator_3 to 2025-01-05 00:00:00+00:00, run_after=2025-01-06 00:00:00+00:00
[2025-01-06T12:18:00.040+0000] {processor.py:208} INFO - Processing /home/airflow/.local/lib/python3.12/site-packages/airflow/example_dags/example_branch_datetime_operator.py took 0.033 seconds
[2025-01-06T12:18:13.703+0000] {processor.py:186} INFO - Started process (PID=30) to work on /home/airflow/.local/lib/python3.12/site-packages/airflow/example_dags/example_branch_datetime_operator.py
[2025-01-06T12:18:13.703+0000] {processor.py:914} INFO - Processing file /home/airflow/.local/lib/python3.12/site-packages/airflow/example_dags/example_branch_datetime_operator.py for tasks to queue
[2025-01-06T12:18:13.704+0000] {logging_mixin.py:190} INFO - [2025-01-06T12:18:13.704+0000] {dagbag.py:588} INFO - Filling up the DagBag from /home/airflow/.local/lib/python3.12/site-packages/airflow/example_dags/example_branch_datetime_operator.py
[2025-01-06T12:18:13.709+0000] {processor.py:925} INFO - DAG(s) 'example_branch_datetime_operator_3', 'example_branch_datetime_operator', 'example_branch_datetime_operator_2' retrieved from /home/airflow/.local/lib/python3.12/site-packages/airflow/example_dags/example_branch_datetime_operator.py
[2025-01-06T12:18:13.714+0000] {logging_mixin.py:190} INFO - [2025-01-06T12:18:13.713+0000] {dag.py:3239} INFO - Sync 3 DAGs
[2025-01-06T12:18:13.724+0000] {logging_mixin.py:190} INFO - [2025-01-06T12:18:13.724+0000] {dag.py:4180} INFO - Setting next_dagrun for example_branch_datetime_operator to 2025-01-05 00:00:00+00:00, run_after=2025-01-06 00:00:00+00:00
[2025-01-06T12:18:13.726+0000] {logging_mixin.py:190} INFO - [2025-01-06T12:18:13.726+0000] {dag.py:4180} INFO - Setting next_dagrun for example_branch_datetime_operator_2 to 2025-01-05 00:00:00+00:00, run_after=2025-01-06 00:00:00+00:00
[2025-01-06T12:18:13.726+0000] {logging_mixin.py:190} INFO - [2025-01-06T12:18:13.726+0000] {dag.py:4180} INFO - Setting next_dagrun for example_branch_datetime_operator_3 to 2025-01-05 00:00:00+00:00, run_after=2025-01-06 00:00:00+00:00
[2025-01-06T12:18:13.732+0000] {processor.py:208} INFO - Processing /home/airflow/.local/lib/python3.12/site-packages/airflow/example_dags/example_branch_datetime_operator.py took 0.032 seconds
[2025-01-06T12:18:27.709+0000] {processor.py:186} INFO - Started process (PID=30) to work on /home/airflow/.local/lib/python3.12/site-packages/airflow/example_dags/example_branch_datetime_operator.py
[2025-01-06T12:18:27.710+0000] {processor.py:914} INFO - Processing file /home/airflow/.local/lib/python3.12/site-packages/airflow/example_dags/example_branch_datetime_operator.py for tasks to queue
[2025-01-06T12:18:27.711+0000] {logging_mixin.py:190} INFO - [2025-01-06T12:18:27.711+0000] {dagbag.py:588} INFO - Filling up the DagBag from /home/airflow/.local/lib/python3.12/site-packages/airflow/example_dags/example_branch_datetime_operator.py
[2025-01-06T12:18:27.716+0000] {processor.py:925} INFO - DAG(s) 'example_branch_datetime_operator_2', 'example_branch_datetime_operator', 'example_branch_datetime_operator_3' retrieved from /home/airflow/.local/lib/python3.12/site-packages/airflow/example_dags/example_branch_datetime_operator.py
[2025-01-06T12:18:27.728+0000] {logging_mixin.py:190} INFO - [2025-01-06T12:18:27.728+0000] {dag.py:3239} INFO - Sync 3 DAGs
[2025-01-06T12:18:27.738+0000] {logging_mixin.py:190} INFO - [2025-01-06T12:18:27.738+0000] {dag.py:4180} INFO - Setting next_dagrun for example_branch_datetime_operator to 2025-01-05 00:00:00+00:00, run_after=2025-01-06 00:00:00+00:00
[2025-01-06T12:18:27.740+0000] {logging_mixin.py:190} INFO - [2025-01-06T12:18:27.740+0000] {dag.py:4180} INFO - Setting next_dagrun for example_branch_datetime_operator_2 to 2025-01-05 00:00:00+00:00, run_after=2025-01-06 00:00:00+00:00
[2025-01-06T12:18:27.741+0000] {logging_mixin.py:190} INFO - [2025-01-06T12:18:27.741+0000] {dag.py:4180} INFO - Setting next_dagrun for example_branch_datetime_operator_3 to 2025-01-05 00:00:00+00:00, run_after=2025-01-06 00:00:00+00:00
[2025-01-06T12:18:27.746+0000] {processor.py:208} INFO - Processing /home/airflow/.local/lib/python3.12/site-packages/airflow/example_dags/example_branch_datetime_operator.py took 0.039 seconds
[2025-01-06T12:18:38.670+0000] {processor.py:186} INFO - Started process (PID=30) to work on /home/airflow/.local/lib/python3.12/site-packages/airflow/example_dags/example_branch_datetime_operator.py
[2025-01-06T12:18:38.671+0000] {processor.py:914} INFO - Processing file /home/airflow/.local/lib/python3.12/site-packages/airflow/example_dags/example_branch_datetime_operator.py for tasks to queue
[2025-01-06T12:18:38.672+0000] {logging_mixin.py:190} INFO - [2025-01-06T12:18:38.671+0000] {dagbag.py:588} INFO - Filling up the DagBag from /home/airflow/.local/lib/python3.12/site-packages/airflow/example_dags/example_branch_datetime_operator.py
[2025-01-06T12:18:38.677+0000] {processor.py:925} INFO - DAG(s) 'example_branch_datetime_operator', 'example_branch_datetime_operator_2', 'example_branch_datetime_operator_3' retrieved from /home/airflow/.local/lib/python3.12/site-packages/airflow/example_dags/example_branch_datetime_operator.py
[2025-01-06T12:18:38.689+0000] {logging_mixin.py:190} INFO - [2025-01-06T12:18:38.689+0000] {dag.py:3239} INFO - Sync 3 DAGs
[2025-01-06T12:18:38.699+0000] {logging_mixin.py:190} INFO - [2025-01-06T12:18:38.699+0000] {dag.py:4180} INFO - Setting next_dagrun for example_branch_datetime_operator to 2025-01-05 00:00:00+00:00, run_after=2025-01-06 00:00:00+00:00
[2025-01-06T12:18:38.701+0000] {logging_mixin.py:190} INFO - [2025-01-06T12:18:38.701+0000] {dag.py:4180} INFO - Setting next_dagrun for example_branch_datetime_operator_2 to 2025-01-05 00:00:00+00:00, run_after=2025-01-06 00:00:00+00:00
[2025-01-06T12:18:38.702+0000] {logging_mixin.py:190} INFO - [2025-01-06T12:18:38.702+0000] {dag.py:4180} INFO - Setting next_dagrun for example_branch_datetime_operator_3 to 2025-01-05 00:00:00+00:00, run_after=2025-01-06 00:00:00+00:00
[2025-01-06T12:18:38.707+0000] {processor.py:208} INFO - Processing /home/airflow/.local/lib/python3.12/site-packages/airflow/example_dags/example_branch_datetime_operator.py took 0.039 seconds
[2025-01-06T12:19:04.717+0000] {processor.py:186} INFO - Started process (PID=30) to work on /home/airflow/.local/lib/python3.12/site-packages/airflow/example_dags/example_branch_datetime_operator.py
[2025-01-06T12:19:04.717+0000] {processor.py:914} INFO - Processing file /home/airflow/.local/lib/python3.12/site-packages/airflow/example_dags/example_branch_datetime_operator.py for tasks to queue
[2025-01-06T12:19:04.718+0000] {logging_mixin.py:190} INFO - [2025-01-06T12:19:04.718+0000] {dagbag.py:588} INFO - Filling up the DagBag from /home/airflow/.local/lib/python3.12/site-packages/airflow/example_dags/example_branch_datetime_operator.py
[2025-01-06T12:19:04.723+0000] {processor.py:925} INFO - DAG(s) 'example_branch_datetime_operator_2', 'example_branch_datetime_operator', 'example_branch_datetime_operator_3' retrieved from /home/airflow/.local/lib/python3.12/site-packages/airflow/example_dags/example_branch_datetime_operator.py
[2025-01-06T12:19:04.736+0000] {logging_mixin.py:190} INFO - [2025-01-06T12:19:04.736+0000] {dag.py:3239} INFO - Sync 3 DAGs
[2025-01-06T12:19:04.746+0000] {logging_mixin.py:190} INFO - [2025-01-06T12:19:04.746+0000] {dag.py:4180} INFO - Setting next_dagrun for example_branch_datetime_operator to 2025-01-05 00:00:00+00:00, run_after=2025-01-06 00:00:00+00:00
[2025-01-06T12:19:04.748+0000] {logging_mixin.py:190} INFO - [2025-01-06T12:19:04.747+0000] {dag.py:4180} INFO - Setting next_dagrun for example_branch_datetime_operator_2 to 2025-01-05 00:00:00+00:00, run_after=2025-01-06 00:00:00+00:00
[2025-01-06T12:19:04.750+0000] {logging_mixin.py:190} INFO - [2025-01-06T12:19:04.750+0000] {dag.py:4180} INFO - Setting next_dagrun for example_branch_datetime_operator_3 to 2025-01-05 00:00:00+00:00, run_after=2025-01-06 00:00:00+00:00
[2025-01-06T12:19:04.755+0000] {processor.py:208} INFO - Processing /home/airflow/.local/lib/python3.12/site-packages/airflow/example_dags/example_branch_datetime_operator.py took 0.041 seconds
[2025-01-06T12:19:17.718+0000] {processor.py:186} INFO - Started process (PID=30) to work on /home/airflow/.local/lib/python3.12/site-packages/airflow/example_dags/example_branch_datetime_operator.py
[2025-01-06T12:19:17.718+0000] {processor.py:914} INFO - Processing file /home/airflow/.local/lib/python3.12/site-packages/airflow/example_dags/example_branch_datetime_operator.py for tasks to queue
[2025-01-06T12:19:17.720+0000] {logging_mixin.py:190} INFO - [2025-01-06T12:19:17.719+0000] {dagbag.py:588} INFO - Filling up the DagBag from /home/airflow/.local/lib/python3.12/site-packages/airflow/example_dags/example_branch_datetime_operator.py
[2025-01-06T12:19:17.725+0000] {processor.py:925} INFO - DAG(s) 'example_branch_datetime_operator_3', 'example_branch_datetime_operator_2', 'example_branch_datetime_operator' retrieved from /home/airflow/.local/lib/python3.12/site-packages/airflow/example_dags/example_branch_datetime_operator.py
[2025-01-06T12:19:17.738+0000] {logging_mixin.py:190} INFO - [2025-01-06T12:19:17.738+0000] {dag.py:3239} INFO - Sync 3 DAGs
[2025-01-06T12:19:17.750+0000] {logging_mixin.py:190} INFO - [2025-01-06T12:19:17.749+0000] {dag.py:4180} INFO - Setting next_dagrun for example_branch_datetime_operator to 2025-01-05 00:00:00+00:00, run_after=2025-01-06 00:00:00+00:00
[2025-01-06T12:19:17.751+0000] {logging_mixin.py:190} INFO - [2025-01-06T12:19:17.751+0000] {dag.py:4180} INFO - Setting next_dagrun for example_branch_datetime_operator_2 to 2025-01-05 00:00:00+00:00, run_after=2025-01-06 00:00:00+00:00
[2025-01-06T12:19:17.752+0000] {logging_mixin.py:190} INFO - [2025-01-06T12:19:17.752+0000] {dag.py:4180} INFO - Setting next_dagrun for example_branch_datetime_operator_3 to 2025-01-05 00:00:00+00:00, run_after=2025-01-06 00:00:00+00:00
[2025-01-06T12:19:17.758+0000] {processor.py:208} INFO - Processing /home/airflow/.local/lib/python3.12/site-packages/airflow/example_dags/example_branch_datetime_operator.py took 0.043 seconds
[2025-01-06T12:33:10.066+0000] {processor.py:186} INFO - Started process (PID=32) to work on /home/airflow/.local/lib/python3.12/site-packages/airflow/example_dags/example_branch_datetime_operator.py
[2025-01-06T12:33:10.067+0000] {processor.py:914} INFO - Processing file /home/airflow/.local/lib/python3.12/site-packages/airflow/example_dags/example_branch_datetime_operator.py for tasks to queue
[2025-01-06T12:33:10.068+0000] {logging_mixin.py:190} INFO - [2025-01-06T12:33:10.068+0000] {dagbag.py:588} INFO - Filling up the DagBag from /home/airflow/.local/lib/python3.12/site-packages/airflow/example_dags/example_branch_datetime_operator.py
[2025-01-06T12:33:10.075+0000] {processor.py:925} INFO - DAG(s) 'example_branch_datetime_operator', 'example_branch_datetime_operator_2', 'example_branch_datetime_operator_3' retrieved from /home/airflow/.local/lib/python3.12/site-packages/airflow/example_dags/example_branch_datetime_operator.py
[2025-01-06T12:33:10.123+0000] {logging_mixin.py:190} INFO - [2025-01-06T12:33:10.122+0000] {override.py:1911} INFO - Created Permission View: can delete on DAG:example_branch_datetime_operator
[2025-01-06T12:33:10.126+0000] {logging_mixin.py:190} INFO - [2025-01-06T12:33:10.126+0000] {override.py:1911} INFO - Created Permission View: can read on DAG:example_branch_datetime_operator
[2025-01-06T12:33:10.128+0000] {logging_mixin.py:190} INFO - [2025-01-06T12:33:10.127+0000] {override.py:1911} INFO - Created Permission View: can edit on DAG:example_branch_datetime_operator
[2025-01-06T12:33:10.130+0000] {logging_mixin.py:190} INFO - [2025-01-06T12:33:10.129+0000] {override.py:1911} INFO - Created Permission View: menu access on DAG Run:example_branch_datetime_operator
[2025-01-06T12:33:10.131+0000] {logging_mixin.py:190} INFO - [2025-01-06T12:33:10.131+0000] {override.py:1911} INFO - Created Permission View: can delete on DAG Run:example_branch_datetime_operator
[2025-01-06T12:33:10.133+0000] {logging_mixin.py:190} INFO - [2025-01-06T12:33:10.133+0000] {override.py:1911} INFO - Created Permission View: can read on DAG Run:example_branch_datetime_operator
[2025-01-06T12:33:10.134+0000] {logging_mixin.py:190} INFO - [2025-01-06T12:33:10.134+0000] {override.py:1911} INFO - Created Permission View: can create on DAG Run:example_branch_datetime_operator
[2025-01-06T12:33:10.138+0000] {logging_mixin.py:190} INFO - [2025-01-06T12:33:10.138+0000] {override.py:1911} INFO - Created Permission View: can delete on DAG:example_branch_datetime_operator_2
[2025-01-06T12:33:10.140+0000] {logging_mixin.py:190} INFO - [2025-01-06T12:33:10.140+0000] {override.py:1911} INFO - Created Permission View: can read on DAG:example_branch_datetime_operator_2
[2025-01-06T12:33:10.142+0000] {logging_mixin.py:190} INFO - [2025-01-06T12:33:10.142+0000] {override.py:1911} INFO - Created Permission View: can edit on DAG:example_branch_datetime_operator_2
[2025-01-06T12:33:10.143+0000] {logging_mixin.py:190} INFO - [2025-01-06T12:33:10.143+0000] {override.py:1911} INFO - Created Permission View: menu access on DAG Run:example_branch_datetime_operator_2
[2025-01-06T12:33:10.145+0000] {logging_mixin.py:190} INFO - [2025-01-06T12:33:10.145+0000] {override.py:1911} INFO - Created Permission View: can delete on DAG Run:example_branch_datetime_operator_2
[2025-01-06T12:33:10.146+0000] {logging_mixin.py:190} INFO - [2025-01-06T12:33:10.146+0000] {override.py:1911} INFO - Created Permission View: can read on DAG Run:example_branch_datetime_operator_2
[2025-01-06T12:33:10.148+0000] {logging_mixin.py:190} INFO - [2025-01-06T12:33:10.148+0000] {override.py:1911} INFO - Created Permission View: can create on DAG Run:example_branch_datetime_operator_2
[2025-01-06T12:33:10.151+0000] {logging_mixin.py:190} INFO - [2025-01-06T12:33:10.151+0000] {override.py:1911} INFO - Created Permission View: can delete on DAG:example_branch_datetime_operator_3
[2025-01-06T12:33:10.153+0000] {logging_mixin.py:190} INFO - [2025-01-06T12:33:10.153+0000] {override.py:1911} INFO - Created Permission View: can read on DAG:example_branch_datetime_operator_3
[2025-01-06T12:33:10.154+0000] {logging_mixin.py:190} INFO - [2025-01-06T12:33:10.154+0000] {override.py:1911} INFO - Created Permission View: can edit on DAG:example_branch_datetime_operator_3
[2025-01-06T12:33:10.156+0000] {logging_mixin.py:190} INFO - [2025-01-06T12:33:10.156+0000] {override.py:1911} INFO - Created Permission View: menu access on DAG Run:example_branch_datetime_operator_3
[2025-01-06T12:33:10.157+0000] {logging_mixin.py:190} INFO - [2025-01-06T12:33:10.157+0000] {override.py:1911} INFO - Created Permission View: can delete on DAG Run:example_branch_datetime_operator_3
[2025-01-06T12:33:10.159+0000] {logging_mixin.py:190} INFO - [2025-01-06T12:33:10.159+0000] {override.py:1911} INFO - Created Permission View: can read on DAG Run:example_branch_datetime_operator_3
[2025-01-06T12:33:10.160+0000] {logging_mixin.py:190} INFO - [2025-01-06T12:33:10.160+0000] {override.py:1911} INFO - Created Permission View: can create on DAG Run:example_branch_datetime_operator_3
[2025-01-06T12:33:10.160+0000] {logging_mixin.py:190} INFO - [2025-01-06T12:33:10.160+0000] {dag.py:3239} INFO - Sync 3 DAGs
[2025-01-06T12:33:10.166+0000] {logging_mixin.py:190} INFO - [2025-01-06T12:33:10.166+0000] {dag.py:3262} INFO - Creating ORM DAG for example_branch_datetime_operator_2
[2025-01-06T12:33:10.166+0000] {logging_mixin.py:190} INFO - [2025-01-06T12:33:10.166+0000] {dag.py:3262} INFO - Creating ORM DAG for example_branch_datetime_operator_3
[2025-01-06T12:33:10.166+0000] {logging_mixin.py:190} INFO - [2025-01-06T12:33:10.166+0000] {dag.py:3262} INFO - Creating ORM DAG for example_branch_datetime_operator
[2025-01-06T12:33:10.170+0000] {logging_mixin.py:190} INFO - [2025-01-06T12:33:10.170+0000] {dag.py:4180} INFO - Setting next_dagrun for example_branch_datetime_operator to 2025-01-05 00:00:00+00:00, run_after=2025-01-06 00:00:00+00:00
[2025-01-06T12:33:10.171+0000] {logging_mixin.py:190} INFO - [2025-01-06T12:33:10.171+0000] {dag.py:4180} INFO - Setting next_dagrun for example_branch_datetime_operator_2 to 2025-01-05 00:00:00+00:00, run_after=2025-01-06 00:00:00+00:00
[2025-01-06T12:33:10.172+0000] {logging_mixin.py:190} INFO - [2025-01-06T12:33:10.172+0000] {dag.py:4180} INFO - Setting next_dagrun for example_branch_datetime_operator_3 to 2025-01-05 00:00:00+00:00, run_after=2025-01-06 00:00:00+00:00
[2025-01-06T12:33:10.178+0000] {processor.py:208} INFO - Processing /home/airflow/.local/lib/python3.12/site-packages/airflow/example_dags/example_branch_datetime_operator.py took 0.115 seconds
[2025-01-06T12:33:41.134+0000] {processor.py:186} INFO - Started process (PID=90) to work on /home/airflow/.local/lib/python3.12/site-packages/airflow/example_dags/example_branch_datetime_operator.py
[2025-01-06T12:33:41.135+0000] {processor.py:914} INFO - Processing file /home/airflow/.local/lib/python3.12/site-packages/airflow/example_dags/example_branch_datetime_operator.py for tasks to queue
[2025-01-06T12:33:41.136+0000] {logging_mixin.py:190} INFO - [2025-01-06T12:33:41.136+0000] {dagbag.py:588} INFO - Filling up the DagBag from /home/airflow/.local/lib/python3.12/site-packages/airflow/example_dags/example_branch_datetime_operator.py
[2025-01-06T12:33:41.143+0000] {processor.py:925} INFO - DAG(s) 'example_branch_datetime_operator_3', 'example_branch_datetime_operator', 'example_branch_datetime_operator_2' retrieved from /home/airflow/.local/lib/python3.12/site-packages/airflow/example_dags/example_branch_datetime_operator.py
[2025-01-06T12:33:41.156+0000] {logging_mixin.py:190} INFO - [2025-01-06T12:33:41.156+0000] {dag.py:3239} INFO - Sync 3 DAGs
[2025-01-06T12:33:41.168+0000] {logging_mixin.py:190} INFO - [2025-01-06T12:33:41.168+0000] {dag.py:4180} INFO - Setting next_dagrun for example_branch_datetime_operator to 2025-01-05 00:00:00+00:00, run_after=2025-01-06 00:00:00+00:00
[2025-01-06T12:33:41.170+0000] {logging_mixin.py:190} INFO - [2025-01-06T12:33:41.170+0000] {dag.py:4180} INFO - Setting next_dagrun for example_branch_datetime_operator_2 to 2025-01-05 00:00:00+00:00, run_after=2025-01-06 00:00:00+00:00
[2025-01-06T12:33:41.171+0000] {logging_mixin.py:190} INFO - [2025-01-06T12:33:41.171+0000] {dag.py:4180} INFO - Setting next_dagrun for example_branch_datetime_operator_3 to 2025-01-05 00:00:00+00:00, run_after=2025-01-06 00:00:00+00:00
[2025-01-06T12:33:41.179+0000] {processor.py:208} INFO - Processing /home/airflow/.local/lib/python3.12/site-packages/airflow/example_dags/example_branch_datetime_operator.py took 0.047 seconds
[2025-01-06T12:34:11.401+0000] {processor.py:186} INFO - Started process (PID=148) to work on /home/airflow/.local/lib/python3.12/site-packages/airflow/example_dags/example_branch_datetime_operator.py
[2025-01-06T12:34:11.402+0000] {processor.py:914} INFO - Processing file /home/airflow/.local/lib/python3.12/site-packages/airflow/example_dags/example_branch_datetime_operator.py for tasks to queue
[2025-01-06T12:34:11.403+0000] {logging_mixin.py:190} INFO - [2025-01-06T12:34:11.403+0000] {dagbag.py:588} INFO - Filling up the DagBag from /home/airflow/.local/lib/python3.12/site-packages/airflow/example_dags/example_branch_datetime_operator.py
[2025-01-06T12:34:11.420+0000] {processor.py:925} INFO - DAG(s) 'example_branch_datetime_operator_3', 'example_branch_datetime_operator', 'example_branch_datetime_operator_2' retrieved from /home/airflow/.local/lib/python3.12/site-packages/airflow/example_dags/example_branch_datetime_operator.py
[2025-01-06T12:34:11.436+0000] {logging_mixin.py:190} INFO - [2025-01-06T12:34:11.436+0000] {dag.py:3239} INFO - Sync 3 DAGs
[2025-01-06T12:34:11.447+0000] {logging_mixin.py:190} INFO - [2025-01-06T12:34:11.447+0000] {dag.py:4180} INFO - Setting next_dagrun for example_branch_datetime_operator to 2025-01-05 00:00:00+00:00, run_after=2025-01-06 00:00:00+00:00
[2025-01-06T12:34:11.449+0000] {logging_mixin.py:190} INFO - [2025-01-06T12:34:11.449+0000] {dag.py:4180} INFO - Setting next_dagrun for example_branch_datetime_operator_2 to 2025-01-05 00:00:00+00:00, run_after=2025-01-06 00:00:00+00:00
[2025-01-06T12:34:11.450+0000] {logging_mixin.py:190} INFO - [2025-01-06T12:34:11.450+0000] {dag.py:4180} INFO - Setting next_dagrun for example_branch_datetime_operator_3 to 2025-01-05 00:00:00+00:00, run_after=2025-01-06 00:00:00+00:00
[2025-01-06T12:34:11.459+0000] {processor.py:208} INFO - Processing /home/airflow/.local/lib/python3.12/site-packages/airflow/example_dags/example_branch_datetime_operator.py took 0.060 seconds
[2025-01-06T12:34:41.873+0000] {processor.py:186} INFO - Started process (PID=206) to work on /home/airflow/.local/lib/python3.12/site-packages/airflow/example_dags/example_branch_datetime_operator.py
[2025-01-06T12:34:41.873+0000] {processor.py:914} INFO - Processing file /home/airflow/.local/lib/python3.12/site-packages/airflow/example_dags/example_branch_datetime_operator.py for tasks to queue
[2025-01-06T12:34:41.874+0000] {logging_mixin.py:190} INFO - [2025-01-06T12:34:41.874+0000] {dagbag.py:588} INFO - Filling up the DagBag from /home/airflow/.local/lib/python3.12/site-packages/airflow/example_dags/example_branch_datetime_operator.py
[2025-01-06T12:34:41.880+0000] {processor.py:925} INFO - DAG(s) 'example_branch_datetime_operator_2', 'example_branch_datetime_operator', 'example_branch_datetime_operator_3' retrieved from /home/airflow/.local/lib/python3.12/site-packages/airflow/example_dags/example_branch_datetime_operator.py
[2025-01-06T12:34:41.890+0000] {logging_mixin.py:190} INFO - [2025-01-06T12:34:41.889+0000] {dag.py:3239} INFO - Sync 3 DAGs
[2025-01-06T12:34:41.899+0000] {logging_mixin.py:190} INFO - [2025-01-06T12:34:41.899+0000] {dag.py:4180} INFO - Setting next_dagrun for example_branch_datetime_operator to 2025-01-05 00:00:00+00:00, run_after=2025-01-06 00:00:00+00:00
[2025-01-06T12:34:41.900+0000] {logging_mixin.py:190} INFO - [2025-01-06T12:34:41.900+0000] {dag.py:4180} INFO - Setting next_dagrun for example_branch_datetime_operator_2 to 2025-01-05 00:00:00+00:00, run_after=2025-01-06 00:00:00+00:00
[2025-01-06T12:34:41.901+0000] {logging_mixin.py:190} INFO - [2025-01-06T12:34:41.901+0000] {dag.py:4180} INFO - Setting next_dagrun for example_branch_datetime_operator_3 to 2025-01-05 00:00:00+00:00, run_after=2025-01-06 00:00:00+00:00
[2025-01-06T12:34:41.907+0000] {processor.py:208} INFO - Processing /home/airflow/.local/lib/python3.12/site-packages/airflow/example_dags/example_branch_datetime_operator.py took 0.037 seconds
[2025-01-06T12:35:12.125+0000] {processor.py:186} INFO - Started process (PID=264) to work on /home/airflow/.local/lib/python3.12/site-packages/airflow/example_dags/example_branch_datetime_operator.py
[2025-01-06T12:35:12.126+0000] {processor.py:914} INFO - Processing file /home/airflow/.local/lib/python3.12/site-packages/airflow/example_dags/example_branch_datetime_operator.py for tasks to queue
[2025-01-06T12:35:12.127+0000] {logging_mixin.py:190} INFO - [2025-01-06T12:35:12.127+0000] {dagbag.py:588} INFO - Filling up the DagBag from /home/airflow/.local/lib/python3.12/site-packages/airflow/example_dags/example_branch_datetime_operator.py
[2025-01-06T12:35:12.133+0000] {processor.py:925} INFO - DAG(s) 'example_branch_datetime_operator', 'example_branch_datetime_operator_3', 'example_branch_datetime_operator_2' retrieved from /home/airflow/.local/lib/python3.12/site-packages/airflow/example_dags/example_branch_datetime_operator.py
[2025-01-06T12:35:12.146+0000] {logging_mixin.py:190} INFO - [2025-01-06T12:35:12.145+0000] {dag.py:3239} INFO - Sync 3 DAGs
[2025-01-06T12:35:12.156+0000] {logging_mixin.py:190} INFO - [2025-01-06T12:35:12.156+0000] {dag.py:4180} INFO - Setting next_dagrun for example_branch_datetime_operator to 2025-01-05 00:00:00+00:00, run_after=2025-01-06 00:00:00+00:00
[2025-01-06T12:35:12.158+0000] {logging_mixin.py:190} INFO - [2025-01-06T12:35:12.158+0000] {dag.py:4180} INFO - Setting next_dagrun for example_branch_datetime_operator_2 to 2025-01-05 00:00:00+00:00, run_after=2025-01-06 00:00:00+00:00
[2025-01-06T12:35:12.159+0000] {logging_mixin.py:190} INFO - [2025-01-06T12:35:12.159+0000] {dag.py:4180} INFO - Setting next_dagrun for example_branch_datetime_operator_3 to 2025-01-05 00:00:00+00:00, run_after=2025-01-06 00:00:00+00:00
[2025-01-06T12:35:12.165+0000] {processor.py:208} INFO - Processing /home/airflow/.local/lib/python3.12/site-packages/airflow/example_dags/example_branch_datetime_operator.py took 0.044 seconds
[2025-01-06T12:35:42.383+0000] {processor.py:186} INFO - Started process (PID=322) to work on /home/airflow/.local/lib/python3.12/site-packages/airflow/example_dags/example_branch_datetime_operator.py
[2025-01-06T12:35:42.384+0000] {processor.py:914} INFO - Processing file /home/airflow/.local/lib/python3.12/site-packages/airflow/example_dags/example_branch_datetime_operator.py for tasks to queue
[2025-01-06T12:35:42.385+0000] {logging_mixin.py:190} INFO - [2025-01-06T12:35:42.385+0000] {dagbag.py:588} INFO - Filling up the DagBag from /home/airflow/.local/lib/python3.12/site-packages/airflow/example_dags/example_branch_datetime_operator.py
[2025-01-06T12:35:42.390+0000] {processor.py:925} INFO - DAG(s) 'example_branch_datetime_operator_3', 'example_branch_datetime_operator_2', 'example_branch_datetime_operator' retrieved from /home/airflow/.local/lib/python3.12/site-packages/airflow/example_dags/example_branch_datetime_operator.py
[2025-01-06T12:35:42.401+0000] {logging_mixin.py:190} INFO - [2025-01-06T12:35:42.400+0000] {dag.py:3239} INFO - Sync 3 DAGs
[2025-01-06T12:35:42.410+0000] {logging_mixin.py:190} INFO - [2025-01-06T12:35:42.410+0000] {dag.py:4180} INFO - Setting next_dagrun for example_branch_datetime_operator to 2025-01-05 00:00:00+00:00, run_after=2025-01-06 00:00:00+00:00
[2025-01-06T12:35:42.412+0000] {logging_mixin.py:190} INFO - [2025-01-06T12:35:42.412+0000] {dag.py:4180} INFO - Setting next_dagrun for example_branch_datetime_operator_2 to 2025-01-05 00:00:00+00:00, run_after=2025-01-06 00:00:00+00:00
[2025-01-06T12:35:42.413+0000] {logging_mixin.py:190} INFO - [2025-01-06T12:35:42.413+0000] {dag.py:4180} INFO - Setting next_dagrun for example_branch_datetime_operator_3 to 2025-01-05 00:00:00+00:00, run_after=2025-01-06 00:00:00+00:00
[2025-01-06T12:35:42.418+0000] {processor.py:208} INFO - Processing /home/airflow/.local/lib/python3.12/site-packages/airflow/example_dags/example_branch_datetime_operator.py took 0.037 seconds
[2025-01-06T12:36:12.575+0000] {processor.py:186} INFO - Started process (PID=380) to work on /home/airflow/.local/lib/python3.12/site-packages/airflow/example_dags/example_branch_datetime_operator.py
[2025-01-06T12:36:12.576+0000] {processor.py:914} INFO - Processing file /home/airflow/.local/lib/python3.12/site-packages/airflow/example_dags/example_branch_datetime_operator.py for tasks to queue
[2025-01-06T12:36:12.577+0000] {logging_mixin.py:190} INFO - [2025-01-06T12:36:12.576+0000] {dagbag.py:588} INFO - Filling up the DagBag from /home/airflow/.local/lib/python3.12/site-packages/airflow/example_dags/example_branch_datetime_operator.py
[2025-01-06T12:36:12.582+0000] {processor.py:925} INFO - DAG(s) 'example_branch_datetime_operator_2', 'example_branch_datetime_operator', 'example_branch_datetime_operator_3' retrieved from /home/airflow/.local/lib/python3.12/site-packages/airflow/example_dags/example_branch_datetime_operator.py
[2025-01-06T12:36:12.591+0000] {logging_mixin.py:190} INFO - [2025-01-06T12:36:12.591+0000] {dag.py:3239} INFO - Sync 3 DAGs
[2025-01-06T12:36:12.600+0000] {logging_mixin.py:190} INFO - [2025-01-06T12:36:12.600+0000] {dag.py:4180} INFO - Setting next_dagrun for example_branch_datetime_operator to 2025-01-05 00:00:00+00:00, run_after=2025-01-06 00:00:00+00:00
[2025-01-06T12:36:12.602+0000] {logging_mixin.py:190} INFO - [2025-01-06T12:36:12.602+0000] {dag.py:4180} INFO - Setting next_dagrun for example_branch_datetime_operator_2 to 2025-01-05 00:00:00+00:00, run_after=2025-01-06 00:00:00+00:00
[2025-01-06T12:36:12.603+0000] {logging_mixin.py:190} INFO - [2025-01-06T12:36:12.603+0000] {dag.py:4180} INFO - Setting next_dagrun for example_branch_datetime_operator_3 to 2025-01-05 00:00:00+00:00, run_after=2025-01-06 00:00:00+00:00
[2025-01-06T12:36:12.608+0000] {processor.py:208} INFO - Processing /home/airflow/.local/lib/python3.12/site-packages/airflow/example_dags/example_branch_datetime_operator.py took 0.035 seconds
[2025-01-06T12:36:42.839+0000] {processor.py:186} INFO - Started process (PID=438) to work on /home/airflow/.local/lib/python3.12/site-packages/airflow/example_dags/example_branch_datetime_operator.py
[2025-01-06T12:36:42.840+0000] {processor.py:914} INFO - Processing file /home/airflow/.local/lib/python3.12/site-packages/airflow/example_dags/example_branch_datetime_operator.py for tasks to queue
[2025-01-06T12:36:42.841+0000] {logging_mixin.py:190} INFO - [2025-01-06T12:36:42.841+0000] {dagbag.py:588} INFO - Filling up the DagBag from /home/airflow/.local/lib/python3.12/site-packages/airflow/example_dags/example_branch_datetime_operator.py
[2025-01-06T12:36:42.850+0000] {processor.py:925} INFO - DAG(s) 'example_branch_datetime_operator', 'example_branch_datetime_operator_2', 'example_branch_datetime_operator_3' retrieved from /home/airflow/.local/lib/python3.12/site-packages/airflow/example_dags/example_branch_datetime_operator.py
[2025-01-06T12:36:42.868+0000] {logging_mixin.py:190} INFO - [2025-01-06T12:36:42.867+0000] {dag.py:3239} INFO - Sync 3 DAGs
[2025-01-06T12:36:42.882+0000] {logging_mixin.py:190} INFO - [2025-01-06T12:36:42.882+0000] {dag.py:4180} INFO - Setting next_dagrun for example_branch_datetime_operator to 2025-01-05 00:00:00+00:00, run_after=2025-01-06 00:00:00+00:00
[2025-01-06T12:36:42.884+0000] {logging_mixin.py:190} INFO - [2025-01-06T12:36:42.884+0000] {dag.py:4180} INFO - Setting next_dagrun for example_branch_datetime_operator_2 to 2025-01-05 00:00:00+00:00, run_after=2025-01-06 00:00:00+00:00
[2025-01-06T12:36:42.885+0000] {logging_mixin.py:190} INFO - [2025-01-06T12:36:42.885+0000] {dag.py:4180} INFO - Setting next_dagrun for example_branch_datetime_operator_3 to 2025-01-05 00:00:00+00:00, run_after=2025-01-06 00:00:00+00:00
[2025-01-06T12:36:42.895+0000] {processor.py:208} INFO - Processing /home/airflow/.local/lib/python3.12/site-packages/airflow/example_dags/example_branch_datetime_operator.py took 0.061 seconds
[2025-01-06T12:37:13.354+0000] {processor.py:186} INFO - Started process (PID=496) to work on /home/airflow/.local/lib/python3.12/site-packages/airflow/example_dags/example_branch_datetime_operator.py
[2025-01-06T12:37:13.355+0000] {processor.py:914} INFO - Processing file /home/airflow/.local/lib/python3.12/site-packages/airflow/example_dags/example_branch_datetime_operator.py for tasks to queue
[2025-01-06T12:37:13.358+0000] {logging_mixin.py:190} INFO - [2025-01-06T12:37:13.357+0000] {dagbag.py:588} INFO - Filling up the DagBag from /home/airflow/.local/lib/python3.12/site-packages/airflow/example_dags/example_branch_datetime_operator.py
[2025-01-06T12:37:13.363+0000] {processor.py:925} INFO - DAG(s) 'example_branch_datetime_operator', 'example_branch_datetime_operator_3', 'example_branch_datetime_operator_2' retrieved from /home/airflow/.local/lib/python3.12/site-packages/airflow/example_dags/example_branch_datetime_operator.py
[2025-01-06T12:37:13.373+0000] {logging_mixin.py:190} INFO - [2025-01-06T12:37:13.373+0000] {dag.py:3239} INFO - Sync 3 DAGs
[2025-01-06T12:37:13.382+0000] {logging_mixin.py:190} INFO - [2025-01-06T12:37:13.382+0000] {dag.py:4180} INFO - Setting next_dagrun for example_branch_datetime_operator to 2025-01-05 00:00:00+00:00, run_after=2025-01-06 00:00:00+00:00
[2025-01-06T12:37:13.384+0000] {logging_mixin.py:190} INFO - [2025-01-06T12:37:13.384+0000] {dag.py:4180} INFO - Setting next_dagrun for example_branch_datetime_operator_2 to 2025-01-05 00:00:00+00:00, run_after=2025-01-06 00:00:00+00:00
[2025-01-06T12:37:13.385+0000] {logging_mixin.py:190} INFO - [2025-01-06T12:37:13.385+0000] {dag.py:4180} INFO - Setting next_dagrun for example_branch_datetime_operator_3 to 2025-01-05 00:00:00+00:00, run_after=2025-01-06 00:00:00+00:00
[2025-01-06T12:37:13.390+0000] {processor.py:208} INFO - Processing /home/airflow/.local/lib/python3.12/site-packages/airflow/example_dags/example_branch_datetime_operator.py took 0.039 seconds
