[2025-01-06T12:17:45.785+0000] {processor.py:186} INFO - Started process (PID=38) to work on /home/airflow/.local/lib/python3.12/site-packages/airflow/example_dags/example_dataset_alias.py
[2025-01-06T12:17:45.786+0000] {processor.py:914} INFO - Processing file /home/airflow/.local/lib/python3.12/site-packages/airflow/example_dags/example_dataset_alias.py for tasks to queue
[2025-01-06T12:17:45.787+0000] {logging_mixin.py:190} INFO - [2025-01-06T12:17:45.786+0000] {dagbag.py:588} INFO - Filling up the DagBag from /home/airflow/.local/lib/python3.12/site-packages/airflow/example_dags/example_dataset_alias.py
[2025-01-06T12:17:46.486+0000] {processor.py:925} INFO - DAG(s) 'dataset_alias_example_alias_consumer', 'dataset_alias_example_alias_producer', 'dataset_s3_bucket_consumer', 'dataset_s3_bucket_producer' retrieved from /home/airflow/.local/lib/python3.12/site-packages/airflow/example_dags/example_dataset_alias.py
[2025-01-06T12:17:46.519+0000] {logging_mixin.py:190} INFO - [2025-01-06T12:17:46.518+0000] {override.py:1911} INFO - Created Permission View: can edit on DAG:dataset_alias_example_alias_consumer
[2025-01-06T12:17:46.522+0000] {logging_mixin.py:190} INFO - [2025-01-06T12:17:46.522+0000] {override.py:1911} INFO - Created Permission View: can read on DAG:dataset_alias_example_alias_consumer
[2025-01-06T12:17:46.524+0000] {logging_mixin.py:190} INFO - [2025-01-06T12:17:46.523+0000] {override.py:1911} INFO - Created Permission View: can delete on DAG:dataset_alias_example_alias_consumer
[2025-01-06T12:17:46.525+0000] {logging_mixin.py:190} INFO - [2025-01-06T12:17:46.525+0000] {override.py:1911} INFO - Created Permission View: can read on DAG Run:dataset_alias_example_alias_consumer
[2025-01-06T12:17:46.527+0000] {logging_mixin.py:190} INFO - [2025-01-06T12:17:46.527+0000] {override.py:1911} INFO - Created Permission View: can create on DAG Run:dataset_alias_example_alias_consumer
[2025-01-06T12:17:46.529+0000] {logging_mixin.py:190} INFO - [2025-01-06T12:17:46.529+0000] {override.py:1911} INFO - Created Permission View: menu access on DAG Run:dataset_alias_example_alias_consumer
[2025-01-06T12:17:46.531+0000] {logging_mixin.py:190} INFO - [2025-01-06T12:17:46.531+0000] {override.py:1911} INFO - Created Permission View: can delete on DAG Run:dataset_alias_example_alias_consumer
[2025-01-06T12:17:46.534+0000] {logging_mixin.py:190} INFO - [2025-01-06T12:17:46.534+0000] {override.py:1911} INFO - Created Permission View: can edit on DAG:dataset_alias_example_alias_producer
[2025-01-06T12:17:46.536+0000] {logging_mixin.py:190} INFO - [2025-01-06T12:17:46.536+0000] {override.py:1911} INFO - Created Permission View: can read on DAG:dataset_alias_example_alias_producer
[2025-01-06T12:17:46.537+0000] {logging_mixin.py:190} INFO - [2025-01-06T12:17:46.537+0000] {override.py:1911} INFO - Created Permission View: can delete on DAG:dataset_alias_example_alias_producer
[2025-01-06T12:17:46.539+0000] {logging_mixin.py:190} INFO - [2025-01-06T12:17:46.539+0000] {override.py:1911} INFO - Created Permission View: can read on DAG Run:dataset_alias_example_alias_producer
[2025-01-06T12:17:46.540+0000] {logging_mixin.py:190} INFO - [2025-01-06T12:17:46.540+0000] {override.py:1911} INFO - Created Permission View: can create on DAG Run:dataset_alias_example_alias_producer
[2025-01-06T12:17:46.542+0000] {logging_mixin.py:190} INFO - [2025-01-06T12:17:46.542+0000] {override.py:1911} INFO - Created Permission View: menu access on DAG Run:dataset_alias_example_alias_producer
[2025-01-06T12:17:46.544+0000] {logging_mixin.py:190} INFO - [2025-01-06T12:17:46.544+0000] {override.py:1911} INFO - Created Permission View: can delete on DAG Run:dataset_alias_example_alias_producer
[2025-01-06T12:17:46.547+0000] {logging_mixin.py:190} INFO - [2025-01-06T12:17:46.547+0000] {override.py:1911} INFO - Created Permission View: can edit on DAG:dataset_s3_bucket_consumer
[2025-01-06T12:17:46.548+0000] {logging_mixin.py:190} INFO - [2025-01-06T12:17:46.548+0000] {override.py:1911} INFO - Created Permission View: can read on DAG:dataset_s3_bucket_consumer
[2025-01-06T12:17:46.550+0000] {logging_mixin.py:190} INFO - [2025-01-06T12:17:46.550+0000] {override.py:1911} INFO - Created Permission View: can delete on DAG:dataset_s3_bucket_consumer
[2025-01-06T12:17:46.552+0000] {logging_mixin.py:190} INFO - [2025-01-06T12:17:46.552+0000] {override.py:1911} INFO - Created Permission View: can read on DAG Run:dataset_s3_bucket_consumer
[2025-01-06T12:17:46.555+0000] {logging_mixin.py:190} INFO - [2025-01-06T12:17:46.554+0000] {override.py:1911} INFO - Created Permission View: can create on DAG Run:dataset_s3_bucket_consumer
[2025-01-06T12:17:46.556+0000] {logging_mixin.py:190} INFO - [2025-01-06T12:17:46.556+0000] {override.py:1911} INFO - Created Permission View: menu access on DAG Run:dataset_s3_bucket_consumer
[2025-01-06T12:17:46.559+0000] {logging_mixin.py:190} INFO - [2025-01-06T12:17:46.559+0000] {override.py:1911} INFO - Created Permission View: can delete on DAG Run:dataset_s3_bucket_consumer
[2025-01-06T12:17:46.563+0000] {logging_mixin.py:190} INFO - [2025-01-06T12:17:46.563+0000] {override.py:1911} INFO - Created Permission View: can edit on DAG:dataset_s3_bucket_producer
[2025-01-06T12:17:46.565+0000] {logging_mixin.py:190} INFO - [2025-01-06T12:17:46.565+0000] {override.py:1911} INFO - Created Permission View: can read on DAG:dataset_s3_bucket_producer
[2025-01-06T12:17:46.567+0000] {logging_mixin.py:190} INFO - [2025-01-06T12:17:46.567+0000] {override.py:1911} INFO - Created Permission View: can delete on DAG:dataset_s3_bucket_producer
[2025-01-06T12:17:46.569+0000] {logging_mixin.py:190} INFO - [2025-01-06T12:17:46.569+0000] {override.py:1911} INFO - Created Permission View: can read on DAG Run:dataset_s3_bucket_producer
[2025-01-06T12:17:46.570+0000] {logging_mixin.py:190} INFO - [2025-01-06T12:17:46.570+0000] {override.py:1911} INFO - Created Permission View: can create on DAG Run:dataset_s3_bucket_producer
[2025-01-06T12:17:46.572+0000] {logging_mixin.py:190} INFO - [2025-01-06T12:17:46.572+0000] {override.py:1911} INFO - Created Permission View: menu access on DAG Run:dataset_s3_bucket_producer
[2025-01-06T12:17:46.576+0000] {logging_mixin.py:190} INFO - [2025-01-06T12:17:46.576+0000] {override.py:1911} INFO - Created Permission View: can delete on DAG Run:dataset_s3_bucket_producer
[2025-01-06T12:17:46.576+0000] {logging_mixin.py:190} INFO - [2025-01-06T12:17:46.576+0000] {dag.py:3239} INFO - Sync 4 DAGs
[2025-01-06T12:17:46.581+0000] {logging_mixin.py:190} INFO - [2025-01-06T12:17:46.581+0000] {dag.py:3262} INFO - Creating ORM DAG for dataset_s3_bucket_consumer
[2025-01-06T12:17:46.581+0000] {logging_mixin.py:190} INFO - [2025-01-06T12:17:46.581+0000] {dag.py:3262} INFO - Creating ORM DAG for dataset_alias_example_alias_producer
[2025-01-06T12:17:46.582+0000] {logging_mixin.py:190} INFO - [2025-01-06T12:17:46.582+0000] {dag.py:3262} INFO - Creating ORM DAG for dataset_alias_example_alias_consumer
[2025-01-06T12:17:46.583+0000] {logging_mixin.py:190} INFO - [2025-01-06T12:17:46.583+0000] {dag.py:3262} INFO - Creating ORM DAG for dataset_s3_bucket_producer
[2025-01-06T12:17:46.588+0000] {logging_mixin.py:190} INFO - [2025-01-06T12:17:46.587+0000] {dag.py:4180} INFO - Setting next_dagrun for dataset_alias_example_alias_consumer to None, run_after=None
[2025-01-06T12:17:46.588+0000] {logging_mixin.py:190} INFO - [2025-01-06T12:17:46.588+0000] {dag.py:4180} INFO - Setting next_dagrun for dataset_alias_example_alias_producer to None, run_after=None
[2025-01-06T12:17:46.589+0000] {logging_mixin.py:190} INFO - [2025-01-06T12:17:46.589+0000] {dag.py:4180} INFO - Setting next_dagrun for dataset_s3_bucket_consumer to None, run_after=None
[2025-01-06T12:17:46.589+0000] {logging_mixin.py:190} INFO - [2025-01-06T12:17:46.589+0000] {dag.py:4180} INFO - Setting next_dagrun for dataset_s3_bucket_producer to None, run_after=None
[2025-01-06T12:17:46.598+0000] {processor.py:208} INFO - Processing /home/airflow/.local/lib/python3.12/site-packages/airflow/example_dags/example_dataset_alias.py took 0.816 seconds
[2025-01-06T12:18:00.206+0000] {processor.py:186} INFO - Started process (PID=38) to work on /home/airflow/.local/lib/python3.12/site-packages/airflow/example_dags/example_dataset_alias.py
[2025-01-06T12:18:00.210+0000] {processor.py:914} INFO - Processing file /home/airflow/.local/lib/python3.12/site-packages/airflow/example_dags/example_dataset_alias.py for tasks to queue
[2025-01-06T12:18:00.211+0000] {logging_mixin.py:190} INFO - [2025-01-06T12:18:00.211+0000] {dagbag.py:588} INFO - Filling up the DagBag from /home/airflow/.local/lib/python3.12/site-packages/airflow/example_dags/example_dataset_alias.py
[2025-01-06T12:18:00.493+0000] {processor.py:925} INFO - DAG(s) 'dataset_alias_example_alias_consumer', 'dataset_s3_bucket_consumer', 'dataset_alias_example_alias_producer', 'dataset_s3_bucket_producer' retrieved from /home/airflow/.local/lib/python3.12/site-packages/airflow/example_dags/example_dataset_alias.py
[2025-01-06T12:18:00.496+0000] {logging_mixin.py:190} INFO - [2025-01-06T12:18:00.496+0000] {dag.py:3239} INFO - Sync 4 DAGs
[2025-01-06T12:18:00.505+0000] {logging_mixin.py:190} INFO - [2025-01-06T12:18:00.504+0000] {dag.py:4180} INFO - Setting next_dagrun for dataset_alias_example_alias_consumer to None, run_after=None
[2025-01-06T12:18:00.506+0000] {logging_mixin.py:190} INFO - [2025-01-06T12:18:00.506+0000] {dag.py:4180} INFO - Setting next_dagrun for dataset_alias_example_alias_producer to None, run_after=None
[2025-01-06T12:18:00.506+0000] {logging_mixin.py:190} INFO - [2025-01-06T12:18:00.506+0000] {dag.py:4180} INFO - Setting next_dagrun for dataset_s3_bucket_consumer to None, run_after=None
[2025-01-06T12:18:00.507+0000] {logging_mixin.py:190} INFO - [2025-01-06T12:18:00.507+0000] {dag.py:4180} INFO - Setting next_dagrun for dataset_s3_bucket_producer to None, run_after=None
[2025-01-06T12:18:00.515+0000] {processor.py:208} INFO - Processing /home/airflow/.local/lib/python3.12/site-packages/airflow/example_dags/example_dataset_alias.py took 0.311 seconds
[2025-01-06T12:18:13.863+0000] {processor.py:186} INFO - Started process (PID=38) to work on /home/airflow/.local/lib/python3.12/site-packages/airflow/example_dags/example_dataset_alias.py
[2025-01-06T12:18:13.864+0000] {processor.py:914} INFO - Processing file /home/airflow/.local/lib/python3.12/site-packages/airflow/example_dags/example_dataset_alias.py for tasks to queue
[2025-01-06T12:18:13.865+0000] {logging_mixin.py:190} INFO - [2025-01-06T12:18:13.864+0000] {dagbag.py:588} INFO - Filling up the DagBag from /home/airflow/.local/lib/python3.12/site-packages/airflow/example_dags/example_dataset_alias.py
[2025-01-06T12:18:14.134+0000] {processor.py:925} INFO - DAG(s) 'dataset_alias_example_alias_consumer', 'dataset_s3_bucket_producer', 'dataset_alias_example_alias_producer', 'dataset_s3_bucket_consumer' retrieved from /home/airflow/.local/lib/python3.12/site-packages/airflow/example_dags/example_dataset_alias.py
[2025-01-06T12:18:14.136+0000] {logging_mixin.py:190} INFO - [2025-01-06T12:18:14.135+0000] {dag.py:3239} INFO - Sync 4 DAGs
[2025-01-06T12:18:14.145+0000] {logging_mixin.py:190} INFO - [2025-01-06T12:18:14.145+0000] {dag.py:4180} INFO - Setting next_dagrun for dataset_alias_example_alias_consumer to None, run_after=None
[2025-01-06T12:18:14.146+0000] {logging_mixin.py:190} INFO - [2025-01-06T12:18:14.146+0000] {dag.py:4180} INFO - Setting next_dagrun for dataset_alias_example_alias_producer to None, run_after=None
[2025-01-06T12:18:14.147+0000] {logging_mixin.py:190} INFO - [2025-01-06T12:18:14.146+0000] {dag.py:4180} INFO - Setting next_dagrun for dataset_s3_bucket_consumer to None, run_after=None
[2025-01-06T12:18:14.147+0000] {logging_mixin.py:190} INFO - [2025-01-06T12:18:14.147+0000] {dag.py:4180} INFO - Setting next_dagrun for dataset_s3_bucket_producer to None, run_after=None
[2025-01-06T12:18:14.157+0000] {processor.py:208} INFO - Processing /home/airflow/.local/lib/python3.12/site-packages/airflow/example_dags/example_dataset_alias.py took 0.295 seconds
[2025-01-06T12:18:27.935+0000] {processor.py:186} INFO - Started process (PID=38) to work on /home/airflow/.local/lib/python3.12/site-packages/airflow/example_dags/example_dataset_alias.py
[2025-01-06T12:18:27.936+0000] {processor.py:914} INFO - Processing file /home/airflow/.local/lib/python3.12/site-packages/airflow/example_dags/example_dataset_alias.py for tasks to queue
[2025-01-06T12:18:27.937+0000] {logging_mixin.py:190} INFO - [2025-01-06T12:18:27.936+0000] {dagbag.py:588} INFO - Filling up the DagBag from /home/airflow/.local/lib/python3.12/site-packages/airflow/example_dags/example_dataset_alias.py
[2025-01-06T12:18:28.240+0000] {processor.py:925} INFO - DAG(s) 'dataset_alias_example_alias_consumer', 'dataset_s3_bucket_producer', 'dataset_alias_example_alias_producer', 'dataset_s3_bucket_consumer' retrieved from /home/airflow/.local/lib/python3.12/site-packages/airflow/example_dags/example_dataset_alias.py
[2025-01-06T12:18:28.250+0000] {logging_mixin.py:190} INFO - [2025-01-06T12:18:28.250+0000] {dag.py:3239} INFO - Sync 4 DAGs
[2025-01-06T12:18:28.258+0000] {logging_mixin.py:190} INFO - [2025-01-06T12:18:28.258+0000] {dag.py:4180} INFO - Setting next_dagrun for dataset_alias_example_alias_consumer to None, run_after=None
[2025-01-06T12:18:28.259+0000] {logging_mixin.py:190} INFO - [2025-01-06T12:18:28.259+0000] {dag.py:4180} INFO - Setting next_dagrun for dataset_alias_example_alias_producer to None, run_after=None
[2025-01-06T12:18:28.260+0000] {logging_mixin.py:190} INFO - [2025-01-06T12:18:28.260+0000] {dag.py:4180} INFO - Setting next_dagrun for dataset_s3_bucket_consumer to None, run_after=None
[2025-01-06T12:18:28.261+0000] {logging_mixin.py:190} INFO - [2025-01-06T12:18:28.261+0000] {dag.py:4180} INFO - Setting next_dagrun for dataset_s3_bucket_producer to None, run_after=None
[2025-01-06T12:18:28.268+0000] {processor.py:208} INFO - Processing /home/airflow/.local/lib/python3.12/site-packages/airflow/example_dags/example_dataset_alias.py took 0.335 seconds
[2025-01-06T12:18:38.848+0000] {processor.py:186} INFO - Started process (PID=38) to work on /home/airflow/.local/lib/python3.12/site-packages/airflow/example_dags/example_dataset_alias.py
[2025-01-06T12:18:38.849+0000] {processor.py:914} INFO - Processing file /home/airflow/.local/lib/python3.12/site-packages/airflow/example_dags/example_dataset_alias.py for tasks to queue
[2025-01-06T12:18:38.850+0000] {logging_mixin.py:190} INFO - [2025-01-06T12:18:38.850+0000] {dagbag.py:588} INFO - Filling up the DagBag from /home/airflow/.local/lib/python3.12/site-packages/airflow/example_dags/example_dataset_alias.py
[2025-01-06T12:18:39.136+0000] {processor.py:925} INFO - DAG(s) 'dataset_alias_example_alias_consumer', 'dataset_alias_example_alias_producer', 'dataset_s3_bucket_consumer', 'dataset_s3_bucket_producer' retrieved from /home/airflow/.local/lib/python3.12/site-packages/airflow/example_dags/example_dataset_alias.py
[2025-01-06T12:18:39.144+0000] {logging_mixin.py:190} INFO - [2025-01-06T12:18:39.144+0000] {dag.py:3239} INFO - Sync 4 DAGs
[2025-01-06T12:18:39.153+0000] {logging_mixin.py:190} INFO - [2025-01-06T12:18:39.153+0000] {dag.py:4180} INFO - Setting next_dagrun for dataset_alias_example_alias_consumer to None, run_after=None
[2025-01-06T12:18:39.154+0000] {logging_mixin.py:190} INFO - [2025-01-06T12:18:39.154+0000] {dag.py:4180} INFO - Setting next_dagrun for dataset_alias_example_alias_producer to None, run_after=None
[2025-01-06T12:18:39.155+0000] {logging_mixin.py:190} INFO - [2025-01-06T12:18:39.155+0000] {dag.py:4180} INFO - Setting next_dagrun for dataset_s3_bucket_consumer to None, run_after=None
[2025-01-06T12:18:39.156+0000] {logging_mixin.py:190} INFO - [2025-01-06T12:18:39.156+0000] {dag.py:4180} INFO - Setting next_dagrun for dataset_s3_bucket_producer to None, run_after=None
[2025-01-06T12:18:39.164+0000] {processor.py:208} INFO - Processing /home/airflow/.local/lib/python3.12/site-packages/airflow/example_dags/example_dataset_alias.py took 0.318 seconds
[2025-01-06T12:19:04.940+0000] {processor.py:186} INFO - Started process (PID=38) to work on /home/airflow/.local/lib/python3.12/site-packages/airflow/example_dags/example_dataset_alias.py
[2025-01-06T12:19:04.940+0000] {processor.py:914} INFO - Processing file /home/airflow/.local/lib/python3.12/site-packages/airflow/example_dags/example_dataset_alias.py for tasks to queue
[2025-01-06T12:19:04.942+0000] {logging_mixin.py:190} INFO - [2025-01-06T12:19:04.941+0000] {dagbag.py:588} INFO - Filling up the DagBag from /home/airflow/.local/lib/python3.12/site-packages/airflow/example_dags/example_dataset_alias.py
[2025-01-06T12:19:05.239+0000] {processor.py:925} INFO - DAG(s) 'dataset_s3_bucket_consumer', 'dataset_alias_example_alias_consumer', 'dataset_alias_example_alias_producer', 'dataset_s3_bucket_producer' retrieved from /home/airflow/.local/lib/python3.12/site-packages/airflow/example_dags/example_dataset_alias.py
[2025-01-06T12:19:05.248+0000] {logging_mixin.py:190} INFO - [2025-01-06T12:19:05.247+0000] {dag.py:3239} INFO - Sync 4 DAGs
[2025-01-06T12:19:05.256+0000] {logging_mixin.py:190} INFO - [2025-01-06T12:19:05.256+0000] {dag.py:4180} INFO - Setting next_dagrun for dataset_alias_example_alias_consumer to None, run_after=None
[2025-01-06T12:19:05.258+0000] {logging_mixin.py:190} INFO - [2025-01-06T12:19:05.258+0000] {dag.py:4180} INFO - Setting next_dagrun for dataset_alias_example_alias_producer to None, run_after=None
[2025-01-06T12:19:05.260+0000] {logging_mixin.py:190} INFO - [2025-01-06T12:19:05.260+0000] {dag.py:4180} INFO - Setting next_dagrun for dataset_s3_bucket_consumer to None, run_after=None
[2025-01-06T12:19:05.260+0000] {logging_mixin.py:190} INFO - [2025-01-06T12:19:05.260+0000] {dag.py:4180} INFO - Setting next_dagrun for dataset_s3_bucket_producer to None, run_after=None
[2025-01-06T12:19:05.270+0000] {processor.py:208} INFO - Processing /home/airflow/.local/lib/python3.12/site-packages/airflow/example_dags/example_dataset_alias.py took 0.332 seconds
[2025-01-06T12:19:17.910+0000] {processor.py:186} INFO - Started process (PID=38) to work on /home/airflow/.local/lib/python3.12/site-packages/airflow/example_dags/example_dataset_alias.py
[2025-01-06T12:19:17.910+0000] {processor.py:914} INFO - Processing file /home/airflow/.local/lib/python3.12/site-packages/airflow/example_dags/example_dataset_alias.py for tasks to queue
[2025-01-06T12:19:17.911+0000] {logging_mixin.py:190} INFO - [2025-01-06T12:19:17.911+0000] {dagbag.py:588} INFO - Filling up the DagBag from /home/airflow/.local/lib/python3.12/site-packages/airflow/example_dags/example_dataset_alias.py
[2025-01-06T12:19:18.197+0000] {processor.py:925} INFO - DAG(s) 'dataset_alias_example_alias_producer', 'dataset_s3_bucket_producer', 'dataset_s3_bucket_consumer', 'dataset_alias_example_alias_consumer' retrieved from /home/airflow/.local/lib/python3.12/site-packages/airflow/example_dags/example_dataset_alias.py
[2025-01-06T12:19:18.205+0000] {logging_mixin.py:190} INFO - [2025-01-06T12:19:18.205+0000] {dag.py:3239} INFO - Sync 4 DAGs
[2025-01-06T12:19:18.214+0000] {logging_mixin.py:190} INFO - [2025-01-06T12:19:18.214+0000] {dag.py:4180} INFO - Setting next_dagrun for dataset_alias_example_alias_consumer to None, run_after=None
[2025-01-06T12:19:18.215+0000] {logging_mixin.py:190} INFO - [2025-01-06T12:19:18.215+0000] {dag.py:4180} INFO - Setting next_dagrun for dataset_alias_example_alias_producer to None, run_after=None
[2025-01-06T12:19:18.215+0000] {logging_mixin.py:190} INFO - [2025-01-06T12:19:18.215+0000] {dag.py:4180} INFO - Setting next_dagrun for dataset_s3_bucket_consumer to None, run_after=None
[2025-01-06T12:19:18.216+0000] {logging_mixin.py:190} INFO - [2025-01-06T12:19:18.216+0000] {dag.py:4180} INFO - Setting next_dagrun for dataset_s3_bucket_producer to None, run_after=None
[2025-01-06T12:19:18.224+0000] {processor.py:208} INFO - Processing /home/airflow/.local/lib/python3.12/site-packages/airflow/example_dags/example_dataset_alias.py took 0.316 seconds
[2025-01-06T12:33:10.430+0000] {processor.py:186} INFO - Started process (PID=40) to work on /home/airflow/.local/lib/python3.12/site-packages/airflow/example_dags/example_dataset_alias.py
[2025-01-06T12:33:10.430+0000] {processor.py:914} INFO - Processing file /home/airflow/.local/lib/python3.12/site-packages/airflow/example_dags/example_dataset_alias.py for tasks to queue
[2025-01-06T12:33:10.431+0000] {logging_mixin.py:190} INFO - [2025-01-06T12:33:10.431+0000] {dagbag.py:588} INFO - Filling up the DagBag from /home/airflow/.local/lib/python3.12/site-packages/airflow/example_dags/example_dataset_alias.py
[2025-01-06T12:33:11.151+0000] {processor.py:925} INFO - DAG(s) 'dataset_alias_example_alias_producer', 'dataset_s3_bucket_producer', 'dataset_alias_example_alias_consumer', 'dataset_s3_bucket_consumer' retrieved from /home/airflow/.local/lib/python3.12/site-packages/airflow/example_dags/example_dataset_alias.py
[2025-01-06T12:33:11.185+0000] {logging_mixin.py:190} INFO - [2025-01-06T12:33:11.184+0000] {override.py:1911} INFO - Created Permission View: can delete on DAG:dataset_alias_example_alias_producer
[2025-01-06T12:33:11.188+0000] {logging_mixin.py:190} INFO - [2025-01-06T12:33:11.188+0000] {override.py:1911} INFO - Created Permission View: can read on DAG:dataset_alias_example_alias_producer
[2025-01-06T12:33:11.190+0000] {logging_mixin.py:190} INFO - [2025-01-06T12:33:11.190+0000] {override.py:1911} INFO - Created Permission View: can edit on DAG:dataset_alias_example_alias_producer
[2025-01-06T12:33:11.192+0000] {logging_mixin.py:190} INFO - [2025-01-06T12:33:11.192+0000] {override.py:1911} INFO - Created Permission View: menu access on DAG Run:dataset_alias_example_alias_producer
[2025-01-06T12:33:11.194+0000] {logging_mixin.py:190} INFO - [2025-01-06T12:33:11.194+0000] {override.py:1911} INFO - Created Permission View: can delete on DAG Run:dataset_alias_example_alias_producer
[2025-01-06T12:33:11.196+0000] {logging_mixin.py:190} INFO - [2025-01-06T12:33:11.196+0000] {override.py:1911} INFO - Created Permission View: can read on DAG Run:dataset_alias_example_alias_producer
[2025-01-06T12:33:11.198+0000] {logging_mixin.py:190} INFO - [2025-01-06T12:33:11.198+0000] {override.py:1911} INFO - Created Permission View: can create on DAG Run:dataset_alias_example_alias_producer
[2025-01-06T12:33:11.202+0000] {logging_mixin.py:190} INFO - [2025-01-06T12:33:11.202+0000] {override.py:1911} INFO - Created Permission View: can delete on DAG:dataset_s3_bucket_producer
[2025-01-06T12:33:11.204+0000] {logging_mixin.py:190} INFO - [2025-01-06T12:33:11.204+0000] {override.py:1911} INFO - Created Permission View: can read on DAG:dataset_s3_bucket_producer
[2025-01-06T12:33:11.205+0000] {logging_mixin.py:190} INFO - [2025-01-06T12:33:11.205+0000] {override.py:1911} INFO - Created Permission View: can edit on DAG:dataset_s3_bucket_producer
[2025-01-06T12:33:11.207+0000] {logging_mixin.py:190} INFO - [2025-01-06T12:33:11.207+0000] {override.py:1911} INFO - Created Permission View: menu access on DAG Run:dataset_s3_bucket_producer
[2025-01-06T12:33:11.209+0000] {logging_mixin.py:190} INFO - [2025-01-06T12:33:11.209+0000] {override.py:1911} INFO - Created Permission View: can delete on DAG Run:dataset_s3_bucket_producer
[2025-01-06T12:33:11.210+0000] {logging_mixin.py:190} INFO - [2025-01-06T12:33:11.210+0000] {override.py:1911} INFO - Created Permission View: can read on DAG Run:dataset_s3_bucket_producer
[2025-01-06T12:33:11.212+0000] {logging_mixin.py:190} INFO - [2025-01-06T12:33:11.212+0000] {override.py:1911} INFO - Created Permission View: can create on DAG Run:dataset_s3_bucket_producer
[2025-01-06T12:33:11.215+0000] {logging_mixin.py:190} INFO - [2025-01-06T12:33:11.215+0000] {override.py:1911} INFO - Created Permission View: can delete on DAG:dataset_alias_example_alias_consumer
[2025-01-06T12:33:11.217+0000] {logging_mixin.py:190} INFO - [2025-01-06T12:33:11.217+0000] {override.py:1911} INFO - Created Permission View: can read on DAG:dataset_alias_example_alias_consumer
[2025-01-06T12:33:11.218+0000] {logging_mixin.py:190} INFO - [2025-01-06T12:33:11.218+0000] {override.py:1911} INFO - Created Permission View: can edit on DAG:dataset_alias_example_alias_consumer
[2025-01-06T12:33:11.220+0000] {logging_mixin.py:190} INFO - [2025-01-06T12:33:11.220+0000] {override.py:1911} INFO - Created Permission View: menu access on DAG Run:dataset_alias_example_alias_consumer
[2025-01-06T12:33:11.222+0000] {logging_mixin.py:190} INFO - [2025-01-06T12:33:11.221+0000] {override.py:1911} INFO - Created Permission View: can delete on DAG Run:dataset_alias_example_alias_consumer
[2025-01-06T12:33:11.223+0000] {logging_mixin.py:190} INFO - [2025-01-06T12:33:11.223+0000] {override.py:1911} INFO - Created Permission View: can read on DAG Run:dataset_alias_example_alias_consumer
[2025-01-06T12:33:11.225+0000] {logging_mixin.py:190} INFO - [2025-01-06T12:33:11.224+0000] {override.py:1911} INFO - Created Permission View: can create on DAG Run:dataset_alias_example_alias_consumer
[2025-01-06T12:33:11.228+0000] {logging_mixin.py:190} INFO - [2025-01-06T12:33:11.228+0000] {override.py:1911} INFO - Created Permission View: can delete on DAG:dataset_s3_bucket_consumer
[2025-01-06T12:33:11.229+0000] {logging_mixin.py:190} INFO - [2025-01-06T12:33:11.229+0000] {override.py:1911} INFO - Created Permission View: can read on DAG:dataset_s3_bucket_consumer
[2025-01-06T12:33:11.231+0000] {logging_mixin.py:190} INFO - [2025-01-06T12:33:11.231+0000] {override.py:1911} INFO - Created Permission View: can edit on DAG:dataset_s3_bucket_consumer
[2025-01-06T12:33:11.232+0000] {logging_mixin.py:190} INFO - [2025-01-06T12:33:11.232+0000] {override.py:1911} INFO - Created Permission View: menu access on DAG Run:dataset_s3_bucket_consumer
[2025-01-06T12:33:11.234+0000] {logging_mixin.py:190} INFO - [2025-01-06T12:33:11.234+0000] {override.py:1911} INFO - Created Permission View: can delete on DAG Run:dataset_s3_bucket_consumer
[2025-01-06T12:33:11.236+0000] {logging_mixin.py:190} INFO - [2025-01-06T12:33:11.235+0000] {override.py:1911} INFO - Created Permission View: can read on DAG Run:dataset_s3_bucket_consumer
[2025-01-06T12:33:11.237+0000] {logging_mixin.py:190} INFO - [2025-01-06T12:33:11.237+0000] {override.py:1911} INFO - Created Permission View: can create on DAG Run:dataset_s3_bucket_consumer
[2025-01-06T12:33:11.237+0000] {logging_mixin.py:190} INFO - [2025-01-06T12:33:11.237+0000] {dag.py:3239} INFO - Sync 4 DAGs
[2025-01-06T12:33:11.243+0000] {logging_mixin.py:190} INFO - [2025-01-06T12:33:11.242+0000] {dag.py:3262} INFO - Creating ORM DAG for dataset_s3_bucket_consumer
[2025-01-06T12:33:11.243+0000] {logging_mixin.py:190} INFO - [2025-01-06T12:33:11.243+0000] {dag.py:3262} INFO - Creating ORM DAG for dataset_s3_bucket_producer
[2025-01-06T12:33:11.243+0000] {logging_mixin.py:190} INFO - [2025-01-06T12:33:11.243+0000] {dag.py:3262} INFO - Creating ORM DAG for dataset_alias_example_alias_producer
[2025-01-06T12:33:11.243+0000] {logging_mixin.py:190} INFO - [2025-01-06T12:33:11.243+0000] {dag.py:3262} INFO - Creating ORM DAG for dataset_alias_example_alias_consumer
[2025-01-06T12:33:11.247+0000] {logging_mixin.py:190} INFO - [2025-01-06T12:33:11.247+0000] {dag.py:4180} INFO - Setting next_dagrun for dataset_alias_example_alias_consumer to None, run_after=None
[2025-01-06T12:33:11.247+0000] {logging_mixin.py:190} INFO - [2025-01-06T12:33:11.247+0000] {dag.py:4180} INFO - Setting next_dagrun for dataset_alias_example_alias_producer to None, run_after=None
[2025-01-06T12:33:11.247+0000] {logging_mixin.py:190} INFO - [2025-01-06T12:33:11.247+0000] {dag.py:4180} INFO - Setting next_dagrun for dataset_s3_bucket_consumer to None, run_after=None
[2025-01-06T12:33:11.248+0000] {logging_mixin.py:190} INFO - [2025-01-06T12:33:11.248+0000] {dag.py:4180} INFO - Setting next_dagrun for dataset_s3_bucket_producer to None, run_after=None
[2025-01-06T12:33:11.258+0000] {processor.py:208} INFO - Processing /home/airflow/.local/lib/python3.12/site-packages/airflow/example_dags/example_dataset_alias.py took 0.831 seconds
[2025-01-06T12:33:41.382+0000] {processor.py:186} INFO - Started process (PID=98) to work on /home/airflow/.local/lib/python3.12/site-packages/airflow/example_dags/example_dataset_alias.py
[2025-01-06T12:33:41.382+0000] {processor.py:914} INFO - Processing file /home/airflow/.local/lib/python3.12/site-packages/airflow/example_dags/example_dataset_alias.py for tasks to queue
[2025-01-06T12:33:41.383+0000] {logging_mixin.py:190} INFO - [2025-01-06T12:33:41.383+0000] {dagbag.py:588} INFO - Filling up the DagBag from /home/airflow/.local/lib/python3.12/site-packages/airflow/example_dags/example_dataset_alias.py
[2025-01-06T12:33:41.638+0000] {processor.py:925} INFO - DAG(s) 'dataset_alias_example_alias_producer', 'dataset_s3_bucket_producer', 'dataset_alias_example_alias_consumer', 'dataset_s3_bucket_consumer' retrieved from /home/airflow/.local/lib/python3.12/site-packages/airflow/example_dags/example_dataset_alias.py
[2025-01-06T12:33:41.645+0000] {logging_mixin.py:190} INFO - [2025-01-06T12:33:41.645+0000] {dag.py:3239} INFO - Sync 4 DAGs
[2025-01-06T12:33:41.654+0000] {logging_mixin.py:190} INFO - [2025-01-06T12:33:41.654+0000] {dag.py:4180} INFO - Setting next_dagrun for dataset_alias_example_alias_consumer to None, run_after=None
[2025-01-06T12:33:41.655+0000] {logging_mixin.py:190} INFO - [2025-01-06T12:33:41.655+0000] {dag.py:4180} INFO - Setting next_dagrun for dataset_alias_example_alias_producer to None, run_after=None
[2025-01-06T12:33:41.656+0000] {logging_mixin.py:190} INFO - [2025-01-06T12:33:41.656+0000] {dag.py:4180} INFO - Setting next_dagrun for dataset_s3_bucket_consumer to None, run_after=None
[2025-01-06T12:33:41.656+0000] {logging_mixin.py:190} INFO - [2025-01-06T12:33:41.656+0000] {dag.py:4180} INFO - Setting next_dagrun for dataset_s3_bucket_producer to None, run_after=None
[2025-01-06T12:33:41.664+0000] {processor.py:208} INFO - Processing /home/airflow/.local/lib/python3.12/site-packages/airflow/example_dags/example_dataset_alias.py took 0.284 seconds
[2025-01-06T12:34:11.686+0000] {processor.py:186} INFO - Started process (PID=156) to work on /home/airflow/.local/lib/python3.12/site-packages/airflow/example_dags/example_dataset_alias.py
[2025-01-06T12:34:11.686+0000] {processor.py:914} INFO - Processing file /home/airflow/.local/lib/python3.12/site-packages/airflow/example_dags/example_dataset_alias.py for tasks to queue
[2025-01-06T12:34:11.688+0000] {logging_mixin.py:190} INFO - [2025-01-06T12:34:11.687+0000] {dagbag.py:588} INFO - Filling up the DagBag from /home/airflow/.local/lib/python3.12/site-packages/airflow/example_dags/example_dataset_alias.py
[2025-01-06T12:34:11.900+0000] {processor.py:925} INFO - DAG(s) 'dataset_alias_example_alias_producer', 'dataset_s3_bucket_producer', 'dataset_alias_example_alias_consumer', 'dataset_s3_bucket_consumer' retrieved from /home/airflow/.local/lib/python3.12/site-packages/airflow/example_dags/example_dataset_alias.py
[2025-01-06T12:34:11.907+0000] {logging_mixin.py:190} INFO - [2025-01-06T12:34:11.906+0000] {dag.py:3239} INFO - Sync 4 DAGs
[2025-01-06T12:34:11.914+0000] {logging_mixin.py:190} INFO - [2025-01-06T12:34:11.914+0000] {dag.py:4180} INFO - Setting next_dagrun for dataset_alias_example_alias_consumer to None, run_after=None
[2025-01-06T12:34:11.915+0000] {logging_mixin.py:190} INFO - [2025-01-06T12:34:11.915+0000] {dag.py:4180} INFO - Setting next_dagrun for dataset_alias_example_alias_producer to None, run_after=None
[2025-01-06T12:34:11.916+0000] {logging_mixin.py:190} INFO - [2025-01-06T12:34:11.916+0000] {dag.py:4180} INFO - Setting next_dagrun for dataset_s3_bucket_consumer to None, run_after=None
[2025-01-06T12:34:11.916+0000] {logging_mixin.py:190} INFO - [2025-01-06T12:34:11.916+0000] {dag.py:4180} INFO - Setting next_dagrun for dataset_s3_bucket_producer to None, run_after=None
[2025-01-06T12:34:11.923+0000] {processor.py:208} INFO - Processing /home/airflow/.local/lib/python3.12/site-packages/airflow/example_dags/example_dataset_alias.py took 0.239 seconds
[2025-01-06T12:34:42.046+0000] {processor.py:186} INFO - Started process (PID=214) to work on /home/airflow/.local/lib/python3.12/site-packages/airflow/example_dags/example_dataset_alias.py
[2025-01-06T12:34:42.046+0000] {processor.py:914} INFO - Processing file /home/airflow/.local/lib/python3.12/site-packages/airflow/example_dags/example_dataset_alias.py for tasks to queue
[2025-01-06T12:34:42.047+0000] {logging_mixin.py:190} INFO - [2025-01-06T12:34:42.047+0000] {dagbag.py:588} INFO - Filling up the DagBag from /home/airflow/.local/lib/python3.12/site-packages/airflow/example_dags/example_dataset_alias.py
[2025-01-06T12:34:42.275+0000] {processor.py:925} INFO - DAG(s) 'dataset_alias_example_alias_consumer', 'dataset_alias_example_alias_producer', 'dataset_s3_bucket_producer', 'dataset_s3_bucket_consumer' retrieved from /home/airflow/.local/lib/python3.12/site-packages/airflow/example_dags/example_dataset_alias.py
[2025-01-06T12:34:42.281+0000] {logging_mixin.py:190} INFO - [2025-01-06T12:34:42.280+0000] {dag.py:3239} INFO - Sync 4 DAGs
[2025-01-06T12:34:42.287+0000] {logging_mixin.py:190} INFO - [2025-01-06T12:34:42.287+0000] {dag.py:4180} INFO - Setting next_dagrun for dataset_alias_example_alias_consumer to None, run_after=None
[2025-01-06T12:34:42.288+0000] {logging_mixin.py:190} INFO - [2025-01-06T12:34:42.288+0000] {dag.py:4180} INFO - Setting next_dagrun for dataset_alias_example_alias_producer to None, run_after=None
[2025-01-06T12:34:42.288+0000] {logging_mixin.py:190} INFO - [2025-01-06T12:34:42.288+0000] {dag.py:4180} INFO - Setting next_dagrun for dataset_s3_bucket_consumer to None, run_after=None
[2025-01-06T12:34:42.289+0000] {logging_mixin.py:190} INFO - [2025-01-06T12:34:42.289+0000] {dag.py:4180} INFO - Setting next_dagrun for dataset_s3_bucket_producer to None, run_after=None
[2025-01-06T12:34:42.295+0000] {processor.py:208} INFO - Processing /home/airflow/.local/lib/python3.12/site-packages/airflow/example_dags/example_dataset_alias.py took 0.251 seconds
[2025-01-06T12:35:12.367+0000] {processor.py:186} INFO - Started process (PID=272) to work on /home/airflow/.local/lib/python3.12/site-packages/airflow/example_dags/example_dataset_alias.py
[2025-01-06T12:35:12.368+0000] {processor.py:914} INFO - Processing file /home/airflow/.local/lib/python3.12/site-packages/airflow/example_dags/example_dataset_alias.py for tasks to queue
[2025-01-06T12:35:12.369+0000] {logging_mixin.py:190} INFO - [2025-01-06T12:35:12.368+0000] {dagbag.py:588} INFO - Filling up the DagBag from /home/airflow/.local/lib/python3.12/site-packages/airflow/example_dags/example_dataset_alias.py
[2025-01-06T12:35:12.628+0000] {processor.py:925} INFO - DAG(s) 'dataset_s3_bucket_consumer', 'dataset_alias_example_alias_producer', 'dataset_s3_bucket_producer', 'dataset_alias_example_alias_consumer' retrieved from /home/airflow/.local/lib/python3.12/site-packages/airflow/example_dags/example_dataset_alias.py
[2025-01-06T12:35:12.635+0000] {logging_mixin.py:190} INFO - [2025-01-06T12:35:12.635+0000] {dag.py:3239} INFO - Sync 4 DAGs
[2025-01-06T12:35:12.642+0000] {logging_mixin.py:190} INFO - [2025-01-06T12:35:12.642+0000] {dag.py:4180} INFO - Setting next_dagrun for dataset_alias_example_alias_consumer to None, run_after=None
[2025-01-06T12:35:12.643+0000] {logging_mixin.py:190} INFO - [2025-01-06T12:35:12.643+0000] {dag.py:4180} INFO - Setting next_dagrun for dataset_alias_example_alias_producer to None, run_after=None
[2025-01-06T12:35:12.644+0000] {logging_mixin.py:190} INFO - [2025-01-06T12:35:12.644+0000] {dag.py:4180} INFO - Setting next_dagrun for dataset_s3_bucket_consumer to None, run_after=None
[2025-01-06T12:35:12.644+0000] {logging_mixin.py:190} INFO - [2025-01-06T12:35:12.644+0000] {dag.py:4180} INFO - Setting next_dagrun for dataset_s3_bucket_producer to None, run_after=None
[2025-01-06T12:35:12.651+0000] {processor.py:208} INFO - Processing /home/airflow/.local/lib/python3.12/site-packages/airflow/example_dags/example_dataset_alias.py took 0.287 seconds
[2025-01-06T12:35:42.677+0000] {processor.py:186} INFO - Started process (PID=335) to work on /home/airflow/.local/lib/python3.12/site-packages/airflow/example_dags/example_dataset_alias.py
[2025-01-06T12:35:42.677+0000] {processor.py:914} INFO - Processing file /home/airflow/.local/lib/python3.12/site-packages/airflow/example_dags/example_dataset_alias.py for tasks to queue
[2025-01-06T12:35:42.678+0000] {logging_mixin.py:190} INFO - [2025-01-06T12:35:42.678+0000] {dagbag.py:588} INFO - Filling up the DagBag from /home/airflow/.local/lib/python3.12/site-packages/airflow/example_dags/example_dataset_alias.py
[2025-01-06T12:35:42.896+0000] {processor.py:925} INFO - DAG(s) 'dataset_s3_bucket_producer', 'dataset_alias_example_alias_consumer', 'dataset_alias_example_alias_producer', 'dataset_s3_bucket_consumer' retrieved from /home/airflow/.local/lib/python3.12/site-packages/airflow/example_dags/example_dataset_alias.py
[2025-01-06T12:35:42.904+0000] {logging_mixin.py:190} INFO - [2025-01-06T12:35:42.903+0000] {dag.py:3239} INFO - Sync 4 DAGs
[2025-01-06T12:35:42.910+0000] {logging_mixin.py:190} INFO - [2025-01-06T12:35:42.910+0000] {dag.py:4180} INFO - Setting next_dagrun for dataset_alias_example_alias_consumer to None, run_after=None
[2025-01-06T12:35:42.911+0000] {logging_mixin.py:190} INFO - [2025-01-06T12:35:42.911+0000] {dag.py:4180} INFO - Setting next_dagrun for dataset_alias_example_alias_producer to None, run_after=None
[2025-01-06T12:35:42.912+0000] {logging_mixin.py:190} INFO - [2025-01-06T12:35:42.912+0000] {dag.py:4180} INFO - Setting next_dagrun for dataset_s3_bucket_consumer to None, run_after=None
[2025-01-06T12:35:42.912+0000] {logging_mixin.py:190} INFO - [2025-01-06T12:35:42.912+0000] {dag.py:4180} INFO - Setting next_dagrun for dataset_s3_bucket_producer to None, run_after=None
[2025-01-06T12:35:42.918+0000] {processor.py:208} INFO - Processing /home/airflow/.local/lib/python3.12/site-packages/airflow/example_dags/example_dataset_alias.py took 0.244 seconds
[2025-01-06T12:36:12.934+0000] {processor.py:186} INFO - Started process (PID=393) to work on /home/airflow/.local/lib/python3.12/site-packages/airflow/example_dags/example_dataset_alias.py
[2025-01-06T12:36:12.934+0000] {processor.py:914} INFO - Processing file /home/airflow/.local/lib/python3.12/site-packages/airflow/example_dags/example_dataset_alias.py for tasks to queue
[2025-01-06T12:36:12.935+0000] {logging_mixin.py:190} INFO - [2025-01-06T12:36:12.935+0000] {dagbag.py:588} INFO - Filling up the DagBag from /home/airflow/.local/lib/python3.12/site-packages/airflow/example_dags/example_dataset_alias.py
[2025-01-06T12:36:13.138+0000] {processor.py:925} INFO - DAG(s) 'dataset_s3_bucket_consumer', 'dataset_alias_example_alias_consumer', 'dataset_alias_example_alias_producer', 'dataset_s3_bucket_producer' retrieved from /home/airflow/.local/lib/python3.12/site-packages/airflow/example_dags/example_dataset_alias.py
[2025-01-06T12:36:13.144+0000] {logging_mixin.py:190} INFO - [2025-01-06T12:36:13.144+0000] {dag.py:3239} INFO - Sync 4 DAGs
[2025-01-06T12:36:13.150+0000] {logging_mixin.py:190} INFO - [2025-01-06T12:36:13.150+0000] {dag.py:4180} INFO - Setting next_dagrun for dataset_alias_example_alias_consumer to None, run_after=None
[2025-01-06T12:36:13.151+0000] {logging_mixin.py:190} INFO - [2025-01-06T12:36:13.151+0000] {dag.py:4180} INFO - Setting next_dagrun for dataset_alias_example_alias_producer to None, run_after=None
[2025-01-06T12:36:13.152+0000] {logging_mixin.py:190} INFO - [2025-01-06T12:36:13.152+0000] {dag.py:4180} INFO - Setting next_dagrun for dataset_s3_bucket_consumer to None, run_after=None
[2025-01-06T12:36:13.152+0000] {logging_mixin.py:190} INFO - [2025-01-06T12:36:13.152+0000] {dag.py:4180} INFO - Setting next_dagrun for dataset_s3_bucket_producer to None, run_after=None
[2025-01-06T12:36:13.158+0000] {processor.py:208} INFO - Processing /home/airflow/.local/lib/python3.12/site-packages/airflow/example_dags/example_dataset_alias.py took 0.227 seconds
[2025-01-06T12:36:43.328+0000] {processor.py:186} INFO - Started process (PID=451) to work on /home/airflow/.local/lib/python3.12/site-packages/airflow/example_dags/example_dataset_alias.py
[2025-01-06T12:36:43.328+0000] {processor.py:914} INFO - Processing file /home/airflow/.local/lib/python3.12/site-packages/airflow/example_dags/example_dataset_alias.py for tasks to queue
[2025-01-06T12:36:43.329+0000] {logging_mixin.py:190} INFO - [2025-01-06T12:36:43.329+0000] {dagbag.py:588} INFO - Filling up the DagBag from /home/airflow/.local/lib/python3.12/site-packages/airflow/example_dags/example_dataset_alias.py
[2025-01-06T12:36:43.577+0000] {processor.py:925} INFO - DAG(s) 'dataset_s3_bucket_consumer', 'dataset_alias_example_alias_consumer', 'dataset_alias_example_alias_producer', 'dataset_s3_bucket_producer' retrieved from /home/airflow/.local/lib/python3.12/site-packages/airflow/example_dags/example_dataset_alias.py
[2025-01-06T12:36:43.584+0000] {logging_mixin.py:190} INFO - [2025-01-06T12:36:43.583+0000] {dag.py:3239} INFO - Sync 4 DAGs
[2025-01-06T12:36:43.593+0000] {logging_mixin.py:190} INFO - [2025-01-06T12:36:43.592+0000] {dag.py:4180} INFO - Setting next_dagrun for dataset_alias_example_alias_consumer to None, run_after=None
[2025-01-06T12:36:43.594+0000] {logging_mixin.py:190} INFO - [2025-01-06T12:36:43.593+0000] {dag.py:4180} INFO - Setting next_dagrun for dataset_alias_example_alias_producer to None, run_after=None
[2025-01-06T12:36:43.594+0000] {logging_mixin.py:190} INFO - [2025-01-06T12:36:43.594+0000] {dag.py:4180} INFO - Setting next_dagrun for dataset_s3_bucket_consumer to None, run_after=None
[2025-01-06T12:36:43.594+0000] {logging_mixin.py:190} INFO - [2025-01-06T12:36:43.594+0000] {dag.py:4180} INFO - Setting next_dagrun for dataset_s3_bucket_producer to None, run_after=None
[2025-01-06T12:36:43.601+0000] {processor.py:208} INFO - Processing /home/airflow/.local/lib/python3.12/site-packages/airflow/example_dags/example_dataset_alias.py took 0.276 seconds
[2025-01-06T12:37:13.628+0000] {processor.py:186} INFO - Started process (PID=507) to work on /home/airflow/.local/lib/python3.12/site-packages/airflow/example_dags/example_dataset_alias.py
[2025-01-06T12:37:13.629+0000] {processor.py:914} INFO - Processing file /home/airflow/.local/lib/python3.12/site-packages/airflow/example_dags/example_dataset_alias.py for tasks to queue
[2025-01-06T12:37:13.630+0000] {logging_mixin.py:190} INFO - [2025-01-06T12:37:13.630+0000] {dagbag.py:588} INFO - Filling up the DagBag from /home/airflow/.local/lib/python3.12/site-packages/airflow/example_dags/example_dataset_alias.py
[2025-01-06T12:37:13.866+0000] {processor.py:925} INFO - DAG(s) 'dataset_s3_bucket_producer', 'dataset_alias_example_alias_consumer', 'dataset_s3_bucket_consumer', 'dataset_alias_example_alias_producer' retrieved from /home/airflow/.local/lib/python3.12/site-packages/airflow/example_dags/example_dataset_alias.py
[2025-01-06T12:37:13.872+0000] {logging_mixin.py:190} INFO - [2025-01-06T12:37:13.872+0000] {dag.py:3239} INFO - Sync 4 DAGs
[2025-01-06T12:37:13.879+0000] {logging_mixin.py:190} INFO - [2025-01-06T12:37:13.879+0000] {dag.py:4180} INFO - Setting next_dagrun for dataset_alias_example_alias_consumer to None, run_after=None
[2025-01-06T12:37:13.880+0000] {logging_mixin.py:190} INFO - [2025-01-06T12:37:13.880+0000] {dag.py:4180} INFO - Setting next_dagrun for dataset_alias_example_alias_producer to None, run_after=None
[2025-01-06T12:37:13.881+0000] {logging_mixin.py:190} INFO - [2025-01-06T12:37:13.881+0000] {dag.py:4180} INFO - Setting next_dagrun for dataset_s3_bucket_consumer to None, run_after=None
[2025-01-06T12:37:13.882+0000] {logging_mixin.py:190} INFO - [2025-01-06T12:37:13.882+0000] {dag.py:4180} INFO - Setting next_dagrun for dataset_s3_bucket_producer to None, run_after=None
[2025-01-06T12:37:13.888+0000] {processor.py:208} INFO - Processing /home/airflow/.local/lib/python3.12/site-packages/airflow/example_dags/example_dataset_alias.py took 0.262 seconds
