[2025-01-06T12:17:45.822+0000] {processor.py:186} INFO - Started process (PID=39) to work on /home/airflow/.local/lib/python3.12/site-packages/airflow/example_dags/example_dataset_alias_with_no_taskflow.py
[2025-01-06T12:17:45.822+0000] {processor.py:914} INFO - Processing file /home/airflow/.local/lib/python3.12/site-packages/airflow/example_dags/example_dataset_alias_with_no_taskflow.py for tasks to queue
[2025-01-06T12:17:45.823+0000] {logging_mixin.py:190} INFO - [2025-01-06T12:17:45.823+0000] {dagbag.py:588} INFO - Filling up the DagBag from /home/airflow/.local/lib/python3.12/site-packages/airflow/example_dags/example_dataset_alias_with_no_taskflow.py
[2025-01-06T12:17:46.486+0000] {processor.py:925} INFO - DAG(s) 'dataset_alias_example_alias_producer_with_no_taskflow', 'dataset_alias_example_alias_consumer_with_no_taskflow', 'dataset_s3_bucket_consumer_with_no_taskflow', 'dataset_s3_bucket_producer_with_no_taskflow' retrieved from /home/airflow/.local/lib/python3.12/site-packages/airflow/example_dags/example_dataset_alias_with_no_taskflow.py
[2025-01-06T12:17:46.518+0000] {logging_mixin.py:190} INFO - [2025-01-06T12:17:46.518+0000] {override.py:1911} INFO - Created Permission View: can edit on DAG:dataset_alias_example_alias_producer_with_no_taskflow
[2025-01-06T12:17:46.522+0000] {logging_mixin.py:190} INFO - [2025-01-06T12:17:46.521+0000] {override.py:1911} INFO - Created Permission View: can read on DAG:dataset_alias_example_alias_producer_with_no_taskflow
[2025-01-06T12:17:46.523+0000] {logging_mixin.py:190} INFO - [2025-01-06T12:17:46.523+0000] {override.py:1911} INFO - Created Permission View: can delete on DAG:dataset_alias_example_alias_producer_with_no_taskflow
[2025-01-06T12:17:46.525+0000] {logging_mixin.py:190} INFO - [2025-01-06T12:17:46.525+0000] {override.py:1911} INFO - Created Permission View: can read on DAG Run:dataset_alias_example_alias_producer_with_no_taskflow
[2025-01-06T12:17:46.527+0000] {logging_mixin.py:190} INFO - [2025-01-06T12:17:46.527+0000] {override.py:1911} INFO - Created Permission View: can create on DAG Run:dataset_alias_example_alias_producer_with_no_taskflow
[2025-01-06T12:17:46.529+0000] {logging_mixin.py:190} INFO - [2025-01-06T12:17:46.529+0000] {override.py:1911} INFO - Created Permission View: menu access on DAG Run:dataset_alias_example_alias_producer_with_no_taskflow
[2025-01-06T12:17:46.531+0000] {logging_mixin.py:190} INFO - [2025-01-06T12:17:46.530+0000] {override.py:1911} INFO - Created Permission View: can delete on DAG Run:dataset_alias_example_alias_producer_with_no_taskflow
[2025-01-06T12:17:46.534+0000] {logging_mixin.py:190} INFO - [2025-01-06T12:17:46.534+0000] {override.py:1911} INFO - Created Permission View: can edit on DAG:dataset_alias_example_alias_consumer_with_no_taskflow
[2025-01-06T12:17:46.536+0000] {logging_mixin.py:190} INFO - [2025-01-06T12:17:46.536+0000] {override.py:1911} INFO - Created Permission View: can read on DAG:dataset_alias_example_alias_consumer_with_no_taskflow
[2025-01-06T12:17:46.537+0000] {logging_mixin.py:190} INFO - [2025-01-06T12:17:46.537+0000] {override.py:1911} INFO - Created Permission View: can delete on DAG:dataset_alias_example_alias_consumer_with_no_taskflow
[2025-01-06T12:17:46.539+0000] {logging_mixin.py:190} INFO - [2025-01-06T12:17:46.539+0000] {override.py:1911} INFO - Created Permission View: can read on DAG Run:dataset_alias_example_alias_consumer_with_no_taskflow
[2025-01-06T12:17:46.540+0000] {logging_mixin.py:190} INFO - [2025-01-06T12:17:46.540+0000] {override.py:1911} INFO - Created Permission View: can create on DAG Run:dataset_alias_example_alias_consumer_with_no_taskflow
[2025-01-06T12:17:46.542+0000] {logging_mixin.py:190} INFO - [2025-01-06T12:17:46.542+0000] {override.py:1911} INFO - Created Permission View: menu access on DAG Run:dataset_alias_example_alias_consumer_with_no_taskflow
[2025-01-06T12:17:46.543+0000] {logging_mixin.py:190} INFO - [2025-01-06T12:17:46.543+0000] {override.py:1911} INFO - Created Permission View: can delete on DAG Run:dataset_alias_example_alias_consumer_with_no_taskflow
[2025-01-06T12:17:46.547+0000] {logging_mixin.py:190} INFO - [2025-01-06T12:17:46.547+0000] {override.py:1911} INFO - Created Permission View: can edit on DAG:dataset_s3_bucket_consumer_with_no_taskflow
[2025-01-06T12:17:46.548+0000] {logging_mixin.py:190} INFO - [2025-01-06T12:17:46.548+0000] {override.py:1911} INFO - Created Permission View: can read on DAG:dataset_s3_bucket_consumer_with_no_taskflow
[2025-01-06T12:17:46.550+0000] {logging_mixin.py:190} INFO - [2025-01-06T12:17:46.550+0000] {override.py:1911} INFO - Created Permission View: can delete on DAG:dataset_s3_bucket_consumer_with_no_taskflow
[2025-01-06T12:17:46.551+0000] {logging_mixin.py:190} INFO - [2025-01-06T12:17:46.551+0000] {override.py:1911} INFO - Created Permission View: can read on DAG Run:dataset_s3_bucket_consumer_with_no_taskflow
[2025-01-06T12:17:46.554+0000] {logging_mixin.py:190} INFO - [2025-01-06T12:17:46.554+0000] {override.py:1911} INFO - Created Permission View: can create on DAG Run:dataset_s3_bucket_consumer_with_no_taskflow
[2025-01-06T12:17:46.556+0000] {logging_mixin.py:190} INFO - [2025-01-06T12:17:46.556+0000] {override.py:1911} INFO - Created Permission View: menu access on DAG Run:dataset_s3_bucket_consumer_with_no_taskflow
[2025-01-06T12:17:46.558+0000] {logging_mixin.py:190} INFO - [2025-01-06T12:17:46.558+0000] {override.py:1911} INFO - Created Permission View: can delete on DAG Run:dataset_s3_bucket_consumer_with_no_taskflow
[2025-01-06T12:17:46.562+0000] {logging_mixin.py:190} INFO - [2025-01-06T12:17:46.562+0000] {override.py:1911} INFO - Created Permission View: can edit on DAG:dataset_s3_bucket_producer_with_no_taskflow
[2025-01-06T12:17:46.563+0000] {logging_mixin.py:190} INFO - [2025-01-06T12:17:46.563+0000] {override.py:1911} INFO - Created Permission View: can read on DAG:dataset_s3_bucket_producer_with_no_taskflow
[2025-01-06T12:17:46.565+0000] {logging_mixin.py:190} INFO - [2025-01-06T12:17:46.565+0000] {override.py:1911} INFO - Created Permission View: can delete on DAG:dataset_s3_bucket_producer_with_no_taskflow
[2025-01-06T12:17:46.567+0000] {logging_mixin.py:190} INFO - [2025-01-06T12:17:46.566+0000] {override.py:1911} INFO - Created Permission View: can read on DAG Run:dataset_s3_bucket_producer_with_no_taskflow
[2025-01-06T12:17:46.568+0000] {logging_mixin.py:190} INFO - [2025-01-06T12:17:46.568+0000] {override.py:1911} INFO - Created Permission View: can create on DAG Run:dataset_s3_bucket_producer_with_no_taskflow
[2025-01-06T12:17:46.570+0000] {logging_mixin.py:190} INFO - [2025-01-06T12:17:46.570+0000] {override.py:1911} INFO - Created Permission View: menu access on DAG Run:dataset_s3_bucket_producer_with_no_taskflow
[2025-01-06T12:17:46.571+0000] {logging_mixin.py:190} INFO - [2025-01-06T12:17:46.571+0000] {override.py:1911} INFO - Created Permission View: can delete on DAG Run:dataset_s3_bucket_producer_with_no_taskflow
[2025-01-06T12:17:46.572+0000] {logging_mixin.py:190} INFO - [2025-01-06T12:17:46.571+0000] {dag.py:3239} INFO - Sync 4 DAGs
[2025-01-06T12:17:46.576+0000] {logging_mixin.py:190} INFO - [2025-01-06T12:17:46.576+0000] {dag.py:3262} INFO - Creating ORM DAG for dataset_s3_bucket_consumer_with_no_taskflow
[2025-01-06T12:17:46.576+0000] {logging_mixin.py:190} INFO - [2025-01-06T12:17:46.576+0000] {dag.py:3262} INFO - Creating ORM DAG for dataset_alias_example_alias_consumer_with_no_taskflow
[2025-01-06T12:17:46.576+0000] {logging_mixin.py:190} INFO - [2025-01-06T12:17:46.576+0000] {dag.py:3262} INFO - Creating ORM DAG for dataset_s3_bucket_producer_with_no_taskflow
[2025-01-06T12:17:46.577+0000] {logging_mixin.py:190} INFO - [2025-01-06T12:17:46.577+0000] {dag.py:3262} INFO - Creating ORM DAG for dataset_alias_example_alias_producer_with_no_taskflow
[2025-01-06T12:17:46.580+0000] {logging_mixin.py:190} INFO - [2025-01-06T12:17:46.580+0000] {dag.py:4180} INFO - Setting next_dagrun for dataset_alias_example_alias_consumer_with_no_taskflow to None, run_after=None
[2025-01-06T12:17:46.581+0000] {logging_mixin.py:190} INFO - [2025-01-06T12:17:46.581+0000] {dag.py:4180} INFO - Setting next_dagrun for dataset_alias_example_alias_producer_with_no_taskflow to None, run_after=None
[2025-01-06T12:17:46.581+0000] {logging_mixin.py:190} INFO - [2025-01-06T12:17:46.581+0000] {dag.py:4180} INFO - Setting next_dagrun for dataset_s3_bucket_consumer_with_no_taskflow to None, run_after=None
[2025-01-06T12:17:46.581+0000] {logging_mixin.py:190} INFO - [2025-01-06T12:17:46.581+0000] {dag.py:4180} INFO - Setting next_dagrun for dataset_s3_bucket_producer_with_no_taskflow to None, run_after=None
[2025-01-06T12:17:46.590+0000] {processor.py:208} INFO - Processing /home/airflow/.local/lib/python3.12/site-packages/airflow/example_dags/example_dataset_alias_with_no_taskflow.py took 0.771 seconds
[2025-01-06T12:18:00.239+0000] {processor.py:186} INFO - Started process (PID=39) to work on /home/airflow/.local/lib/python3.12/site-packages/airflow/example_dags/example_dataset_alias_with_no_taskflow.py
[2025-01-06T12:18:00.239+0000] {processor.py:914} INFO - Processing file /home/airflow/.local/lib/python3.12/site-packages/airflow/example_dags/example_dataset_alias_with_no_taskflow.py for tasks to queue
[2025-01-06T12:18:00.240+0000] {logging_mixin.py:190} INFO - [2025-01-06T12:18:00.240+0000] {dagbag.py:588} INFO - Filling up the DagBag from /home/airflow/.local/lib/python3.12/site-packages/airflow/example_dags/example_dataset_alias_with_no_taskflow.py
[2025-01-06T12:18:00.493+0000] {processor.py:925} INFO - DAG(s) 'dataset_alias_example_alias_producer_with_no_taskflow', 'dataset_alias_example_alias_consumer_with_no_taskflow', 'dataset_s3_bucket_producer_with_no_taskflow', 'dataset_s3_bucket_consumer_with_no_taskflow' retrieved from /home/airflow/.local/lib/python3.12/site-packages/airflow/example_dags/example_dataset_alias_with_no_taskflow.py
[2025-01-06T12:18:00.496+0000] {logging_mixin.py:190} INFO - [2025-01-06T12:18:00.496+0000] {dag.py:3239} INFO - Sync 4 DAGs
[2025-01-06T12:18:00.505+0000] {logging_mixin.py:190} INFO - [2025-01-06T12:18:00.505+0000] {dag.py:4180} INFO - Setting next_dagrun for dataset_alias_example_alias_consumer_with_no_taskflow to None, run_after=None
[2025-01-06T12:18:00.506+0000] {logging_mixin.py:190} INFO - [2025-01-06T12:18:00.506+0000] {dag.py:4180} INFO - Setting next_dagrun for dataset_alias_example_alias_producer_with_no_taskflow to None, run_after=None
[2025-01-06T12:18:00.506+0000] {logging_mixin.py:190} INFO - [2025-01-06T12:18:00.506+0000] {dag.py:4180} INFO - Setting next_dagrun for dataset_s3_bucket_consumer_with_no_taskflow to None, run_after=None
[2025-01-06T12:18:00.507+0000] {logging_mixin.py:190} INFO - [2025-01-06T12:18:00.507+0000] {dag.py:4180} INFO - Setting next_dagrun for dataset_s3_bucket_producer_with_no_taskflow to None, run_after=None
[2025-01-06T12:18:00.515+0000] {processor.py:208} INFO - Processing /home/airflow/.local/lib/python3.12/site-packages/airflow/example_dags/example_dataset_alias_with_no_taskflow.py took 0.279 seconds
[2025-01-06T12:18:13.897+0000] {processor.py:186} INFO - Started process (PID=39) to work on /home/airflow/.local/lib/python3.12/site-packages/airflow/example_dags/example_dataset_alias_with_no_taskflow.py
[2025-01-06T12:18:13.897+0000] {processor.py:914} INFO - Processing file /home/airflow/.local/lib/python3.12/site-packages/airflow/example_dags/example_dataset_alias_with_no_taskflow.py for tasks to queue
[2025-01-06T12:18:13.898+0000] {logging_mixin.py:190} INFO - [2025-01-06T12:18:13.898+0000] {dagbag.py:588} INFO - Filling up the DagBag from /home/airflow/.local/lib/python3.12/site-packages/airflow/example_dags/example_dataset_alias_with_no_taskflow.py
[2025-01-06T12:18:14.135+0000] {processor.py:925} INFO - DAG(s) 'dataset_s3_bucket_producer_with_no_taskflow', 'dataset_alias_example_alias_producer_with_no_taskflow', 'dataset_alias_example_alias_consumer_with_no_taskflow', 'dataset_s3_bucket_consumer_with_no_taskflow' retrieved from /home/airflow/.local/lib/python3.12/site-packages/airflow/example_dags/example_dataset_alias_with_no_taskflow.py
[2025-01-06T12:18:14.137+0000] {logging_mixin.py:190} INFO - [2025-01-06T12:18:14.136+0000] {dag.py:3239} INFO - Sync 4 DAGs
[2025-01-06T12:18:14.146+0000] {logging_mixin.py:190} INFO - [2025-01-06T12:18:14.145+0000] {dag.py:4180} INFO - Setting next_dagrun for dataset_alias_example_alias_consumer_with_no_taskflow to None, run_after=None
[2025-01-06T12:18:14.147+0000] {logging_mixin.py:190} INFO - [2025-01-06T12:18:14.147+0000] {dag.py:4180} INFO - Setting next_dagrun for dataset_alias_example_alias_producer_with_no_taskflow to None, run_after=None
[2025-01-06T12:18:14.147+0000] {logging_mixin.py:190} INFO - [2025-01-06T12:18:14.147+0000] {dag.py:4180} INFO - Setting next_dagrun for dataset_s3_bucket_consumer_with_no_taskflow to None, run_after=None
[2025-01-06T12:18:14.148+0000] {logging_mixin.py:190} INFO - [2025-01-06T12:18:14.148+0000] {dag.py:4180} INFO - Setting next_dagrun for dataset_s3_bucket_producer_with_no_taskflow to None, run_after=None
[2025-01-06T12:18:14.157+0000] {processor.py:208} INFO - Processing /home/airflow/.local/lib/python3.12/site-packages/airflow/example_dags/example_dataset_alias_with_no_taskflow.py took 0.262 seconds
[2025-01-06T12:18:27.996+0000] {processor.py:186} INFO - Started process (PID=39) to work on /home/airflow/.local/lib/python3.12/site-packages/airflow/example_dags/example_dataset_alias_with_no_taskflow.py
[2025-01-06T12:18:27.996+0000] {processor.py:914} INFO - Processing file /home/airflow/.local/lib/python3.12/site-packages/airflow/example_dags/example_dataset_alias_with_no_taskflow.py for tasks to queue
[2025-01-06T12:18:27.998+0000] {logging_mixin.py:190} INFO - [2025-01-06T12:18:27.997+0000] {dagbag.py:588} INFO - Filling up the DagBag from /home/airflow/.local/lib/python3.12/site-packages/airflow/example_dags/example_dataset_alias_with_no_taskflow.py
[2025-01-06T12:18:28.260+0000] {processor.py:925} INFO - DAG(s) 'dataset_s3_bucket_consumer_with_no_taskflow', 'dataset_alias_example_alias_producer_with_no_taskflow', 'dataset_alias_example_alias_consumer_with_no_taskflow', 'dataset_s3_bucket_producer_with_no_taskflow' retrieved from /home/airflow/.local/lib/python3.12/site-packages/airflow/example_dags/example_dataset_alias_with_no_taskflow.py
[2025-01-06T12:18:28.268+0000] {logging_mixin.py:190} INFO - [2025-01-06T12:18:28.268+0000] {dag.py:3239} INFO - Sync 4 DAGs
[2025-01-06T12:18:28.277+0000] {logging_mixin.py:190} INFO - [2025-01-06T12:18:28.277+0000] {dag.py:4180} INFO - Setting next_dagrun for dataset_alias_example_alias_consumer_with_no_taskflow to None, run_after=None
[2025-01-06T12:18:28.278+0000] {logging_mixin.py:190} INFO - [2025-01-06T12:18:28.278+0000] {dag.py:4180} INFO - Setting next_dagrun for dataset_alias_example_alias_producer_with_no_taskflow to None, run_after=None
[2025-01-06T12:18:28.278+0000] {logging_mixin.py:190} INFO - [2025-01-06T12:18:28.278+0000] {dag.py:4180} INFO - Setting next_dagrun for dataset_s3_bucket_consumer_with_no_taskflow to None, run_after=None
[2025-01-06T12:18:28.279+0000] {logging_mixin.py:190} INFO - [2025-01-06T12:18:28.279+0000] {dag.py:4180} INFO - Setting next_dagrun for dataset_s3_bucket_producer_with_no_taskflow to None, run_after=None
[2025-01-06T12:18:28.286+0000] {processor.py:208} INFO - Processing /home/airflow/.local/lib/python3.12/site-packages/airflow/example_dags/example_dataset_alias_with_no_taskflow.py took 0.293 seconds
[2025-01-06T12:18:38.866+0000] {processor.py:186} INFO - Started process (PID=39) to work on /home/airflow/.local/lib/python3.12/site-packages/airflow/example_dags/example_dataset_alias_with_no_taskflow.py
[2025-01-06T12:18:38.866+0000] {processor.py:914} INFO - Processing file /home/airflow/.local/lib/python3.12/site-packages/airflow/example_dags/example_dataset_alias_with_no_taskflow.py for tasks to queue
[2025-01-06T12:18:38.867+0000] {logging_mixin.py:190} INFO - [2025-01-06T12:18:38.867+0000] {dagbag.py:588} INFO - Filling up the DagBag from /home/airflow/.local/lib/python3.12/site-packages/airflow/example_dags/example_dataset_alias_with_no_taskflow.py
[2025-01-06T12:18:39.136+0000] {processor.py:925} INFO - DAG(s) 'dataset_s3_bucket_producer_with_no_taskflow', 'dataset_s3_bucket_consumer_with_no_taskflow', 'dataset_alias_example_alias_consumer_with_no_taskflow', 'dataset_alias_example_alias_producer_with_no_taskflow' retrieved from /home/airflow/.local/lib/python3.12/site-packages/airflow/example_dags/example_dataset_alias_with_no_taskflow.py
[2025-01-06T12:18:39.144+0000] {logging_mixin.py:190} INFO - [2025-01-06T12:18:39.143+0000] {dag.py:3239} INFO - Sync 4 DAGs
[2025-01-06T12:18:39.153+0000] {logging_mixin.py:190} INFO - [2025-01-06T12:18:39.153+0000] {dag.py:4180} INFO - Setting next_dagrun for dataset_alias_example_alias_consumer_with_no_taskflow to None, run_after=None
[2025-01-06T12:18:39.154+0000] {logging_mixin.py:190} INFO - [2025-01-06T12:18:39.154+0000] {dag.py:4180} INFO - Setting next_dagrun for dataset_alias_example_alias_producer_with_no_taskflow to None, run_after=None
[2025-01-06T12:18:39.155+0000] {logging_mixin.py:190} INFO - [2025-01-06T12:18:39.155+0000] {dag.py:4180} INFO - Setting next_dagrun for dataset_s3_bucket_consumer_with_no_taskflow to None, run_after=None
[2025-01-06T12:18:39.156+0000] {logging_mixin.py:190} INFO - [2025-01-06T12:18:39.156+0000] {dag.py:4180} INFO - Setting next_dagrun for dataset_s3_bucket_producer_with_no_taskflow to None, run_after=None
[2025-01-06T12:18:39.164+0000] {processor.py:208} INFO - Processing /home/airflow/.local/lib/python3.12/site-packages/airflow/example_dags/example_dataset_alias_with_no_taskflow.py took 0.301 seconds
[2025-01-06T12:19:04.994+0000] {processor.py:186} INFO - Started process (PID=39) to work on /home/airflow/.local/lib/python3.12/site-packages/airflow/example_dags/example_dataset_alias_with_no_taskflow.py
[2025-01-06T12:19:04.995+0000] {processor.py:914} INFO - Processing file /home/airflow/.local/lib/python3.12/site-packages/airflow/example_dags/example_dataset_alias_with_no_taskflow.py for tasks to queue
[2025-01-06T12:19:04.996+0000] {logging_mixin.py:190} INFO - [2025-01-06T12:19:04.996+0000] {dagbag.py:588} INFO - Filling up the DagBag from /home/airflow/.local/lib/python3.12/site-packages/airflow/example_dags/example_dataset_alias_with_no_taskflow.py
[2025-01-06T12:19:05.243+0000] {processor.py:925} INFO - DAG(s) 'dataset_s3_bucket_producer_with_no_taskflow', 'dataset_s3_bucket_consumer_with_no_taskflow', 'dataset_alias_example_alias_producer_with_no_taskflow', 'dataset_alias_example_alias_consumer_with_no_taskflow' retrieved from /home/airflow/.local/lib/python3.12/site-packages/airflow/example_dags/example_dataset_alias_with_no_taskflow.py
[2025-01-06T12:19:05.251+0000] {logging_mixin.py:190} INFO - [2025-01-06T12:19:05.251+0000] {dag.py:3239} INFO - Sync 4 DAGs
[2025-01-06T12:19:05.261+0000] {logging_mixin.py:190} INFO - [2025-01-06T12:19:05.261+0000] {dag.py:4180} INFO - Setting next_dagrun for dataset_alias_example_alias_consumer_with_no_taskflow to None, run_after=None
[2025-01-06T12:19:05.262+0000] {logging_mixin.py:190} INFO - [2025-01-06T12:19:05.262+0000] {dag.py:4180} INFO - Setting next_dagrun for dataset_alias_example_alias_producer_with_no_taskflow to None, run_after=None
[2025-01-06T12:19:05.262+0000] {logging_mixin.py:190} INFO - [2025-01-06T12:19:05.262+0000] {dag.py:4180} INFO - Setting next_dagrun for dataset_s3_bucket_consumer_with_no_taskflow to None, run_after=None
[2025-01-06T12:19:05.263+0000] {logging_mixin.py:190} INFO - [2025-01-06T12:19:05.263+0000] {dag.py:4180} INFO - Setting next_dagrun for dataset_s3_bucket_producer_with_no_taskflow to None, run_after=None
[2025-01-06T12:19:05.274+0000] {processor.py:208} INFO - Processing /home/airflow/.local/lib/python3.12/site-packages/airflow/example_dags/example_dataset_alias_with_no_taskflow.py took 0.282 seconds
[2025-01-06T12:19:17.916+0000] {processor.py:186} INFO - Started process (PID=39) to work on /home/airflow/.local/lib/python3.12/site-packages/airflow/example_dags/example_dataset_alias_with_no_taskflow.py
[2025-01-06T12:19:17.916+0000] {processor.py:914} INFO - Processing file /home/airflow/.local/lib/python3.12/site-packages/airflow/example_dags/example_dataset_alias_with_no_taskflow.py for tasks to queue
[2025-01-06T12:19:17.918+0000] {logging_mixin.py:190} INFO - [2025-01-06T12:19:17.917+0000] {dagbag.py:588} INFO - Filling up the DagBag from /home/airflow/.local/lib/python3.12/site-packages/airflow/example_dags/example_dataset_alias_with_no_taskflow.py
[2025-01-06T12:19:18.197+0000] {processor.py:925} INFO - DAG(s) 'dataset_alias_example_alias_producer_with_no_taskflow', 'dataset_alias_example_alias_consumer_with_no_taskflow', 'dataset_s3_bucket_producer_with_no_taskflow', 'dataset_s3_bucket_consumer_with_no_taskflow' retrieved from /home/airflow/.local/lib/python3.12/site-packages/airflow/example_dags/example_dataset_alias_with_no_taskflow.py
[2025-01-06T12:19:18.205+0000] {logging_mixin.py:190} INFO - [2025-01-06T12:19:18.205+0000] {dag.py:3239} INFO - Sync 4 DAGs
[2025-01-06T12:19:18.214+0000] {logging_mixin.py:190} INFO - [2025-01-06T12:19:18.214+0000] {dag.py:4180} INFO - Setting next_dagrun for dataset_alias_example_alias_consumer_with_no_taskflow to None, run_after=None
[2025-01-06T12:19:18.215+0000] {logging_mixin.py:190} INFO - [2025-01-06T12:19:18.215+0000] {dag.py:4180} INFO - Setting next_dagrun for dataset_alias_example_alias_producer_with_no_taskflow to None, run_after=None
[2025-01-06T12:19:18.215+0000] {logging_mixin.py:190} INFO - [2025-01-06T12:19:18.215+0000] {dag.py:4180} INFO - Setting next_dagrun for dataset_s3_bucket_consumer_with_no_taskflow to None, run_after=None
[2025-01-06T12:19:18.216+0000] {logging_mixin.py:190} INFO - [2025-01-06T12:19:18.216+0000] {dag.py:4180} INFO - Setting next_dagrun for dataset_s3_bucket_producer_with_no_taskflow to None, run_after=None
[2025-01-06T12:19:18.224+0000] {processor.py:208} INFO - Processing /home/airflow/.local/lib/python3.12/site-packages/airflow/example_dags/example_dataset_alias_with_no_taskflow.py took 0.310 seconds
[2025-01-06T12:33:10.465+0000] {processor.py:186} INFO - Started process (PID=41) to work on /home/airflow/.local/lib/python3.12/site-packages/airflow/example_dags/example_dataset_alias_with_no_taskflow.py
[2025-01-06T12:33:10.465+0000] {processor.py:914} INFO - Processing file /home/airflow/.local/lib/python3.12/site-packages/airflow/example_dags/example_dataset_alias_with_no_taskflow.py for tasks to queue
[2025-01-06T12:33:10.466+0000] {logging_mixin.py:190} INFO - [2025-01-06T12:33:10.466+0000] {dagbag.py:588} INFO - Filling up the DagBag from /home/airflow/.local/lib/python3.12/site-packages/airflow/example_dags/example_dataset_alias_with_no_taskflow.py
[2025-01-06T12:33:11.151+0000] {processor.py:925} INFO - DAG(s) 'dataset_alias_example_alias_producer_with_no_taskflow', 'dataset_s3_bucket_consumer_with_no_taskflow', 'dataset_s3_bucket_producer_with_no_taskflow', 'dataset_alias_example_alias_consumer_with_no_taskflow' retrieved from /home/airflow/.local/lib/python3.12/site-packages/airflow/example_dags/example_dataset_alias_with_no_taskflow.py
[2025-01-06T12:33:11.185+0000] {logging_mixin.py:190} INFO - [2025-01-06T12:33:11.184+0000] {override.py:1911} INFO - Created Permission View: can delete on DAG:dataset_alias_example_alias_producer_with_no_taskflow
[2025-01-06T12:33:11.188+0000] {logging_mixin.py:190} INFO - [2025-01-06T12:33:11.187+0000] {override.py:1911} INFO - Created Permission View: can read on DAG:dataset_alias_example_alias_producer_with_no_taskflow
[2025-01-06T12:33:11.190+0000] {logging_mixin.py:190} INFO - [2025-01-06T12:33:11.189+0000] {override.py:1911} INFO - Created Permission View: can edit on DAG:dataset_alias_example_alias_producer_with_no_taskflow
[2025-01-06T12:33:11.192+0000] {logging_mixin.py:190} INFO - [2025-01-06T12:33:11.192+0000] {override.py:1911} INFO - Created Permission View: menu access on DAG Run:dataset_alias_example_alias_producer_with_no_taskflow
[2025-01-06T12:33:11.194+0000] {logging_mixin.py:190} INFO - [2025-01-06T12:33:11.194+0000] {override.py:1911} INFO - Created Permission View: can delete on DAG Run:dataset_alias_example_alias_producer_with_no_taskflow
[2025-01-06T12:33:11.196+0000] {logging_mixin.py:190} INFO - [2025-01-06T12:33:11.196+0000] {override.py:1911} INFO - Created Permission View: can read on DAG Run:dataset_alias_example_alias_producer_with_no_taskflow
[2025-01-06T12:33:11.198+0000] {logging_mixin.py:190} INFO - [2025-01-06T12:33:11.198+0000] {override.py:1911} INFO - Created Permission View: can create on DAG Run:dataset_alias_example_alias_producer_with_no_taskflow
[2025-01-06T12:33:11.202+0000] {logging_mixin.py:190} INFO - [2025-01-06T12:33:11.202+0000] {override.py:1911} INFO - Created Permission View: can delete on DAG:dataset_s3_bucket_consumer_with_no_taskflow
[2025-01-06T12:33:11.203+0000] {logging_mixin.py:190} INFO - [2025-01-06T12:33:11.203+0000] {override.py:1911} INFO - Created Permission View: can read on DAG:dataset_s3_bucket_consumer_with_no_taskflow
[2025-01-06T12:33:11.205+0000] {logging_mixin.py:190} INFO - [2025-01-06T12:33:11.205+0000] {override.py:1911} INFO - Created Permission View: can edit on DAG:dataset_s3_bucket_consumer_with_no_taskflow
[2025-01-06T12:33:11.207+0000] {logging_mixin.py:190} INFO - [2025-01-06T12:33:11.207+0000] {override.py:1911} INFO - Created Permission View: menu access on DAG Run:dataset_s3_bucket_consumer_with_no_taskflow
[2025-01-06T12:33:11.209+0000] {logging_mixin.py:190} INFO - [2025-01-06T12:33:11.208+0000] {override.py:1911} INFO - Created Permission View: can delete on DAG Run:dataset_s3_bucket_consumer_with_no_taskflow
[2025-01-06T12:33:11.210+0000] {logging_mixin.py:190} INFO - [2025-01-06T12:33:11.210+0000] {override.py:1911} INFO - Created Permission View: can read on DAG Run:dataset_s3_bucket_consumer_with_no_taskflow
[2025-01-06T12:33:11.212+0000] {logging_mixin.py:190} INFO - [2025-01-06T12:33:11.212+0000] {override.py:1911} INFO - Created Permission View: can create on DAG Run:dataset_s3_bucket_consumer_with_no_taskflow
[2025-01-06T12:33:11.215+0000] {logging_mixin.py:190} INFO - [2025-01-06T12:33:11.215+0000] {override.py:1911} INFO - Created Permission View: can delete on DAG:dataset_s3_bucket_producer_with_no_taskflow
[2025-01-06T12:33:11.217+0000] {logging_mixin.py:190} INFO - [2025-01-06T12:33:11.217+0000] {override.py:1911} INFO - Created Permission View: can read on DAG:dataset_s3_bucket_producer_with_no_taskflow
[2025-01-06T12:33:11.218+0000] {logging_mixin.py:190} INFO - [2025-01-06T12:33:11.218+0000] {override.py:1911} INFO - Created Permission View: can edit on DAG:dataset_s3_bucket_producer_with_no_taskflow
[2025-01-06T12:33:11.220+0000] {logging_mixin.py:190} INFO - [2025-01-06T12:33:11.220+0000] {override.py:1911} INFO - Created Permission View: menu access on DAG Run:dataset_s3_bucket_producer_with_no_taskflow
[2025-01-06T12:33:11.221+0000] {logging_mixin.py:190} INFO - [2025-01-06T12:33:11.221+0000] {override.py:1911} INFO - Created Permission View: can delete on DAG Run:dataset_s3_bucket_producer_with_no_taskflow
[2025-01-06T12:33:11.223+0000] {logging_mixin.py:190} INFO - [2025-01-06T12:33:11.223+0000] {override.py:1911} INFO - Created Permission View: can read on DAG Run:dataset_s3_bucket_producer_with_no_taskflow
[2025-01-06T12:33:11.225+0000] {logging_mixin.py:190} INFO - [2025-01-06T12:33:11.224+0000] {override.py:1911} INFO - Created Permission View: can create on DAG Run:dataset_s3_bucket_producer_with_no_taskflow
[2025-01-06T12:33:11.228+0000] {logging_mixin.py:190} INFO - [2025-01-06T12:33:11.228+0000] {override.py:1911} INFO - Created Permission View: can delete on DAG:dataset_alias_example_alias_consumer_with_no_taskflow
[2025-01-06T12:33:11.229+0000] {logging_mixin.py:190} INFO - [2025-01-06T12:33:11.229+0000] {override.py:1911} INFO - Created Permission View: can read on DAG:dataset_alias_example_alias_consumer_with_no_taskflow
[2025-01-06T12:33:11.231+0000] {logging_mixin.py:190} INFO - [2025-01-06T12:33:11.231+0000] {override.py:1911} INFO - Created Permission View: can edit on DAG:dataset_alias_example_alias_consumer_with_no_taskflow
[2025-01-06T12:33:11.232+0000] {logging_mixin.py:190} INFO - [2025-01-06T12:33:11.232+0000] {override.py:1911} INFO - Created Permission View: menu access on DAG Run:dataset_alias_example_alias_consumer_with_no_taskflow
[2025-01-06T12:33:11.234+0000] {logging_mixin.py:190} INFO - [2025-01-06T12:33:11.234+0000] {override.py:1911} INFO - Created Permission View: can delete on DAG Run:dataset_alias_example_alias_consumer_with_no_taskflow
[2025-01-06T12:33:11.236+0000] {logging_mixin.py:190} INFO - [2025-01-06T12:33:11.236+0000] {override.py:1911} INFO - Created Permission View: can read on DAG Run:dataset_alias_example_alias_consumer_with_no_taskflow
[2025-01-06T12:33:11.237+0000] {logging_mixin.py:190} INFO - [2025-01-06T12:33:11.237+0000] {override.py:1911} INFO - Created Permission View: can create on DAG Run:dataset_alias_example_alias_consumer_with_no_taskflow
[2025-01-06T12:33:11.237+0000] {logging_mixin.py:190} INFO - [2025-01-06T12:33:11.237+0000] {dag.py:3239} INFO - Sync 4 DAGs
[2025-01-06T12:33:11.243+0000] {logging_mixin.py:190} INFO - [2025-01-06T12:33:11.242+0000] {dag.py:3262} INFO - Creating ORM DAG for dataset_s3_bucket_consumer_with_no_taskflow
[2025-01-06T12:33:11.243+0000] {logging_mixin.py:190} INFO - [2025-01-06T12:33:11.243+0000] {dag.py:3262} INFO - Creating ORM DAG for dataset_alias_example_alias_producer_with_no_taskflow
[2025-01-06T12:33:11.243+0000] {logging_mixin.py:190} INFO - [2025-01-06T12:33:11.243+0000] {dag.py:3262} INFO - Creating ORM DAG for dataset_s3_bucket_producer_with_no_taskflow
[2025-01-06T12:33:11.243+0000] {logging_mixin.py:190} INFO - [2025-01-06T12:33:11.243+0000] {dag.py:3262} INFO - Creating ORM DAG for dataset_alias_example_alias_consumer_with_no_taskflow
[2025-01-06T12:33:11.247+0000] {logging_mixin.py:190} INFO - [2025-01-06T12:33:11.247+0000] {dag.py:4180} INFO - Setting next_dagrun for dataset_alias_example_alias_consumer_with_no_taskflow to None, run_after=None
[2025-01-06T12:33:11.247+0000] {logging_mixin.py:190} INFO - [2025-01-06T12:33:11.247+0000] {dag.py:4180} INFO - Setting next_dagrun for dataset_alias_example_alias_producer_with_no_taskflow to None, run_after=None
[2025-01-06T12:33:11.247+0000] {logging_mixin.py:190} INFO - [2025-01-06T12:33:11.247+0000] {dag.py:4180} INFO - Setting next_dagrun for dataset_s3_bucket_consumer_with_no_taskflow to None, run_after=None
[2025-01-06T12:33:11.248+0000] {logging_mixin.py:190} INFO - [2025-01-06T12:33:11.247+0000] {dag.py:4180} INFO - Setting next_dagrun for dataset_s3_bucket_producer_with_no_taskflow to None, run_after=None
[2025-01-06T12:33:11.258+0000] {processor.py:208} INFO - Processing /home/airflow/.local/lib/python3.12/site-packages/airflow/example_dags/example_dataset_alias_with_no_taskflow.py took 0.797 seconds
[2025-01-06T12:33:41.418+0000] {processor.py:186} INFO - Started process (PID=99) to work on /home/airflow/.local/lib/python3.12/site-packages/airflow/example_dags/example_dataset_alias_with_no_taskflow.py
[2025-01-06T12:33:41.418+0000] {processor.py:914} INFO - Processing file /home/airflow/.local/lib/python3.12/site-packages/airflow/example_dags/example_dataset_alias_with_no_taskflow.py for tasks to queue
[2025-01-06T12:33:41.419+0000] {logging_mixin.py:190} INFO - [2025-01-06T12:33:41.419+0000] {dagbag.py:588} INFO - Filling up the DagBag from /home/airflow/.local/lib/python3.12/site-packages/airflow/example_dags/example_dataset_alias_with_no_taskflow.py
[2025-01-06T12:33:41.680+0000] {processor.py:925} INFO - DAG(s) 'dataset_alias_example_alias_consumer_with_no_taskflow', 'dataset_s3_bucket_producer_with_no_taskflow', 'dataset_s3_bucket_consumer_with_no_taskflow', 'dataset_alias_example_alias_producer_with_no_taskflow' retrieved from /home/airflow/.local/lib/python3.12/site-packages/airflow/example_dags/example_dataset_alias_with_no_taskflow.py
[2025-01-06T12:33:41.688+0000] {logging_mixin.py:190} INFO - [2025-01-06T12:33:41.687+0000] {dag.py:3239} INFO - Sync 4 DAGs
[2025-01-06T12:33:41.697+0000] {logging_mixin.py:190} INFO - [2025-01-06T12:33:41.697+0000] {dag.py:4180} INFO - Setting next_dagrun for dataset_alias_example_alias_consumer_with_no_taskflow to None, run_after=None
[2025-01-06T12:33:41.698+0000] {logging_mixin.py:190} INFO - [2025-01-06T12:33:41.698+0000] {dag.py:4180} INFO - Setting next_dagrun for dataset_alias_example_alias_producer_with_no_taskflow to None, run_after=None
[2025-01-06T12:33:41.698+0000] {logging_mixin.py:190} INFO - [2025-01-06T12:33:41.698+0000] {dag.py:4180} INFO - Setting next_dagrun for dataset_s3_bucket_consumer_with_no_taskflow to None, run_after=None
[2025-01-06T12:33:41.699+0000] {logging_mixin.py:190} INFO - [2025-01-06T12:33:41.699+0000] {dag.py:4180} INFO - Setting next_dagrun for dataset_s3_bucket_producer_with_no_taskflow to None, run_after=None
[2025-01-06T12:33:41.706+0000] {processor.py:208} INFO - Processing /home/airflow/.local/lib/python3.12/site-packages/airflow/example_dags/example_dataset_alias_with_no_taskflow.py took 0.290 seconds
[2025-01-06T12:34:11.937+0000] {processor.py:186} INFO - Started process (PID=157) to work on /home/airflow/.local/lib/python3.12/site-packages/airflow/example_dags/example_dataset_alias_with_no_taskflow.py
[2025-01-06T12:34:11.938+0000] {processor.py:914} INFO - Processing file /home/airflow/.local/lib/python3.12/site-packages/airflow/example_dags/example_dataset_alias_with_no_taskflow.py for tasks to queue
[2025-01-06T12:34:11.939+0000] {logging_mixin.py:190} INFO - [2025-01-06T12:34:11.938+0000] {dagbag.py:588} INFO - Filling up the DagBag from /home/airflow/.local/lib/python3.12/site-packages/airflow/example_dags/example_dataset_alias_with_no_taskflow.py
[2025-01-06T12:34:12.186+0000] {processor.py:925} INFO - DAG(s) 'dataset_alias_example_alias_consumer_with_no_taskflow', 'dataset_s3_bucket_consumer_with_no_taskflow', 'dataset_s3_bucket_producer_with_no_taskflow', 'dataset_alias_example_alias_producer_with_no_taskflow' retrieved from /home/airflow/.local/lib/python3.12/site-packages/airflow/example_dags/example_dataset_alias_with_no_taskflow.py
[2025-01-06T12:34:12.195+0000] {logging_mixin.py:190} INFO - [2025-01-06T12:34:12.195+0000] {dag.py:3239} INFO - Sync 4 DAGs
[2025-01-06T12:34:12.205+0000] {logging_mixin.py:190} INFO - [2025-01-06T12:34:12.205+0000] {dag.py:4180} INFO - Setting next_dagrun for dataset_alias_example_alias_consumer_with_no_taskflow to None, run_after=None
[2025-01-06T12:34:12.206+0000] {logging_mixin.py:190} INFO - [2025-01-06T12:34:12.206+0000] {dag.py:4180} INFO - Setting next_dagrun for dataset_alias_example_alias_producer_with_no_taskflow to None, run_after=None
[2025-01-06T12:34:12.207+0000] {logging_mixin.py:190} INFO - [2025-01-06T12:34:12.207+0000] {dag.py:4180} INFO - Setting next_dagrun for dataset_s3_bucket_consumer_with_no_taskflow to None, run_after=None
[2025-01-06T12:34:12.207+0000] {logging_mixin.py:190} INFO - [2025-01-06T12:34:12.207+0000] {dag.py:4180} INFO - Setting next_dagrun for dataset_s3_bucket_producer_with_no_taskflow to None, run_after=None
[2025-01-06T12:34:12.215+0000] {processor.py:208} INFO - Processing /home/airflow/.local/lib/python3.12/site-packages/airflow/example_dags/example_dataset_alias_with_no_taskflow.py took 0.281 seconds
[2025-01-06T12:34:42.306+0000] {processor.py:186} INFO - Started process (PID=218) to work on /home/airflow/.local/lib/python3.12/site-packages/airflow/example_dags/example_dataset_alias_with_no_taskflow.py
[2025-01-06T12:34:42.307+0000] {processor.py:914} INFO - Processing file /home/airflow/.local/lib/python3.12/site-packages/airflow/example_dags/example_dataset_alias_with_no_taskflow.py for tasks to queue
[2025-01-06T12:34:42.308+0000] {logging_mixin.py:190} INFO - [2025-01-06T12:34:42.308+0000] {dagbag.py:588} INFO - Filling up the DagBag from /home/airflow/.local/lib/python3.12/site-packages/airflow/example_dags/example_dataset_alias_with_no_taskflow.py
[2025-01-06T12:34:42.555+0000] {processor.py:925} INFO - DAG(s) 'dataset_alias_example_alias_consumer_with_no_taskflow', 'dataset_s3_bucket_producer_with_no_taskflow', 'dataset_s3_bucket_consumer_with_no_taskflow', 'dataset_alias_example_alias_producer_with_no_taskflow' retrieved from /home/airflow/.local/lib/python3.12/site-packages/airflow/example_dags/example_dataset_alias_with_no_taskflow.py
[2025-01-06T12:34:42.563+0000] {logging_mixin.py:190} INFO - [2025-01-06T12:34:42.562+0000] {dag.py:3239} INFO - Sync 4 DAGs
[2025-01-06T12:34:42.570+0000] {logging_mixin.py:190} INFO - [2025-01-06T12:34:42.570+0000] {dag.py:4180} INFO - Setting next_dagrun for dataset_alias_example_alias_consumer_with_no_taskflow to None, run_after=None
[2025-01-06T12:34:42.571+0000] {logging_mixin.py:190} INFO - [2025-01-06T12:34:42.571+0000] {dag.py:4180} INFO - Setting next_dagrun for dataset_alias_example_alias_producer_with_no_taskflow to None, run_after=None
[2025-01-06T12:34:42.572+0000] {logging_mixin.py:190} INFO - [2025-01-06T12:34:42.572+0000] {dag.py:4180} INFO - Setting next_dagrun for dataset_s3_bucket_consumer_with_no_taskflow to None, run_after=None
[2025-01-06T12:34:42.572+0000] {logging_mixin.py:190} INFO - [2025-01-06T12:34:42.572+0000] {dag.py:4180} INFO - Setting next_dagrun for dataset_s3_bucket_producer_with_no_taskflow to None, run_after=None
[2025-01-06T12:34:42.579+0000] {processor.py:208} INFO - Processing /home/airflow/.local/lib/python3.12/site-packages/airflow/example_dags/example_dataset_alias_with_no_taskflow.py took 0.276 seconds
[2025-01-06T12:35:12.634+0000] {processor.py:186} INFO - Started process (PID=278) to work on /home/airflow/.local/lib/python3.12/site-packages/airflow/example_dags/example_dataset_alias_with_no_taskflow.py
[2025-01-06T12:35:12.635+0000] {processor.py:914} INFO - Processing file /home/airflow/.local/lib/python3.12/site-packages/airflow/example_dags/example_dataset_alias_with_no_taskflow.py for tasks to queue
[2025-01-06T12:35:12.636+0000] {logging_mixin.py:190} INFO - [2025-01-06T12:35:12.636+0000] {dagbag.py:588} INFO - Filling up the DagBag from /home/airflow/.local/lib/python3.12/site-packages/airflow/example_dags/example_dataset_alias_with_no_taskflow.py
[2025-01-06T12:35:12.881+0000] {processor.py:925} INFO - DAG(s) 'dataset_alias_example_alias_producer_with_no_taskflow', 'dataset_alias_example_alias_consumer_with_no_taskflow', 'dataset_s3_bucket_consumer_with_no_taskflow', 'dataset_s3_bucket_producer_with_no_taskflow' retrieved from /home/airflow/.local/lib/python3.12/site-packages/airflow/example_dags/example_dataset_alias_with_no_taskflow.py
[2025-01-06T12:35:12.890+0000] {logging_mixin.py:190} INFO - [2025-01-06T12:35:12.889+0000] {dag.py:3239} INFO - Sync 4 DAGs
[2025-01-06T12:35:12.899+0000] {logging_mixin.py:190} INFO - [2025-01-06T12:35:12.899+0000] {dag.py:4180} INFO - Setting next_dagrun for dataset_alias_example_alias_consumer_with_no_taskflow to None, run_after=None
[2025-01-06T12:35:12.901+0000] {logging_mixin.py:190} INFO - [2025-01-06T12:35:12.900+0000] {dag.py:4180} INFO - Setting next_dagrun for dataset_alias_example_alias_producer_with_no_taskflow to None, run_after=None
[2025-01-06T12:35:12.901+0000] {logging_mixin.py:190} INFO - [2025-01-06T12:35:12.901+0000] {dag.py:4180} INFO - Setting next_dagrun for dataset_s3_bucket_consumer_with_no_taskflow to None, run_after=None
[2025-01-06T12:35:12.902+0000] {logging_mixin.py:190} INFO - [2025-01-06T12:35:12.902+0000] {dag.py:4180} INFO - Setting next_dagrun for dataset_s3_bucket_producer_with_no_taskflow to None, run_after=None
[2025-01-06T12:35:12.912+0000] {processor.py:208} INFO - Processing /home/airflow/.local/lib/python3.12/site-packages/airflow/example_dags/example_dataset_alias_with_no_taskflow.py took 0.281 seconds
[2025-01-06T12:35:42.931+0000] {processor.py:186} INFO - Started process (PID=336) to work on /home/airflow/.local/lib/python3.12/site-packages/airflow/example_dags/example_dataset_alias_with_no_taskflow.py
[2025-01-06T12:35:42.931+0000] {processor.py:914} INFO - Processing file /home/airflow/.local/lib/python3.12/site-packages/airflow/example_dags/example_dataset_alias_with_no_taskflow.py for tasks to queue
[2025-01-06T12:35:42.932+0000] {logging_mixin.py:190} INFO - [2025-01-06T12:35:42.932+0000] {dagbag.py:588} INFO - Filling up the DagBag from /home/airflow/.local/lib/python3.12/site-packages/airflow/example_dags/example_dataset_alias_with_no_taskflow.py
[2025-01-06T12:35:43.168+0000] {processor.py:925} INFO - DAG(s) 'dataset_s3_bucket_producer_with_no_taskflow', 'dataset_alias_example_alias_consumer_with_no_taskflow', 'dataset_alias_example_alias_producer_with_no_taskflow', 'dataset_s3_bucket_consumer_with_no_taskflow' retrieved from /home/airflow/.local/lib/python3.12/site-packages/airflow/example_dags/example_dataset_alias_with_no_taskflow.py
[2025-01-06T12:35:43.181+0000] {logging_mixin.py:190} INFO - [2025-01-06T12:35:43.180+0000] {dag.py:3239} INFO - Sync 4 DAGs
[2025-01-06T12:35:43.188+0000] {logging_mixin.py:190} INFO - [2025-01-06T12:35:43.188+0000] {dag.py:4180} INFO - Setting next_dagrun for dataset_alias_example_alias_consumer_with_no_taskflow to None, run_after=None
[2025-01-06T12:35:43.189+0000] {logging_mixin.py:190} INFO - [2025-01-06T12:35:43.189+0000] {dag.py:4180} INFO - Setting next_dagrun for dataset_alias_example_alias_producer_with_no_taskflow to None, run_after=None
[2025-01-06T12:35:43.189+0000] {logging_mixin.py:190} INFO - [2025-01-06T12:35:43.189+0000] {dag.py:4180} INFO - Setting next_dagrun for dataset_s3_bucket_consumer_with_no_taskflow to None, run_after=None
[2025-01-06T12:35:43.190+0000] {logging_mixin.py:190} INFO - [2025-01-06T12:35:43.190+0000] {dag.py:4180} INFO - Setting next_dagrun for dataset_s3_bucket_producer_with_no_taskflow to None, run_after=None
[2025-01-06T12:35:43.197+0000] {processor.py:208} INFO - Processing /home/airflow/.local/lib/python3.12/site-packages/airflow/example_dags/example_dataset_alias_with_no_taskflow.py took 0.269 seconds
[2025-01-06T12:36:14.177+0000] {processor.py:186} INFO - Started process (PID=395) to work on /home/airflow/.local/lib/python3.12/site-packages/airflow/example_dags/example_dataset_alias_with_no_taskflow.py
[2025-01-06T12:36:14.177+0000] {processor.py:914} INFO - Processing file /home/airflow/.local/lib/python3.12/site-packages/airflow/example_dags/example_dataset_alias_with_no_taskflow.py for tasks to queue
[2025-01-06T12:36:14.178+0000] {logging_mixin.py:190} INFO - [2025-01-06T12:36:14.178+0000] {dagbag.py:588} INFO - Filling up the DagBag from /home/airflow/.local/lib/python3.12/site-packages/airflow/example_dags/example_dataset_alias_with_no_taskflow.py
[2025-01-06T12:36:14.410+0000] {processor.py:925} INFO - DAG(s) 'dataset_s3_bucket_producer_with_no_taskflow', 'dataset_alias_example_alias_producer_with_no_taskflow', 'dataset_alias_example_alias_consumer_with_no_taskflow', 'dataset_s3_bucket_consumer_with_no_taskflow' retrieved from /home/airflow/.local/lib/python3.12/site-packages/airflow/example_dags/example_dataset_alias_with_no_taskflow.py
[2025-01-06T12:36:14.418+0000] {logging_mixin.py:190} INFO - [2025-01-06T12:36:14.418+0000] {dag.py:3239} INFO - Sync 4 DAGs
[2025-01-06T12:36:14.426+0000] {logging_mixin.py:190} INFO - [2025-01-06T12:36:14.425+0000] {dag.py:4180} INFO - Setting next_dagrun for dataset_alias_example_alias_consumer_with_no_taskflow to None, run_after=None
[2025-01-06T12:36:14.427+0000] {logging_mixin.py:190} INFO - [2025-01-06T12:36:14.426+0000] {dag.py:4180} INFO - Setting next_dagrun for dataset_alias_example_alias_producer_with_no_taskflow to None, run_after=None
[2025-01-06T12:36:14.427+0000] {logging_mixin.py:190} INFO - [2025-01-06T12:36:14.427+0000] {dag.py:4180} INFO - Setting next_dagrun for dataset_s3_bucket_consumer_with_no_taskflow to None, run_after=None
[2025-01-06T12:36:14.428+0000] {logging_mixin.py:190} INFO - [2025-01-06T12:36:14.428+0000] {dag.py:4180} INFO - Setting next_dagrun for dataset_s3_bucket_producer_with_no_taskflow to None, run_after=None
[2025-01-06T12:36:14.434+0000] {processor.py:208} INFO - Processing /home/airflow/.local/lib/python3.12/site-packages/airflow/example_dags/example_dataset_alias_with_no_taskflow.py took 0.260 seconds
[2025-01-06T12:36:44.640+0000] {processor.py:186} INFO - Started process (PID=453) to work on /home/airflow/.local/lib/python3.12/site-packages/airflow/example_dags/example_dataset_alias_with_no_taskflow.py
[2025-01-06T12:36:44.642+0000] {processor.py:914} INFO - Processing file /home/airflow/.local/lib/python3.12/site-packages/airflow/example_dags/example_dataset_alias_with_no_taskflow.py for tasks to queue
[2025-01-06T12:36:44.644+0000] {logging_mixin.py:190} INFO - [2025-01-06T12:36:44.643+0000] {dagbag.py:588} INFO - Filling up the DagBag from /home/airflow/.local/lib/python3.12/site-packages/airflow/example_dags/example_dataset_alias_with_no_taskflow.py
[2025-01-06T12:36:44.894+0000] {processor.py:925} INFO - DAG(s) 'dataset_s3_bucket_producer_with_no_taskflow', 'dataset_alias_example_alias_consumer_with_no_taskflow', 'dataset_s3_bucket_consumer_with_no_taskflow', 'dataset_alias_example_alias_producer_with_no_taskflow' retrieved from /home/airflow/.local/lib/python3.12/site-packages/airflow/example_dags/example_dataset_alias_with_no_taskflow.py
[2025-01-06T12:36:44.900+0000] {logging_mixin.py:190} INFO - [2025-01-06T12:36:44.900+0000] {dag.py:3239} INFO - Sync 4 DAGs
[2025-01-06T12:36:44.908+0000] {logging_mixin.py:190} INFO - [2025-01-06T12:36:44.908+0000] {dag.py:4180} INFO - Setting next_dagrun for dataset_alias_example_alias_consumer_with_no_taskflow to None, run_after=None
[2025-01-06T12:36:44.909+0000] {logging_mixin.py:190} INFO - [2025-01-06T12:36:44.909+0000] {dag.py:4180} INFO - Setting next_dagrun for dataset_alias_example_alias_producer_with_no_taskflow to None, run_after=None
[2025-01-06T12:36:44.910+0000] {logging_mixin.py:190} INFO - [2025-01-06T12:36:44.910+0000] {dag.py:4180} INFO - Setting next_dagrun for dataset_s3_bucket_consumer_with_no_taskflow to None, run_after=None
[2025-01-06T12:36:44.910+0000] {logging_mixin.py:190} INFO - [2025-01-06T12:36:44.910+0000] {dag.py:4180} INFO - Setting next_dagrun for dataset_s3_bucket_producer_with_no_taskflow to None, run_after=None
[2025-01-06T12:36:44.917+0000] {processor.py:208} INFO - Processing /home/airflow/.local/lib/python3.12/site-packages/airflow/example_dags/example_dataset_alias_with_no_taskflow.py took 0.284 seconds
[2025-01-06T12:37:15.794+0000] {processor.py:186} INFO - Started process (PID=511) to work on /home/airflow/.local/lib/python3.12/site-packages/airflow/example_dags/example_dataset_alias_with_no_taskflow.py
[2025-01-06T12:37:15.794+0000] {processor.py:914} INFO - Processing file /home/airflow/.local/lib/python3.12/site-packages/airflow/example_dags/example_dataset_alias_with_no_taskflow.py for tasks to queue
[2025-01-06T12:37:15.797+0000] {logging_mixin.py:190} INFO - [2025-01-06T12:37:15.796+0000] {dagbag.py:588} INFO - Filling up the DagBag from /home/airflow/.local/lib/python3.12/site-packages/airflow/example_dags/example_dataset_alias_with_no_taskflow.py
[2025-01-06T12:37:16.048+0000] {processor.py:925} INFO - DAG(s) 'dataset_s3_bucket_consumer_with_no_taskflow', 'dataset_alias_example_alias_consumer_with_no_taskflow', 'dataset_alias_example_alias_producer_with_no_taskflow', 'dataset_s3_bucket_producer_with_no_taskflow' retrieved from /home/airflow/.local/lib/python3.12/site-packages/airflow/example_dags/example_dataset_alias_with_no_taskflow.py
[2025-01-06T12:37:16.055+0000] {logging_mixin.py:190} INFO - [2025-01-06T12:37:16.054+0000] {dag.py:3239} INFO - Sync 4 DAGs
[2025-01-06T12:37:16.063+0000] {logging_mixin.py:190} INFO - [2025-01-06T12:37:16.063+0000] {dag.py:4180} INFO - Setting next_dagrun for dataset_alias_example_alias_consumer_with_no_taskflow to None, run_after=None
[2025-01-06T12:37:16.064+0000] {logging_mixin.py:190} INFO - [2025-01-06T12:37:16.064+0000] {dag.py:4180} INFO - Setting next_dagrun for dataset_alias_example_alias_producer_with_no_taskflow to None, run_after=None
[2025-01-06T12:37:16.064+0000] {logging_mixin.py:190} INFO - [2025-01-06T12:37:16.064+0000] {dag.py:4180} INFO - Setting next_dagrun for dataset_s3_bucket_consumer_with_no_taskflow to None, run_after=None
[2025-01-06T12:37:16.065+0000] {logging_mixin.py:190} INFO - [2025-01-06T12:37:16.065+0000] {dag.py:4180} INFO - Setting next_dagrun for dataset_s3_bucket_producer_with_no_taskflow to None, run_after=None
[2025-01-06T12:37:16.072+0000] {processor.py:208} INFO - Processing /home/airflow/.local/lib/python3.12/site-packages/airflow/example_dags/example_dataset_alias_with_no_taskflow.py took 0.284 seconds
