[2025-01-06T12:33:13.130+0000] {processor.py:186} INFO - Started process (PID=69) to work on /home/airflow/.local/lib/python3.12/site-packages/airflow/example_dags/example_task_group_decorator.py
[2025-01-06T12:33:13.131+0000] {processor.py:914} INFO - Processing file /home/airflow/.local/lib/python3.12/site-packages/airflow/example_dags/example_task_group_decorator.py for tasks to queue
[2025-01-06T12:33:13.132+0000] {logging_mixin.py:190} INFO - [2025-01-06T12:33:13.132+0000] {dagbag.py:588} INFO - Filling up the DagBag from /home/airflow/.local/lib/python3.12/site-packages/airflow/example_dags/example_task_group_decorator.py
[2025-01-06T12:33:13.139+0000] {processor.py:925} INFO - DAG(s) 'example_task_group_decorator' retrieved from /home/airflow/.local/lib/python3.12/site-packages/airflow/example_dags/example_task_group_decorator.py
[2025-01-06T12:33:13.184+0000] {logging_mixin.py:190} INFO - [2025-01-06T12:33:13.184+0000] {override.py:1911} INFO - Created Permission View: can delete on DAG:example_task_group_decorator
[2025-01-06T12:33:13.188+0000] {logging_mixin.py:190} INFO - [2025-01-06T12:33:13.188+0000] {override.py:1911} INFO - Created Permission View: can read on DAG:example_task_group_decorator
[2025-01-06T12:33:13.189+0000] {logging_mixin.py:190} INFO - [2025-01-06T12:33:13.189+0000] {override.py:1911} INFO - Created Permission View: can edit on DAG:example_task_group_decorator
[2025-01-06T12:33:13.192+0000] {logging_mixin.py:190} INFO - [2025-01-06T12:33:13.191+0000] {override.py:1911} INFO - Created Permission View: menu access on DAG Run:example_task_group_decorator
[2025-01-06T12:33:13.194+0000] {logging_mixin.py:190} INFO - [2025-01-06T12:33:13.194+0000] {override.py:1911} INFO - Created Permission View: can delete on DAG Run:example_task_group_decorator
[2025-01-06T12:33:13.196+0000] {logging_mixin.py:190} INFO - [2025-01-06T12:33:13.196+0000] {override.py:1911} INFO - Created Permission View: can read on DAG Run:example_task_group_decorator
[2025-01-06T12:33:13.198+0000] {logging_mixin.py:190} INFO - [2025-01-06T12:33:13.198+0000] {override.py:1911} INFO - Created Permission View: can create on DAG Run:example_task_group_decorator
[2025-01-06T12:33:13.198+0000] {logging_mixin.py:190} INFO - [2025-01-06T12:33:13.198+0000] {dag.py:3239} INFO - Sync 1 DAGs
[2025-01-06T12:33:13.203+0000] {logging_mixin.py:190} INFO - [2025-01-06T12:33:13.203+0000] {dag.py:3262} INFO - Creating ORM DAG for example_task_group_decorator
[2025-01-06T12:33:13.204+0000] {logging_mixin.py:190} INFO - [2025-01-06T12:33:13.203+0000] {dag.py:4180} INFO - Setting next_dagrun for example_task_group_decorator to None, run_after=None
[2025-01-06T12:33:13.211+0000] {processor.py:208} INFO - Processing /home/airflow/.local/lib/python3.12/site-packages/airflow/example_dags/example_task_group_decorator.py took 0.083 seconds
[2025-01-06T12:33:43.752+0000] {processor.py:186} INFO - Started process (PID=127) to work on /home/airflow/.local/lib/python3.12/site-packages/airflow/example_dags/example_task_group_decorator.py
[2025-01-06T12:33:43.752+0000] {processor.py:914} INFO - Processing file /home/airflow/.local/lib/python3.12/site-packages/airflow/example_dags/example_task_group_decorator.py for tasks to queue
[2025-01-06T12:33:43.753+0000] {logging_mixin.py:190} INFO - [2025-01-06T12:33:43.753+0000] {dagbag.py:588} INFO - Filling up the DagBag from /home/airflow/.local/lib/python3.12/site-packages/airflow/example_dags/example_task_group_decorator.py
[2025-01-06T12:33:43.760+0000] {processor.py:925} INFO - DAG(s) 'example_task_group_decorator' retrieved from /home/airflow/.local/lib/python3.12/site-packages/airflow/example_dags/example_task_group_decorator.py
[2025-01-06T12:33:43.769+0000] {logging_mixin.py:190} INFO - [2025-01-06T12:33:43.769+0000] {dag.py:3239} INFO - Sync 1 DAGs
[2025-01-06T12:33:43.774+0000] {logging_mixin.py:190} INFO - [2025-01-06T12:33:43.774+0000] {dag.py:4180} INFO - Setting next_dagrun for example_task_group_decorator to None, run_after=None
[2025-01-06T12:33:43.780+0000] {processor.py:208} INFO - Processing /home/airflow/.local/lib/python3.12/site-packages/airflow/example_dags/example_task_group_decorator.py took 0.031 seconds
[2025-01-06T12:34:14.138+0000] {processor.py:186} INFO - Started process (PID=185) to work on /home/airflow/.local/lib/python3.12/site-packages/airflow/example_dags/example_task_group_decorator.py
[2025-01-06T12:34:14.138+0000] {processor.py:914} INFO - Processing file /home/airflow/.local/lib/python3.12/site-packages/airflow/example_dags/example_task_group_decorator.py for tasks to queue
[2025-01-06T12:34:14.140+0000] {logging_mixin.py:190} INFO - [2025-01-06T12:34:14.140+0000] {dagbag.py:588} INFO - Filling up the DagBag from /home/airflow/.local/lib/python3.12/site-packages/airflow/example_dags/example_task_group_decorator.py
[2025-01-06T12:34:14.148+0000] {processor.py:925} INFO - DAG(s) 'example_task_group_decorator' retrieved from /home/airflow/.local/lib/python3.12/site-packages/airflow/example_dags/example_task_group_decorator.py
[2025-01-06T12:34:14.158+0000] {logging_mixin.py:190} INFO - [2025-01-06T12:34:14.158+0000] {dag.py:3239} INFO - Sync 1 DAGs
[2025-01-06T12:34:14.164+0000] {logging_mixin.py:190} INFO - [2025-01-06T12:34:14.164+0000] {dag.py:4180} INFO - Setting next_dagrun for example_task_group_decorator to None, run_after=None
[2025-01-06T12:34:14.171+0000] {processor.py:208} INFO - Processing /home/airflow/.local/lib/python3.12/site-packages/airflow/example_dags/example_task_group_decorator.py took 0.037 seconds
[2025-01-06T12:34:44.418+0000] {processor.py:186} INFO - Started process (PID=243) to work on /home/airflow/.local/lib/python3.12/site-packages/airflow/example_dags/example_task_group_decorator.py
[2025-01-06T12:34:44.418+0000] {processor.py:914} INFO - Processing file /home/airflow/.local/lib/python3.12/site-packages/airflow/example_dags/example_task_group_decorator.py for tasks to queue
[2025-01-06T12:34:44.420+0000] {logging_mixin.py:190} INFO - [2025-01-06T12:34:44.420+0000] {dagbag.py:588} INFO - Filling up the DagBag from /home/airflow/.local/lib/python3.12/site-packages/airflow/example_dags/example_task_group_decorator.py
[2025-01-06T12:34:44.429+0000] {processor.py:925} INFO - DAG(s) 'example_task_group_decorator' retrieved from /home/airflow/.local/lib/python3.12/site-packages/airflow/example_dags/example_task_group_decorator.py
[2025-01-06T12:34:44.438+0000] {logging_mixin.py:190} INFO - [2025-01-06T12:34:44.438+0000] {dag.py:3239} INFO - Sync 1 DAGs
[2025-01-06T12:34:44.444+0000] {logging_mixin.py:190} INFO - [2025-01-06T12:34:44.444+0000] {dag.py:4180} INFO - Setting next_dagrun for example_task_group_decorator to None, run_after=None
[2025-01-06T12:34:44.451+0000] {processor.py:208} INFO - Processing /home/airflow/.local/lib/python3.12/site-packages/airflow/example_dags/example_task_group_decorator.py took 0.036 seconds
[2025-01-06T12:35:15.734+0000] {processor.py:186} INFO - Started process (PID=301) to work on /home/airflow/.local/lib/python3.12/site-packages/airflow/example_dags/example_task_group_decorator.py
[2025-01-06T12:35:15.734+0000] {processor.py:914} INFO - Processing file /home/airflow/.local/lib/python3.12/site-packages/airflow/example_dags/example_task_group_decorator.py for tasks to queue
[2025-01-06T12:35:15.735+0000] {logging_mixin.py:190} INFO - [2025-01-06T12:35:15.735+0000] {dagbag.py:588} INFO - Filling up the DagBag from /home/airflow/.local/lib/python3.12/site-packages/airflow/example_dags/example_task_group_decorator.py
[2025-01-06T12:35:15.742+0000] {processor.py:925} INFO - DAG(s) 'example_task_group_decorator' retrieved from /home/airflow/.local/lib/python3.12/site-packages/airflow/example_dags/example_task_group_decorator.py
[2025-01-06T12:35:15.752+0000] {logging_mixin.py:190} INFO - [2025-01-06T12:35:15.751+0000] {dag.py:3239} INFO - Sync 1 DAGs
[2025-01-06T12:35:15.757+0000] {logging_mixin.py:190} INFO - [2025-01-06T12:35:15.757+0000] {dag.py:4180} INFO - Setting next_dagrun for example_task_group_decorator to None, run_after=None
[2025-01-06T12:35:15.764+0000] {processor.py:208} INFO - Processing /home/airflow/.local/lib/python3.12/site-packages/airflow/example_dags/example_task_group_decorator.py took 0.033 seconds
[2025-01-06T12:35:46.918+0000] {processor.py:186} INFO - Started process (PID=359) to work on /home/airflow/.local/lib/python3.12/site-packages/airflow/example_dags/example_task_group_decorator.py
[2025-01-06T12:35:46.919+0000] {processor.py:914} INFO - Processing file /home/airflow/.local/lib/python3.12/site-packages/airflow/example_dags/example_task_group_decorator.py for tasks to queue
[2025-01-06T12:35:46.920+0000] {logging_mixin.py:190} INFO - [2025-01-06T12:35:46.920+0000] {dagbag.py:588} INFO - Filling up the DagBag from /home/airflow/.local/lib/python3.12/site-packages/airflow/example_dags/example_task_group_decorator.py
[2025-01-06T12:35:46.926+0000] {processor.py:925} INFO - DAG(s) 'example_task_group_decorator' retrieved from /home/airflow/.local/lib/python3.12/site-packages/airflow/example_dags/example_task_group_decorator.py
[2025-01-06T12:35:46.934+0000] {logging_mixin.py:190} INFO - [2025-01-06T12:35:46.934+0000] {dag.py:3239} INFO - Sync 1 DAGs
[2025-01-06T12:35:46.939+0000] {logging_mixin.py:190} INFO - [2025-01-06T12:35:46.939+0000] {dag.py:4180} INFO - Setting next_dagrun for example_task_group_decorator to None, run_after=None
[2025-01-06T12:35:46.945+0000] {processor.py:208} INFO - Processing /home/airflow/.local/lib/python3.12/site-packages/airflow/example_dags/example_task_group_decorator.py took 0.030 seconds
[2025-01-06T12:36:18.156+0000] {processor.py:186} INFO - Started process (PID=417) to work on /home/airflow/.local/lib/python3.12/site-packages/airflow/example_dags/example_task_group_decorator.py
[2025-01-06T12:36:18.156+0000] {processor.py:914} INFO - Processing file /home/airflow/.local/lib/python3.12/site-packages/airflow/example_dags/example_task_group_decorator.py for tasks to queue
[2025-01-06T12:36:18.157+0000] {logging_mixin.py:190} INFO - [2025-01-06T12:36:18.157+0000] {dagbag.py:588} INFO - Filling up the DagBag from /home/airflow/.local/lib/python3.12/site-packages/airflow/example_dags/example_task_group_decorator.py
[2025-01-06T12:36:18.163+0000] {processor.py:925} INFO - DAG(s) 'example_task_group_decorator' retrieved from /home/airflow/.local/lib/python3.12/site-packages/airflow/example_dags/example_task_group_decorator.py
[2025-01-06T12:36:18.173+0000] {logging_mixin.py:190} INFO - [2025-01-06T12:36:18.173+0000] {dag.py:3239} INFO - Sync 1 DAGs
[2025-01-06T12:36:18.178+0000] {logging_mixin.py:190} INFO - [2025-01-06T12:36:18.178+0000] {dag.py:4180} INFO - Setting next_dagrun for example_task_group_decorator to None, run_after=None
[2025-01-06T12:36:18.185+0000] {processor.py:208} INFO - Processing /home/airflow/.local/lib/python3.12/site-packages/airflow/example_dags/example_task_group_decorator.py took 0.031 seconds
[2025-01-06T12:36:48.700+0000] {processor.py:186} INFO - Started process (PID=475) to work on /home/airflow/.local/lib/python3.12/site-packages/airflow/example_dags/example_task_group_decorator.py
[2025-01-06T12:36:48.700+0000] {processor.py:914} INFO - Processing file /home/airflow/.local/lib/python3.12/site-packages/airflow/example_dags/example_task_group_decorator.py for tasks to queue
[2025-01-06T12:36:48.701+0000] {logging_mixin.py:190} INFO - [2025-01-06T12:36:48.701+0000] {dagbag.py:588} INFO - Filling up the DagBag from /home/airflow/.local/lib/python3.12/site-packages/airflow/example_dags/example_task_group_decorator.py
[2025-01-06T12:36:48.708+0000] {processor.py:925} INFO - DAG(s) 'example_task_group_decorator' retrieved from /home/airflow/.local/lib/python3.12/site-packages/airflow/example_dags/example_task_group_decorator.py
[2025-01-06T12:36:48.718+0000] {logging_mixin.py:190} INFO - [2025-01-06T12:36:48.718+0000] {dag.py:3239} INFO - Sync 1 DAGs
[2025-01-06T12:36:48.724+0000] {logging_mixin.py:190} INFO - [2025-01-06T12:36:48.724+0000] {dag.py:4180} INFO - Setting next_dagrun for example_task_group_decorator to None, run_after=None
[2025-01-06T12:36:48.731+0000] {processor.py:208} INFO - Processing /home/airflow/.local/lib/python3.12/site-packages/airflow/example_dags/example_task_group_decorator.py took 0.034 seconds
[2025-01-06T12:37:19.769+0000] {processor.py:186} INFO - Started process (PID=533) to work on /home/airflow/.local/lib/python3.12/site-packages/airflow/example_dags/example_task_group_decorator.py
[2025-01-06T12:37:19.769+0000] {processor.py:914} INFO - Processing file /home/airflow/.local/lib/python3.12/site-packages/airflow/example_dags/example_task_group_decorator.py for tasks to queue
[2025-01-06T12:37:19.770+0000] {logging_mixin.py:190} INFO - [2025-01-06T12:37:19.770+0000] {dagbag.py:588} INFO - Filling up the DagBag from /home/airflow/.local/lib/python3.12/site-packages/airflow/example_dags/example_task_group_decorator.py
[2025-01-06T12:37:19.777+0000] {processor.py:925} INFO - DAG(s) 'example_task_group_decorator' retrieved from /home/airflow/.local/lib/python3.12/site-packages/airflow/example_dags/example_task_group_decorator.py
[2025-01-06T12:37:19.787+0000] {logging_mixin.py:190} INFO - [2025-01-06T12:37:19.787+0000] {dag.py:3239} INFO - Sync 1 DAGs
[2025-01-06T12:37:19.792+0000] {logging_mixin.py:190} INFO - [2025-01-06T12:37:19.792+0000] {dag.py:4180} INFO - Setting next_dagrun for example_task_group_decorator to None, run_after=None
[2025-01-06T12:37:19.798+0000] {processor.py:208} INFO - Processing /home/airflow/.local/lib/python3.12/site-packages/airflow/example_dags/example_task_group_decorator.py took 0.032 seconds
