[2025-01-06T12:17:37.186+0000] {processor.py:186} INFO - Started process (PID=29) to work on /home/airflow/.local/lib/python3.12/site-packages/airflow/example_dags/example_bash_operator.py
[2025-01-06T12:17:37.187+0000] {processor.py:914} INFO - Processing file /home/airflow/.local/lib/python3.12/site-packages/airflow/example_dags/example_bash_operator.py for tasks to queue
[2025-01-06T12:17:37.188+0000] {logging_mixin.py:190} INFO - [2025-01-06T12:17:37.188+0000] {dagbag.py:588} INFO - Filling up the DagBag from /home/airflow/.local/lib/python3.12/site-packages/airflow/example_dags/example_bash_operator.py
[2025-01-06T12:17:37.201+0000] {processor.py:925} INFO - DAG(s) 'example_bash_operator' retrieved from /home/airflow/.local/lib/python3.12/site-packages/airflow/example_dags/example_bash_operator.py
[2025-01-06T12:17:45.283+0000] {processor.py:186} INFO - Started process (PID=29) to work on /home/airflow/.local/lib/python3.12/site-packages/airflow/example_dags/example_bash_operator.py
[2025-01-06T12:17:45.284+0000] {processor.py:914} INFO - Processing file /home/airflow/.local/lib/python3.12/site-packages/airflow/example_dags/example_bash_operator.py for tasks to queue
[2025-01-06T12:17:45.285+0000] {logging_mixin.py:190} INFO - [2025-01-06T12:17:45.285+0000] {dagbag.py:588} INFO - Filling up the DagBag from /home/airflow/.local/lib/python3.12/site-packages/airflow/example_dags/example_bash_operator.py
[2025-01-06T12:17:45.291+0000] {processor.py:925} INFO - DAG(s) 'example_bash_operator' retrieved from /home/airflow/.local/lib/python3.12/site-packages/airflow/example_dags/example_bash_operator.py
[2025-01-06T12:17:45.396+0000] {logging_mixin.py:190} INFO - [2025-01-06T12:17:45.396+0000] {override.py:1911} INFO - Created Permission View: can edit on DAG:example_bash_operator
[2025-01-06T12:17:45.399+0000] {logging_mixin.py:190} INFO - [2025-01-06T12:17:45.399+0000] {override.py:1911} INFO - Created Permission View: can read on DAG:example_bash_operator
[2025-01-06T12:17:45.401+0000] {logging_mixin.py:190} INFO - [2025-01-06T12:17:45.401+0000] {override.py:1911} INFO - Created Permission View: can delete on DAG:example_bash_operator
[2025-01-06T12:17:45.403+0000] {logging_mixin.py:190} INFO - [2025-01-06T12:17:45.403+0000] {override.py:1911} INFO - Created Permission View: can read on DAG Run:example_bash_operator
[2025-01-06T12:17:45.404+0000] {logging_mixin.py:190} INFO - [2025-01-06T12:17:45.404+0000] {override.py:1911} INFO - Created Permission View: can create on DAG Run:example_bash_operator
[2025-01-06T12:17:45.406+0000] {logging_mixin.py:190} INFO - [2025-01-06T12:17:45.406+0000] {override.py:1911} INFO - Created Permission View: menu access on DAG Run:example_bash_operator
[2025-01-06T12:17:45.407+0000] {logging_mixin.py:190} INFO - [2025-01-06T12:17:45.407+0000] {override.py:1911} INFO - Created Permission View: can delete on DAG Run:example_bash_operator
[2025-01-06T12:17:45.407+0000] {logging_mixin.py:190} INFO - [2025-01-06T12:17:45.407+0000] {dag.py:3239} INFO - Sync 1 DAGs
[2025-01-06T12:17:45.412+0000] {logging_mixin.py:190} INFO - [2025-01-06T12:17:45.412+0000] {dag.py:3262} INFO - Creating ORM DAG for example_bash_operator
[2025-01-06T12:17:45.416+0000] {logging_mixin.py:190} INFO - [2025-01-06T12:17:45.416+0000] {dag.py:4180} INFO - Setting next_dagrun for example_bash_operator to 2025-01-05 00:00:00+00:00, run_after=2025-01-06 00:00:00+00:00
[2025-01-06T12:17:45.423+0000] {processor.py:208} INFO - Processing /home/airflow/.local/lib/python3.12/site-packages/airflow/example_dags/example_bash_operator.py took 0.142 seconds
[2025-01-06T12:17:59.968+0000] {processor.py:186} INFO - Started process (PID=29) to work on /home/airflow/.local/lib/python3.12/site-packages/airflow/example_dags/example_bash_operator.py
[2025-01-06T12:17:59.968+0000] {processor.py:914} INFO - Processing file /home/airflow/.local/lib/python3.12/site-packages/airflow/example_dags/example_bash_operator.py for tasks to queue
[2025-01-06T12:17:59.969+0000] {logging_mixin.py:190} INFO - [2025-01-06T12:17:59.969+0000] {dagbag.py:588} INFO - Filling up the DagBag from /home/airflow/.local/lib/python3.12/site-packages/airflow/example_dags/example_bash_operator.py
[2025-01-06T12:17:59.977+0000] {processor.py:925} INFO - DAG(s) 'example_bash_operator' retrieved from /home/airflow/.local/lib/python3.12/site-packages/airflow/example_dags/example_bash_operator.py
[2025-01-06T12:17:59.982+0000] {logging_mixin.py:190} INFO - [2025-01-06T12:17:59.982+0000] {dag.py:3239} INFO - Sync 1 DAGs
[2025-01-06T12:17:59.992+0000] {logging_mixin.py:190} INFO - [2025-01-06T12:17:59.992+0000] {dag.py:4180} INFO - Setting next_dagrun for example_bash_operator to 2025-01-05 00:00:00+00:00, run_after=2025-01-06 00:00:00+00:00
[2025-01-06T12:17:59.999+0000] {processor.py:208} INFO - Processing /home/airflow/.local/lib/python3.12/site-packages/airflow/example_dags/example_bash_operator.py took 0.034 seconds
[2025-01-06T12:18:13.668+0000] {processor.py:186} INFO - Started process (PID=29) to work on /home/airflow/.local/lib/python3.12/site-packages/airflow/example_dags/example_bash_operator.py
[2025-01-06T12:18:13.668+0000] {processor.py:914} INFO - Processing file /home/airflow/.local/lib/python3.12/site-packages/airflow/example_dags/example_bash_operator.py for tasks to queue
[2025-01-06T12:18:13.669+0000] {logging_mixin.py:190} INFO - [2025-01-06T12:18:13.669+0000] {dagbag.py:588} INFO - Filling up the DagBag from /home/airflow/.local/lib/python3.12/site-packages/airflow/example_dags/example_bash_operator.py
[2025-01-06T12:18:13.678+0000] {processor.py:925} INFO - DAG(s) 'example_bash_operator' retrieved from /home/airflow/.local/lib/python3.12/site-packages/airflow/example_dags/example_bash_operator.py
[2025-01-06T12:18:13.682+0000] {logging_mixin.py:190} INFO - [2025-01-06T12:18:13.681+0000] {dag.py:3239} INFO - Sync 1 DAGs
[2025-01-06T12:18:13.690+0000] {logging_mixin.py:190} INFO - [2025-01-06T12:18:13.690+0000] {dag.py:4180} INFO - Setting next_dagrun for example_bash_operator to 2025-01-05 00:00:00+00:00, run_after=2025-01-06 00:00:00+00:00
[2025-01-06T12:18:13.697+0000] {processor.py:208} INFO - Processing /home/airflow/.local/lib/python3.12/site-packages/airflow/example_dags/example_bash_operator.py took 0.032 seconds
[2025-01-06T12:18:27.660+0000] {processor.py:186} INFO - Started process (PID=29) to work on /home/airflow/.local/lib/python3.12/site-packages/airflow/example_dags/example_bash_operator.py
[2025-01-06T12:18:27.660+0000] {processor.py:914} INFO - Processing file /home/airflow/.local/lib/python3.12/site-packages/airflow/example_dags/example_bash_operator.py for tasks to queue
[2025-01-06T12:18:27.661+0000] {logging_mixin.py:190} INFO - [2025-01-06T12:18:27.661+0000] {dagbag.py:588} INFO - Filling up the DagBag from /home/airflow/.local/lib/python3.12/site-packages/airflow/example_dags/example_bash_operator.py
[2025-01-06T12:18:27.670+0000] {processor.py:925} INFO - DAG(s) 'example_bash_operator' retrieved from /home/airflow/.local/lib/python3.12/site-packages/airflow/example_dags/example_bash_operator.py
[2025-01-06T12:18:27.681+0000] {logging_mixin.py:190} INFO - [2025-01-06T12:18:27.681+0000] {dag.py:3239} INFO - Sync 1 DAGs
[2025-01-06T12:18:27.691+0000] {logging_mixin.py:190} INFO - [2025-01-06T12:18:27.691+0000] {dag.py:4180} INFO - Setting next_dagrun for example_bash_operator to 2025-01-05 00:00:00+00:00, run_after=2025-01-06 00:00:00+00:00
[2025-01-06T12:18:27.698+0000] {processor.py:208} INFO - Processing /home/airflow/.local/lib/python3.12/site-packages/airflow/example_dags/example_bash_operator.py took 0.041 seconds
[2025-01-06T12:18:38.638+0000] {processor.py:186} INFO - Started process (PID=29) to work on /home/airflow/.local/lib/python3.12/site-packages/airflow/example_dags/example_bash_operator.py
[2025-01-06T12:18:38.638+0000] {processor.py:914} INFO - Processing file /home/airflow/.local/lib/python3.12/site-packages/airflow/example_dags/example_bash_operator.py for tasks to queue
[2025-01-06T12:18:38.639+0000] {logging_mixin.py:190} INFO - [2025-01-06T12:18:38.639+0000] {dagbag.py:588} INFO - Filling up the DagBag from /home/airflow/.local/lib/python3.12/site-packages/airflow/example_dags/example_bash_operator.py
[2025-01-06T12:18:38.645+0000] {processor.py:925} INFO - DAG(s) 'example_bash_operator' retrieved from /home/airflow/.local/lib/python3.12/site-packages/airflow/example_dags/example_bash_operator.py
[2025-01-06T12:18:38.659+0000] {logging_mixin.py:190} INFO - [2025-01-06T12:18:38.659+0000] {dag.py:3239} INFO - Sync 1 DAGs
[2025-01-06T12:18:38.670+0000] {logging_mixin.py:190} INFO - [2025-01-06T12:18:38.670+0000] {dag.py:4180} INFO - Setting next_dagrun for example_bash_operator to 2025-01-05 00:00:00+00:00, run_after=2025-01-06 00:00:00+00:00
[2025-01-06T12:18:38.677+0000] {processor.py:208} INFO - Processing /home/airflow/.local/lib/python3.12/site-packages/airflow/example_dags/example_bash_operator.py took 0.041 seconds
[2025-01-06T12:19:04.671+0000] {processor.py:186} INFO - Started process (PID=29) to work on /home/airflow/.local/lib/python3.12/site-packages/airflow/example_dags/example_bash_operator.py
[2025-01-06T12:19:04.671+0000] {processor.py:914} INFO - Processing file /home/airflow/.local/lib/python3.12/site-packages/airflow/example_dags/example_bash_operator.py for tasks to queue
[2025-01-06T12:19:04.672+0000] {logging_mixin.py:190} INFO - [2025-01-06T12:19:04.672+0000] {dagbag.py:588} INFO - Filling up the DagBag from /home/airflow/.local/lib/python3.12/site-packages/airflow/example_dags/example_bash_operator.py
[2025-01-06T12:19:04.678+0000] {processor.py:925} INFO - DAG(s) 'example_bash_operator' retrieved from /home/airflow/.local/lib/python3.12/site-packages/airflow/example_dags/example_bash_operator.py
[2025-01-06T12:19:04.690+0000] {logging_mixin.py:190} INFO - [2025-01-06T12:19:04.690+0000] {dag.py:3239} INFO - Sync 1 DAGs
[2025-01-06T12:19:04.700+0000] {logging_mixin.py:190} INFO - [2025-01-06T12:19:04.700+0000] {dag.py:4180} INFO - Setting next_dagrun for example_bash_operator to 2025-01-05 00:00:00+00:00, run_after=2025-01-06 00:00:00+00:00
[2025-01-06T12:19:04.706+0000] {processor.py:208} INFO - Processing /home/airflow/.local/lib/python3.12/site-packages/airflow/example_dags/example_bash_operator.py took 0.038 seconds
[2025-01-06T12:19:17.679+0000] {processor.py:186} INFO - Started process (PID=29) to work on /home/airflow/.local/lib/python3.12/site-packages/airflow/example_dags/example_bash_operator.py
[2025-01-06T12:19:17.679+0000] {processor.py:914} INFO - Processing file /home/airflow/.local/lib/python3.12/site-packages/airflow/example_dags/example_bash_operator.py for tasks to queue
[2025-01-06T12:19:17.680+0000] {logging_mixin.py:190} INFO - [2025-01-06T12:19:17.680+0000] {dagbag.py:588} INFO - Filling up the DagBag from /home/airflow/.local/lib/python3.12/site-packages/airflow/example_dags/example_bash_operator.py
[2025-01-06T12:19:17.687+0000] {processor.py:925} INFO - DAG(s) 'example_bash_operator' retrieved from /home/airflow/.local/lib/python3.12/site-packages/airflow/example_dags/example_bash_operator.py
[2025-01-06T12:19:17.701+0000] {logging_mixin.py:190} INFO - [2025-01-06T12:19:17.701+0000] {dag.py:3239} INFO - Sync 1 DAGs
[2025-01-06T12:19:17.712+0000] {logging_mixin.py:190} INFO - [2025-01-06T12:19:17.712+0000] {dag.py:4180} INFO - Setting next_dagrun for example_bash_operator to 2025-01-05 00:00:00+00:00, run_after=2025-01-06 00:00:00+00:00
[2025-01-06T12:19:17.719+0000] {processor.py:208} INFO - Processing /home/airflow/.local/lib/python3.12/site-packages/airflow/example_dags/example_bash_operator.py took 0.042 seconds
[2025-01-06T12:33:09.920+0000] {processor.py:186} INFO - Started process (PID=31) to work on /home/airflow/.local/lib/python3.12/site-packages/airflow/example_dags/example_bash_operator.py
[2025-01-06T12:33:09.921+0000] {processor.py:914} INFO - Processing file /home/airflow/.local/lib/python3.12/site-packages/airflow/example_dags/example_bash_operator.py for tasks to queue
[2025-01-06T12:33:09.922+0000] {logging_mixin.py:190} INFO - [2025-01-06T12:33:09.922+0000] {dagbag.py:588} INFO - Filling up the DagBag from /home/airflow/.local/lib/python3.12/site-packages/airflow/example_dags/example_bash_operator.py
[2025-01-06T12:33:09.930+0000] {processor.py:925} INFO - DAG(s) 'example_bash_operator' retrieved from /home/airflow/.local/lib/python3.12/site-packages/airflow/example_dags/example_bash_operator.py
[2025-01-06T12:33:10.029+0000] {logging_mixin.py:190} INFO - [2025-01-06T12:33:10.029+0000] {override.py:1911} INFO - Created Permission View: can delete on DAG:example_bash_operator
[2025-01-06T12:33:10.033+0000] {logging_mixin.py:190} INFO - [2025-01-06T12:33:10.033+0000] {override.py:1911} INFO - Created Permission View: can read on DAG:example_bash_operator
[2025-01-06T12:33:10.035+0000] {logging_mixin.py:190} INFO - [2025-01-06T12:33:10.035+0000] {override.py:1911} INFO - Created Permission View: can edit on DAG:example_bash_operator
[2025-01-06T12:33:10.036+0000] {logging_mixin.py:190} INFO - [2025-01-06T12:33:10.036+0000] {override.py:1911} INFO - Created Permission View: menu access on DAG Run:example_bash_operator
[2025-01-06T12:33:10.038+0000] {logging_mixin.py:190} INFO - [2025-01-06T12:33:10.038+0000] {override.py:1911} INFO - Created Permission View: can delete on DAG Run:example_bash_operator
[2025-01-06T12:33:10.040+0000] {logging_mixin.py:190} INFO - [2025-01-06T12:33:10.040+0000] {override.py:1911} INFO - Created Permission View: can read on DAG Run:example_bash_operator
[2025-01-06T12:33:10.041+0000] {logging_mixin.py:190} INFO - [2025-01-06T12:33:10.041+0000] {override.py:1911} INFO - Created Permission View: can create on DAG Run:example_bash_operator
[2025-01-06T12:33:10.041+0000] {logging_mixin.py:190} INFO - [2025-01-06T12:33:10.041+0000] {dag.py:3239} INFO - Sync 1 DAGs
[2025-01-06T12:33:10.047+0000] {logging_mixin.py:190} INFO - [2025-01-06T12:33:10.047+0000] {dag.py:3262} INFO - Creating ORM DAG for example_bash_operator
[2025-01-06T12:33:10.052+0000] {logging_mixin.py:190} INFO - [2025-01-06T12:33:10.052+0000] {dag.py:4180} INFO - Setting next_dagrun for example_bash_operator to 2025-01-05 00:00:00+00:00, run_after=2025-01-06 00:00:00+00:00
[2025-01-06T12:33:10.060+0000] {processor.py:208} INFO - Processing /home/airflow/.local/lib/python3.12/site-packages/airflow/example_dags/example_bash_operator.py took 0.143 seconds
[2025-01-06T12:33:41.074+0000] {processor.py:186} INFO - Started process (PID=89) to work on /home/airflow/.local/lib/python3.12/site-packages/airflow/example_dags/example_bash_operator.py
[2025-01-06T12:33:41.075+0000] {processor.py:914} INFO - Processing file /home/airflow/.local/lib/python3.12/site-packages/airflow/example_dags/example_bash_operator.py for tasks to queue
[2025-01-06T12:33:41.077+0000] {logging_mixin.py:190} INFO - [2025-01-06T12:33:41.077+0000] {dagbag.py:588} INFO - Filling up the DagBag from /home/airflow/.local/lib/python3.12/site-packages/airflow/example_dags/example_bash_operator.py
[2025-01-06T12:33:41.090+0000] {processor.py:925} INFO - DAG(s) 'example_bash_operator' retrieved from /home/airflow/.local/lib/python3.12/site-packages/airflow/example_dags/example_bash_operator.py
[2025-01-06T12:33:41.107+0000] {logging_mixin.py:190} INFO - [2025-01-06T12:33:41.106+0000] {dag.py:3239} INFO - Sync 1 DAGs
[2025-01-06T12:33:41.119+0000] {logging_mixin.py:190} INFO - [2025-01-06T12:33:41.119+0000] {dag.py:4180} INFO - Setting next_dagrun for example_bash_operator to 2025-01-05 00:00:00+00:00, run_after=2025-01-06 00:00:00+00:00
[2025-01-06T12:33:41.129+0000] {processor.py:208} INFO - Processing /home/airflow/.local/lib/python3.12/site-packages/airflow/example_dags/example_bash_operator.py took 0.063 seconds
[2025-01-06T12:34:11.352+0000] {processor.py:186} INFO - Started process (PID=147) to work on /home/airflow/.local/lib/python3.12/site-packages/airflow/example_dags/example_bash_operator.py
[2025-01-06T12:34:11.353+0000] {processor.py:914} INFO - Processing file /home/airflow/.local/lib/python3.12/site-packages/airflow/example_dags/example_bash_operator.py for tasks to queue
[2025-01-06T12:34:11.354+0000] {logging_mixin.py:190} INFO - [2025-01-06T12:34:11.354+0000] {dagbag.py:588} INFO - Filling up the DagBag from /home/airflow/.local/lib/python3.12/site-packages/airflow/example_dags/example_bash_operator.py
[2025-01-06T12:34:11.362+0000] {processor.py:925} INFO - DAG(s) 'example_bash_operator' retrieved from /home/airflow/.local/lib/python3.12/site-packages/airflow/example_dags/example_bash_operator.py
[2025-01-06T12:34:11.376+0000] {logging_mixin.py:190} INFO - [2025-01-06T12:34:11.376+0000] {dag.py:3239} INFO - Sync 1 DAGs
[2025-01-06T12:34:11.387+0000] {logging_mixin.py:190} INFO - [2025-01-06T12:34:11.387+0000] {dag.py:4180} INFO - Setting next_dagrun for example_bash_operator to 2025-01-05 00:00:00+00:00, run_after=2025-01-06 00:00:00+00:00
[2025-01-06T12:34:11.395+0000] {processor.py:208} INFO - Processing /home/airflow/.local/lib/python3.12/site-packages/airflow/example_dags/example_bash_operator.py took 0.047 seconds
[2025-01-06T12:34:41.834+0000] {processor.py:186} INFO - Started process (PID=205) to work on /home/airflow/.local/lib/python3.12/site-packages/airflow/example_dags/example_bash_operator.py
[2025-01-06T12:34:41.835+0000] {processor.py:914} INFO - Processing file /home/airflow/.local/lib/python3.12/site-packages/airflow/example_dags/example_bash_operator.py for tasks to queue
[2025-01-06T12:34:41.836+0000] {logging_mixin.py:190} INFO - [2025-01-06T12:34:41.836+0000] {dagbag.py:588} INFO - Filling up the DagBag from /home/airflow/.local/lib/python3.12/site-packages/airflow/example_dags/example_bash_operator.py
[2025-01-06T12:34:41.843+0000] {processor.py:925} INFO - DAG(s) 'example_bash_operator' retrieved from /home/airflow/.local/lib/python3.12/site-packages/airflow/example_dags/example_bash_operator.py
[2025-01-06T12:34:41.857+0000] {logging_mixin.py:190} INFO - [2025-01-06T12:34:41.857+0000] {dag.py:3239} INFO - Sync 1 DAGs
[2025-01-06T12:34:41.868+0000] {logging_mixin.py:190} INFO - [2025-01-06T12:34:41.868+0000] {dag.py:4180} INFO - Setting next_dagrun for example_bash_operator to 2025-01-05 00:00:00+00:00, run_after=2025-01-06 00:00:00+00:00
[2025-01-06T12:34:41.875+0000] {processor.py:208} INFO - Processing /home/airflow/.local/lib/python3.12/site-packages/airflow/example_dags/example_bash_operator.py took 0.045 seconds
[2025-01-06T12:35:12.066+0000] {processor.py:186} INFO - Started process (PID=263) to work on /home/airflow/.local/lib/python3.12/site-packages/airflow/example_dags/example_bash_operator.py
[2025-01-06T12:35:12.066+0000] {processor.py:914} INFO - Processing file /home/airflow/.local/lib/python3.12/site-packages/airflow/example_dags/example_bash_operator.py for tasks to queue
[2025-01-06T12:35:12.068+0000] {logging_mixin.py:190} INFO - [2025-01-06T12:35:12.068+0000] {dagbag.py:588} INFO - Filling up the DagBag from /home/airflow/.local/lib/python3.12/site-packages/airflow/example_dags/example_bash_operator.py
[2025-01-06T12:35:12.079+0000] {processor.py:925} INFO - DAG(s) 'example_bash_operator' retrieved from /home/airflow/.local/lib/python3.12/site-packages/airflow/example_dags/example_bash_operator.py
[2025-01-06T12:35:12.095+0000] {logging_mixin.py:190} INFO - [2025-01-06T12:35:12.094+0000] {dag.py:3239} INFO - Sync 1 DAGs
[2025-01-06T12:35:12.107+0000] {logging_mixin.py:190} INFO - [2025-01-06T12:35:12.107+0000] {dag.py:4180} INFO - Setting next_dagrun for example_bash_operator to 2025-01-05 00:00:00+00:00, run_after=2025-01-06 00:00:00+00:00
[2025-01-06T12:35:12.116+0000] {processor.py:208} INFO - Processing /home/airflow/.local/lib/python3.12/site-packages/airflow/example_dags/example_bash_operator.py took 0.056 seconds
[2025-01-06T12:35:42.342+0000] {processor.py:186} INFO - Started process (PID=321) to work on /home/airflow/.local/lib/python3.12/site-packages/airflow/example_dags/example_bash_operator.py
[2025-01-06T12:35:42.343+0000] {processor.py:914} INFO - Processing file /home/airflow/.local/lib/python3.12/site-packages/airflow/example_dags/example_bash_operator.py for tasks to queue
[2025-01-06T12:35:42.344+0000] {logging_mixin.py:190} INFO - [2025-01-06T12:35:42.344+0000] {dagbag.py:588} INFO - Filling up the DagBag from /home/airflow/.local/lib/python3.12/site-packages/airflow/example_dags/example_bash_operator.py
[2025-01-06T12:35:42.349+0000] {processor.py:925} INFO - DAG(s) 'example_bash_operator' retrieved from /home/airflow/.local/lib/python3.12/site-packages/airflow/example_dags/example_bash_operator.py
[2025-01-06T12:35:42.361+0000] {logging_mixin.py:190} INFO - [2025-01-06T12:35:42.361+0000] {dag.py:3239} INFO - Sync 1 DAGs
[2025-01-06T12:35:42.370+0000] {logging_mixin.py:190} INFO - [2025-01-06T12:35:42.370+0000] {dag.py:4180} INFO - Setting next_dagrun for example_bash_operator to 2025-01-05 00:00:00+00:00, run_after=2025-01-06 00:00:00+00:00
[2025-01-06T12:35:42.377+0000] {processor.py:208} INFO - Processing /home/airflow/.local/lib/python3.12/site-packages/airflow/example_dags/example_bash_operator.py took 0.037 seconds
[2025-01-06T12:36:12.529+0000] {processor.py:186} INFO - Started process (PID=379) to work on /home/airflow/.local/lib/python3.12/site-packages/airflow/example_dags/example_bash_operator.py
[2025-01-06T12:36:12.529+0000] {processor.py:914} INFO - Processing file /home/airflow/.local/lib/python3.12/site-packages/airflow/example_dags/example_bash_operator.py for tasks to queue
[2025-01-06T12:36:12.531+0000] {logging_mixin.py:190} INFO - [2025-01-06T12:36:12.531+0000] {dagbag.py:588} INFO - Filling up the DagBag from /home/airflow/.local/lib/python3.12/site-packages/airflow/example_dags/example_bash_operator.py
[2025-01-06T12:36:12.539+0000] {processor.py:925} INFO - DAG(s) 'example_bash_operator' retrieved from /home/airflow/.local/lib/python3.12/site-packages/airflow/example_dags/example_bash_operator.py
[2025-01-06T12:36:12.551+0000] {logging_mixin.py:190} INFO - [2025-01-06T12:36:12.551+0000] {dag.py:3239} INFO - Sync 1 DAGs
[2025-01-06T12:36:12.561+0000] {logging_mixin.py:190} INFO - [2025-01-06T12:36:12.561+0000] {dag.py:4180} INFO - Setting next_dagrun for example_bash_operator to 2025-01-05 00:00:00+00:00, run_after=2025-01-06 00:00:00+00:00
[2025-01-06T12:36:12.568+0000] {processor.py:208} INFO - Processing /home/airflow/.local/lib/python3.12/site-packages/airflow/example_dags/example_bash_operator.py took 0.043 seconds
[2025-01-06T12:36:42.768+0000] {processor.py:186} INFO - Started process (PID=437) to work on /home/airflow/.local/lib/python3.12/site-packages/airflow/example_dags/example_bash_operator.py
[2025-01-06T12:36:42.769+0000] {processor.py:914} INFO - Processing file /home/airflow/.local/lib/python3.12/site-packages/airflow/example_dags/example_bash_operator.py for tasks to queue
[2025-01-06T12:36:42.772+0000] {logging_mixin.py:190} INFO - [2025-01-06T12:36:42.771+0000] {dagbag.py:588} INFO - Filling up the DagBag from /home/airflow/.local/lib/python3.12/site-packages/airflow/example_dags/example_bash_operator.py
[2025-01-06T12:36:42.782+0000] {processor.py:925} INFO - DAG(s) 'example_bash_operator' retrieved from /home/airflow/.local/lib/python3.12/site-packages/airflow/example_dags/example_bash_operator.py
[2025-01-06T12:36:42.799+0000] {logging_mixin.py:190} INFO - [2025-01-06T12:36:42.798+0000] {dag.py:3239} INFO - Sync 1 DAGs
[2025-01-06T12:36:42.814+0000] {logging_mixin.py:190} INFO - [2025-01-06T12:36:42.814+0000] {dag.py:4180} INFO - Setting next_dagrun for example_bash_operator to 2025-01-05 00:00:00+00:00, run_after=2025-01-06 00:00:00+00:00
[2025-01-06T12:36:42.826+0000] {processor.py:208} INFO - Processing /home/airflow/.local/lib/python3.12/site-packages/airflow/example_dags/example_bash_operator.py took 0.063 seconds
[2025-01-06T12:37:13.305+0000] {processor.py:186} INFO - Started process (PID=495) to work on /home/airflow/.local/lib/python3.12/site-packages/airflow/example_dags/example_bash_operator.py
[2025-01-06T12:37:13.306+0000] {processor.py:914} INFO - Processing file /home/airflow/.local/lib/python3.12/site-packages/airflow/example_dags/example_bash_operator.py for tasks to queue
[2025-01-06T12:37:13.308+0000] {logging_mixin.py:190} INFO - [2025-01-06T12:37:13.307+0000] {dagbag.py:588} INFO - Filling up the DagBag from /home/airflow/.local/lib/python3.12/site-packages/airflow/example_dags/example_bash_operator.py
[2025-01-06T12:37:13.316+0000] {processor.py:925} INFO - DAG(s) 'example_bash_operator' retrieved from /home/airflow/.local/lib/python3.12/site-packages/airflow/example_dags/example_bash_operator.py
[2025-01-06T12:37:13.329+0000] {logging_mixin.py:190} INFO - [2025-01-06T12:37:13.329+0000] {dag.py:3239} INFO - Sync 1 DAGs
[2025-01-06T12:37:13.339+0000] {logging_mixin.py:190} INFO - [2025-01-06T12:37:13.339+0000] {dag.py:4180} INFO - Setting next_dagrun for example_bash_operator to 2025-01-05 00:00:00+00:00, run_after=2025-01-06 00:00:00+00:00
[2025-01-06T12:37:13.347+0000] {processor.py:208} INFO - Processing /home/airflow/.local/lib/python3.12/site-packages/airflow/example_dags/example_bash_operator.py took 0.047 seconds
