[2025-01-06T12:17:46.889+0000] {processor.py:186} INFO - Started process (PID=44) to work on /home/airflow/.local/lib/python3.12/site-packages/airflow/example_dags/example_external_task_marker_dag.py
[2025-01-06T12:17:46.889+0000] {processor.py:914} INFO - Processing file /home/airflow/.local/lib/python3.12/site-packages/airflow/example_dags/example_external_task_marker_dag.py for tasks to queue
[2025-01-06T12:17:46.890+0000] {logging_mixin.py:190} INFO - [2025-01-06T12:17:46.890+0000] {dagbag.py:588} INFO - Filling up the DagBag from /home/airflow/.local/lib/python3.12/site-packages/airflow/example_dags/example_external_task_marker_dag.py
[2025-01-06T12:17:46.899+0000] {processor.py:925} INFO - DAG(s) 'example_external_task_marker_parent', 'example_external_task_marker_child' retrieved from /home/airflow/.local/lib/python3.12/site-packages/airflow/example_dags/example_external_task_marker_dag.py
[2025-01-06T12:17:46.943+0000] {logging_mixin.py:190} INFO - [2025-01-06T12:17:46.943+0000] {override.py:1911} INFO - Created Permission View: can edit on DAG:example_external_task_marker_parent
[2025-01-06T12:17:46.947+0000] {logging_mixin.py:190} INFO - [2025-01-06T12:17:46.946+0000] {override.py:1911} INFO - Created Permission View: can read on DAG:example_external_task_marker_parent
[2025-01-06T12:17:46.948+0000] {logging_mixin.py:190} INFO - [2025-01-06T12:17:46.948+0000] {override.py:1911} INFO - Created Permission View: can delete on DAG:example_external_task_marker_parent
[2025-01-06T12:17:46.954+0000] {logging_mixin.py:190} INFO - [2025-01-06T12:17:46.954+0000] {override.py:1911} INFO - Created Permission View: can read on DAG Run:example_external_task_marker_parent
[2025-01-06T12:17:46.956+0000] {logging_mixin.py:190} INFO - [2025-01-06T12:17:46.956+0000] {override.py:1911} INFO - Created Permission View: can create on DAG Run:example_external_task_marker_parent
[2025-01-06T12:17:46.958+0000] {logging_mixin.py:190} INFO - [2025-01-06T12:17:46.958+0000] {override.py:1911} INFO - Created Permission View: menu access on DAG Run:example_external_task_marker_parent
[2025-01-06T12:17:46.959+0000] {logging_mixin.py:190} INFO - [2025-01-06T12:17:46.959+0000] {override.py:1911} INFO - Created Permission View: can delete on DAG Run:example_external_task_marker_parent
[2025-01-06T12:17:46.963+0000] {logging_mixin.py:190} INFO - [2025-01-06T12:17:46.963+0000] {override.py:1911} INFO - Created Permission View: can edit on DAG:example_external_task_marker_child
[2025-01-06T12:17:46.965+0000] {logging_mixin.py:190} INFO - [2025-01-06T12:17:46.965+0000] {override.py:1911} INFO - Created Permission View: can read on DAG:example_external_task_marker_child
[2025-01-06T12:17:46.967+0000] {logging_mixin.py:190} INFO - [2025-01-06T12:17:46.967+0000] {override.py:1911} INFO - Created Permission View: can delete on DAG:example_external_task_marker_child
[2025-01-06T12:17:46.968+0000] {logging_mixin.py:190} INFO - [2025-01-06T12:17:46.968+0000] {override.py:1911} INFO - Created Permission View: can read on DAG Run:example_external_task_marker_child
[2025-01-06T12:17:46.970+0000] {logging_mixin.py:190} INFO - [2025-01-06T12:17:46.970+0000] {override.py:1911} INFO - Created Permission View: can create on DAG Run:example_external_task_marker_child
[2025-01-06T12:17:46.971+0000] {logging_mixin.py:190} INFO - [2025-01-06T12:17:46.971+0000] {override.py:1911} INFO - Created Permission View: menu access on DAG Run:example_external_task_marker_child
[2025-01-06T12:17:46.973+0000] {logging_mixin.py:190} INFO - [2025-01-06T12:17:46.973+0000] {override.py:1911} INFO - Created Permission View: can delete on DAG Run:example_external_task_marker_child
[2025-01-06T12:17:46.973+0000] {logging_mixin.py:190} INFO - [2025-01-06T12:17:46.973+0000] {dag.py:3239} INFO - Sync 2 DAGs
[2025-01-06T12:17:46.978+0000] {logging_mixin.py:190} INFO - [2025-01-06T12:17:46.978+0000] {dag.py:3262} INFO - Creating ORM DAG for example_external_task_marker_child
[2025-01-06T12:17:46.978+0000] {logging_mixin.py:190} INFO - [2025-01-06T12:17:46.978+0000] {dag.py:3262} INFO - Creating ORM DAG for example_external_task_marker_parent
[2025-01-06T12:17:46.979+0000] {logging_mixin.py:190} INFO - [2025-01-06T12:17:46.979+0000] {dag.py:4180} INFO - Setting next_dagrun for example_external_task_marker_child to None, run_after=None
[2025-01-06T12:17:46.979+0000] {logging_mixin.py:190} INFO - [2025-01-06T12:17:46.979+0000] {dag.py:4180} INFO - Setting next_dagrun for example_external_task_marker_parent to None, run_after=None
[2025-01-06T12:17:46.985+0000] {processor.py:208} INFO - Processing /home/airflow/.local/lib/python3.12/site-packages/airflow/example_dags/example_external_task_marker_dag.py took 0.100 seconds
[2025-01-06T12:18:00.918+0000] {processor.py:186} INFO - Started process (PID=44) to work on /home/airflow/.local/lib/python3.12/site-packages/airflow/example_dags/example_external_task_marker_dag.py
[2025-01-06T12:18:00.921+0000] {processor.py:914} INFO - Processing file /home/airflow/.local/lib/python3.12/site-packages/airflow/example_dags/example_external_task_marker_dag.py for tasks to queue
[2025-01-06T12:18:00.922+0000] {logging_mixin.py:190} INFO - [2025-01-06T12:18:00.922+0000] {dagbag.py:588} INFO - Filling up the DagBag from /home/airflow/.local/lib/python3.12/site-packages/airflow/example_dags/example_external_task_marker_dag.py
[2025-01-06T12:18:00.928+0000] {processor.py:925} INFO - DAG(s) 'example_external_task_marker_parent', 'example_external_task_marker_child' retrieved from /home/airflow/.local/lib/python3.12/site-packages/airflow/example_dags/example_external_task_marker_dag.py
[2025-01-06T12:18:00.935+0000] {logging_mixin.py:190} INFO - [2025-01-06T12:18:00.935+0000] {dag.py:3239} INFO - Sync 2 DAGs
[2025-01-06T12:18:00.942+0000] {logging_mixin.py:190} INFO - [2025-01-06T12:18:00.942+0000] {dag.py:4180} INFO - Setting next_dagrun for example_external_task_marker_child to None, run_after=None
[2025-01-06T12:18:00.944+0000] {logging_mixin.py:190} INFO - [2025-01-06T12:18:00.944+0000] {dag.py:4180} INFO - Setting next_dagrun for example_external_task_marker_parent to None, run_after=None
[2025-01-06T12:18:00.951+0000] {processor.py:208} INFO - Processing /home/airflow/.local/lib/python3.12/site-packages/airflow/example_dags/example_external_task_marker_dag.py took 0.035 seconds
[2025-01-06T12:18:14.519+0000] {processor.py:186} INFO - Started process (PID=44) to work on /home/airflow/.local/lib/python3.12/site-packages/airflow/example_dags/example_external_task_marker_dag.py
[2025-01-06T12:18:14.520+0000] {processor.py:914} INFO - Processing file /home/airflow/.local/lib/python3.12/site-packages/airflow/example_dags/example_external_task_marker_dag.py for tasks to queue
[2025-01-06T12:18:14.521+0000] {logging_mixin.py:190} INFO - [2025-01-06T12:18:14.521+0000] {dagbag.py:588} INFO - Filling up the DagBag from /home/airflow/.local/lib/python3.12/site-packages/airflow/example_dags/example_external_task_marker_dag.py
[2025-01-06T12:18:14.525+0000] {processor.py:925} INFO - DAG(s) 'example_external_task_marker_child', 'example_external_task_marker_parent' retrieved from /home/airflow/.local/lib/python3.12/site-packages/airflow/example_dags/example_external_task_marker_dag.py
[2025-01-06T12:18:14.531+0000] {logging_mixin.py:190} INFO - [2025-01-06T12:18:14.531+0000] {dag.py:3239} INFO - Sync 2 DAGs
[2025-01-06T12:18:14.537+0000] {logging_mixin.py:190} INFO - [2025-01-06T12:18:14.537+0000] {dag.py:4180} INFO - Setting next_dagrun for example_external_task_marker_child to None, run_after=None
[2025-01-06T12:18:14.538+0000] {logging_mixin.py:190} INFO - [2025-01-06T12:18:14.538+0000] {dag.py:4180} INFO - Setting next_dagrun for example_external_task_marker_parent to None, run_after=None
[2025-01-06T12:18:14.549+0000] {processor.py:208} INFO - Processing /home/airflow/.local/lib/python3.12/site-packages/airflow/example_dags/example_external_task_marker_dag.py took 0.032 seconds
[2025-01-06T12:18:28.443+0000] {processor.py:186} INFO - Started process (PID=44) to work on /home/airflow/.local/lib/python3.12/site-packages/airflow/example_dags/example_external_task_marker_dag.py
[2025-01-06T12:18:28.443+0000] {processor.py:914} INFO - Processing file /home/airflow/.local/lib/python3.12/site-packages/airflow/example_dags/example_external_task_marker_dag.py for tasks to queue
[2025-01-06T12:18:28.445+0000] {logging_mixin.py:190} INFO - [2025-01-06T12:18:28.445+0000] {dagbag.py:588} INFO - Filling up the DagBag from /home/airflow/.local/lib/python3.12/site-packages/airflow/example_dags/example_external_task_marker_dag.py
[2025-01-06T12:18:28.449+0000] {processor.py:925} INFO - DAG(s) 'example_external_task_marker_parent', 'example_external_task_marker_child' retrieved from /home/airflow/.local/lib/python3.12/site-packages/airflow/example_dags/example_external_task_marker_dag.py
[2025-01-06T12:18:28.468+0000] {logging_mixin.py:190} INFO - [2025-01-06T12:18:28.468+0000] {dag.py:3239} INFO - Sync 2 DAGs
[2025-01-06T12:18:28.475+0000] {logging_mixin.py:190} INFO - [2025-01-06T12:18:28.475+0000] {dag.py:4180} INFO - Setting next_dagrun for example_external_task_marker_child to None, run_after=None
[2025-01-06T12:18:28.480+0000] {logging_mixin.py:190} INFO - [2025-01-06T12:18:28.480+0000] {dag.py:4180} INFO - Setting next_dagrun for example_external_task_marker_parent to None, run_after=None
[2025-01-06T12:18:28.491+0000] {processor.py:208} INFO - Processing /home/airflow/.local/lib/python3.12/site-packages/airflow/example_dags/example_external_task_marker_dag.py took 0.050 seconds
[2025-01-06T12:18:39.561+0000] {processor.py:186} INFO - Started process (PID=44) to work on /home/airflow/.local/lib/python3.12/site-packages/airflow/example_dags/example_external_task_marker_dag.py
[2025-01-06T12:18:39.562+0000] {processor.py:914} INFO - Processing file /home/airflow/.local/lib/python3.12/site-packages/airflow/example_dags/example_external_task_marker_dag.py for tasks to queue
[2025-01-06T12:18:39.563+0000] {logging_mixin.py:190} INFO - [2025-01-06T12:18:39.562+0000] {dagbag.py:588} INFO - Filling up the DagBag from /home/airflow/.local/lib/python3.12/site-packages/airflow/example_dags/example_external_task_marker_dag.py
[2025-01-06T12:18:39.567+0000] {processor.py:925} INFO - DAG(s) 'example_external_task_marker_child', 'example_external_task_marker_parent' retrieved from /home/airflow/.local/lib/python3.12/site-packages/airflow/example_dags/example_external_task_marker_dag.py
[2025-01-06T12:18:39.577+0000] {logging_mixin.py:190} INFO - [2025-01-06T12:18:39.577+0000] {dag.py:3239} INFO - Sync 2 DAGs
[2025-01-06T12:18:39.583+0000] {logging_mixin.py:190} INFO - [2025-01-06T12:18:39.583+0000] {dag.py:4180} INFO - Setting next_dagrun for example_external_task_marker_child to None, run_after=None
[2025-01-06T12:18:39.585+0000] {logging_mixin.py:190} INFO - [2025-01-06T12:18:39.584+0000] {dag.py:4180} INFO - Setting next_dagrun for example_external_task_marker_parent to None, run_after=None
[2025-01-06T12:18:39.590+0000] {processor.py:208} INFO - Processing /home/airflow/.local/lib/python3.12/site-packages/airflow/example_dags/example_external_task_marker_dag.py took 0.031 seconds
[2025-01-06T12:19:05.714+0000] {processor.py:186} INFO - Started process (PID=44) to work on /home/airflow/.local/lib/python3.12/site-packages/airflow/example_dags/example_external_task_marker_dag.py
[2025-01-06T12:19:05.715+0000] {processor.py:914} INFO - Processing file /home/airflow/.local/lib/python3.12/site-packages/airflow/example_dags/example_external_task_marker_dag.py for tasks to queue
[2025-01-06T12:19:05.716+0000] {logging_mixin.py:190} INFO - [2025-01-06T12:19:05.716+0000] {dagbag.py:588} INFO - Filling up the DagBag from /home/airflow/.local/lib/python3.12/site-packages/airflow/example_dags/example_external_task_marker_dag.py
[2025-01-06T12:19:05.721+0000] {processor.py:925} INFO - DAG(s) 'example_external_task_marker_parent', 'example_external_task_marker_child' retrieved from /home/airflow/.local/lib/python3.12/site-packages/airflow/example_dags/example_external_task_marker_dag.py
[2025-01-06T12:19:05.733+0000] {logging_mixin.py:190} INFO - [2025-01-06T12:19:05.733+0000] {dag.py:3239} INFO - Sync 2 DAGs
[2025-01-06T12:19:05.740+0000] {logging_mixin.py:190} INFO - [2025-01-06T12:19:05.740+0000] {dag.py:4180} INFO - Setting next_dagrun for example_external_task_marker_child to None, run_after=None
[2025-01-06T12:19:05.743+0000] {logging_mixin.py:190} INFO - [2025-01-06T12:19:05.743+0000] {dag.py:4180} INFO - Setting next_dagrun for example_external_task_marker_parent to None, run_after=None
[2025-01-06T12:19:05.749+0000] {processor.py:208} INFO - Processing /home/airflow/.local/lib/python3.12/site-packages/airflow/example_dags/example_external_task_marker_dag.py took 0.040 seconds
[2025-01-06T12:19:18.369+0000] {processor.py:186} INFO - Started process (PID=44) to work on /home/airflow/.local/lib/python3.12/site-packages/airflow/example_dags/example_external_task_marker_dag.py
[2025-01-06T12:19:18.370+0000] {processor.py:914} INFO - Processing file /home/airflow/.local/lib/python3.12/site-packages/airflow/example_dags/example_external_task_marker_dag.py for tasks to queue
[2025-01-06T12:19:18.371+0000] {logging_mixin.py:190} INFO - [2025-01-06T12:19:18.371+0000] {dagbag.py:588} INFO - Filling up the DagBag from /home/airflow/.local/lib/python3.12/site-packages/airflow/example_dags/example_external_task_marker_dag.py
[2025-01-06T12:19:18.375+0000] {processor.py:925} INFO - DAG(s) 'example_external_task_marker_parent', 'example_external_task_marker_child' retrieved from /home/airflow/.local/lib/python3.12/site-packages/airflow/example_dags/example_external_task_marker_dag.py
[2025-01-06T12:19:18.385+0000] {logging_mixin.py:190} INFO - [2025-01-06T12:19:18.385+0000] {dag.py:3239} INFO - Sync 2 DAGs
[2025-01-06T12:19:18.391+0000] {logging_mixin.py:190} INFO - [2025-01-06T12:19:18.391+0000] {dag.py:4180} INFO - Setting next_dagrun for example_external_task_marker_child to None, run_after=None
[2025-01-06T12:19:18.393+0000] {logging_mixin.py:190} INFO - [2025-01-06T12:19:18.393+0000] {dag.py:4180} INFO - Setting next_dagrun for example_external_task_marker_parent to None, run_after=None
[2025-01-06T12:19:18.399+0000] {processor.py:208} INFO - Processing /home/airflow/.local/lib/python3.12/site-packages/airflow/example_dags/example_external_task_marker_dag.py took 0.032 seconds
[2025-01-06T12:33:11.747+0000] {processor.py:186} INFO - Started process (PID=46) to work on /home/airflow/.local/lib/python3.12/site-packages/airflow/example_dags/example_external_task_marker_dag.py
[2025-01-06T12:33:11.747+0000] {processor.py:914} INFO - Processing file /home/airflow/.local/lib/python3.12/site-packages/airflow/example_dags/example_external_task_marker_dag.py for tasks to queue
[2025-01-06T12:33:11.748+0000] {logging_mixin.py:190} INFO - [2025-01-06T12:33:11.748+0000] {dagbag.py:588} INFO - Filling up the DagBag from /home/airflow/.local/lib/python3.12/site-packages/airflow/example_dags/example_external_task_marker_dag.py
[2025-01-06T12:33:11.752+0000] {processor.py:925} INFO - DAG(s) 'example_external_task_marker_parent', 'example_external_task_marker_child' retrieved from /home/airflow/.local/lib/python3.12/site-packages/airflow/example_dags/example_external_task_marker_dag.py
[2025-01-06T12:33:11.790+0000] {logging_mixin.py:190} INFO - [2025-01-06T12:33:11.790+0000] {override.py:1911} INFO - Created Permission View: can delete on DAG:example_external_task_marker_parent
[2025-01-06T12:33:11.793+0000] {logging_mixin.py:190} INFO - [2025-01-06T12:33:11.793+0000] {override.py:1911} INFO - Created Permission View: can read on DAG:example_external_task_marker_parent
[2025-01-06T12:33:11.795+0000] {logging_mixin.py:190} INFO - [2025-01-06T12:33:11.794+0000] {override.py:1911} INFO - Created Permission View: can edit on DAG:example_external_task_marker_parent
[2025-01-06T12:33:11.796+0000] {logging_mixin.py:190} INFO - [2025-01-06T12:33:11.796+0000] {override.py:1911} INFO - Created Permission View: menu access on DAG Run:example_external_task_marker_parent
[2025-01-06T12:33:11.798+0000] {logging_mixin.py:190} INFO - [2025-01-06T12:33:11.798+0000] {override.py:1911} INFO - Created Permission View: can delete on DAG Run:example_external_task_marker_parent
[2025-01-06T12:33:11.799+0000] {logging_mixin.py:190} INFO - [2025-01-06T12:33:11.799+0000] {override.py:1911} INFO - Created Permission View: can read on DAG Run:example_external_task_marker_parent
[2025-01-06T12:33:11.801+0000] {logging_mixin.py:190} INFO - [2025-01-06T12:33:11.801+0000] {override.py:1911} INFO - Created Permission View: can create on DAG Run:example_external_task_marker_parent
[2025-01-06T12:33:11.804+0000] {logging_mixin.py:190} INFO - [2025-01-06T12:33:11.804+0000] {override.py:1911} INFO - Created Permission View: can delete on DAG:example_external_task_marker_child
[2025-01-06T12:33:11.806+0000] {logging_mixin.py:190} INFO - [2025-01-06T12:33:11.806+0000] {override.py:1911} INFO - Created Permission View: can read on DAG:example_external_task_marker_child
[2025-01-06T12:33:11.807+0000] {logging_mixin.py:190} INFO - [2025-01-06T12:33:11.807+0000] {override.py:1911} INFO - Created Permission View: can edit on DAG:example_external_task_marker_child
[2025-01-06T12:33:11.809+0000] {logging_mixin.py:190} INFO - [2025-01-06T12:33:11.809+0000] {override.py:1911} INFO - Created Permission View: menu access on DAG Run:example_external_task_marker_child
[2025-01-06T12:33:11.810+0000] {logging_mixin.py:190} INFO - [2025-01-06T12:33:11.810+0000] {override.py:1911} INFO - Created Permission View: can delete on DAG Run:example_external_task_marker_child
[2025-01-06T12:33:11.812+0000] {logging_mixin.py:190} INFO - [2025-01-06T12:33:11.812+0000] {override.py:1911} INFO - Created Permission View: can read on DAG Run:example_external_task_marker_child
[2025-01-06T12:33:11.813+0000] {logging_mixin.py:190} INFO - [2025-01-06T12:33:11.813+0000] {override.py:1911} INFO - Created Permission View: can create on DAG Run:example_external_task_marker_child
[2025-01-06T12:33:11.813+0000] {logging_mixin.py:190} INFO - [2025-01-06T12:33:11.813+0000] {dag.py:3239} INFO - Sync 2 DAGs
[2025-01-06T12:33:11.818+0000] {logging_mixin.py:190} INFO - [2025-01-06T12:33:11.818+0000] {dag.py:3262} INFO - Creating ORM DAG for example_external_task_marker_child
[2025-01-06T12:33:11.818+0000] {logging_mixin.py:190} INFO - [2025-01-06T12:33:11.818+0000] {dag.py:3262} INFO - Creating ORM DAG for example_external_task_marker_parent
[2025-01-06T12:33:11.818+0000] {logging_mixin.py:190} INFO - [2025-01-06T12:33:11.818+0000] {dag.py:4180} INFO - Setting next_dagrun for example_external_task_marker_child to None, run_after=None
[2025-01-06T12:33:11.818+0000] {logging_mixin.py:190} INFO - [2025-01-06T12:33:11.818+0000] {dag.py:4180} INFO - Setting next_dagrun for example_external_task_marker_parent to None, run_after=None
[2025-01-06T12:33:11.824+0000] {processor.py:208} INFO - Processing /home/airflow/.local/lib/python3.12/site-packages/airflow/example_dags/example_external_task_marker_dag.py took 0.079 seconds
[2025-01-06T12:33:42.021+0000] {processor.py:186} INFO - Started process (PID=104) to work on /home/airflow/.local/lib/python3.12/site-packages/airflow/example_dags/example_external_task_marker_dag.py
[2025-01-06T12:33:42.022+0000] {processor.py:914} INFO - Processing file /home/airflow/.local/lib/python3.12/site-packages/airflow/example_dags/example_external_task_marker_dag.py for tasks to queue
[2025-01-06T12:33:42.023+0000] {logging_mixin.py:190} INFO - [2025-01-06T12:33:42.023+0000] {dagbag.py:588} INFO - Filling up the DagBag from /home/airflow/.local/lib/python3.12/site-packages/airflow/example_dags/example_external_task_marker_dag.py
[2025-01-06T12:33:42.027+0000] {processor.py:925} INFO - DAG(s) 'example_external_task_marker_parent', 'example_external_task_marker_child' retrieved from /home/airflow/.local/lib/python3.12/site-packages/airflow/example_dags/example_external_task_marker_dag.py
[2025-01-06T12:33:42.037+0000] {logging_mixin.py:190} INFO - [2025-01-06T12:33:42.037+0000] {dag.py:3239} INFO - Sync 2 DAGs
[2025-01-06T12:33:42.043+0000] {logging_mixin.py:190} INFO - [2025-01-06T12:33:42.043+0000] {dag.py:4180} INFO - Setting next_dagrun for example_external_task_marker_child to None, run_after=None
[2025-01-06T12:33:42.045+0000] {logging_mixin.py:190} INFO - [2025-01-06T12:33:42.044+0000] {dag.py:4180} INFO - Setting next_dagrun for example_external_task_marker_parent to None, run_after=None
[2025-01-06T12:33:42.050+0000] {processor.py:208} INFO - Processing /home/airflow/.local/lib/python3.12/site-packages/airflow/example_dags/example_external_task_marker_dag.py took 0.032 seconds
[2025-01-06T12:34:12.230+0000] {processor.py:186} INFO - Started process (PID=162) to work on /home/airflow/.local/lib/python3.12/site-packages/airflow/example_dags/example_external_task_marker_dag.py
[2025-01-06T12:34:12.230+0000] {processor.py:914} INFO - Processing file /home/airflow/.local/lib/python3.12/site-packages/airflow/example_dags/example_external_task_marker_dag.py for tasks to queue
[2025-01-06T12:34:12.231+0000] {logging_mixin.py:190} INFO - [2025-01-06T12:34:12.231+0000] {dagbag.py:588} INFO - Filling up the DagBag from /home/airflow/.local/lib/python3.12/site-packages/airflow/example_dags/example_external_task_marker_dag.py
[2025-01-06T12:34:12.235+0000] {processor.py:925} INFO - DAG(s) 'example_external_task_marker_child', 'example_external_task_marker_parent' retrieved from /home/airflow/.local/lib/python3.12/site-packages/airflow/example_dags/example_external_task_marker_dag.py
[2025-01-06T12:34:12.245+0000] {logging_mixin.py:190} INFO - [2025-01-06T12:34:12.245+0000] {dag.py:3239} INFO - Sync 2 DAGs
[2025-01-06T12:34:12.251+0000] {logging_mixin.py:190} INFO - [2025-01-06T12:34:12.251+0000] {dag.py:4180} INFO - Setting next_dagrun for example_external_task_marker_child to None, run_after=None
[2025-01-06T12:34:12.253+0000] {logging_mixin.py:190} INFO - [2025-01-06T12:34:12.253+0000] {dag.py:4180} INFO - Setting next_dagrun for example_external_task_marker_parent to None, run_after=None
[2025-01-06T12:34:12.259+0000] {processor.py:208} INFO - Processing /home/airflow/.local/lib/python3.12/site-packages/airflow/example_dags/example_external_task_marker_dag.py took 0.032 seconds
[2025-01-06T12:34:42.308+0000] {processor.py:186} INFO - Started process (PID=219) to work on /home/airflow/.local/lib/python3.12/site-packages/airflow/example_dags/example_external_task_marker_dag.py
[2025-01-06T12:34:42.308+0000] {processor.py:914} INFO - Processing file /home/airflow/.local/lib/python3.12/site-packages/airflow/example_dags/example_external_task_marker_dag.py for tasks to queue
[2025-01-06T12:34:42.309+0000] {logging_mixin.py:190} INFO - [2025-01-06T12:34:42.309+0000] {dagbag.py:588} INFO - Filling up the DagBag from /home/airflow/.local/lib/python3.12/site-packages/airflow/example_dags/example_external_task_marker_dag.py
[2025-01-06T12:34:42.313+0000] {processor.py:925} INFO - DAG(s) 'example_external_task_marker_parent', 'example_external_task_marker_child' retrieved from /home/airflow/.local/lib/python3.12/site-packages/airflow/example_dags/example_external_task_marker_dag.py
[2025-01-06T12:34:42.322+0000] {logging_mixin.py:190} INFO - [2025-01-06T12:34:42.322+0000] {dag.py:3239} INFO - Sync 2 DAGs
[2025-01-06T12:34:42.327+0000] {logging_mixin.py:190} INFO - [2025-01-06T12:34:42.327+0000] {dag.py:4180} INFO - Setting next_dagrun for example_external_task_marker_child to None, run_after=None
[2025-01-06T12:34:42.329+0000] {logging_mixin.py:190} INFO - [2025-01-06T12:34:42.329+0000] {dag.py:4180} INFO - Setting next_dagrun for example_external_task_marker_parent to None, run_after=None
[2025-01-06T12:34:42.334+0000] {processor.py:208} INFO - Processing /home/airflow/.local/lib/python3.12/site-packages/airflow/example_dags/example_external_task_marker_dag.py took 0.029 seconds
[2025-01-06T12:35:12.552+0000] {processor.py:186} INFO - Started process (PID=276) to work on /home/airflow/.local/lib/python3.12/site-packages/airflow/example_dags/example_external_task_marker_dag.py
[2025-01-06T12:35:12.553+0000] {processor.py:914} INFO - Processing file /home/airflow/.local/lib/python3.12/site-packages/airflow/example_dags/example_external_task_marker_dag.py for tasks to queue
[2025-01-06T12:35:12.554+0000] {logging_mixin.py:190} INFO - [2025-01-06T12:35:12.554+0000] {dagbag.py:588} INFO - Filling up the DagBag from /home/airflow/.local/lib/python3.12/site-packages/airflow/example_dags/example_external_task_marker_dag.py
[2025-01-06T12:35:12.558+0000] {processor.py:925} INFO - DAG(s) 'example_external_task_marker_parent', 'example_external_task_marker_child' retrieved from /home/airflow/.local/lib/python3.12/site-packages/airflow/example_dags/example_external_task_marker_dag.py
[2025-01-06T12:35:12.569+0000] {logging_mixin.py:190} INFO - [2025-01-06T12:35:12.569+0000] {dag.py:3239} INFO - Sync 2 DAGs
[2025-01-06T12:35:12.575+0000] {logging_mixin.py:190} INFO - [2025-01-06T12:35:12.575+0000] {dag.py:4180} INFO - Setting next_dagrun for example_external_task_marker_child to None, run_after=None
[2025-01-06T12:35:12.577+0000] {logging_mixin.py:190} INFO - [2025-01-06T12:35:12.577+0000] {dag.py:4180} INFO - Setting next_dagrun for example_external_task_marker_parent to None, run_after=None
[2025-01-06T12:35:12.583+0000] {processor.py:208} INFO - Processing /home/airflow/.local/lib/python3.12/site-packages/airflow/example_dags/example_external_task_marker_dag.py took 0.033 seconds
[2025-01-06T12:35:42.639+0000] {processor.py:186} INFO - Started process (PID=333) to work on /home/airflow/.local/lib/python3.12/site-packages/airflow/example_dags/example_external_task_marker_dag.py
[2025-01-06T12:35:42.639+0000] {processor.py:914} INFO - Processing file /home/airflow/.local/lib/python3.12/site-packages/airflow/example_dags/example_external_task_marker_dag.py for tasks to queue
[2025-01-06T12:35:42.640+0000] {logging_mixin.py:190} INFO - [2025-01-06T12:35:42.640+0000] {dagbag.py:588} INFO - Filling up the DagBag from /home/airflow/.local/lib/python3.12/site-packages/airflow/example_dags/example_external_task_marker_dag.py
[2025-01-06T12:35:42.644+0000] {processor.py:925} INFO - DAG(s) 'example_external_task_marker_parent', 'example_external_task_marker_child' retrieved from /home/airflow/.local/lib/python3.12/site-packages/airflow/example_dags/example_external_task_marker_dag.py
[2025-01-06T12:35:42.653+0000] {logging_mixin.py:190} INFO - [2025-01-06T12:35:42.653+0000] {dag.py:3239} INFO - Sync 2 DAGs
[2025-01-06T12:35:42.659+0000] {logging_mixin.py:190} INFO - [2025-01-06T12:35:42.659+0000] {dag.py:4180} INFO - Setting next_dagrun for example_external_task_marker_child to None, run_after=None
[2025-01-06T12:35:42.660+0000] {logging_mixin.py:190} INFO - [2025-01-06T12:35:42.660+0000] {dag.py:4180} INFO - Setting next_dagrun for example_external_task_marker_parent to None, run_after=None
[2025-01-06T12:35:42.666+0000] {processor.py:208} INFO - Processing /home/airflow/.local/lib/python3.12/site-packages/airflow/example_dags/example_external_task_marker_dag.py took 0.029 seconds
[2025-01-06T12:36:12.888+0000] {processor.py:186} INFO - Started process (PID=391) to work on /home/airflow/.local/lib/python3.12/site-packages/airflow/example_dags/example_external_task_marker_dag.py
[2025-01-06T12:36:12.891+0000] {processor.py:914} INFO - Processing file /home/airflow/.local/lib/python3.12/site-packages/airflow/example_dags/example_external_task_marker_dag.py for tasks to queue
[2025-01-06T12:36:12.895+0000] {logging_mixin.py:190} INFO - [2025-01-06T12:36:12.895+0000] {dagbag.py:588} INFO - Filling up the DagBag from /home/airflow/.local/lib/python3.12/site-packages/airflow/example_dags/example_external_task_marker_dag.py
[2025-01-06T12:36:12.901+0000] {processor.py:925} INFO - DAG(s) 'example_external_task_marker_parent', 'example_external_task_marker_child' retrieved from /home/airflow/.local/lib/python3.12/site-packages/airflow/example_dags/example_external_task_marker_dag.py
[2025-01-06T12:36:12.911+0000] {logging_mixin.py:190} INFO - [2025-01-06T12:36:12.911+0000] {dag.py:3239} INFO - Sync 2 DAGs
[2025-01-06T12:36:12.916+0000] {logging_mixin.py:190} INFO - [2025-01-06T12:36:12.916+0000] {dag.py:4180} INFO - Setting next_dagrun for example_external_task_marker_child to None, run_after=None
[2025-01-06T12:36:12.918+0000] {logging_mixin.py:190} INFO - [2025-01-06T12:36:12.918+0000] {dag.py:4180} INFO - Setting next_dagrun for example_external_task_marker_parent to None, run_after=None
[2025-01-06T12:36:12.923+0000] {processor.py:208} INFO - Processing /home/airflow/.local/lib/python3.12/site-packages/airflow/example_dags/example_external_task_marker_dag.py took 0.045 seconds
[2025-01-06T12:36:43.283+0000] {processor.py:186} INFO - Started process (PID=449) to work on /home/airflow/.local/lib/python3.12/site-packages/airflow/example_dags/example_external_task_marker_dag.py
[2025-01-06T12:36:43.283+0000] {processor.py:914} INFO - Processing file /home/airflow/.local/lib/python3.12/site-packages/airflow/example_dags/example_external_task_marker_dag.py for tasks to queue
[2025-01-06T12:36:43.284+0000] {logging_mixin.py:190} INFO - [2025-01-06T12:36:43.284+0000] {dagbag.py:588} INFO - Filling up the DagBag from /home/airflow/.local/lib/python3.12/site-packages/airflow/example_dags/example_external_task_marker_dag.py
[2025-01-06T12:36:43.288+0000] {processor.py:925} INFO - DAG(s) 'example_external_task_marker_child', 'example_external_task_marker_parent' retrieved from /home/airflow/.local/lib/python3.12/site-packages/airflow/example_dags/example_external_task_marker_dag.py
[2025-01-06T12:36:43.299+0000] {logging_mixin.py:190} INFO - [2025-01-06T12:36:43.299+0000] {dag.py:3239} INFO - Sync 2 DAGs
[2025-01-06T12:36:43.306+0000] {logging_mixin.py:190} INFO - [2025-01-06T12:36:43.306+0000] {dag.py:4180} INFO - Setting next_dagrun for example_external_task_marker_child to None, run_after=None
[2025-01-06T12:36:43.308+0000] {logging_mixin.py:190} INFO - [2025-01-06T12:36:43.308+0000] {dag.py:4180} INFO - Setting next_dagrun for example_external_task_marker_parent to None, run_after=None
[2025-01-06T12:36:43.315+0000] {processor.py:208} INFO - Processing /home/airflow/.local/lib/python3.12/site-packages/airflow/example_dags/example_external_task_marker_dag.py took 0.035 seconds
[2025-01-06T12:37:13.634+0000] {processor.py:186} INFO - Started process (PID=508) to work on /home/airflow/.local/lib/python3.12/site-packages/airflow/example_dags/example_external_task_marker_dag.py
[2025-01-06T12:37:13.634+0000] {processor.py:914} INFO - Processing file /home/airflow/.local/lib/python3.12/site-packages/airflow/example_dags/example_external_task_marker_dag.py for tasks to queue
[2025-01-06T12:37:13.635+0000] {logging_mixin.py:190} INFO - [2025-01-06T12:37:13.635+0000] {dagbag.py:588} INFO - Filling up the DagBag from /home/airflow/.local/lib/python3.12/site-packages/airflow/example_dags/example_external_task_marker_dag.py
[2025-01-06T12:37:13.639+0000] {processor.py:925} INFO - DAG(s) 'example_external_task_marker_parent', 'example_external_task_marker_child' retrieved from /home/airflow/.local/lib/python3.12/site-packages/airflow/example_dags/example_external_task_marker_dag.py
[2025-01-06T12:37:13.649+0000] {logging_mixin.py:190} INFO - [2025-01-06T12:37:13.649+0000] {dag.py:3239} INFO - Sync 2 DAGs
[2025-01-06T12:37:13.655+0000] {logging_mixin.py:190} INFO - [2025-01-06T12:37:13.655+0000] {dag.py:4180} INFO - Setting next_dagrun for example_external_task_marker_child to None, run_after=None
[2025-01-06T12:37:13.657+0000] {logging_mixin.py:190} INFO - [2025-01-06T12:37:13.657+0000] {dag.py:4180} INFO - Setting next_dagrun for example_external_task_marker_parent to None, run_after=None
[2025-01-06T12:37:13.664+0000] {processor.py:208} INFO - Processing /home/airflow/.local/lib/python3.12/site-packages/airflow/example_dags/example_external_task_marker_dag.py took 0.033 seconds
