[2025-01-06T12:17:46.607+0000] {processor.py:186} INFO - Started process (PID=40) to work on /home/airflow/.local/lib/python3.12/site-packages/airflow/example_dags/example_datasets.py
[2025-01-06T12:17:46.607+0000] {processor.py:914} INFO - Processing file /home/airflow/.local/lib/python3.12/site-packages/airflow/example_dags/example_datasets.py for tasks to queue
[2025-01-06T12:17:46.608+0000] {logging_mixin.py:190} INFO - [2025-01-06T12:17:46.608+0000] {dagbag.py:588} INFO - Filling up the DagBag from /home/airflow/.local/lib/python3.12/site-packages/airflow/example_dags/example_datasets.py
[2025-01-06T12:17:46.850+0000] {processor.py:925} INFO - DAG(s) 'dataset_produces_2', 'dataset_produces_1', 'consume_1_or_both_2_and_3_with_dataset_expressions', 'dataset_consumes_1_never_scheduled', 'dataset_consumes_unknown_never_scheduled', 'consume_1_and_2_with_dataset_expressions', 'consume_1_or_2_with_dataset_expressions', 'dataset_consumes_1_and_2', 'dataset_consumes_1', 'conditional_dataset_and_time_based_timetable' retrieved from /home/airflow/.local/lib/python3.12/site-packages/airflow/example_dags/example_datasets.py
[2025-01-06T12:17:46.885+0000] {logging_mixin.py:190} INFO - [2025-01-06T12:17:46.885+0000] {override.py:1911} INFO - Created Permission View: can edit on DAG:dataset_produces_2
[2025-01-06T12:17:46.890+0000] {logging_mixin.py:190} INFO - [2025-01-06T12:17:46.890+0000] {override.py:1911} INFO - Created Permission View: can read on DAG:dataset_produces_2
[2025-01-06T12:17:46.893+0000] {logging_mixin.py:190} INFO - [2025-01-06T12:17:46.893+0000] {override.py:1911} INFO - Created Permission View: can delete on DAG:dataset_produces_2
[2025-01-06T12:17:46.895+0000] {logging_mixin.py:190} INFO - [2025-01-06T12:17:46.895+0000] {override.py:1911} INFO - Created Permission View: can read on DAG Run:dataset_produces_2
[2025-01-06T12:17:46.899+0000] {logging_mixin.py:190} INFO - [2025-01-06T12:17:46.899+0000] {override.py:1911} INFO - Created Permission View: can create on DAG Run:dataset_produces_2
[2025-01-06T12:17:46.901+0000] {logging_mixin.py:190} INFO - [2025-01-06T12:17:46.901+0000] {override.py:1911} INFO - Created Permission View: menu access on DAG Run:dataset_produces_2
[2025-01-06T12:17:46.902+0000] {logging_mixin.py:190} INFO - [2025-01-06T12:17:46.902+0000] {override.py:1911} INFO - Created Permission View: can delete on DAG Run:dataset_produces_2
[2025-01-06T12:17:46.907+0000] {logging_mixin.py:190} INFO - [2025-01-06T12:17:46.907+0000] {override.py:1911} INFO - Created Permission View: can edit on DAG:dataset_produces_1
[2025-01-06T12:17:46.909+0000] {logging_mixin.py:190} INFO - [2025-01-06T12:17:46.909+0000] {override.py:1911} INFO - Created Permission View: can read on DAG:dataset_produces_1
[2025-01-06T12:17:46.911+0000] {logging_mixin.py:190} INFO - [2025-01-06T12:17:46.911+0000] {override.py:1911} INFO - Created Permission View: can delete on DAG:dataset_produces_1
[2025-01-06T12:17:46.912+0000] {logging_mixin.py:190} INFO - [2025-01-06T12:17:46.912+0000] {override.py:1911} INFO - Created Permission View: can read on DAG Run:dataset_produces_1
[2025-01-06T12:17:46.913+0000] {logging_mixin.py:190} INFO - [2025-01-06T12:17:46.913+0000] {override.py:1911} INFO - Created Permission View: can create on DAG Run:dataset_produces_1
[2025-01-06T12:17:46.915+0000] {logging_mixin.py:190} INFO - [2025-01-06T12:17:46.915+0000] {override.py:1911} INFO - Created Permission View: menu access on DAG Run:dataset_produces_1
[2025-01-06T12:17:46.916+0000] {logging_mixin.py:190} INFO - [2025-01-06T12:17:46.916+0000] {override.py:1911} INFO - Created Permission View: can delete on DAG Run:dataset_produces_1
[2025-01-06T12:17:46.919+0000] {logging_mixin.py:190} INFO - [2025-01-06T12:17:46.919+0000] {override.py:1911} INFO - Created Permission View: can edit on DAG:consume_1_or_both_2_and_3_with_dataset_expressions
[2025-01-06T12:17:46.921+0000] {logging_mixin.py:190} INFO - [2025-01-06T12:17:46.921+0000] {override.py:1911} INFO - Created Permission View: can read on DAG:consume_1_or_both_2_and_3_with_dataset_expressions
[2025-01-06T12:17:46.922+0000] {logging_mixin.py:190} INFO - [2025-01-06T12:17:46.922+0000] {override.py:1911} INFO - Created Permission View: can delete on DAG:consume_1_or_both_2_and_3_with_dataset_expressions
[2025-01-06T12:17:46.923+0000] {logging_mixin.py:190} INFO - [2025-01-06T12:17:46.923+0000] {override.py:1911} INFO - Created Permission View: can read on DAG Run:consume_1_or_both_2_and_3_with_dataset_expressions
[2025-01-06T12:17:46.925+0000] {logging_mixin.py:190} INFO - [2025-01-06T12:17:46.925+0000] {override.py:1911} INFO - Created Permission View: can create on DAG Run:consume_1_or_both_2_and_3_with_dataset_expressions
[2025-01-06T12:17:46.926+0000] {logging_mixin.py:190} INFO - [2025-01-06T12:17:46.926+0000] {override.py:1911} INFO - Created Permission View: menu access on DAG Run:consume_1_or_both_2_and_3_with_dataset_expressions
[2025-01-06T12:17:46.927+0000] {logging_mixin.py:190} INFO - [2025-01-06T12:17:46.927+0000] {override.py:1911} INFO - Created Permission View: can delete on DAG Run:consume_1_or_both_2_and_3_with_dataset_expressions
[2025-01-06T12:17:46.930+0000] {logging_mixin.py:190} INFO - [2025-01-06T12:17:46.930+0000] {override.py:1911} INFO - Created Permission View: can edit on DAG:dataset_consumes_1_never_scheduled
[2025-01-06T12:17:46.932+0000] {logging_mixin.py:190} INFO - [2025-01-06T12:17:46.932+0000] {override.py:1911} INFO - Created Permission View: can read on DAG:dataset_consumes_1_never_scheduled
[2025-01-06T12:17:46.933+0000] {logging_mixin.py:190} INFO - [2025-01-06T12:17:46.933+0000] {override.py:1911} INFO - Created Permission View: can delete on DAG:dataset_consumes_1_never_scheduled
[2025-01-06T12:17:46.935+0000] {logging_mixin.py:190} INFO - [2025-01-06T12:17:46.934+0000] {override.py:1911} INFO - Created Permission View: can read on DAG Run:dataset_consumes_1_never_scheduled
[2025-01-06T12:17:46.936+0000] {logging_mixin.py:190} INFO - [2025-01-06T12:17:46.936+0000] {override.py:1911} INFO - Created Permission View: can create on DAG Run:dataset_consumes_1_never_scheduled
[2025-01-06T12:17:46.937+0000] {logging_mixin.py:190} INFO - [2025-01-06T12:17:46.937+0000] {override.py:1911} INFO - Created Permission View: menu access on DAG Run:dataset_consumes_1_never_scheduled
[2025-01-06T12:17:46.939+0000] {logging_mixin.py:190} INFO - [2025-01-06T12:17:46.939+0000] {override.py:1911} INFO - Created Permission View: can delete on DAG Run:dataset_consumes_1_never_scheduled
[2025-01-06T12:17:46.942+0000] {logging_mixin.py:190} INFO - [2025-01-06T12:17:46.942+0000] {override.py:1911} INFO - Created Permission View: can edit on DAG:dataset_consumes_unknown_never_scheduled
[2025-01-06T12:17:46.943+0000] {logging_mixin.py:190} INFO - [2025-01-06T12:17:46.943+0000] {override.py:1911} INFO - Created Permission View: can read on DAG:dataset_consumes_unknown_never_scheduled
[2025-01-06T12:17:46.945+0000] {logging_mixin.py:190} INFO - [2025-01-06T12:17:46.944+0000] {override.py:1911} INFO - Created Permission View: can delete on DAG:dataset_consumes_unknown_never_scheduled
[2025-01-06T12:17:46.946+0000] {logging_mixin.py:190} INFO - [2025-01-06T12:17:46.946+0000] {override.py:1911} INFO - Created Permission View: can read on DAG Run:dataset_consumes_unknown_never_scheduled
[2025-01-06T12:17:46.948+0000] {logging_mixin.py:190} INFO - [2025-01-06T12:17:46.948+0000] {override.py:1911} INFO - Created Permission View: can create on DAG Run:dataset_consumes_unknown_never_scheduled
[2025-01-06T12:17:46.949+0000] {logging_mixin.py:190} INFO - [2025-01-06T12:17:46.949+0000] {override.py:1911} INFO - Created Permission View: menu access on DAG Run:dataset_consumes_unknown_never_scheduled
[2025-01-06T12:17:46.954+0000] {logging_mixin.py:190} INFO - [2025-01-06T12:17:46.954+0000] {override.py:1911} INFO - Created Permission View: can delete on DAG Run:dataset_consumes_unknown_never_scheduled
[2025-01-06T12:17:46.958+0000] {logging_mixin.py:190} INFO - [2025-01-06T12:17:46.957+0000] {override.py:1911} INFO - Created Permission View: can edit on DAG:consume_1_and_2_with_dataset_expressions
[2025-01-06T12:17:46.959+0000] {logging_mixin.py:190} INFO - [2025-01-06T12:17:46.959+0000] {override.py:1911} INFO - Created Permission View: can read on DAG:consume_1_and_2_with_dataset_expressions
[2025-01-06T12:17:46.961+0000] {logging_mixin.py:190} INFO - [2025-01-06T12:17:46.961+0000] {override.py:1911} INFO - Created Permission View: can delete on DAG:consume_1_and_2_with_dataset_expressions
[2025-01-06T12:17:46.962+0000] {logging_mixin.py:190} INFO - [2025-01-06T12:17:46.962+0000] {override.py:1911} INFO - Created Permission View: can read on DAG Run:consume_1_and_2_with_dataset_expressions
[2025-01-06T12:17:46.964+0000] {logging_mixin.py:190} INFO - [2025-01-06T12:17:46.963+0000] {override.py:1911} INFO - Created Permission View: can create on DAG Run:consume_1_and_2_with_dataset_expressions
[2025-01-06T12:17:46.965+0000] {logging_mixin.py:190} INFO - [2025-01-06T12:17:46.965+0000] {override.py:1911} INFO - Created Permission View: menu access on DAG Run:consume_1_and_2_with_dataset_expressions
[2025-01-06T12:17:46.967+0000] {logging_mixin.py:190} INFO - [2025-01-06T12:17:46.966+0000] {override.py:1911} INFO - Created Permission View: can delete on DAG Run:consume_1_and_2_with_dataset_expressions
[2025-01-06T12:17:46.971+0000] {logging_mixin.py:190} INFO - [2025-01-06T12:17:46.971+0000] {override.py:1911} INFO - Created Permission View: can edit on DAG:consume_1_or_2_with_dataset_expressions
[2025-01-06T12:17:46.972+0000] {logging_mixin.py:190} INFO - [2025-01-06T12:17:46.972+0000] {override.py:1911} INFO - Created Permission View: can read on DAG:consume_1_or_2_with_dataset_expressions
[2025-01-06T12:17:46.974+0000] {logging_mixin.py:190} INFO - [2025-01-06T12:17:46.974+0000] {override.py:1911} INFO - Created Permission View: can delete on DAG:consume_1_or_2_with_dataset_expressions
[2025-01-06T12:17:46.976+0000] {logging_mixin.py:190} INFO - [2025-01-06T12:17:46.976+0000] {override.py:1911} INFO - Created Permission View: can read on DAG Run:consume_1_or_2_with_dataset_expressions
[2025-01-06T12:17:46.977+0000] {logging_mixin.py:190} INFO - [2025-01-06T12:17:46.977+0000] {override.py:1911} INFO - Created Permission View: can create on DAG Run:consume_1_or_2_with_dataset_expressions
[2025-01-06T12:17:46.979+0000] {logging_mixin.py:190} INFO - [2025-01-06T12:17:46.978+0000] {override.py:1911} INFO - Created Permission View: menu access on DAG Run:consume_1_or_2_with_dataset_expressions
[2025-01-06T12:17:46.980+0000] {logging_mixin.py:190} INFO - [2025-01-06T12:17:46.980+0000] {override.py:1911} INFO - Created Permission View: can delete on DAG Run:consume_1_or_2_with_dataset_expressions
[2025-01-06T12:17:46.985+0000] {logging_mixin.py:190} INFO - [2025-01-06T12:17:46.985+0000] {override.py:1911} INFO - Created Permission View: can edit on DAG:dataset_consumes_1_and_2
[2025-01-06T12:17:46.987+0000] {logging_mixin.py:190} INFO - [2025-01-06T12:17:46.987+0000] {override.py:1911} INFO - Created Permission View: can read on DAG:dataset_consumes_1_and_2
[2025-01-06T12:17:46.988+0000] {logging_mixin.py:190} INFO - [2025-01-06T12:17:46.988+0000] {override.py:1911} INFO - Created Permission View: can delete on DAG:dataset_consumes_1_and_2
[2025-01-06T12:17:46.990+0000] {logging_mixin.py:190} INFO - [2025-01-06T12:17:46.990+0000] {override.py:1911} INFO - Created Permission View: can read on DAG Run:dataset_consumes_1_and_2
[2025-01-06T12:17:46.992+0000] {logging_mixin.py:190} INFO - [2025-01-06T12:17:46.992+0000] {override.py:1911} INFO - Created Permission View: can create on DAG Run:dataset_consumes_1_and_2
[2025-01-06T12:17:46.994+0000] {logging_mixin.py:190} INFO - [2025-01-06T12:17:46.993+0000] {override.py:1911} INFO - Created Permission View: menu access on DAG Run:dataset_consumes_1_and_2
[2025-01-06T12:17:46.995+0000] {logging_mixin.py:190} INFO - [2025-01-06T12:17:46.995+0000] {override.py:1911} INFO - Created Permission View: can delete on DAG Run:dataset_consumes_1_and_2
[2025-01-06T12:17:46.998+0000] {logging_mixin.py:190} INFO - [2025-01-06T12:17:46.998+0000] {override.py:1911} INFO - Created Permission View: can edit on DAG:dataset_consumes_1
[2025-01-06T12:17:47.000+0000] {logging_mixin.py:190} INFO - [2025-01-06T12:17:47.000+0000] {override.py:1911} INFO - Created Permission View: can read on DAG:dataset_consumes_1
[2025-01-06T12:17:47.001+0000] {logging_mixin.py:190} INFO - [2025-01-06T12:17:47.001+0000] {override.py:1911} INFO - Created Permission View: can delete on DAG:dataset_consumes_1
[2025-01-06T12:17:47.002+0000] {logging_mixin.py:190} INFO - [2025-01-06T12:17:47.002+0000] {override.py:1911} INFO - Created Permission View: can read on DAG Run:dataset_consumes_1
[2025-01-06T12:17:47.004+0000] {logging_mixin.py:190} INFO - [2025-01-06T12:17:47.004+0000] {override.py:1911} INFO - Created Permission View: can create on DAG Run:dataset_consumes_1
[2025-01-06T12:17:47.005+0000] {logging_mixin.py:190} INFO - [2025-01-06T12:17:47.005+0000] {override.py:1911} INFO - Created Permission View: menu access on DAG Run:dataset_consumes_1
[2025-01-06T12:17:47.007+0000] {logging_mixin.py:190} INFO - [2025-01-06T12:17:47.007+0000] {override.py:1911} INFO - Created Permission View: can delete on DAG Run:dataset_consumes_1
[2025-01-06T12:17:47.010+0000] {logging_mixin.py:190} INFO - [2025-01-06T12:17:47.009+0000] {override.py:1911} INFO - Created Permission View: can edit on DAG:conditional_dataset_and_time_based_timetable
[2025-01-06T12:17:47.011+0000] {logging_mixin.py:190} INFO - [2025-01-06T12:17:47.011+0000] {override.py:1911} INFO - Created Permission View: can read on DAG:conditional_dataset_and_time_based_timetable
[2025-01-06T12:17:47.012+0000] {logging_mixin.py:190} INFO - [2025-01-06T12:17:47.012+0000] {override.py:1911} INFO - Created Permission View: can delete on DAG:conditional_dataset_and_time_based_timetable
[2025-01-06T12:17:47.014+0000] {logging_mixin.py:190} INFO - [2025-01-06T12:17:47.014+0000] {override.py:1911} INFO - Created Permission View: can read on DAG Run:conditional_dataset_and_time_based_timetable
[2025-01-06T12:17:47.015+0000] {logging_mixin.py:190} INFO - [2025-01-06T12:17:47.015+0000] {override.py:1911} INFO - Created Permission View: can create on DAG Run:conditional_dataset_and_time_based_timetable
[2025-01-06T12:17:47.016+0000] {logging_mixin.py:190} INFO - [2025-01-06T12:17:47.016+0000] {override.py:1911} INFO - Created Permission View: menu access on DAG Run:conditional_dataset_and_time_based_timetable
[2025-01-06T12:17:47.018+0000] {logging_mixin.py:190} INFO - [2025-01-06T12:17:47.018+0000] {override.py:1911} INFO - Created Permission View: can delete on DAG Run:conditional_dataset_and_time_based_timetable
[2025-01-06T12:17:47.018+0000] {logging_mixin.py:190} INFO - [2025-01-06T12:17:47.018+0000] {dag.py:3239} INFO - Sync 10 DAGs
[2025-01-06T12:17:47.022+0000] {logging_mixin.py:190} INFO - [2025-01-06T12:17:47.022+0000] {dag.py:3262} INFO - Creating ORM DAG for consume_1_and_2_with_dataset_expressions
[2025-01-06T12:17:47.023+0000] {logging_mixin.py:190} INFO - [2025-01-06T12:17:47.023+0000] {dag.py:3262} INFO - Creating ORM DAG for consume_1_or_both_2_and_3_with_dataset_expressions
[2025-01-06T12:17:47.023+0000] {logging_mixin.py:190} INFO - [2025-01-06T12:17:47.023+0000] {dag.py:3262} INFO - Creating ORM DAG for dataset_produces_1
[2025-01-06T12:17:47.023+0000] {logging_mixin.py:190} INFO - [2025-01-06T12:17:47.023+0000] {dag.py:3262} INFO - Creating ORM DAG for dataset_consumes_1_never_scheduled
[2025-01-06T12:17:47.024+0000] {logging_mixin.py:190} INFO - [2025-01-06T12:17:47.023+0000] {dag.py:3262} INFO - Creating ORM DAG for dataset_consumes_unknown_never_scheduled
[2025-01-06T12:17:47.024+0000] {logging_mixin.py:190} INFO - [2025-01-06T12:17:47.024+0000] {dag.py:3262} INFO - Creating ORM DAG for dataset_consumes_1_and_2
[2025-01-06T12:17:47.024+0000] {logging_mixin.py:190} INFO - [2025-01-06T12:17:47.024+0000] {dag.py:3262} INFO - Creating ORM DAG for conditional_dataset_and_time_based_timetable
[2025-01-06T12:17:47.024+0000] {logging_mixin.py:190} INFO - [2025-01-06T12:17:47.024+0000] {dag.py:3262} INFO - Creating ORM DAG for dataset_produces_2
[2025-01-06T12:17:47.024+0000] {logging_mixin.py:190} INFO - [2025-01-06T12:17:47.024+0000] {dag.py:3262} INFO - Creating ORM DAG for dataset_consumes_1
[2025-01-06T12:17:47.025+0000] {logging_mixin.py:190} INFO - [2025-01-06T12:17:47.025+0000] {dag.py:3262} INFO - Creating ORM DAG for consume_1_or_2_with_dataset_expressions
[2025-01-06T12:17:47.029+0000] {logging_mixin.py:190} INFO - [2025-01-06T12:17:47.028+0000] {dag.py:4180} INFO - Setting next_dagrun for conditional_dataset_and_time_based_timetable to 2025-01-01 01:00:00+00:00, run_after=2025-01-01 01:00:00+00:00
[2025-01-06T12:17:47.029+0000] {logging_mixin.py:190} INFO - [2025-01-06T12:17:47.029+0000] {dag.py:4180} INFO - Setting next_dagrun for consume_1_and_2_with_dataset_expressions to None, run_after=None
[2025-01-06T12:17:47.029+0000] {logging_mixin.py:190} INFO - [2025-01-06T12:17:47.029+0000] {dag.py:4180} INFO - Setting next_dagrun for consume_1_or_2_with_dataset_expressions to None, run_after=None
[2025-01-06T12:17:47.029+0000] {logging_mixin.py:190} INFO - [2025-01-06T12:17:47.029+0000] {dag.py:4180} INFO - Setting next_dagrun for consume_1_or_both_2_and_3_with_dataset_expressions to None, run_after=None
[2025-01-06T12:17:47.030+0000] {logging_mixin.py:190} INFO - [2025-01-06T12:17:47.029+0000] {dag.py:4180} INFO - Setting next_dagrun for dataset_consumes_1 to None, run_after=None
[2025-01-06T12:17:47.030+0000] {logging_mixin.py:190} INFO - [2025-01-06T12:17:47.030+0000] {dag.py:4180} INFO - Setting next_dagrun for dataset_consumes_1_and_2 to None, run_after=None
[2025-01-06T12:17:47.030+0000] {logging_mixin.py:190} INFO - [2025-01-06T12:17:47.030+0000] {dag.py:4180} INFO - Setting next_dagrun for dataset_consumes_1_never_scheduled to None, run_after=None
[2025-01-06T12:17:47.031+0000] {logging_mixin.py:190} INFO - [2025-01-06T12:17:47.031+0000] {dag.py:4180} INFO - Setting next_dagrun for dataset_consumes_unknown_never_scheduled to None, run_after=None
[2025-01-06T12:17:47.031+0000] {logging_mixin.py:190} INFO - [2025-01-06T12:17:47.031+0000] {dag.py:4180} INFO - Setting next_dagrun for dataset_produces_1 to 2025-01-05 00:00:00+00:00, run_after=2025-01-06 00:00:00+00:00
[2025-01-06T12:17:47.032+0000] {logging_mixin.py:190} INFO - [2025-01-06T12:17:47.032+0000] {dag.py:4180} INFO - Setting next_dagrun for dataset_produces_2 to None, run_after=None
[2025-01-06T12:17:47.046+0000] {processor.py:208} INFO - Processing /home/airflow/.local/lib/python3.12/site-packages/airflow/example_dags/example_datasets.py took 0.442 seconds
[2025-01-06T12:18:00.531+0000] {processor.py:186} INFO - Started process (PID=40) to work on /home/airflow/.local/lib/python3.12/site-packages/airflow/example_dags/example_datasets.py
[2025-01-06T12:18:00.532+0000] {processor.py:914} INFO - Processing file /home/airflow/.local/lib/python3.12/site-packages/airflow/example_dags/example_datasets.py for tasks to queue
[2025-01-06T12:18:00.533+0000] {logging_mixin.py:190} INFO - [2025-01-06T12:18:00.533+0000] {dagbag.py:588} INFO - Filling up the DagBag from /home/airflow/.local/lib/python3.12/site-packages/airflow/example_dags/example_datasets.py
[2025-01-06T12:18:00.764+0000] {processor.py:925} INFO - DAG(s) 'consume_1_or_2_with_dataset_expressions', 'consume_1_or_both_2_and_3_with_dataset_expressions', 'dataset_consumes_unknown_never_scheduled', 'dataset_consumes_1_never_scheduled', 'conditional_dataset_and_time_based_timetable', 'dataset_produces_1', 'dataset_produces_2', 'dataset_consumes_1_and_2', 'consume_1_and_2_with_dataset_expressions', 'dataset_consumes_1' retrieved from /home/airflow/.local/lib/python3.12/site-packages/airflow/example_dags/example_datasets.py
[2025-01-06T12:18:00.776+0000] {logging_mixin.py:190} INFO - [2025-01-06T12:18:00.776+0000] {dag.py:3239} INFO - Sync 10 DAGs
[2025-01-06T12:18:00.785+0000] {logging_mixin.py:190} INFO - [2025-01-06T12:18:00.785+0000] {dag.py:4180} INFO - Setting next_dagrun for conditional_dataset_and_time_based_timetable to 2025-01-01 01:00:00+00:00, run_after=2025-01-01 01:00:00+00:00
[2025-01-06T12:18:00.790+0000] {logging_mixin.py:190} INFO - [2025-01-06T12:18:00.790+0000] {dag.py:4180} INFO - Setting next_dagrun for consume_1_and_2_with_dataset_expressions to None, run_after=None
[2025-01-06T12:18:00.790+0000] {logging_mixin.py:190} INFO - [2025-01-06T12:18:00.790+0000] {dag.py:4180} INFO - Setting next_dagrun for consume_1_or_2_with_dataset_expressions to None, run_after=None
[2025-01-06T12:18:00.791+0000] {logging_mixin.py:190} INFO - [2025-01-06T12:18:00.791+0000] {dag.py:4180} INFO - Setting next_dagrun for consume_1_or_both_2_and_3_with_dataset_expressions to None, run_after=None
[2025-01-06T12:18:00.791+0000] {logging_mixin.py:190} INFO - [2025-01-06T12:18:00.791+0000] {dag.py:4180} INFO - Setting next_dagrun for dataset_consumes_1 to None, run_after=None
[2025-01-06T12:18:00.792+0000] {logging_mixin.py:190} INFO - [2025-01-06T12:18:00.792+0000] {dag.py:4180} INFO - Setting next_dagrun for dataset_consumes_1_and_2 to None, run_after=None
[2025-01-06T12:18:00.792+0000] {logging_mixin.py:190} INFO - [2025-01-06T12:18:00.792+0000] {dag.py:4180} INFO - Setting next_dagrun for dataset_consumes_1_never_scheduled to None, run_after=None
[2025-01-06T12:18:00.795+0000] {logging_mixin.py:190} INFO - [2025-01-06T12:18:00.795+0000] {dag.py:4180} INFO - Setting next_dagrun for dataset_consumes_unknown_never_scheduled to None, run_after=None
[2025-01-06T12:18:00.796+0000] {logging_mixin.py:190} INFO - [2025-01-06T12:18:00.796+0000] {dag.py:4180} INFO - Setting next_dagrun for dataset_produces_1 to 2025-01-05 00:00:00+00:00, run_after=2025-01-06 00:00:00+00:00
[2025-01-06T12:18:00.798+0000] {logging_mixin.py:190} INFO - [2025-01-06T12:18:00.798+0000] {dag.py:4180} INFO - Setting next_dagrun for dataset_produces_2 to None, run_after=None
[2025-01-06T12:18:00.819+0000] {processor.py:208} INFO - Processing /home/airflow/.local/lib/python3.12/site-packages/airflow/example_dags/example_datasets.py took 0.290 seconds
[2025-01-06T12:18:14.171+0000] {processor.py:186} INFO - Started process (PID=40) to work on /home/airflow/.local/lib/python3.12/site-packages/airflow/example_dags/example_datasets.py
[2025-01-06T12:18:14.171+0000] {processor.py:914} INFO - Processing file /home/airflow/.local/lib/python3.12/site-packages/airflow/example_dags/example_datasets.py for tasks to queue
[2025-01-06T12:18:14.172+0000] {logging_mixin.py:190} INFO - [2025-01-06T12:18:14.172+0000] {dagbag.py:588} INFO - Filling up the DagBag from /home/airflow/.local/lib/python3.12/site-packages/airflow/example_dags/example_datasets.py
[2025-01-06T12:18:14.399+0000] {processor.py:925} INFO - DAG(s) 'dataset_produces_1', 'dataset_consumes_unknown_never_scheduled', 'consume_1_or_2_with_dataset_expressions', 'consume_1_or_both_2_and_3_with_dataset_expressions', 'conditional_dataset_and_time_based_timetable', 'dataset_consumes_1_never_scheduled', 'dataset_consumes_1', 'consume_1_and_2_with_dataset_expressions', 'dataset_produces_2', 'dataset_consumes_1_and_2' retrieved from /home/airflow/.local/lib/python3.12/site-packages/airflow/example_dags/example_datasets.py
[2025-01-06T12:18:14.404+0000] {logging_mixin.py:190} INFO - [2025-01-06T12:18:14.404+0000] {dag.py:3239} INFO - Sync 10 DAGs
[2025-01-06T12:18:14.414+0000] {logging_mixin.py:190} INFO - [2025-01-06T12:18:14.414+0000] {dag.py:4180} INFO - Setting next_dagrun for conditional_dataset_and_time_based_timetable to 2025-01-01 01:00:00+00:00, run_after=2025-01-01 01:00:00+00:00
[2025-01-06T12:18:14.416+0000] {logging_mixin.py:190} INFO - [2025-01-06T12:18:14.416+0000] {dag.py:4180} INFO - Setting next_dagrun for consume_1_and_2_with_dataset_expressions to None, run_after=None
[2025-01-06T12:18:14.416+0000] {logging_mixin.py:190} INFO - [2025-01-06T12:18:14.416+0000] {dag.py:4180} INFO - Setting next_dagrun for consume_1_or_2_with_dataset_expressions to None, run_after=None
[2025-01-06T12:18:14.417+0000] {logging_mixin.py:190} INFO - [2025-01-06T12:18:14.417+0000] {dag.py:4180} INFO - Setting next_dagrun for consume_1_or_both_2_and_3_with_dataset_expressions to None, run_after=None
[2025-01-06T12:18:14.418+0000] {logging_mixin.py:190} INFO - [2025-01-06T12:18:14.418+0000] {dag.py:4180} INFO - Setting next_dagrun for dataset_consumes_1 to None, run_after=None
[2025-01-06T12:18:14.419+0000] {logging_mixin.py:190} INFO - [2025-01-06T12:18:14.419+0000] {dag.py:4180} INFO - Setting next_dagrun for dataset_consumes_1_and_2 to None, run_after=None
[2025-01-06T12:18:14.420+0000] {logging_mixin.py:190} INFO - [2025-01-06T12:18:14.420+0000] {dag.py:4180} INFO - Setting next_dagrun for dataset_consumes_1_never_scheduled to None, run_after=None
[2025-01-06T12:18:14.421+0000] {logging_mixin.py:190} INFO - [2025-01-06T12:18:14.421+0000] {dag.py:4180} INFO - Setting next_dagrun for dataset_consumes_unknown_never_scheduled to None, run_after=None
[2025-01-06T12:18:14.424+0000] {logging_mixin.py:190} INFO - [2025-01-06T12:18:14.424+0000] {dag.py:4180} INFO - Setting next_dagrun for dataset_produces_1 to 2025-01-05 00:00:00+00:00, run_after=2025-01-06 00:00:00+00:00
[2025-01-06T12:18:14.425+0000] {logging_mixin.py:190} INFO - [2025-01-06T12:18:14.425+0000] {dag.py:4180} INFO - Setting next_dagrun for dataset_produces_2 to None, run_after=None
[2025-01-06T12:18:14.436+0000] {processor.py:208} INFO - Processing /home/airflow/.local/lib/python3.12/site-packages/airflow/example_dags/example_datasets.py took 0.267 seconds
[2025-01-06T12:18:28.283+0000] {processor.py:186} INFO - Started process (PID=40) to work on /home/airflow/.local/lib/python3.12/site-packages/airflow/example_dags/example_datasets.py
[2025-01-06T12:18:28.284+0000] {processor.py:914} INFO - Processing file /home/airflow/.local/lib/python3.12/site-packages/airflow/example_dags/example_datasets.py for tasks to queue
[2025-01-06T12:18:28.285+0000] {logging_mixin.py:190} INFO - [2025-01-06T12:18:28.285+0000] {dagbag.py:588} INFO - Filling up the DagBag from /home/airflow/.local/lib/python3.12/site-packages/airflow/example_dags/example_datasets.py
[2025-01-06T12:18:28.549+0000] {processor.py:925} INFO - DAG(s) 'consume_1_and_2_with_dataset_expressions', 'conditional_dataset_and_time_based_timetable', 'consume_1_or_both_2_and_3_with_dataset_expressions', 'dataset_consumes_1', 'dataset_produces_1', 'consume_1_or_2_with_dataset_expressions', 'dataset_consumes_1_never_scheduled', 'dataset_produces_2', 'dataset_consumes_unknown_never_scheduled', 'dataset_consumes_1_and_2' retrieved from /home/airflow/.local/lib/python3.12/site-packages/airflow/example_dags/example_datasets.py
[2025-01-06T12:18:28.566+0000] {logging_mixin.py:190} INFO - [2025-01-06T12:18:28.566+0000] {dag.py:3239} INFO - Sync 10 DAGs
[2025-01-06T12:18:28.575+0000] {logging_mixin.py:190} INFO - [2025-01-06T12:18:28.575+0000] {dag.py:4180} INFO - Setting next_dagrun for conditional_dataset_and_time_based_timetable to 2025-01-01 01:00:00+00:00, run_after=2025-01-01 01:00:00+00:00
[2025-01-06T12:18:28.576+0000] {logging_mixin.py:190} INFO - [2025-01-06T12:18:28.576+0000] {dag.py:4180} INFO - Setting next_dagrun for consume_1_and_2_with_dataset_expressions to None, run_after=None
[2025-01-06T12:18:28.577+0000] {logging_mixin.py:190} INFO - [2025-01-06T12:18:28.577+0000] {dag.py:4180} INFO - Setting next_dagrun for consume_1_or_2_with_dataset_expressions to None, run_after=None
[2025-01-06T12:18:28.577+0000] {logging_mixin.py:190} INFO - [2025-01-06T12:18:28.577+0000] {dag.py:4180} INFO - Setting next_dagrun for consume_1_or_both_2_and_3_with_dataset_expressions to None, run_after=None
[2025-01-06T12:18:28.578+0000] {logging_mixin.py:190} INFO - [2025-01-06T12:18:28.578+0000] {dag.py:4180} INFO - Setting next_dagrun for dataset_consumes_1 to None, run_after=None
[2025-01-06T12:18:28.578+0000] {logging_mixin.py:190} INFO - [2025-01-06T12:18:28.578+0000] {dag.py:4180} INFO - Setting next_dagrun for dataset_consumes_1_and_2 to None, run_after=None
[2025-01-06T12:18:28.579+0000] {logging_mixin.py:190} INFO - [2025-01-06T12:18:28.579+0000] {dag.py:4180} INFO - Setting next_dagrun for dataset_consumes_1_never_scheduled to None, run_after=None
[2025-01-06T12:18:28.579+0000] {logging_mixin.py:190} INFO - [2025-01-06T12:18:28.579+0000] {dag.py:4180} INFO - Setting next_dagrun for dataset_consumes_unknown_never_scheduled to None, run_after=None
[2025-01-06T12:18:28.580+0000] {logging_mixin.py:190} INFO - [2025-01-06T12:18:28.580+0000] {dag.py:4180} INFO - Setting next_dagrun for dataset_produces_1 to 2025-01-05 00:00:00+00:00, run_after=2025-01-06 00:00:00+00:00
[2025-01-06T12:18:28.580+0000] {logging_mixin.py:190} INFO - [2025-01-06T12:18:28.580+0000] {dag.py:4180} INFO - Setting next_dagrun for dataset_produces_2 to None, run_after=None
[2025-01-06T12:18:28.593+0000] {processor.py:208} INFO - Processing /home/airflow/.local/lib/python3.12/site-packages/airflow/example_dags/example_datasets.py took 0.312 seconds
[2025-01-06T12:18:39.181+0000] {processor.py:186} INFO - Started process (PID=40) to work on /home/airflow/.local/lib/python3.12/site-packages/airflow/example_dags/example_datasets.py
[2025-01-06T12:18:39.181+0000] {processor.py:914} INFO - Processing file /home/airflow/.local/lib/python3.12/site-packages/airflow/example_dags/example_datasets.py for tasks to queue
[2025-01-06T12:18:39.183+0000] {logging_mixin.py:190} INFO - [2025-01-06T12:18:39.182+0000] {dagbag.py:588} INFO - Filling up the DagBag from /home/airflow/.local/lib/python3.12/site-packages/airflow/example_dags/example_datasets.py
[2025-01-06T12:18:39.427+0000] {processor.py:925} INFO - DAG(s) 'dataset_consumes_unknown_never_scheduled', 'consume_1_or_2_with_dataset_expressions', 'consume_1_and_2_with_dataset_expressions', 'dataset_consumes_1_never_scheduled', 'consume_1_or_both_2_and_3_with_dataset_expressions', 'dataset_consumes_1_and_2', 'conditional_dataset_and_time_based_timetable', 'dataset_produces_1', 'dataset_produces_2', 'dataset_consumes_1' retrieved from /home/airflow/.local/lib/python3.12/site-packages/airflow/example_dags/example_datasets.py
[2025-01-06T12:18:39.443+0000] {logging_mixin.py:190} INFO - [2025-01-06T12:18:39.443+0000] {dag.py:3239} INFO - Sync 10 DAGs
[2025-01-06T12:18:39.455+0000] {logging_mixin.py:190} INFO - [2025-01-06T12:18:39.455+0000] {dag.py:4180} INFO - Setting next_dagrun for conditional_dataset_and_time_based_timetable to 2025-01-01 01:00:00+00:00, run_after=2025-01-01 01:00:00+00:00
[2025-01-06T12:18:39.459+0000] {logging_mixin.py:190} INFO - [2025-01-06T12:18:39.459+0000] {dag.py:4180} INFO - Setting next_dagrun for consume_1_and_2_with_dataset_expressions to None, run_after=None
[2025-01-06T12:18:39.459+0000] {logging_mixin.py:190} INFO - [2025-01-06T12:18:39.459+0000] {dag.py:4180} INFO - Setting next_dagrun for consume_1_or_2_with_dataset_expressions to None, run_after=None
[2025-01-06T12:18:39.460+0000] {logging_mixin.py:190} INFO - [2025-01-06T12:18:39.460+0000] {dag.py:4180} INFO - Setting next_dagrun for consume_1_or_both_2_and_3_with_dataset_expressions to None, run_after=None
[2025-01-06T12:18:39.461+0000] {logging_mixin.py:190} INFO - [2025-01-06T12:18:39.461+0000] {dag.py:4180} INFO - Setting next_dagrun for dataset_consumes_1 to None, run_after=None
[2025-01-06T12:18:39.462+0000] {logging_mixin.py:190} INFO - [2025-01-06T12:18:39.462+0000] {dag.py:4180} INFO - Setting next_dagrun for dataset_consumes_1_and_2 to None, run_after=None
[2025-01-06T12:18:39.463+0000] {logging_mixin.py:190} INFO - [2025-01-06T12:18:39.463+0000] {dag.py:4180} INFO - Setting next_dagrun for dataset_consumes_1_never_scheduled to None, run_after=None
[2025-01-06T12:18:39.464+0000] {logging_mixin.py:190} INFO - [2025-01-06T12:18:39.464+0000] {dag.py:4180} INFO - Setting next_dagrun for dataset_consumes_unknown_never_scheduled to None, run_after=None
[2025-01-06T12:18:39.465+0000] {logging_mixin.py:190} INFO - [2025-01-06T12:18:39.465+0000] {dag.py:4180} INFO - Setting next_dagrun for dataset_produces_1 to 2025-01-05 00:00:00+00:00, run_after=2025-01-06 00:00:00+00:00
[2025-01-06T12:18:39.467+0000] {logging_mixin.py:190} INFO - [2025-01-06T12:18:39.467+0000] {dag.py:4180} INFO - Setting next_dagrun for dataset_produces_2 to None, run_after=None
[2025-01-06T12:18:39.479+0000] {processor.py:208} INFO - Processing /home/airflow/.local/lib/python3.12/site-packages/airflow/example_dags/example_datasets.py took 0.301 seconds
[2025-01-06T12:19:05.297+0000] {processor.py:186} INFO - Started process (PID=40) to work on /home/airflow/.local/lib/python3.12/site-packages/airflow/example_dags/example_datasets.py
[2025-01-06T12:19:05.297+0000] {processor.py:914} INFO - Processing file /home/airflow/.local/lib/python3.12/site-packages/airflow/example_dags/example_datasets.py for tasks to queue
[2025-01-06T12:19:05.298+0000] {logging_mixin.py:190} INFO - [2025-01-06T12:19:05.298+0000] {dagbag.py:588} INFO - Filling up the DagBag from /home/airflow/.local/lib/python3.12/site-packages/airflow/example_dags/example_datasets.py
[2025-01-06T12:19:05.556+0000] {processor.py:925} INFO - DAG(s) 'dataset_produces_2', 'consume_1_and_2_with_dataset_expressions', 'dataset_consumes_1', 'conditional_dataset_and_time_based_timetable', 'dataset_consumes_1_and_2', 'dataset_produces_1', 'dataset_consumes_1_never_scheduled', 'consume_1_or_2_with_dataset_expressions', 'dataset_consumes_unknown_never_scheduled', 'consume_1_or_both_2_and_3_with_dataset_expressions' retrieved from /home/airflow/.local/lib/python3.12/site-packages/airflow/example_dags/example_datasets.py
[2025-01-06T12:19:05.574+0000] {logging_mixin.py:190} INFO - [2025-01-06T12:19:05.574+0000] {dag.py:3239} INFO - Sync 10 DAGs
[2025-01-06T12:19:05.583+0000] {logging_mixin.py:190} INFO - [2025-01-06T12:19:05.583+0000] {dag.py:4180} INFO - Setting next_dagrun for conditional_dataset_and_time_based_timetable to 2025-01-01 01:00:00+00:00, run_after=2025-01-01 01:00:00+00:00
[2025-01-06T12:19:05.585+0000] {logging_mixin.py:190} INFO - [2025-01-06T12:19:05.585+0000] {dag.py:4180} INFO - Setting next_dagrun for consume_1_and_2_with_dataset_expressions to None, run_after=None
[2025-01-06T12:19:05.585+0000] {logging_mixin.py:190} INFO - [2025-01-06T12:19:05.585+0000] {dag.py:4180} INFO - Setting next_dagrun for consume_1_or_2_with_dataset_expressions to None, run_after=None
[2025-01-06T12:19:05.586+0000] {logging_mixin.py:190} INFO - [2025-01-06T12:19:05.586+0000] {dag.py:4180} INFO - Setting next_dagrun for consume_1_or_both_2_and_3_with_dataset_expressions to None, run_after=None
[2025-01-06T12:19:05.586+0000] {logging_mixin.py:190} INFO - [2025-01-06T12:19:05.586+0000] {dag.py:4180} INFO - Setting next_dagrun for dataset_consumes_1 to None, run_after=None
[2025-01-06T12:19:05.587+0000] {logging_mixin.py:190} INFO - [2025-01-06T12:19:05.587+0000] {dag.py:4180} INFO - Setting next_dagrun for dataset_consumes_1_and_2 to None, run_after=None
[2025-01-06T12:19:05.587+0000] {logging_mixin.py:190} INFO - [2025-01-06T12:19:05.587+0000] {dag.py:4180} INFO - Setting next_dagrun for dataset_consumes_1_never_scheduled to None, run_after=None
[2025-01-06T12:19:05.588+0000] {logging_mixin.py:190} INFO - [2025-01-06T12:19:05.588+0000] {dag.py:4180} INFO - Setting next_dagrun for dataset_consumes_unknown_never_scheduled to None, run_after=None
[2025-01-06T12:19:05.589+0000] {logging_mixin.py:190} INFO - [2025-01-06T12:19:05.588+0000] {dag.py:4180} INFO - Setting next_dagrun for dataset_produces_1 to 2025-01-05 00:00:00+00:00, run_after=2025-01-06 00:00:00+00:00
[2025-01-06T12:19:05.589+0000] {logging_mixin.py:190} INFO - [2025-01-06T12:19:05.589+0000] {dag.py:4180} INFO - Setting next_dagrun for dataset_produces_2 to None, run_after=None
[2025-01-06T12:19:05.602+0000] {processor.py:208} INFO - Processing /home/airflow/.local/lib/python3.12/site-packages/airflow/example_dags/example_datasets.py took 0.309 seconds
[2025-01-06T12:19:18.241+0000] {processor.py:186} INFO - Started process (PID=40) to work on /home/airflow/.local/lib/python3.12/site-packages/airflow/example_dags/example_datasets.py
[2025-01-06T12:19:18.243+0000] {processor.py:914} INFO - Processing file /home/airflow/.local/lib/python3.12/site-packages/airflow/example_dags/example_datasets.py for tasks to queue
[2025-01-06T12:19:18.244+0000] {logging_mixin.py:190} INFO - [2025-01-06T12:19:18.244+0000] {dagbag.py:588} INFO - Filling up the DagBag from /home/airflow/.local/lib/python3.12/site-packages/airflow/example_dags/example_datasets.py
[2025-01-06T12:19:18.490+0000] {processor.py:925} INFO - DAG(s) 'consume_1_or_both_2_and_3_with_dataset_expressions', 'conditional_dataset_and_time_based_timetable', 'consume_1_or_2_with_dataset_expressions', 'dataset_consumes_unknown_never_scheduled', 'dataset_consumes_1_never_scheduled', 'dataset_consumes_1', 'dataset_produces_1', 'dataset_produces_2', 'consume_1_and_2_with_dataset_expressions', 'dataset_consumes_1_and_2' retrieved from /home/airflow/.local/lib/python3.12/site-packages/airflow/example_dags/example_datasets.py
[2025-01-06T12:19:18.507+0000] {logging_mixin.py:190} INFO - [2025-01-06T12:19:18.506+0000] {dag.py:3239} INFO - Sync 10 DAGs
[2025-01-06T12:19:18.516+0000] {logging_mixin.py:190} INFO - [2025-01-06T12:19:18.516+0000] {dag.py:4180} INFO - Setting next_dagrun for conditional_dataset_and_time_based_timetable to 2025-01-01 01:00:00+00:00, run_after=2025-01-01 01:00:00+00:00
[2025-01-06T12:19:18.518+0000] {logging_mixin.py:190} INFO - [2025-01-06T12:19:18.517+0000] {dag.py:4180} INFO - Setting next_dagrun for consume_1_and_2_with_dataset_expressions to None, run_after=None
[2025-01-06T12:19:18.518+0000] {logging_mixin.py:190} INFO - [2025-01-06T12:19:18.518+0000] {dag.py:4180} INFO - Setting next_dagrun for consume_1_or_2_with_dataset_expressions to None, run_after=None
[2025-01-06T12:19:18.519+0000] {logging_mixin.py:190} INFO - [2025-01-06T12:19:18.519+0000] {dag.py:4180} INFO - Setting next_dagrun for consume_1_or_both_2_and_3_with_dataset_expressions to None, run_after=None
[2025-01-06T12:19:18.521+0000] {logging_mixin.py:190} INFO - [2025-01-06T12:19:18.521+0000] {dag.py:4180} INFO - Setting next_dagrun for dataset_consumes_1 to None, run_after=None
[2025-01-06T12:19:18.522+0000] {logging_mixin.py:190} INFO - [2025-01-06T12:19:18.521+0000] {dag.py:4180} INFO - Setting next_dagrun for dataset_consumes_1_and_2 to None, run_after=None
[2025-01-06T12:19:18.522+0000] {logging_mixin.py:190} INFO - [2025-01-06T12:19:18.522+0000] {dag.py:4180} INFO - Setting next_dagrun for dataset_consumes_1_never_scheduled to None, run_after=None
[2025-01-06T12:19:18.523+0000] {logging_mixin.py:190} INFO - [2025-01-06T12:19:18.523+0000] {dag.py:4180} INFO - Setting next_dagrun for dataset_consumes_unknown_never_scheduled to None, run_after=None
[2025-01-06T12:19:18.527+0000] {logging_mixin.py:190} INFO - [2025-01-06T12:19:18.526+0000] {dag.py:4180} INFO - Setting next_dagrun for dataset_produces_1 to 2025-01-05 00:00:00+00:00, run_after=2025-01-06 00:00:00+00:00
[2025-01-06T12:19:18.527+0000] {logging_mixin.py:190} INFO - [2025-01-06T12:19:18.527+0000] {dag.py:4180} INFO - Setting next_dagrun for dataset_produces_2 to None, run_after=None
[2025-01-06T12:19:18.542+0000] {processor.py:208} INFO - Processing /home/airflow/.local/lib/python3.12/site-packages/airflow/example_dags/example_datasets.py took 0.304 seconds
[2025-01-06T12:33:11.274+0000] {processor.py:186} INFO - Started process (PID=42) to work on /home/airflow/.local/lib/python3.12/site-packages/airflow/example_dags/example_datasets.py
[2025-01-06T12:33:11.275+0000] {processor.py:914} INFO - Processing file /home/airflow/.local/lib/python3.12/site-packages/airflow/example_dags/example_datasets.py for tasks to queue
[2025-01-06T12:33:11.276+0000] {logging_mixin.py:190} INFO - [2025-01-06T12:33:11.276+0000] {dagbag.py:588} INFO - Filling up the DagBag from /home/airflow/.local/lib/python3.12/site-packages/airflow/example_dags/example_datasets.py
[2025-01-06T12:33:11.515+0000] {processor.py:925} INFO - DAG(s) 'dataset_consumes_1', 'consume_1_or_both_2_and_3_with_dataset_expressions', 'consume_1_and_2_with_dataset_expressions', 'dataset_consumes_1_and_2', 'consume_1_or_2_with_dataset_expressions', 'dataset_produces_1', 'dataset_produces_2', 'conditional_dataset_and_time_based_timetable', 'dataset_consumes_1_never_scheduled', 'dataset_consumes_unknown_never_scheduled' retrieved from /home/airflow/.local/lib/python3.12/site-packages/airflow/example_dags/example_datasets.py
[2025-01-06T12:33:11.553+0000] {logging_mixin.py:190} INFO - [2025-01-06T12:33:11.552+0000] {override.py:1911} INFO - Created Permission View: can delete on DAG:dataset_consumes_1
[2025-01-06T12:33:11.557+0000] {logging_mixin.py:190} INFO - [2025-01-06T12:33:11.557+0000] {override.py:1911} INFO - Created Permission View: can read on DAG:dataset_consumes_1
[2025-01-06T12:33:11.559+0000] {logging_mixin.py:190} INFO - [2025-01-06T12:33:11.559+0000] {override.py:1911} INFO - Created Permission View: can edit on DAG:dataset_consumes_1
[2025-01-06T12:33:11.562+0000] {logging_mixin.py:190} INFO - [2025-01-06T12:33:11.562+0000] {override.py:1911} INFO - Created Permission View: menu access on DAG Run:dataset_consumes_1
[2025-01-06T12:33:11.564+0000] {logging_mixin.py:190} INFO - [2025-01-06T12:33:11.564+0000] {override.py:1911} INFO - Created Permission View: can delete on DAG Run:dataset_consumes_1
[2025-01-06T12:33:11.566+0000] {logging_mixin.py:190} INFO - [2025-01-06T12:33:11.566+0000] {override.py:1911} INFO - Created Permission View: can read on DAG Run:dataset_consumes_1
[2025-01-06T12:33:11.568+0000] {logging_mixin.py:190} INFO - [2025-01-06T12:33:11.568+0000] {override.py:1911} INFO - Created Permission View: can create on DAG Run:dataset_consumes_1
[2025-01-06T12:33:11.572+0000] {logging_mixin.py:190} INFO - [2025-01-06T12:33:11.571+0000] {override.py:1911} INFO - Created Permission View: can delete on DAG:consume_1_or_both_2_and_3_with_dataset_expressions
[2025-01-06T12:33:11.573+0000] {logging_mixin.py:190} INFO - [2025-01-06T12:33:11.573+0000] {override.py:1911} INFO - Created Permission View: can read on DAG:consume_1_or_both_2_and_3_with_dataset_expressions
[2025-01-06T12:33:11.575+0000] {logging_mixin.py:190} INFO - [2025-01-06T12:33:11.575+0000] {override.py:1911} INFO - Created Permission View: can edit on DAG:consume_1_or_both_2_and_3_with_dataset_expressions
[2025-01-06T12:33:11.577+0000] {logging_mixin.py:190} INFO - [2025-01-06T12:33:11.577+0000] {override.py:1911} INFO - Created Permission View: menu access on DAG Run:consume_1_or_both_2_and_3_with_dataset_expressions
[2025-01-06T12:33:11.578+0000] {logging_mixin.py:190} INFO - [2025-01-06T12:33:11.578+0000] {override.py:1911} INFO - Created Permission View: can delete on DAG Run:consume_1_or_both_2_and_3_with_dataset_expressions
[2025-01-06T12:33:11.580+0000] {logging_mixin.py:190} INFO - [2025-01-06T12:33:11.580+0000] {override.py:1911} INFO - Created Permission View: can read on DAG Run:consume_1_or_both_2_and_3_with_dataset_expressions
[2025-01-06T12:33:11.582+0000] {logging_mixin.py:190} INFO - [2025-01-06T12:33:11.582+0000] {override.py:1911} INFO - Created Permission View: can create on DAG Run:consume_1_or_both_2_and_3_with_dataset_expressions
[2025-01-06T12:33:11.585+0000] {logging_mixin.py:190} INFO - [2025-01-06T12:33:11.585+0000] {override.py:1911} INFO - Created Permission View: can delete on DAG:consume_1_and_2_with_dataset_expressions
[2025-01-06T12:33:11.587+0000] {logging_mixin.py:190} INFO - [2025-01-06T12:33:11.587+0000] {override.py:1911} INFO - Created Permission View: can read on DAG:consume_1_and_2_with_dataset_expressions
[2025-01-06T12:33:11.588+0000] {logging_mixin.py:190} INFO - [2025-01-06T12:33:11.588+0000] {override.py:1911} INFO - Created Permission View: can edit on DAG:consume_1_and_2_with_dataset_expressions
[2025-01-06T12:33:11.590+0000] {logging_mixin.py:190} INFO - [2025-01-06T12:33:11.590+0000] {override.py:1911} INFO - Created Permission View: menu access on DAG Run:consume_1_and_2_with_dataset_expressions
[2025-01-06T12:33:11.592+0000] {logging_mixin.py:190} INFO - [2025-01-06T12:33:11.592+0000] {override.py:1911} INFO - Created Permission View: can delete on DAG Run:consume_1_and_2_with_dataset_expressions
[2025-01-06T12:33:11.593+0000] {logging_mixin.py:190} INFO - [2025-01-06T12:33:11.593+0000] {override.py:1911} INFO - Created Permission View: can read on DAG Run:consume_1_and_2_with_dataset_expressions
[2025-01-06T12:33:11.595+0000] {logging_mixin.py:190} INFO - [2025-01-06T12:33:11.595+0000] {override.py:1911} INFO - Created Permission View: can create on DAG Run:consume_1_and_2_with_dataset_expressions
[2025-01-06T12:33:11.598+0000] {logging_mixin.py:190} INFO - [2025-01-06T12:33:11.598+0000] {override.py:1911} INFO - Created Permission View: can delete on DAG:dataset_consumes_1_and_2
[2025-01-06T12:33:11.600+0000] {logging_mixin.py:190} INFO - [2025-01-06T12:33:11.600+0000] {override.py:1911} INFO - Created Permission View: can read on DAG:dataset_consumes_1_and_2
[2025-01-06T12:33:11.602+0000] {logging_mixin.py:190} INFO - [2025-01-06T12:33:11.602+0000] {override.py:1911} INFO - Created Permission View: can edit on DAG:dataset_consumes_1_and_2
[2025-01-06T12:33:11.603+0000] {logging_mixin.py:190} INFO - [2025-01-06T12:33:11.603+0000] {override.py:1911} INFO - Created Permission View: menu access on DAG Run:dataset_consumes_1_and_2
[2025-01-06T12:33:11.605+0000] {logging_mixin.py:190} INFO - [2025-01-06T12:33:11.605+0000] {override.py:1911} INFO - Created Permission View: can delete on DAG Run:dataset_consumes_1_and_2
[2025-01-06T12:33:11.607+0000] {logging_mixin.py:190} INFO - [2025-01-06T12:33:11.606+0000] {override.py:1911} INFO - Created Permission View: can read on DAG Run:dataset_consumes_1_and_2
[2025-01-06T12:33:11.608+0000] {logging_mixin.py:190} INFO - [2025-01-06T12:33:11.608+0000] {override.py:1911} INFO - Created Permission View: can create on DAG Run:dataset_consumes_1_and_2
[2025-01-06T12:33:11.612+0000] {logging_mixin.py:190} INFO - [2025-01-06T12:33:11.611+0000] {override.py:1911} INFO - Created Permission View: can delete on DAG:consume_1_or_2_with_dataset_expressions
[2025-01-06T12:33:11.613+0000] {logging_mixin.py:190} INFO - [2025-01-06T12:33:11.613+0000] {override.py:1911} INFO - Created Permission View: can read on DAG:consume_1_or_2_with_dataset_expressions
[2025-01-06T12:33:11.615+0000] {logging_mixin.py:190} INFO - [2025-01-06T12:33:11.615+0000] {override.py:1911} INFO - Created Permission View: can edit on DAG:consume_1_or_2_with_dataset_expressions
[2025-01-06T12:33:11.617+0000] {logging_mixin.py:190} INFO - [2025-01-06T12:33:11.617+0000] {override.py:1911} INFO - Created Permission View: menu access on DAG Run:consume_1_or_2_with_dataset_expressions
[2025-01-06T12:33:11.619+0000] {logging_mixin.py:190} INFO - [2025-01-06T12:33:11.618+0000] {override.py:1911} INFO - Created Permission View: can delete on DAG Run:consume_1_or_2_with_dataset_expressions
[2025-01-06T12:33:11.620+0000] {logging_mixin.py:190} INFO - [2025-01-06T12:33:11.620+0000] {override.py:1911} INFO - Created Permission View: can read on DAG Run:consume_1_or_2_with_dataset_expressions
[2025-01-06T12:33:11.622+0000] {logging_mixin.py:190} INFO - [2025-01-06T12:33:11.622+0000] {override.py:1911} INFO - Created Permission View: can create on DAG Run:consume_1_or_2_with_dataset_expressions
[2025-01-06T12:33:11.626+0000] {logging_mixin.py:190} INFO - [2025-01-06T12:33:11.626+0000] {override.py:1911} INFO - Created Permission View: can delete on DAG:dataset_produces_1
[2025-01-06T12:33:11.628+0000] {logging_mixin.py:190} INFO - [2025-01-06T12:33:11.627+0000] {override.py:1911} INFO - Created Permission View: can read on DAG:dataset_produces_1
[2025-01-06T12:33:11.629+0000] {logging_mixin.py:190} INFO - [2025-01-06T12:33:11.629+0000] {override.py:1911} INFO - Created Permission View: can edit on DAG:dataset_produces_1
[2025-01-06T12:33:11.631+0000] {logging_mixin.py:190} INFO - [2025-01-06T12:33:11.631+0000] {override.py:1911} INFO - Created Permission View: menu access on DAG Run:dataset_produces_1
[2025-01-06T12:33:11.633+0000] {logging_mixin.py:190} INFO - [2025-01-06T12:33:11.633+0000] {override.py:1911} INFO - Created Permission View: can delete on DAG Run:dataset_produces_1
[2025-01-06T12:33:11.634+0000] {logging_mixin.py:190} INFO - [2025-01-06T12:33:11.634+0000] {override.py:1911} INFO - Created Permission View: can read on DAG Run:dataset_produces_1
[2025-01-06T12:33:11.636+0000] {logging_mixin.py:190} INFO - [2025-01-06T12:33:11.636+0000] {override.py:1911} INFO - Created Permission View: can create on DAG Run:dataset_produces_1
[2025-01-06T12:33:11.641+0000] {logging_mixin.py:190} INFO - [2025-01-06T12:33:11.641+0000] {override.py:1911} INFO - Created Permission View: can delete on DAG:dataset_produces_2
[2025-01-06T12:33:11.644+0000] {logging_mixin.py:190} INFO - [2025-01-06T12:33:11.644+0000] {override.py:1911} INFO - Created Permission View: can read on DAG:dataset_produces_2
[2025-01-06T12:33:11.646+0000] {logging_mixin.py:190} INFO - [2025-01-06T12:33:11.646+0000] {override.py:1911} INFO - Created Permission View: can edit on DAG:dataset_produces_2
[2025-01-06T12:33:11.648+0000] {logging_mixin.py:190} INFO - [2025-01-06T12:33:11.648+0000] {override.py:1911} INFO - Created Permission View: menu access on DAG Run:dataset_produces_2
[2025-01-06T12:33:11.650+0000] {logging_mixin.py:190} INFO - [2025-01-06T12:33:11.650+0000] {override.py:1911} INFO - Created Permission View: can delete on DAG Run:dataset_produces_2
[2025-01-06T12:33:11.652+0000] {logging_mixin.py:190} INFO - [2025-01-06T12:33:11.652+0000] {override.py:1911} INFO - Created Permission View: can read on DAG Run:dataset_produces_2
[2025-01-06T12:33:11.654+0000] {logging_mixin.py:190} INFO - [2025-01-06T12:33:11.654+0000] {override.py:1911} INFO - Created Permission View: can create on DAG Run:dataset_produces_2
[2025-01-06T12:33:11.661+0000] {logging_mixin.py:190} INFO - [2025-01-06T12:33:11.661+0000] {override.py:1911} INFO - Created Permission View: can delete on DAG:conditional_dataset_and_time_based_timetable
[2025-01-06T12:33:11.663+0000] {logging_mixin.py:190} INFO - [2025-01-06T12:33:11.663+0000] {override.py:1911} INFO - Created Permission View: can read on DAG:conditional_dataset_and_time_based_timetable
[2025-01-06T12:33:11.667+0000] {logging_mixin.py:190} INFO - [2025-01-06T12:33:11.667+0000] {override.py:1911} INFO - Created Permission View: can edit on DAG:conditional_dataset_and_time_based_timetable
[2025-01-06T12:33:11.669+0000] {logging_mixin.py:190} INFO - [2025-01-06T12:33:11.668+0000] {override.py:1911} INFO - Created Permission View: menu access on DAG Run:conditional_dataset_and_time_based_timetable
[2025-01-06T12:33:11.675+0000] {logging_mixin.py:190} INFO - [2025-01-06T12:33:11.675+0000] {override.py:1911} INFO - Created Permission View: can delete on DAG Run:conditional_dataset_and_time_based_timetable
[2025-01-06T12:33:11.677+0000] {logging_mixin.py:190} INFO - [2025-01-06T12:33:11.677+0000] {override.py:1911} INFO - Created Permission View: can read on DAG Run:conditional_dataset_and_time_based_timetable
[2025-01-06T12:33:11.678+0000] {logging_mixin.py:190} INFO - [2025-01-06T12:33:11.678+0000] {override.py:1911} INFO - Created Permission View: can create on DAG Run:conditional_dataset_and_time_based_timetable
[2025-01-06T12:33:11.682+0000] {logging_mixin.py:190} INFO - [2025-01-06T12:33:11.682+0000] {override.py:1911} INFO - Created Permission View: can delete on DAG:dataset_consumes_1_never_scheduled
[2025-01-06T12:33:11.683+0000] {logging_mixin.py:190} INFO - [2025-01-06T12:33:11.683+0000] {override.py:1911} INFO - Created Permission View: can read on DAG:dataset_consumes_1_never_scheduled
[2025-01-06T12:33:11.685+0000] {logging_mixin.py:190} INFO - [2025-01-06T12:33:11.685+0000] {override.py:1911} INFO - Created Permission View: can edit on DAG:dataset_consumes_1_never_scheduled
[2025-01-06T12:33:11.686+0000] {logging_mixin.py:190} INFO - [2025-01-06T12:33:11.686+0000] {override.py:1911} INFO - Created Permission View: menu access on DAG Run:dataset_consumes_1_never_scheduled
[2025-01-06T12:33:11.688+0000] {logging_mixin.py:190} INFO - [2025-01-06T12:33:11.688+0000] {override.py:1911} INFO - Created Permission View: can delete on DAG Run:dataset_consumes_1_never_scheduled
[2025-01-06T12:33:11.689+0000] {logging_mixin.py:190} INFO - [2025-01-06T12:33:11.689+0000] {override.py:1911} INFO - Created Permission View: can read on DAG Run:dataset_consumes_1_never_scheduled
[2025-01-06T12:33:11.692+0000] {logging_mixin.py:190} INFO - [2025-01-06T12:33:11.692+0000] {override.py:1911} INFO - Created Permission View: can create on DAG Run:dataset_consumes_1_never_scheduled
[2025-01-06T12:33:11.695+0000] {logging_mixin.py:190} INFO - [2025-01-06T12:33:11.695+0000] {override.py:1911} INFO - Created Permission View: can delete on DAG:dataset_consumes_unknown_never_scheduled
[2025-01-06T12:33:11.697+0000] {logging_mixin.py:190} INFO - [2025-01-06T12:33:11.697+0000] {override.py:1911} INFO - Created Permission View: can read on DAG:dataset_consumes_unknown_never_scheduled
[2025-01-06T12:33:11.698+0000] {logging_mixin.py:190} INFO - [2025-01-06T12:33:11.698+0000] {override.py:1911} INFO - Created Permission View: can edit on DAG:dataset_consumes_unknown_never_scheduled
[2025-01-06T12:33:11.700+0000] {logging_mixin.py:190} INFO - [2025-01-06T12:33:11.700+0000] {override.py:1911} INFO - Created Permission View: menu access on DAG Run:dataset_consumes_unknown_never_scheduled
[2025-01-06T12:33:11.702+0000] {logging_mixin.py:190} INFO - [2025-01-06T12:33:11.702+0000] {override.py:1911} INFO - Created Permission View: can delete on DAG Run:dataset_consumes_unknown_never_scheduled
[2025-01-06T12:33:11.703+0000] {logging_mixin.py:190} INFO - [2025-01-06T12:33:11.703+0000] {override.py:1911} INFO - Created Permission View: can read on DAG Run:dataset_consumes_unknown_never_scheduled
[2025-01-06T12:33:11.705+0000] {logging_mixin.py:190} INFO - [2025-01-06T12:33:11.705+0000] {override.py:1911} INFO - Created Permission View: can create on DAG Run:dataset_consumes_unknown_never_scheduled
[2025-01-06T12:33:11.705+0000] {logging_mixin.py:190} INFO - [2025-01-06T12:33:11.705+0000] {dag.py:3239} INFO - Sync 10 DAGs
[2025-01-06T12:33:11.710+0000] {logging_mixin.py:190} INFO - [2025-01-06T12:33:11.709+0000] {dag.py:3262} INFO - Creating ORM DAG for dataset_consumes_1_never_scheduled
[2025-01-06T12:33:11.710+0000] {logging_mixin.py:190} INFO - [2025-01-06T12:33:11.710+0000] {dag.py:3262} INFO - Creating ORM DAG for dataset_consumes_unknown_never_scheduled
[2025-01-06T12:33:11.710+0000] {logging_mixin.py:190} INFO - [2025-01-06T12:33:11.710+0000] {dag.py:3262} INFO - Creating ORM DAG for consume_1_or_2_with_dataset_expressions
[2025-01-06T12:33:11.710+0000] {logging_mixin.py:190} INFO - [2025-01-06T12:33:11.710+0000] {dag.py:3262} INFO - Creating ORM DAG for consume_1_or_both_2_and_3_with_dataset_expressions
[2025-01-06T12:33:11.711+0000] {logging_mixin.py:190} INFO - [2025-01-06T12:33:11.711+0000] {dag.py:3262} INFO - Creating ORM DAG for dataset_produces_1
[2025-01-06T12:33:11.711+0000] {logging_mixin.py:190} INFO - [2025-01-06T12:33:11.711+0000] {dag.py:3262} INFO - Creating ORM DAG for dataset_consumes_1_and_2
[2025-01-06T12:33:11.712+0000] {logging_mixin.py:190} INFO - [2025-01-06T12:33:11.712+0000] {dag.py:3262} INFO - Creating ORM DAG for consume_1_and_2_with_dataset_expressions
[2025-01-06T12:33:11.712+0000] {logging_mixin.py:190} INFO - [2025-01-06T12:33:11.712+0000] {dag.py:3262} INFO - Creating ORM DAG for dataset_consumes_1
[2025-01-06T12:33:11.713+0000] {logging_mixin.py:190} INFO - [2025-01-06T12:33:11.713+0000] {dag.py:3262} INFO - Creating ORM DAG for conditional_dataset_and_time_based_timetable
[2025-01-06T12:33:11.713+0000] {logging_mixin.py:190} INFO - [2025-01-06T12:33:11.713+0000] {dag.py:3262} INFO - Creating ORM DAG for dataset_produces_2
[2025-01-06T12:33:11.716+0000] {logging_mixin.py:190} INFO - [2025-01-06T12:33:11.716+0000] {dag.py:4180} INFO - Setting next_dagrun for conditional_dataset_and_time_based_timetable to 2025-01-01 01:00:00+00:00, run_after=2025-01-01 01:00:00+00:00
[2025-01-06T12:33:11.717+0000] {logging_mixin.py:190} INFO - [2025-01-06T12:33:11.717+0000] {dag.py:4180} INFO - Setting next_dagrun for consume_1_and_2_with_dataset_expressions to None, run_after=None
[2025-01-06T12:33:11.717+0000] {logging_mixin.py:190} INFO - [2025-01-06T12:33:11.717+0000] {dag.py:4180} INFO - Setting next_dagrun for consume_1_or_2_with_dataset_expressions to None, run_after=None
[2025-01-06T12:33:11.717+0000] {logging_mixin.py:190} INFO - [2025-01-06T12:33:11.717+0000] {dag.py:4180} INFO - Setting next_dagrun for consume_1_or_both_2_and_3_with_dataset_expressions to None, run_after=None
[2025-01-06T12:33:11.717+0000] {logging_mixin.py:190} INFO - [2025-01-06T12:33:11.717+0000] {dag.py:4180} INFO - Setting next_dagrun for dataset_consumes_1 to None, run_after=None
[2025-01-06T12:33:11.718+0000] {logging_mixin.py:190} INFO - [2025-01-06T12:33:11.718+0000] {dag.py:4180} INFO - Setting next_dagrun for dataset_consumes_1_and_2 to None, run_after=None
[2025-01-06T12:33:11.718+0000] {logging_mixin.py:190} INFO - [2025-01-06T12:33:11.718+0000] {dag.py:4180} INFO - Setting next_dagrun for dataset_consumes_1_never_scheduled to None, run_after=None
[2025-01-06T12:33:11.719+0000] {logging_mixin.py:190} INFO - [2025-01-06T12:33:11.719+0000] {dag.py:4180} INFO - Setting next_dagrun for dataset_consumes_unknown_never_scheduled to None, run_after=None
[2025-01-06T12:33:11.719+0000] {logging_mixin.py:190} INFO - [2025-01-06T12:33:11.719+0000] {dag.py:4180} INFO - Setting next_dagrun for dataset_produces_1 to 2025-01-05 00:00:00+00:00, run_after=2025-01-06 00:00:00+00:00
[2025-01-06T12:33:11.720+0000] {logging_mixin.py:190} INFO - [2025-01-06T12:33:11.720+0000] {dag.py:4180} INFO - Setting next_dagrun for dataset_produces_2 to None, run_after=None
[2025-01-06T12:33:11.734+0000] {processor.py:208} INFO - Processing /home/airflow/.local/lib/python3.12/site-packages/airflow/example_dags/example_datasets.py took 0.463 seconds
[2025-01-06T12:33:41.753+0000] {processor.py:186} INFO - Started process (PID=102) to work on /home/airflow/.local/lib/python3.12/site-packages/airflow/example_dags/example_datasets.py
[2025-01-06T12:33:41.754+0000] {processor.py:914} INFO - Processing file /home/airflow/.local/lib/python3.12/site-packages/airflow/example_dags/example_datasets.py for tasks to queue
[2025-01-06T12:33:41.755+0000] {logging_mixin.py:190} INFO - [2025-01-06T12:33:41.755+0000] {dagbag.py:588} INFO - Filling up the DagBag from /home/airflow/.local/lib/python3.12/site-packages/airflow/example_dags/example_datasets.py
[2025-01-06T12:33:41.970+0000] {processor.py:925} INFO - DAG(s) 'dataset_consumes_1', 'conditional_dataset_and_time_based_timetable', 'consume_1_and_2_with_dataset_expressions', 'dataset_consumes_1_and_2', 'dataset_consumes_1_never_scheduled', 'dataset_consumes_unknown_never_scheduled', 'consume_1_or_2_with_dataset_expressions', 'dataset_produces_2', 'dataset_produces_1', 'consume_1_or_both_2_and_3_with_dataset_expressions' retrieved from /home/airflow/.local/lib/python3.12/site-packages/airflow/example_dags/example_datasets.py
[2025-01-06T12:33:41.984+0000] {logging_mixin.py:190} INFO - [2025-01-06T12:33:41.984+0000] {dag.py:3239} INFO - Sync 10 DAGs
[2025-01-06T12:33:41.993+0000] {logging_mixin.py:190} INFO - [2025-01-06T12:33:41.993+0000] {dag.py:4180} INFO - Setting next_dagrun for conditional_dataset_and_time_based_timetable to 2025-01-01 01:00:00+00:00, run_after=2025-01-01 01:00:00+00:00
[2025-01-06T12:33:41.995+0000] {logging_mixin.py:190} INFO - [2025-01-06T12:33:41.995+0000] {dag.py:4180} INFO - Setting next_dagrun for consume_1_and_2_with_dataset_expressions to None, run_after=None
[2025-01-06T12:33:41.995+0000] {logging_mixin.py:190} INFO - [2025-01-06T12:33:41.995+0000] {dag.py:4180} INFO - Setting next_dagrun for consume_1_or_2_with_dataset_expressions to None, run_after=None
[2025-01-06T12:33:41.996+0000] {logging_mixin.py:190} INFO - [2025-01-06T12:33:41.995+0000] {dag.py:4180} INFO - Setting next_dagrun for consume_1_or_both_2_and_3_with_dataset_expressions to None, run_after=None
[2025-01-06T12:33:41.996+0000] {logging_mixin.py:190} INFO - [2025-01-06T12:33:41.996+0000] {dag.py:4180} INFO - Setting next_dagrun for dataset_consumes_1 to None, run_after=None
[2025-01-06T12:33:41.996+0000] {logging_mixin.py:190} INFO - [2025-01-06T12:33:41.996+0000] {dag.py:4180} INFO - Setting next_dagrun for dataset_consumes_1_and_2 to None, run_after=None
[2025-01-06T12:33:41.997+0000] {logging_mixin.py:190} INFO - [2025-01-06T12:33:41.997+0000] {dag.py:4180} INFO - Setting next_dagrun for dataset_consumes_1_never_scheduled to None, run_after=None
[2025-01-06T12:33:41.997+0000] {logging_mixin.py:190} INFO - [2025-01-06T12:33:41.997+0000] {dag.py:4180} INFO - Setting next_dagrun for dataset_consumes_unknown_never_scheduled to None, run_after=None
[2025-01-06T12:33:41.998+0000] {logging_mixin.py:190} INFO - [2025-01-06T12:33:41.998+0000] {dag.py:4180} INFO - Setting next_dagrun for dataset_produces_1 to 2025-01-05 00:00:00+00:00, run_after=2025-01-06 00:00:00+00:00
[2025-01-06T12:33:41.998+0000] {logging_mixin.py:190} INFO - [2025-01-06T12:33:41.998+0000] {dag.py:4180} INFO - Setting next_dagrun for dataset_produces_2 to None, run_after=None
[2025-01-06T12:33:42.008+0000] {processor.py:208} INFO - Processing /home/airflow/.local/lib/python3.12/site-packages/airflow/example_dags/example_datasets.py took 0.257 seconds
[2025-01-06T12:34:12.050+0000] {processor.py:186} INFO - Started process (PID=161) to work on /home/airflow/.local/lib/python3.12/site-packages/airflow/example_dags/example_datasets.py
[2025-01-06T12:34:12.051+0000] {processor.py:914} INFO - Processing file /home/airflow/.local/lib/python3.12/site-packages/airflow/example_dags/example_datasets.py for tasks to queue
[2025-01-06T12:34:12.052+0000] {logging_mixin.py:190} INFO - [2025-01-06T12:34:12.052+0000] {dagbag.py:588} INFO - Filling up the DagBag from /home/airflow/.local/lib/python3.12/site-packages/airflow/example_dags/example_datasets.py
[2025-01-06T12:34:12.302+0000] {processor.py:925} INFO - DAG(s) 'dataset_consumes_1', 'dataset_produces_2', 'consume_1_or_both_2_and_3_with_dataset_expressions', 'consume_1_or_2_with_dataset_expressions', 'dataset_consumes_1_and_2', 'dataset_produces_1', 'dataset_consumes_1_never_scheduled', 'dataset_consumes_unknown_never_scheduled', 'consume_1_and_2_with_dataset_expressions', 'conditional_dataset_and_time_based_timetable' retrieved from /home/airflow/.local/lib/python3.12/site-packages/airflow/example_dags/example_datasets.py
[2025-01-06T12:34:12.325+0000] {logging_mixin.py:190} INFO - [2025-01-06T12:34:12.324+0000] {dag.py:3239} INFO - Sync 10 DAGs
[2025-01-06T12:34:12.336+0000] {logging_mixin.py:190} INFO - [2025-01-06T12:34:12.336+0000] {dag.py:4180} INFO - Setting next_dagrun for conditional_dataset_and_time_based_timetable to 2025-01-01 01:00:00+00:00, run_after=2025-01-01 01:00:00+00:00
[2025-01-06T12:34:12.338+0000] {logging_mixin.py:190} INFO - [2025-01-06T12:34:12.337+0000] {dag.py:4180} INFO - Setting next_dagrun for consume_1_and_2_with_dataset_expressions to None, run_after=None
[2025-01-06T12:34:12.338+0000] {logging_mixin.py:190} INFO - [2025-01-06T12:34:12.338+0000] {dag.py:4180} INFO - Setting next_dagrun for consume_1_or_2_with_dataset_expressions to None, run_after=None
[2025-01-06T12:34:12.339+0000] {logging_mixin.py:190} INFO - [2025-01-06T12:34:12.338+0000] {dag.py:4180} INFO - Setting next_dagrun for consume_1_or_both_2_and_3_with_dataset_expressions to None, run_after=None
[2025-01-06T12:34:12.339+0000] {logging_mixin.py:190} INFO - [2025-01-06T12:34:12.339+0000] {dag.py:4180} INFO - Setting next_dagrun for dataset_consumes_1 to None, run_after=None
[2025-01-06T12:34:12.340+0000] {logging_mixin.py:190} INFO - [2025-01-06T12:34:12.339+0000] {dag.py:4180} INFO - Setting next_dagrun for dataset_consumes_1_and_2 to None, run_after=None
[2025-01-06T12:34:12.340+0000] {logging_mixin.py:190} INFO - [2025-01-06T12:34:12.340+0000] {dag.py:4180} INFO - Setting next_dagrun for dataset_consumes_1_never_scheduled to None, run_after=None
[2025-01-06T12:34:12.340+0000] {logging_mixin.py:190} INFO - [2025-01-06T12:34:12.340+0000] {dag.py:4180} INFO - Setting next_dagrun for dataset_consumes_unknown_never_scheduled to None, run_after=None
[2025-01-06T12:34:12.341+0000] {logging_mixin.py:190} INFO - [2025-01-06T12:34:12.341+0000] {dag.py:4180} INFO - Setting next_dagrun for dataset_produces_1 to 2025-01-05 00:00:00+00:00, run_after=2025-01-06 00:00:00+00:00
[2025-01-06T12:34:12.342+0000] {logging_mixin.py:190} INFO - [2025-01-06T12:34:12.342+0000] {dag.py:4180} INFO - Setting next_dagrun for dataset_produces_2 to None, run_after=None
[2025-01-06T12:34:12.352+0000] {processor.py:208} INFO - Processing /home/airflow/.local/lib/python3.12/site-packages/airflow/example_dags/example_datasets.py took 0.304 seconds
[2025-01-06T12:34:42.387+0000] {processor.py:186} INFO - Started process (PID=221) to work on /home/airflow/.local/lib/python3.12/site-packages/airflow/example_dags/example_datasets.py
[2025-01-06T12:34:42.388+0000] {processor.py:914} INFO - Processing file /home/airflow/.local/lib/python3.12/site-packages/airflow/example_dags/example_datasets.py for tasks to queue
[2025-01-06T12:34:42.389+0000] {logging_mixin.py:190} INFO - [2025-01-06T12:34:42.389+0000] {dagbag.py:588} INFO - Filling up the DagBag from /home/airflow/.local/lib/python3.12/site-packages/airflow/example_dags/example_datasets.py
[2025-01-06T12:34:42.632+0000] {processor.py:925} INFO - DAG(s) 'dataset_consumes_1', 'consume_1_and_2_with_dataset_expressions', 'consume_1_or_2_with_dataset_expressions', 'dataset_produces_1', 'conditional_dataset_and_time_based_timetable', 'dataset_consumes_1_and_2', 'dataset_consumes_1_never_scheduled', 'dataset_produces_2', 'dataset_consumes_unknown_never_scheduled', 'consume_1_or_both_2_and_3_with_dataset_expressions' retrieved from /home/airflow/.local/lib/python3.12/site-packages/airflow/example_dags/example_datasets.py
[2025-01-06T12:34:42.643+0000] {logging_mixin.py:190} INFO - [2025-01-06T12:34:42.643+0000] {dag.py:3239} INFO - Sync 10 DAGs
[2025-01-06T12:34:42.651+0000] {logging_mixin.py:190} INFO - [2025-01-06T12:34:42.651+0000] {dag.py:4180} INFO - Setting next_dagrun for conditional_dataset_and_time_based_timetable to 2025-01-01 01:00:00+00:00, run_after=2025-01-01 01:00:00+00:00
[2025-01-06T12:34:42.652+0000] {logging_mixin.py:190} INFO - [2025-01-06T12:34:42.652+0000] {dag.py:4180} INFO - Setting next_dagrun for consume_1_and_2_with_dataset_expressions to None, run_after=None
[2025-01-06T12:34:42.653+0000] {logging_mixin.py:190} INFO - [2025-01-06T12:34:42.653+0000] {dag.py:4180} INFO - Setting next_dagrun for consume_1_or_2_with_dataset_expressions to None, run_after=None
[2025-01-06T12:34:42.654+0000] {logging_mixin.py:190} INFO - [2025-01-06T12:34:42.654+0000] {dag.py:4180} INFO - Setting next_dagrun for consume_1_or_both_2_and_3_with_dataset_expressions to None, run_after=None
[2025-01-06T12:34:42.654+0000] {logging_mixin.py:190} INFO - [2025-01-06T12:34:42.654+0000] {dag.py:4180} INFO - Setting next_dagrun for dataset_consumes_1 to None, run_after=None
[2025-01-06T12:34:42.655+0000] {logging_mixin.py:190} INFO - [2025-01-06T12:34:42.655+0000] {dag.py:4180} INFO - Setting next_dagrun for dataset_consumes_1_and_2 to None, run_after=None
[2025-01-06T12:34:42.655+0000] {logging_mixin.py:190} INFO - [2025-01-06T12:34:42.655+0000] {dag.py:4180} INFO - Setting next_dagrun for dataset_consumes_1_never_scheduled to None, run_after=None
[2025-01-06T12:34:42.655+0000] {logging_mixin.py:190} INFO - [2025-01-06T12:34:42.655+0000] {dag.py:4180} INFO - Setting next_dagrun for dataset_consumes_unknown_never_scheduled to None, run_after=None
[2025-01-06T12:34:42.656+0000] {logging_mixin.py:190} INFO - [2025-01-06T12:34:42.656+0000] {dag.py:4180} INFO - Setting next_dagrun for dataset_produces_1 to 2025-01-05 00:00:00+00:00, run_after=2025-01-06 00:00:00+00:00
[2025-01-06T12:34:42.656+0000] {logging_mixin.py:190} INFO - [2025-01-06T12:34:42.656+0000] {dag.py:4180} INFO - Setting next_dagrun for dataset_produces_2 to None, run_after=None
[2025-01-06T12:34:42.666+0000] {processor.py:208} INFO - Processing /home/airflow/.local/lib/python3.12/site-packages/airflow/example_dags/example_datasets.py took 0.281 seconds
[2025-01-06T12:35:12.702+0000] {processor.py:186} INFO - Started process (PID=280) to work on /home/airflow/.local/lib/python3.12/site-packages/airflow/example_dags/example_datasets.py
[2025-01-06T12:35:12.703+0000] {processor.py:914} INFO - Processing file /home/airflow/.local/lib/python3.12/site-packages/airflow/example_dags/example_datasets.py for tasks to queue
[2025-01-06T12:35:12.704+0000] {logging_mixin.py:190} INFO - [2025-01-06T12:35:12.704+0000] {dagbag.py:588} INFO - Filling up the DagBag from /home/airflow/.local/lib/python3.12/site-packages/airflow/example_dags/example_datasets.py
[2025-01-06T12:35:12.951+0000] {processor.py:925} INFO - DAG(s) 'conditional_dataset_and_time_based_timetable', 'dataset_consumes_1_never_scheduled', 'consume_1_or_both_2_and_3_with_dataset_expressions', 'dataset_consumes_1', 'consume_1_and_2_with_dataset_expressions', 'dataset_consumes_1_and_2', 'dataset_consumes_unknown_never_scheduled', 'consume_1_or_2_with_dataset_expressions', 'dataset_produces_2', 'dataset_produces_1' retrieved from /home/airflow/.local/lib/python3.12/site-packages/airflow/example_dags/example_datasets.py
[2025-01-06T12:35:12.966+0000] {logging_mixin.py:190} INFO - [2025-01-06T12:35:12.966+0000] {dag.py:3239} INFO - Sync 10 DAGs
[2025-01-06T12:35:12.974+0000] {logging_mixin.py:190} INFO - [2025-01-06T12:35:12.974+0000] {dag.py:4180} INFO - Setting next_dagrun for conditional_dataset_and_time_based_timetable to 2025-01-01 01:00:00+00:00, run_after=2025-01-01 01:00:00+00:00
[2025-01-06T12:35:12.976+0000] {logging_mixin.py:190} INFO - [2025-01-06T12:35:12.976+0000] {dag.py:4180} INFO - Setting next_dagrun for consume_1_and_2_with_dataset_expressions to None, run_after=None
[2025-01-06T12:35:12.977+0000] {logging_mixin.py:190} INFO - [2025-01-06T12:35:12.977+0000] {dag.py:4180} INFO - Setting next_dagrun for consume_1_or_2_with_dataset_expressions to None, run_after=None
[2025-01-06T12:35:12.977+0000] {logging_mixin.py:190} INFO - [2025-01-06T12:35:12.977+0000] {dag.py:4180} INFO - Setting next_dagrun for consume_1_or_both_2_and_3_with_dataset_expressions to None, run_after=None
[2025-01-06T12:35:12.978+0000] {logging_mixin.py:190} INFO - [2025-01-06T12:35:12.978+0000] {dag.py:4180} INFO - Setting next_dagrun for dataset_consumes_1 to None, run_after=None
[2025-01-06T12:35:12.978+0000] {logging_mixin.py:190} INFO - [2025-01-06T12:35:12.978+0000] {dag.py:4180} INFO - Setting next_dagrun for dataset_consumes_1_and_2 to None, run_after=None
[2025-01-06T12:35:12.979+0000] {logging_mixin.py:190} INFO - [2025-01-06T12:35:12.979+0000] {dag.py:4180} INFO - Setting next_dagrun for dataset_consumes_1_never_scheduled to None, run_after=None
[2025-01-06T12:35:12.979+0000] {logging_mixin.py:190} INFO - [2025-01-06T12:35:12.979+0000] {dag.py:4180} INFO - Setting next_dagrun for dataset_consumes_unknown_never_scheduled to None, run_after=None
[2025-01-06T12:35:12.980+0000] {logging_mixin.py:190} INFO - [2025-01-06T12:35:12.980+0000] {dag.py:4180} INFO - Setting next_dagrun for dataset_produces_1 to 2025-01-05 00:00:00+00:00, run_after=2025-01-06 00:00:00+00:00
[2025-01-06T12:35:12.980+0000] {logging_mixin.py:190} INFO - [2025-01-06T12:35:12.980+0000] {dag.py:4180} INFO - Setting next_dagrun for dataset_produces_2 to None, run_after=None
[2025-01-06T12:35:12.992+0000] {processor.py:208} INFO - Processing /home/airflow/.local/lib/python3.12/site-packages/airflow/example_dags/example_datasets.py took 0.292 seconds
[2025-01-06T12:35:43.212+0000] {processor.py:186} INFO - Started process (PID=338) to work on /home/airflow/.local/lib/python3.12/site-packages/airflow/example_dags/example_datasets.py
[2025-01-06T12:35:43.213+0000] {processor.py:914} INFO - Processing file /home/airflow/.local/lib/python3.12/site-packages/airflow/example_dags/example_datasets.py for tasks to queue
[2025-01-06T12:35:43.214+0000] {logging_mixin.py:190} INFO - [2025-01-06T12:35:43.214+0000] {dagbag.py:588} INFO - Filling up the DagBag from /home/airflow/.local/lib/python3.12/site-packages/airflow/example_dags/example_datasets.py
[2025-01-06T12:35:43.432+0000] {processor.py:925} INFO - DAG(s) 'consume_1_or_both_2_and_3_with_dataset_expressions', 'dataset_produces_1', 'dataset_consumes_1_and_2', 'consume_1_and_2_with_dataset_expressions', 'consume_1_or_2_with_dataset_expressions', 'conditional_dataset_and_time_based_timetable', 'dataset_consumes_unknown_never_scheduled', 'dataset_produces_2', 'dataset_consumes_1', 'dataset_consumes_1_never_scheduled' retrieved from /home/airflow/.local/lib/python3.12/site-packages/airflow/example_dags/example_datasets.py
[2025-01-06T12:35:43.444+0000] {logging_mixin.py:190} INFO - [2025-01-06T12:35:43.444+0000] {dag.py:3239} INFO - Sync 10 DAGs
[2025-01-06T12:35:43.451+0000] {logging_mixin.py:190} INFO - [2025-01-06T12:35:43.451+0000] {dag.py:4180} INFO - Setting next_dagrun for conditional_dataset_and_time_based_timetable to 2025-01-01 01:00:00+00:00, run_after=2025-01-01 01:00:00+00:00
[2025-01-06T12:35:43.452+0000] {logging_mixin.py:190} INFO - [2025-01-06T12:35:43.452+0000] {dag.py:4180} INFO - Setting next_dagrun for consume_1_and_2_with_dataset_expressions to None, run_after=None
[2025-01-06T12:35:43.453+0000] {logging_mixin.py:190} INFO - [2025-01-06T12:35:43.453+0000] {dag.py:4180} INFO - Setting next_dagrun for consume_1_or_2_with_dataset_expressions to None, run_after=None
[2025-01-06T12:35:43.453+0000] {logging_mixin.py:190} INFO - [2025-01-06T12:35:43.453+0000] {dag.py:4180} INFO - Setting next_dagrun for consume_1_or_both_2_and_3_with_dataset_expressions to None, run_after=None
[2025-01-06T12:35:43.454+0000] {logging_mixin.py:190} INFO - [2025-01-06T12:35:43.454+0000] {dag.py:4180} INFO - Setting next_dagrun for dataset_consumes_1 to None, run_after=None
[2025-01-06T12:35:43.454+0000] {logging_mixin.py:190} INFO - [2025-01-06T12:35:43.454+0000] {dag.py:4180} INFO - Setting next_dagrun for dataset_consumes_1_and_2 to None, run_after=None
[2025-01-06T12:35:43.455+0000] {logging_mixin.py:190} INFO - [2025-01-06T12:35:43.455+0000] {dag.py:4180} INFO - Setting next_dagrun for dataset_consumes_1_never_scheduled to None, run_after=None
[2025-01-06T12:35:43.455+0000] {logging_mixin.py:190} INFO - [2025-01-06T12:35:43.455+0000] {dag.py:4180} INFO - Setting next_dagrun for dataset_consumes_unknown_never_scheduled to None, run_after=None
[2025-01-06T12:35:43.456+0000] {logging_mixin.py:190} INFO - [2025-01-06T12:35:43.456+0000] {dag.py:4180} INFO - Setting next_dagrun for dataset_produces_1 to 2025-01-05 00:00:00+00:00, run_after=2025-01-06 00:00:00+00:00
[2025-01-06T12:35:43.456+0000] {logging_mixin.py:190} INFO - [2025-01-06T12:35:43.456+0000] {dag.py:4180} INFO - Setting next_dagrun for dataset_produces_2 to None, run_after=None
[2025-01-06T12:35:43.465+0000] {processor.py:208} INFO - Processing /home/airflow/.local/lib/python3.12/site-packages/airflow/example_dags/example_datasets.py took 0.256 seconds
[2025-01-06T12:36:14.179+0000] {processor.py:186} INFO - Started process (PID=396) to work on /home/airflow/.local/lib/python3.12/site-packages/airflow/example_dags/example_datasets.py
[2025-01-06T12:36:14.179+0000] {processor.py:914} INFO - Processing file /home/airflow/.local/lib/python3.12/site-packages/airflow/example_dags/example_datasets.py for tasks to queue
[2025-01-06T12:36:14.180+0000] {logging_mixin.py:190} INFO - [2025-01-06T12:36:14.180+0000] {dagbag.py:588} INFO - Filling up the DagBag from /home/airflow/.local/lib/python3.12/site-packages/airflow/example_dags/example_datasets.py
[2025-01-06T12:36:14.410+0000] {processor.py:925} INFO - DAG(s) 'dataset_consumes_unknown_never_scheduled', 'conditional_dataset_and_time_based_timetable', 'dataset_produces_1', 'dataset_consumes_1_never_scheduled', 'consume_1_or_both_2_and_3_with_dataset_expressions', 'consume_1_and_2_with_dataset_expressions', 'dataset_produces_2', 'consume_1_or_2_with_dataset_expressions', 'dataset_consumes_1_and_2', 'dataset_consumes_1' retrieved from /home/airflow/.local/lib/python3.12/site-packages/airflow/example_dags/example_datasets.py
[2025-01-06T12:36:14.424+0000] {logging_mixin.py:190} INFO - [2025-01-06T12:36:14.424+0000] {dag.py:3239} INFO - Sync 10 DAGs
[2025-01-06T12:36:14.432+0000] {logging_mixin.py:190} INFO - [2025-01-06T12:36:14.432+0000] {dag.py:4180} INFO - Setting next_dagrun for conditional_dataset_and_time_based_timetable to 2025-01-01 01:00:00+00:00, run_after=2025-01-01 01:00:00+00:00
[2025-01-06T12:36:14.434+0000] {logging_mixin.py:190} INFO - [2025-01-06T12:36:14.433+0000] {dag.py:4180} INFO - Setting next_dagrun for consume_1_and_2_with_dataset_expressions to None, run_after=None
[2025-01-06T12:36:14.434+0000] {logging_mixin.py:190} INFO - [2025-01-06T12:36:14.434+0000] {dag.py:4180} INFO - Setting next_dagrun for consume_1_or_2_with_dataset_expressions to None, run_after=None
[2025-01-06T12:36:14.435+0000] {logging_mixin.py:190} INFO - [2025-01-06T12:36:14.435+0000] {dag.py:4180} INFO - Setting next_dagrun for consume_1_or_both_2_and_3_with_dataset_expressions to None, run_after=None
[2025-01-06T12:36:14.436+0000] {logging_mixin.py:190} INFO - [2025-01-06T12:36:14.436+0000] {dag.py:4180} INFO - Setting next_dagrun for dataset_consumes_1 to None, run_after=None
[2025-01-06T12:36:14.437+0000] {logging_mixin.py:190} INFO - [2025-01-06T12:36:14.437+0000] {dag.py:4180} INFO - Setting next_dagrun for dataset_consumes_1_and_2 to None, run_after=None
[2025-01-06T12:36:14.437+0000] {logging_mixin.py:190} INFO - [2025-01-06T12:36:14.437+0000] {dag.py:4180} INFO - Setting next_dagrun for dataset_consumes_1_never_scheduled to None, run_after=None
[2025-01-06T12:36:14.437+0000] {logging_mixin.py:190} INFO - [2025-01-06T12:36:14.437+0000] {dag.py:4180} INFO - Setting next_dagrun for dataset_consumes_unknown_never_scheduled to None, run_after=None
[2025-01-06T12:36:14.438+0000] {logging_mixin.py:190} INFO - [2025-01-06T12:36:14.438+0000] {dag.py:4180} INFO - Setting next_dagrun for dataset_produces_1 to 2025-01-05 00:00:00+00:00, run_after=2025-01-06 00:00:00+00:00
[2025-01-06T12:36:14.439+0000] {logging_mixin.py:190} INFO - [2025-01-06T12:36:14.439+0000] {dag.py:4180} INFO - Setting next_dagrun for dataset_produces_2 to None, run_after=None
[2025-01-06T12:36:14.449+0000] {processor.py:208} INFO - Processing /home/airflow/.local/lib/python3.12/site-packages/airflow/example_dags/example_datasets.py took 0.272 seconds
[2025-01-06T12:36:44.646+0000] {processor.py:186} INFO - Started process (PID=454) to work on /home/airflow/.local/lib/python3.12/site-packages/airflow/example_dags/example_datasets.py
[2025-01-06T12:36:44.647+0000] {processor.py:914} INFO - Processing file /home/airflow/.local/lib/python3.12/site-packages/airflow/example_dags/example_datasets.py for tasks to queue
[2025-01-06T12:36:44.649+0000] {logging_mixin.py:190} INFO - [2025-01-06T12:36:44.648+0000] {dagbag.py:588} INFO - Filling up the DagBag from /home/airflow/.local/lib/python3.12/site-packages/airflow/example_dags/example_datasets.py
[2025-01-06T12:36:44.889+0000] {processor.py:925} INFO - DAG(s) 'dataset_consumes_1_and_2', 'dataset_consumes_1', 'consume_1_or_both_2_and_3_with_dataset_expressions', 'consume_1_and_2_with_dataset_expressions', 'consume_1_or_2_with_dataset_expressions', 'dataset_consumes_1_never_scheduled', 'dataset_consumes_unknown_never_scheduled', 'dataset_produces_2', 'conditional_dataset_and_time_based_timetable', 'dataset_produces_1' retrieved from /home/airflow/.local/lib/python3.12/site-packages/airflow/example_dags/example_datasets.py
[2025-01-06T12:36:44.903+0000] {logging_mixin.py:190} INFO - [2025-01-06T12:36:44.903+0000] {dag.py:3239} INFO - Sync 10 DAGs
[2025-01-06T12:36:44.912+0000] {logging_mixin.py:190} INFO - [2025-01-06T12:36:44.912+0000] {dag.py:4180} INFO - Setting next_dagrun for conditional_dataset_and_time_based_timetable to 2025-01-01 01:00:00+00:00, run_after=2025-01-01 01:00:00+00:00
[2025-01-06T12:36:44.913+0000] {logging_mixin.py:190} INFO - [2025-01-06T12:36:44.913+0000] {dag.py:4180} INFO - Setting next_dagrun for consume_1_and_2_with_dataset_expressions to None, run_after=None
[2025-01-06T12:36:44.914+0000] {logging_mixin.py:190} INFO - [2025-01-06T12:36:44.914+0000] {dag.py:4180} INFO - Setting next_dagrun for consume_1_or_2_with_dataset_expressions to None, run_after=None
[2025-01-06T12:36:44.914+0000] {logging_mixin.py:190} INFO - [2025-01-06T12:36:44.914+0000] {dag.py:4180} INFO - Setting next_dagrun for consume_1_or_both_2_and_3_with_dataset_expressions to None, run_after=None
[2025-01-06T12:36:44.915+0000] {logging_mixin.py:190} INFO - [2025-01-06T12:36:44.915+0000] {dag.py:4180} INFO - Setting next_dagrun for dataset_consumes_1 to None, run_after=None
[2025-01-06T12:36:44.915+0000] {logging_mixin.py:190} INFO - [2025-01-06T12:36:44.915+0000] {dag.py:4180} INFO - Setting next_dagrun for dataset_consumes_1_and_2 to None, run_after=None
[2025-01-06T12:36:44.916+0000] {logging_mixin.py:190} INFO - [2025-01-06T12:36:44.916+0000] {dag.py:4180} INFO - Setting next_dagrun for dataset_consumes_1_never_scheduled to None, run_after=None
[2025-01-06T12:36:44.916+0000] {logging_mixin.py:190} INFO - [2025-01-06T12:36:44.916+0000] {dag.py:4180} INFO - Setting next_dagrun for dataset_consumes_unknown_never_scheduled to None, run_after=None
[2025-01-06T12:36:44.917+0000] {logging_mixin.py:190} INFO - [2025-01-06T12:36:44.917+0000] {dag.py:4180} INFO - Setting next_dagrun for dataset_produces_1 to 2025-01-05 00:00:00+00:00, run_after=2025-01-06 00:00:00+00:00
[2025-01-06T12:36:44.918+0000] {logging_mixin.py:190} INFO - [2025-01-06T12:36:44.917+0000] {dag.py:4180} INFO - Setting next_dagrun for dataset_produces_2 to None, run_after=None
[2025-01-06T12:36:44.928+0000] {processor.py:208} INFO - Processing /home/airflow/.local/lib/python3.12/site-packages/airflow/example_dags/example_datasets.py took 0.287 seconds
[2025-01-06T12:37:15.797+0000] {processor.py:186} INFO - Started process (PID=512) to work on /home/airflow/.local/lib/python3.12/site-packages/airflow/example_dags/example_datasets.py
[2025-01-06T12:37:15.798+0000] {processor.py:914} INFO - Processing file /home/airflow/.local/lib/python3.12/site-packages/airflow/example_dags/example_datasets.py for tasks to queue
[2025-01-06T12:37:15.800+0000] {logging_mixin.py:190} INFO - [2025-01-06T12:37:15.799+0000] {dagbag.py:588} INFO - Filling up the DagBag from /home/airflow/.local/lib/python3.12/site-packages/airflow/example_dags/example_datasets.py
[2025-01-06T12:37:16.044+0000] {processor.py:925} INFO - DAG(s) 'consume_1_or_both_2_and_3_with_dataset_expressions', 'dataset_produces_2', 'dataset_consumes_1', 'dataset_consumes_unknown_never_scheduled', 'conditional_dataset_and_time_based_timetable', 'consume_1_or_2_with_dataset_expressions', 'dataset_consumes_1_never_scheduled', 'consume_1_and_2_with_dataset_expressions', 'dataset_consumes_1_and_2', 'dataset_produces_1' retrieved from /home/airflow/.local/lib/python3.12/site-packages/airflow/example_dags/example_datasets.py
[2025-01-06T12:37:16.057+0000] {logging_mixin.py:190} INFO - [2025-01-06T12:37:16.057+0000] {dag.py:3239} INFO - Sync 10 DAGs
[2025-01-06T12:37:16.066+0000] {logging_mixin.py:190} INFO - [2025-01-06T12:37:16.066+0000] {dag.py:4180} INFO - Setting next_dagrun for conditional_dataset_and_time_based_timetable to 2025-01-01 01:00:00+00:00, run_after=2025-01-01 01:00:00+00:00
[2025-01-06T12:37:16.067+0000] {logging_mixin.py:190} INFO - [2025-01-06T12:37:16.067+0000] {dag.py:4180} INFO - Setting next_dagrun for consume_1_and_2_with_dataset_expressions to None, run_after=None
[2025-01-06T12:37:16.068+0000] {logging_mixin.py:190} INFO - [2025-01-06T12:37:16.068+0000] {dag.py:4180} INFO - Setting next_dagrun for consume_1_or_2_with_dataset_expressions to None, run_after=None
[2025-01-06T12:37:16.069+0000] {logging_mixin.py:190} INFO - [2025-01-06T12:37:16.068+0000] {dag.py:4180} INFO - Setting next_dagrun for consume_1_or_both_2_and_3_with_dataset_expressions to None, run_after=None
[2025-01-06T12:37:16.069+0000] {logging_mixin.py:190} INFO - [2025-01-06T12:37:16.069+0000] {dag.py:4180} INFO - Setting next_dagrun for dataset_consumes_1 to None, run_after=None
[2025-01-06T12:37:16.070+0000] {logging_mixin.py:190} INFO - [2025-01-06T12:37:16.069+0000] {dag.py:4180} INFO - Setting next_dagrun for dataset_consumes_1_and_2 to None, run_after=None
[2025-01-06T12:37:16.070+0000] {logging_mixin.py:190} INFO - [2025-01-06T12:37:16.070+0000] {dag.py:4180} INFO - Setting next_dagrun for dataset_consumes_1_never_scheduled to None, run_after=None
[2025-01-06T12:37:16.071+0000] {logging_mixin.py:190} INFO - [2025-01-06T12:37:16.070+0000] {dag.py:4180} INFO - Setting next_dagrun for dataset_consumes_unknown_never_scheduled to None, run_after=None
[2025-01-06T12:37:16.071+0000] {logging_mixin.py:190} INFO - [2025-01-06T12:37:16.071+0000] {dag.py:4180} INFO - Setting next_dagrun for dataset_produces_1 to 2025-01-05 00:00:00+00:00, run_after=2025-01-06 00:00:00+00:00
[2025-01-06T12:37:16.072+0000] {logging_mixin.py:190} INFO - [2025-01-06T12:37:16.072+0000] {dag.py:4180} INFO - Setting next_dagrun for dataset_produces_2 to None, run_after=None
[2025-01-06T12:37:16.082+0000] {processor.py:208} INFO - Processing /home/airflow/.local/lib/python3.12/site-packages/airflow/example_dags/example_datasets.py took 0.290 seconds
