[2025-01-06T12:17:45.695+0000] {processor.py:186} INFO - Started process (PID=36) to work on /home/airflow/.local/lib/python3.12/site-packages/airflow/example_dags/example_complex.py
[2025-01-06T12:17:45.695+0000] {processor.py:914} INFO - Processing file /home/airflow/.local/lib/python3.12/site-packages/airflow/example_dags/example_complex.py for tasks to queue
[2025-01-06T12:17:45.696+0000] {logging_mixin.py:190} INFO - [2025-01-06T12:17:45.696+0000] {dagbag.py:588} INFO - Filling up the DagBag from /home/airflow/.local/lib/python3.12/site-packages/airflow/example_dags/example_complex.py
[2025-01-06T12:17:45.702+0000] {processor.py:925} INFO - DAG(s) 'example_complex' retrieved from /home/airflow/.local/lib/python3.12/site-packages/airflow/example_dags/example_complex.py
[2025-01-06T12:17:45.751+0000] {logging_mixin.py:190} INFO - [2025-01-06T12:17:45.750+0000] {override.py:1911} INFO - Created Permission View: can edit on DAG:example_complex
[2025-01-06T12:17:45.754+0000] {logging_mixin.py:190} INFO - [2025-01-06T12:17:45.754+0000] {override.py:1911} INFO - Created Permission View: can read on DAG:example_complex
[2025-01-06T12:17:45.755+0000] {logging_mixin.py:190} INFO - [2025-01-06T12:17:45.755+0000] {override.py:1911} INFO - Created Permission View: can delete on DAG:example_complex
[2025-01-06T12:17:45.757+0000] {logging_mixin.py:190} INFO - [2025-01-06T12:17:45.757+0000] {override.py:1911} INFO - Created Permission View: can read on DAG Run:example_complex
[2025-01-06T12:17:45.759+0000] {logging_mixin.py:190} INFO - [2025-01-06T12:17:45.759+0000] {override.py:1911} INFO - Created Permission View: can create on DAG Run:example_complex
[2025-01-06T12:17:45.761+0000] {logging_mixin.py:190} INFO - [2025-01-06T12:17:45.760+0000] {override.py:1911} INFO - Created Permission View: menu access on DAG Run:example_complex
[2025-01-06T12:17:45.762+0000] {logging_mixin.py:190} INFO - [2025-01-06T12:17:45.762+0000] {override.py:1911} INFO - Created Permission View: can delete on DAG Run:example_complex
[2025-01-06T12:17:45.762+0000] {logging_mixin.py:190} INFO - [2025-01-06T12:17:45.762+0000] {dag.py:3239} INFO - Sync 1 DAGs
[2025-01-06T12:17:45.767+0000] {logging_mixin.py:190} INFO - [2025-01-06T12:17:45.767+0000] {dag.py:3262} INFO - Creating ORM DAG for example_complex
[2025-01-06T12:17:45.767+0000] {logging_mixin.py:190} INFO - [2025-01-06T12:17:45.767+0000] {dag.py:4180} INFO - Setting next_dagrun for example_complex to None, run_after=None
[2025-01-06T12:17:45.773+0000] {processor.py:208} INFO - Processing /home/airflow/.local/lib/python3.12/site-packages/airflow/example_dags/example_complex.py took 0.081 seconds
[2025-01-06T12:18:00.169+0000] {processor.py:186} INFO - Started process (PID=36) to work on /home/airflow/.local/lib/python3.12/site-packages/airflow/example_dags/example_complex.py
[2025-01-06T12:18:00.170+0000] {processor.py:914} INFO - Processing file /home/airflow/.local/lib/python3.12/site-packages/airflow/example_dags/example_complex.py for tasks to queue
[2025-01-06T12:18:00.171+0000] {logging_mixin.py:190} INFO - [2025-01-06T12:18:00.171+0000] {dagbag.py:588} INFO - Filling up the DagBag from /home/airflow/.local/lib/python3.12/site-packages/airflow/example_dags/example_complex.py
[2025-01-06T12:18:00.176+0000] {processor.py:925} INFO - DAG(s) 'example_complex' retrieved from /home/airflow/.local/lib/python3.12/site-packages/airflow/example_dags/example_complex.py
[2025-01-06T12:18:00.180+0000] {logging_mixin.py:190} INFO - [2025-01-06T12:18:00.180+0000] {dag.py:3239} INFO - Sync 1 DAGs
[2025-01-06T12:18:00.186+0000] {logging_mixin.py:190} INFO - [2025-01-06T12:18:00.186+0000] {dag.py:4180} INFO - Setting next_dagrun for example_complex to None, run_after=None
[2025-01-06T12:18:00.192+0000] {processor.py:208} INFO - Processing /home/airflow/.local/lib/python3.12/site-packages/airflow/example_dags/example_complex.py took 0.025 seconds
[2025-01-06T12:18:13.827+0000] {processor.py:186} INFO - Started process (PID=36) to work on /home/airflow/.local/lib/python3.12/site-packages/airflow/example_dags/example_complex.py
[2025-01-06T12:18:13.827+0000] {processor.py:914} INFO - Processing file /home/airflow/.local/lib/python3.12/site-packages/airflow/example_dags/example_complex.py for tasks to queue
[2025-01-06T12:18:13.828+0000] {logging_mixin.py:190} INFO - [2025-01-06T12:18:13.828+0000] {dagbag.py:588} INFO - Filling up the DagBag from /home/airflow/.local/lib/python3.12/site-packages/airflow/example_dags/example_complex.py
[2025-01-06T12:18:13.833+0000] {processor.py:925} INFO - DAG(s) 'example_complex' retrieved from /home/airflow/.local/lib/python3.12/site-packages/airflow/example_dags/example_complex.py
[2025-01-06T12:18:13.837+0000] {logging_mixin.py:190} INFO - [2025-01-06T12:18:13.837+0000] {dag.py:3239} INFO - Sync 1 DAGs
[2025-01-06T12:18:13.843+0000] {logging_mixin.py:190} INFO - [2025-01-06T12:18:13.843+0000] {dag.py:4180} INFO - Setting next_dagrun for example_complex to None, run_after=None
[2025-01-06T12:18:13.850+0000] {processor.py:208} INFO - Processing /home/airflow/.local/lib/python3.12/site-packages/airflow/example_dags/example_complex.py took 0.026 seconds
[2025-01-06T12:18:27.884+0000] {processor.py:186} INFO - Started process (PID=36) to work on /home/airflow/.local/lib/python3.12/site-packages/airflow/example_dags/example_complex.py
[2025-01-06T12:18:27.887+0000] {processor.py:914} INFO - Processing file /home/airflow/.local/lib/python3.12/site-packages/airflow/example_dags/example_complex.py for tasks to queue
[2025-01-06T12:18:27.888+0000] {logging_mixin.py:190} INFO - [2025-01-06T12:18:27.888+0000] {dagbag.py:588} INFO - Filling up the DagBag from /home/airflow/.local/lib/python3.12/site-packages/airflow/example_dags/example_complex.py
[2025-01-06T12:18:27.893+0000] {processor.py:925} INFO - DAG(s) 'example_complex' retrieved from /home/airflow/.local/lib/python3.12/site-packages/airflow/example_dags/example_complex.py
[2025-01-06T12:18:27.911+0000] {logging_mixin.py:190} INFO - [2025-01-06T12:18:27.911+0000] {dag.py:3239} INFO - Sync 1 DAGs
[2025-01-06T12:18:27.916+0000] {logging_mixin.py:190} INFO - [2025-01-06T12:18:27.916+0000] {dag.py:4180} INFO - Setting next_dagrun for example_complex to None, run_after=None
[2025-01-06T12:18:27.923+0000] {processor.py:208} INFO - Processing /home/airflow/.local/lib/python3.12/site-packages/airflow/example_dags/example_complex.py took 0.041 seconds
[2025-01-06T12:18:38.801+0000] {processor.py:186} INFO - Started process (PID=36) to work on /home/airflow/.local/lib/python3.12/site-packages/airflow/example_dags/example_complex.py
[2025-01-06T12:18:38.801+0000] {processor.py:914} INFO - Processing file /home/airflow/.local/lib/python3.12/site-packages/airflow/example_dags/example_complex.py for tasks to queue
[2025-01-06T12:18:38.802+0000] {logging_mixin.py:190} INFO - [2025-01-06T12:18:38.802+0000] {dagbag.py:588} INFO - Filling up the DagBag from /home/airflow/.local/lib/python3.12/site-packages/airflow/example_dags/example_complex.py
[2025-01-06T12:18:38.807+0000] {processor.py:925} INFO - DAG(s) 'example_complex' retrieved from /home/airflow/.local/lib/python3.12/site-packages/airflow/example_dags/example_complex.py
[2025-01-06T12:18:38.823+0000] {logging_mixin.py:190} INFO - [2025-01-06T12:18:38.823+0000] {dag.py:3239} INFO - Sync 1 DAGs
[2025-01-06T12:18:38.828+0000] {logging_mixin.py:190} INFO - [2025-01-06T12:18:38.828+0000] {dag.py:4180} INFO - Setting next_dagrun for example_complex to None, run_after=None
[2025-01-06T12:18:38.836+0000] {processor.py:208} INFO - Processing /home/airflow/.local/lib/python3.12/site-packages/airflow/example_dags/example_complex.py took 0.038 seconds
[2025-01-06T12:19:04.897+0000] {processor.py:186} INFO - Started process (PID=36) to work on /home/airflow/.local/lib/python3.12/site-packages/airflow/example_dags/example_complex.py
[2025-01-06T12:19:04.897+0000] {processor.py:914} INFO - Processing file /home/airflow/.local/lib/python3.12/site-packages/airflow/example_dags/example_complex.py for tasks to queue
[2025-01-06T12:19:04.898+0000] {logging_mixin.py:190} INFO - [2025-01-06T12:19:04.898+0000] {dagbag.py:588} INFO - Filling up the DagBag from /home/airflow/.local/lib/python3.12/site-packages/airflow/example_dags/example_complex.py
[2025-01-06T12:19:04.903+0000] {processor.py:925} INFO - DAG(s) 'example_complex' retrieved from /home/airflow/.local/lib/python3.12/site-packages/airflow/example_dags/example_complex.py
[2025-01-06T12:19:04.918+0000] {logging_mixin.py:190} INFO - [2025-01-06T12:19:04.918+0000] {dag.py:3239} INFO - Sync 1 DAGs
[2025-01-06T12:19:04.923+0000] {logging_mixin.py:190} INFO - [2025-01-06T12:19:04.923+0000] {dag.py:4180} INFO - Setting next_dagrun for example_complex to None, run_after=None
[2025-01-06T12:19:04.929+0000] {processor.py:208} INFO - Processing /home/airflow/.local/lib/python3.12/site-packages/airflow/example_dags/example_complex.py took 0.035 seconds
[2025-01-06T12:19:17.867+0000] {processor.py:186} INFO - Started process (PID=36) to work on /home/airflow/.local/lib/python3.12/site-packages/airflow/example_dags/example_complex.py
[2025-01-06T12:19:17.867+0000] {processor.py:914} INFO - Processing file /home/airflow/.local/lib/python3.12/site-packages/airflow/example_dags/example_complex.py for tasks to queue
[2025-01-06T12:19:17.869+0000] {logging_mixin.py:190} INFO - [2025-01-06T12:19:17.868+0000] {dagbag.py:588} INFO - Filling up the DagBag from /home/airflow/.local/lib/python3.12/site-packages/airflow/example_dags/example_complex.py
[2025-01-06T12:19:17.874+0000] {processor.py:925} INFO - DAG(s) 'example_complex' retrieved from /home/airflow/.local/lib/python3.12/site-packages/airflow/example_dags/example_complex.py
[2025-01-06T12:19:17.888+0000] {logging_mixin.py:190} INFO - [2025-01-06T12:19:17.888+0000] {dag.py:3239} INFO - Sync 1 DAGs
[2025-01-06T12:19:17.893+0000] {logging_mixin.py:190} INFO - [2025-01-06T12:19:17.893+0000] {dag.py:4180} INFO - Setting next_dagrun for example_complex to None, run_after=None
[2025-01-06T12:19:17.899+0000] {processor.py:208} INFO - Processing /home/airflow/.local/lib/python3.12/site-packages/airflow/example_dags/example_complex.py took 0.035 seconds
[2025-01-06T12:33:10.340+0000] {processor.py:186} INFO - Started process (PID=38) to work on /home/airflow/.local/lib/python3.12/site-packages/airflow/example_dags/example_complex.py
[2025-01-06T12:33:10.341+0000] {processor.py:914} INFO - Processing file /home/airflow/.local/lib/python3.12/site-packages/airflow/example_dags/example_complex.py for tasks to queue
[2025-01-06T12:33:10.342+0000] {logging_mixin.py:190} INFO - [2025-01-06T12:33:10.342+0000] {dagbag.py:588} INFO - Filling up the DagBag from /home/airflow/.local/lib/python3.12/site-packages/airflow/example_dags/example_complex.py
[2025-01-06T12:33:10.348+0000] {processor.py:925} INFO - DAG(s) 'example_complex' retrieved from /home/airflow/.local/lib/python3.12/site-packages/airflow/example_dags/example_complex.py
[2025-01-06T12:33:10.395+0000] {logging_mixin.py:190} INFO - [2025-01-06T12:33:10.395+0000] {override.py:1911} INFO - Created Permission View: can delete on DAG:example_complex
[2025-01-06T12:33:10.398+0000] {logging_mixin.py:190} INFO - [2025-01-06T12:33:10.398+0000] {override.py:1911} INFO - Created Permission View: can read on DAG:example_complex
[2025-01-06T12:33:10.400+0000] {logging_mixin.py:190} INFO - [2025-01-06T12:33:10.400+0000] {override.py:1911} INFO - Created Permission View: can edit on DAG:example_complex
[2025-01-06T12:33:10.401+0000] {logging_mixin.py:190} INFO - [2025-01-06T12:33:10.401+0000] {override.py:1911} INFO - Created Permission View: menu access on DAG Run:example_complex
[2025-01-06T12:33:10.403+0000] {logging_mixin.py:190} INFO - [2025-01-06T12:33:10.403+0000] {override.py:1911} INFO - Created Permission View: can delete on DAG Run:example_complex
[2025-01-06T12:33:10.405+0000] {logging_mixin.py:190} INFO - [2025-01-06T12:33:10.405+0000] {override.py:1911} INFO - Created Permission View: can read on DAG Run:example_complex
[2025-01-06T12:33:10.406+0000] {logging_mixin.py:190} INFO - [2025-01-06T12:33:10.406+0000] {override.py:1911} INFO - Created Permission View: can create on DAG Run:example_complex
[2025-01-06T12:33:10.406+0000] {logging_mixin.py:190} INFO - [2025-01-06T12:33:10.406+0000] {dag.py:3239} INFO - Sync 1 DAGs
[2025-01-06T12:33:10.411+0000] {logging_mixin.py:190} INFO - [2025-01-06T12:33:10.411+0000] {dag.py:3262} INFO - Creating ORM DAG for example_complex
[2025-01-06T12:33:10.411+0000] {logging_mixin.py:190} INFO - [2025-01-06T12:33:10.411+0000] {dag.py:4180} INFO - Setting next_dagrun for example_complex to None, run_after=None
[2025-01-06T12:33:10.417+0000] {processor.py:208} INFO - Processing /home/airflow/.local/lib/python3.12/site-packages/airflow/example_dags/example_complex.py took 0.079 seconds
[2025-01-06T12:33:41.337+0000] {processor.py:186} INFO - Started process (PID=96) to work on /home/airflow/.local/lib/python3.12/site-packages/airflow/example_dags/example_complex.py
[2025-01-06T12:33:41.338+0000] {processor.py:914} INFO - Processing file /home/airflow/.local/lib/python3.12/site-packages/airflow/example_dags/example_complex.py for tasks to queue
[2025-01-06T12:33:41.339+0000] {logging_mixin.py:190} INFO - [2025-01-06T12:33:41.339+0000] {dagbag.py:588} INFO - Filling up the DagBag from /home/airflow/.local/lib/python3.12/site-packages/airflow/example_dags/example_complex.py
[2025-01-06T12:33:41.345+0000] {processor.py:925} INFO - DAG(s) 'example_complex' retrieved from /home/airflow/.local/lib/python3.12/site-packages/airflow/example_dags/example_complex.py
[2025-01-06T12:33:41.358+0000] {logging_mixin.py:190} INFO - [2025-01-06T12:33:41.358+0000] {dag.py:3239} INFO - Sync 1 DAGs
[2025-01-06T12:33:41.364+0000] {logging_mixin.py:190} INFO - [2025-01-06T12:33:41.363+0000] {dag.py:4180} INFO - Setting next_dagrun for example_complex to None, run_after=None
[2025-01-06T12:33:41.370+0000] {processor.py:208} INFO - Processing /home/airflow/.local/lib/python3.12/site-packages/airflow/example_dags/example_complex.py took 0.035 seconds
[2025-01-06T12:34:11.609+0000] {processor.py:186} INFO - Started process (PID=154) to work on /home/airflow/.local/lib/python3.12/site-packages/airflow/example_dags/example_complex.py
[2025-01-06T12:34:11.610+0000] {processor.py:914} INFO - Processing file /home/airflow/.local/lib/python3.12/site-packages/airflow/example_dags/example_complex.py for tasks to queue
[2025-01-06T12:34:11.611+0000] {logging_mixin.py:190} INFO - [2025-01-06T12:34:11.611+0000] {dagbag.py:588} INFO - Filling up the DagBag from /home/airflow/.local/lib/python3.12/site-packages/airflow/example_dags/example_complex.py
[2025-01-06T12:34:11.615+0000] {processor.py:925} INFO - DAG(s) 'example_complex' retrieved from /home/airflow/.local/lib/python3.12/site-packages/airflow/example_dags/example_complex.py
[2025-01-06T12:34:11.627+0000] {logging_mixin.py:190} INFO - [2025-01-06T12:34:11.627+0000] {dag.py:3239} INFO - Sync 1 DAGs
[2025-01-06T12:34:11.633+0000] {logging_mixin.py:190} INFO - [2025-01-06T12:34:11.633+0000] {dag.py:4180} INFO - Setting next_dagrun for example_complex to None, run_after=None
[2025-01-06T12:34:11.639+0000] {processor.py:208} INFO - Processing /home/airflow/.local/lib/python3.12/site-packages/airflow/example_dags/example_complex.py took 0.032 seconds
[2025-01-06T12:34:42.004+0000] {processor.py:186} INFO - Started process (PID=212) to work on /home/airflow/.local/lib/python3.12/site-packages/airflow/example_dags/example_complex.py
[2025-01-06T12:34:42.005+0000] {processor.py:914} INFO - Processing file /home/airflow/.local/lib/python3.12/site-packages/airflow/example_dags/example_complex.py for tasks to queue
[2025-01-06T12:34:42.006+0000] {logging_mixin.py:190} INFO - [2025-01-06T12:34:42.006+0000] {dagbag.py:588} INFO - Filling up the DagBag from /home/airflow/.local/lib/python3.12/site-packages/airflow/example_dags/example_complex.py
[2025-01-06T12:34:42.011+0000] {processor.py:925} INFO - DAG(s) 'example_complex' retrieved from /home/airflow/.local/lib/python3.12/site-packages/airflow/example_dags/example_complex.py
[2025-01-06T12:34:42.023+0000] {logging_mixin.py:190} INFO - [2025-01-06T12:34:42.022+0000] {dag.py:3239} INFO - Sync 1 DAGs
[2025-01-06T12:34:42.028+0000] {logging_mixin.py:190} INFO - [2025-01-06T12:34:42.028+0000] {dag.py:4180} INFO - Setting next_dagrun for example_complex to None, run_after=None
[2025-01-06T12:34:42.034+0000] {processor.py:208} INFO - Processing /home/airflow/.local/lib/python3.12/site-packages/airflow/example_dags/example_complex.py took 0.033 seconds
[2025-01-06T12:35:12.321+0000] {processor.py:186} INFO - Started process (PID=270) to work on /home/airflow/.local/lib/python3.12/site-packages/airflow/example_dags/example_complex.py
[2025-01-06T12:35:12.321+0000] {processor.py:914} INFO - Processing file /home/airflow/.local/lib/python3.12/site-packages/airflow/example_dags/example_complex.py for tasks to queue
[2025-01-06T12:35:12.322+0000] {logging_mixin.py:190} INFO - [2025-01-06T12:35:12.322+0000] {dagbag.py:588} INFO - Filling up the DagBag from /home/airflow/.local/lib/python3.12/site-packages/airflow/example_dags/example_complex.py
[2025-01-06T12:35:12.328+0000] {processor.py:925} INFO - DAG(s) 'example_complex' retrieved from /home/airflow/.local/lib/python3.12/site-packages/airflow/example_dags/example_complex.py
[2025-01-06T12:35:12.341+0000] {logging_mixin.py:190} INFO - [2025-01-06T12:35:12.341+0000] {dag.py:3239} INFO - Sync 1 DAGs
[2025-01-06T12:35:12.347+0000] {logging_mixin.py:190} INFO - [2025-01-06T12:35:12.347+0000] {dag.py:4180} INFO - Setting next_dagrun for example_complex to None, run_after=None
[2025-01-06T12:35:12.355+0000] {processor.py:208} INFO - Processing /home/airflow/.local/lib/python3.12/site-packages/airflow/example_dags/example_complex.py took 0.037 seconds
[2025-01-06T12:35:42.522+0000] {processor.py:186} INFO - Started process (PID=328) to work on /home/airflow/.local/lib/python3.12/site-packages/airflow/example_dags/example_complex.py
[2025-01-06T12:35:42.522+0000] {processor.py:914} INFO - Processing file /home/airflow/.local/lib/python3.12/site-packages/airflow/example_dags/example_complex.py for tasks to queue
[2025-01-06T12:35:42.523+0000] {logging_mixin.py:190} INFO - [2025-01-06T12:35:42.523+0000] {dagbag.py:588} INFO - Filling up the DagBag from /home/airflow/.local/lib/python3.12/site-packages/airflow/example_dags/example_complex.py
[2025-01-06T12:35:42.528+0000] {processor.py:925} INFO - DAG(s) 'example_complex' retrieved from /home/airflow/.local/lib/python3.12/site-packages/airflow/example_dags/example_complex.py
[2025-01-06T12:35:42.540+0000] {logging_mixin.py:190} INFO - [2025-01-06T12:35:42.540+0000] {dag.py:3239} INFO - Sync 1 DAGs
[2025-01-06T12:35:42.545+0000] {logging_mixin.py:190} INFO - [2025-01-06T12:35:42.545+0000] {dag.py:4180} INFO - Setting next_dagrun for example_complex to None, run_after=None
[2025-01-06T12:35:42.552+0000] {processor.py:208} INFO - Processing /home/airflow/.local/lib/python3.12/site-packages/airflow/example_dags/example_complex.py took 0.033 seconds
[2025-01-06T12:36:12.741+0000] {processor.py:186} INFO - Started process (PID=386) to work on /home/airflow/.local/lib/python3.12/site-packages/airflow/example_dags/example_complex.py
[2025-01-06T12:36:12.742+0000] {processor.py:914} INFO - Processing file /home/airflow/.local/lib/python3.12/site-packages/airflow/example_dags/example_complex.py for tasks to queue
[2025-01-06T12:36:12.743+0000] {logging_mixin.py:190} INFO - [2025-01-06T12:36:12.743+0000] {dagbag.py:588} INFO - Filling up the DagBag from /home/airflow/.local/lib/python3.12/site-packages/airflow/example_dags/example_complex.py
[2025-01-06T12:36:12.748+0000] {processor.py:925} INFO - DAG(s) 'example_complex' retrieved from /home/airflow/.local/lib/python3.12/site-packages/airflow/example_dags/example_complex.py
[2025-01-06T12:36:12.759+0000] {logging_mixin.py:190} INFO - [2025-01-06T12:36:12.759+0000] {dag.py:3239} INFO - Sync 1 DAGs
[2025-01-06T12:36:12.764+0000] {logging_mixin.py:190} INFO - [2025-01-06T12:36:12.764+0000] {dag.py:4180} INFO - Setting next_dagrun for example_complex to None, run_after=None
[2025-01-06T12:36:12.770+0000] {processor.py:208} INFO - Processing /home/airflow/.local/lib/python3.12/site-packages/airflow/example_dags/example_complex.py took 0.031 seconds
[2025-01-06T12:36:43.112+0000] {processor.py:186} INFO - Started process (PID=444) to work on /home/airflow/.local/lib/python3.12/site-packages/airflow/example_dags/example_complex.py
[2025-01-06T12:36:43.113+0000] {processor.py:914} INFO - Processing file /home/airflow/.local/lib/python3.12/site-packages/airflow/example_dags/example_complex.py for tasks to queue
[2025-01-06T12:36:43.114+0000] {logging_mixin.py:190} INFO - [2025-01-06T12:36:43.114+0000] {dagbag.py:588} INFO - Filling up the DagBag from /home/airflow/.local/lib/python3.12/site-packages/airflow/example_dags/example_complex.py
[2025-01-06T12:36:43.119+0000] {processor.py:925} INFO - DAG(s) 'example_complex' retrieved from /home/airflow/.local/lib/python3.12/site-packages/airflow/example_dags/example_complex.py
[2025-01-06T12:36:43.133+0000] {logging_mixin.py:190} INFO - [2025-01-06T12:36:43.133+0000] {dag.py:3239} INFO - Sync 1 DAGs
[2025-01-06T12:36:43.139+0000] {logging_mixin.py:190} INFO - [2025-01-06T12:36:43.139+0000] {dag.py:4180} INFO - Setting next_dagrun for example_complex to None, run_after=None
[2025-01-06T12:36:43.147+0000] {processor.py:208} INFO - Processing /home/airflow/.local/lib/python3.12/site-packages/airflow/example_dags/example_complex.py took 0.038 seconds
[2025-01-06T12:37:13.520+0000] {processor.py:186} INFO - Started process (PID=502) to work on /home/airflow/.local/lib/python3.12/site-packages/airflow/example_dags/example_complex.py
[2025-01-06T12:37:13.520+0000] {processor.py:914} INFO - Processing file /home/airflow/.local/lib/python3.12/site-packages/airflow/example_dags/example_complex.py for tasks to queue
[2025-01-06T12:37:13.521+0000] {logging_mixin.py:190} INFO - [2025-01-06T12:37:13.521+0000] {dagbag.py:588} INFO - Filling up the DagBag from /home/airflow/.local/lib/python3.12/site-packages/airflow/example_dags/example_complex.py
[2025-01-06T12:37:13.526+0000] {processor.py:925} INFO - DAG(s) 'example_complex' retrieved from /home/airflow/.local/lib/python3.12/site-packages/airflow/example_dags/example_complex.py
[2025-01-06T12:37:13.538+0000] {logging_mixin.py:190} INFO - [2025-01-06T12:37:13.538+0000] {dag.py:3239} INFO - Sync 1 DAGs
[2025-01-06T12:37:13.543+0000] {logging_mixin.py:190} INFO - [2025-01-06T12:37:13.543+0000] {dag.py:4180} INFO - Setting next_dagrun for example_complex to None, run_after=None
[2025-01-06T12:37:13.549+0000] {processor.py:208} INFO - Processing /home/airflow/.local/lib/python3.12/site-packages/airflow/example_dags/example_complex.py took 0.032 seconds
