[2025-01-06T12:17:47.271+0000] {processor.py:186} INFO - Started process (PID=48) to work on /home/airflow/.local/lib/python3.12/site-packages/airflow/example_dags/example_latest_only_with_trigger.py
[2025-01-06T12:17:47.272+0000] {processor.py:914} INFO - Processing file /home/airflow/.local/lib/python3.12/site-packages/airflow/example_dags/example_latest_only_with_trigger.py for tasks to queue
[2025-01-06T12:17:47.274+0000] {logging_mixin.py:190} INFO - [2025-01-06T12:17:47.273+0000] {dagbag.py:588} INFO - Filling up the DagBag from /home/airflow/.local/lib/python3.12/site-packages/airflow/example_dags/example_latest_only_with_trigger.py
[2025-01-06T12:17:47.281+0000] {processor.py:925} INFO - DAG(s) 'latest_only_with_trigger' retrieved from /home/airflow/.local/lib/python3.12/site-packages/airflow/example_dags/example_latest_only_with_trigger.py
[2025-01-06T12:17:47.338+0000] {logging_mixin.py:190} INFO - [2025-01-06T12:17:47.335+0000] {override.py:1911} INFO - Created Permission View: can edit on DAG:latest_only_with_trigger
[2025-01-06T12:17:47.422+0000] {logging_mixin.py:190} INFO - [2025-01-06T12:17:47.416+0000] {override.py:1911} INFO - Created Permission View: can read on DAG:latest_only_with_trigger
[2025-01-06T12:17:47.427+0000] {logging_mixin.py:190} INFO - [2025-01-06T12:17:47.427+0000] {override.py:1911} INFO - Created Permission View: can delete on DAG:latest_only_with_trigger
[2025-01-06T12:17:47.433+0000] {logging_mixin.py:190} INFO - [2025-01-06T12:17:47.432+0000] {override.py:1911} INFO - Created Permission View: can read on DAG Run:latest_only_with_trigger
[2025-01-06T12:17:47.435+0000] {logging_mixin.py:190} INFO - [2025-01-06T12:17:47.435+0000] {override.py:1911} INFO - Created Permission View: can create on DAG Run:latest_only_with_trigger
[2025-01-06T12:17:47.437+0000] {logging_mixin.py:190} INFO - [2025-01-06T12:17:47.437+0000] {override.py:1911} INFO - Created Permission View: menu access on DAG Run:latest_only_with_trigger
[2025-01-06T12:17:47.439+0000] {logging_mixin.py:190} INFO - [2025-01-06T12:17:47.439+0000] {override.py:1911} INFO - Created Permission View: can delete on DAG Run:latest_only_with_trigger
[2025-01-06T12:17:47.439+0000] {logging_mixin.py:190} INFO - [2025-01-06T12:17:47.439+0000] {dag.py:3239} INFO - Sync 1 DAGs
[2025-01-06T12:17:47.445+0000] {logging_mixin.py:190} INFO - [2025-01-06T12:17:47.445+0000] {dag.py:3262} INFO - Creating ORM DAG for latest_only_with_trigger
[2025-01-06T12:17:47.450+0000] {logging_mixin.py:190} INFO - [2025-01-06T12:17:47.449+0000] {dag.py:4180} INFO - Setting next_dagrun for latest_only_with_trigger to 2025-01-06 08:00:00+00:00, run_after=2025-01-06 12:00:00+00:00
[2025-01-06T12:17:47.456+0000] {processor.py:208} INFO - Processing /home/airflow/.local/lib/python3.12/site-packages/airflow/example_dags/example_latest_only_with_trigger.py took 0.188 seconds
[2025-01-06T12:18:01.060+0000] {processor.py:186} INFO - Started process (PID=48) to work on /home/airflow/.local/lib/python3.12/site-packages/airflow/example_dags/example_latest_only_with_trigger.py
[2025-01-06T12:18:01.061+0000] {processor.py:914} INFO - Processing file /home/airflow/.local/lib/python3.12/site-packages/airflow/example_dags/example_latest_only_with_trigger.py for tasks to queue
[2025-01-06T12:18:01.062+0000] {logging_mixin.py:190} INFO - [2025-01-06T12:18:01.062+0000] {dagbag.py:588} INFO - Filling up the DagBag from /home/airflow/.local/lib/python3.12/site-packages/airflow/example_dags/example_latest_only_with_trigger.py
[2025-01-06T12:18:01.066+0000] {processor.py:925} INFO - DAG(s) 'latest_only_with_trigger' retrieved from /home/airflow/.local/lib/python3.12/site-packages/airflow/example_dags/example_latest_only_with_trigger.py
[2025-01-06T12:18:01.073+0000] {logging_mixin.py:190} INFO - [2025-01-06T12:18:01.072+0000] {dag.py:3239} INFO - Sync 1 DAGs
[2025-01-06T12:18:01.084+0000] {logging_mixin.py:190} INFO - [2025-01-06T12:18:01.084+0000] {dag.py:4180} INFO - Setting next_dagrun for latest_only_with_trigger to 2025-01-06 08:00:00+00:00, run_after=2025-01-06 12:00:00+00:00
[2025-01-06T12:18:01.091+0000] {processor.py:208} INFO - Processing /home/airflow/.local/lib/python3.12/site-packages/airflow/example_dags/example_latest_only_with_trigger.py took 0.034 seconds
[2025-01-06T12:18:14.727+0000] {processor.py:186} INFO - Started process (PID=48) to work on /home/airflow/.local/lib/python3.12/site-packages/airflow/example_dags/example_latest_only_with_trigger.py
[2025-01-06T12:18:14.728+0000] {processor.py:914} INFO - Processing file /home/airflow/.local/lib/python3.12/site-packages/airflow/example_dags/example_latest_only_with_trigger.py for tasks to queue
[2025-01-06T12:18:14.729+0000] {logging_mixin.py:190} INFO - [2025-01-06T12:18:14.729+0000] {dagbag.py:588} INFO - Filling up the DagBag from /home/airflow/.local/lib/python3.12/site-packages/airflow/example_dags/example_latest_only_with_trigger.py
[2025-01-06T12:18:14.734+0000] {processor.py:925} INFO - DAG(s) 'latest_only_with_trigger' retrieved from /home/airflow/.local/lib/python3.12/site-packages/airflow/example_dags/example_latest_only_with_trigger.py
[2025-01-06T12:18:14.740+0000] {logging_mixin.py:190} INFO - [2025-01-06T12:18:14.740+0000] {dag.py:3239} INFO - Sync 1 DAGs
[2025-01-06T12:18:14.750+0000] {logging_mixin.py:190} INFO - [2025-01-06T12:18:14.750+0000] {dag.py:4180} INFO - Setting next_dagrun for latest_only_with_trigger to 2025-01-06 08:00:00+00:00, run_after=2025-01-06 12:00:00+00:00
[2025-01-06T12:18:14.757+0000] {processor.py:208} INFO - Processing /home/airflow/.local/lib/python3.12/site-packages/airflow/example_dags/example_latest_only_with_trigger.py took 0.032 seconds
[2025-01-06T12:18:28.718+0000] {processor.py:186} INFO - Started process (PID=48) to work on /home/airflow/.local/lib/python3.12/site-packages/airflow/example_dags/example_latest_only_with_trigger.py
[2025-01-06T12:18:28.718+0000] {processor.py:914} INFO - Processing file /home/airflow/.local/lib/python3.12/site-packages/airflow/example_dags/example_latest_only_with_trigger.py for tasks to queue
[2025-01-06T12:18:28.720+0000] {logging_mixin.py:190} INFO - [2025-01-06T12:18:28.719+0000] {dagbag.py:588} INFO - Filling up the DagBag from /home/airflow/.local/lib/python3.12/site-packages/airflow/example_dags/example_latest_only_with_trigger.py
[2025-01-06T12:18:28.725+0000] {processor.py:925} INFO - DAG(s) 'latest_only_with_trigger' retrieved from /home/airflow/.local/lib/python3.12/site-packages/airflow/example_dags/example_latest_only_with_trigger.py
[2025-01-06T12:18:28.734+0000] {logging_mixin.py:190} INFO - [2025-01-06T12:18:28.734+0000] {dag.py:3239} INFO - Sync 1 DAGs
[2025-01-06T12:18:28.743+0000] {logging_mixin.py:190} INFO - [2025-01-06T12:18:28.743+0000] {dag.py:4180} INFO - Setting next_dagrun for latest_only_with_trigger to 2025-01-06 08:00:00+00:00, run_after=2025-01-06 12:00:00+00:00
[2025-01-06T12:18:28.753+0000] {processor.py:208} INFO - Processing /home/airflow/.local/lib/python3.12/site-packages/airflow/example_dags/example_latest_only_with_trigger.py took 0.038 seconds
[2025-01-06T12:18:39.700+0000] {processor.py:186} INFO - Started process (PID=48) to work on /home/airflow/.local/lib/python3.12/site-packages/airflow/example_dags/example_latest_only_with_trigger.py
[2025-01-06T12:18:39.701+0000] {processor.py:914} INFO - Processing file /home/airflow/.local/lib/python3.12/site-packages/airflow/example_dags/example_latest_only_with_trigger.py for tasks to queue
[2025-01-06T12:18:39.702+0000] {logging_mixin.py:190} INFO - [2025-01-06T12:18:39.702+0000] {dagbag.py:588} INFO - Filling up the DagBag from /home/airflow/.local/lib/python3.12/site-packages/airflow/example_dags/example_latest_only_with_trigger.py
[2025-01-06T12:18:39.707+0000] {processor.py:925} INFO - DAG(s) 'latest_only_with_trigger' retrieved from /home/airflow/.local/lib/python3.12/site-packages/airflow/example_dags/example_latest_only_with_trigger.py
[2025-01-06T12:18:39.716+0000] {logging_mixin.py:190} INFO - [2025-01-06T12:18:39.716+0000] {dag.py:3239} INFO - Sync 1 DAGs
[2025-01-06T12:18:39.726+0000] {logging_mixin.py:190} INFO - [2025-01-06T12:18:39.726+0000] {dag.py:4180} INFO - Setting next_dagrun for latest_only_with_trigger to 2025-01-06 08:00:00+00:00, run_after=2025-01-06 12:00:00+00:00
[2025-01-06T12:18:39.734+0000] {processor.py:208} INFO - Processing /home/airflow/.local/lib/python3.12/site-packages/airflow/example_dags/example_latest_only_with_trigger.py took 0.036 seconds
[2025-01-06T12:19:18.662+0000] {processor.py:186} INFO - Started process (PID=48) to work on /home/airflow/.local/lib/python3.12/site-packages/airflow/example_dags/example_latest_only_with_trigger.py
[2025-01-06T12:19:18.663+0000] {processor.py:914} INFO - Processing file /home/airflow/.local/lib/python3.12/site-packages/airflow/example_dags/example_latest_only_with_trigger.py for tasks to queue
[2025-01-06T12:19:18.664+0000] {logging_mixin.py:190} INFO - [2025-01-06T12:19:18.664+0000] {dagbag.py:588} INFO - Filling up the DagBag from /home/airflow/.local/lib/python3.12/site-packages/airflow/example_dags/example_latest_only_with_trigger.py
[2025-01-06T12:19:18.669+0000] {processor.py:925} INFO - DAG(s) 'latest_only_with_trigger' retrieved from /home/airflow/.local/lib/python3.12/site-packages/airflow/example_dags/example_latest_only_with_trigger.py
[2025-01-06T12:19:18.677+0000] {logging_mixin.py:190} INFO - [2025-01-06T12:19:18.677+0000] {dag.py:3239} INFO - Sync 1 DAGs
[2025-01-06T12:19:18.687+0000] {logging_mixin.py:190} INFO - [2025-01-06T12:19:18.687+0000] {dag.py:4180} INFO - Setting next_dagrun for latest_only_with_trigger to 2025-01-06 08:00:00+00:00, run_after=2025-01-06 12:00:00+00:00
[2025-01-06T12:19:18.695+0000] {processor.py:208} INFO - Processing /home/airflow/.local/lib/python3.12/site-packages/airflow/example_dags/example_latest_only_with_trigger.py took 0.035 seconds
[2025-01-06T12:33:12.011+0000] {processor.py:186} INFO - Started process (PID=50) to work on /home/airflow/.local/lib/python3.12/site-packages/airflow/example_dags/example_latest_only_with_trigger.py
[2025-01-06T12:33:12.011+0000] {processor.py:914} INFO - Processing file /home/airflow/.local/lib/python3.12/site-packages/airflow/example_dags/example_latest_only_with_trigger.py for tasks to queue
[2025-01-06T12:33:12.012+0000] {logging_mixin.py:190} INFO - [2025-01-06T12:33:12.012+0000] {dagbag.py:588} INFO - Filling up the DagBag from /home/airflow/.local/lib/python3.12/site-packages/airflow/example_dags/example_latest_only_with_trigger.py
[2025-01-06T12:33:12.018+0000] {processor.py:925} INFO - DAG(s) 'latest_only_with_trigger' retrieved from /home/airflow/.local/lib/python3.12/site-packages/airflow/example_dags/example_latest_only_with_trigger.py
[2025-01-06T12:33:12.061+0000] {logging_mixin.py:190} INFO - [2025-01-06T12:33:12.060+0000] {override.py:1911} INFO - Created Permission View: can delete on DAG:latest_only_with_trigger
[2025-01-06T12:33:12.064+0000] {logging_mixin.py:190} INFO - [2025-01-06T12:33:12.064+0000] {override.py:1911} INFO - Created Permission View: can read on DAG:latest_only_with_trigger
[2025-01-06T12:33:12.065+0000] {logging_mixin.py:190} INFO - [2025-01-06T12:33:12.065+0000] {override.py:1911} INFO - Created Permission View: can edit on DAG:latest_only_with_trigger
[2025-01-06T12:33:12.067+0000] {logging_mixin.py:190} INFO - [2025-01-06T12:33:12.067+0000] {override.py:1911} INFO - Created Permission View: menu access on DAG Run:latest_only_with_trigger
[2025-01-06T12:33:12.069+0000] {logging_mixin.py:190} INFO - [2025-01-06T12:33:12.069+0000] {override.py:1911} INFO - Created Permission View: can delete on DAG Run:latest_only_with_trigger
[2025-01-06T12:33:12.070+0000] {logging_mixin.py:190} INFO - [2025-01-06T12:33:12.070+0000] {override.py:1911} INFO - Created Permission View: can read on DAG Run:latest_only_with_trigger
[2025-01-06T12:33:12.072+0000] {logging_mixin.py:190} INFO - [2025-01-06T12:33:12.072+0000] {override.py:1911} INFO - Created Permission View: can create on DAG Run:latest_only_with_trigger
[2025-01-06T12:33:12.072+0000] {logging_mixin.py:190} INFO - [2025-01-06T12:33:12.072+0000] {dag.py:3239} INFO - Sync 1 DAGs
[2025-01-06T12:33:12.077+0000] {logging_mixin.py:190} INFO - [2025-01-06T12:33:12.077+0000] {dag.py:3262} INFO - Creating ORM DAG for latest_only_with_trigger
[2025-01-06T12:33:12.081+0000] {logging_mixin.py:190} INFO - [2025-01-06T12:33:12.081+0000] {dag.py:4180} INFO - Setting next_dagrun for latest_only_with_trigger to 2025-01-06 08:00:00+00:00, run_after=2025-01-06 12:00:00+00:00
[2025-01-06T12:33:12.087+0000] {processor.py:208} INFO - Processing /home/airflow/.local/lib/python3.12/site-packages/airflow/example_dags/example_latest_only_with_trigger.py took 0.079 seconds
[2025-01-06T12:33:43.093+0000] {processor.py:186} INFO - Started process (PID=108) to work on /home/airflow/.local/lib/python3.12/site-packages/airflow/example_dags/example_latest_only_with_trigger.py
[2025-01-06T12:33:43.094+0000] {processor.py:914} INFO - Processing file /home/airflow/.local/lib/python3.12/site-packages/airflow/example_dags/example_latest_only_with_trigger.py for tasks to queue
[2025-01-06T12:33:43.096+0000] {logging_mixin.py:190} INFO - [2025-01-06T12:33:43.095+0000] {dagbag.py:588} INFO - Filling up the DagBag from /home/airflow/.local/lib/python3.12/site-packages/airflow/example_dags/example_latest_only_with_trigger.py
[2025-01-06T12:33:43.102+0000] {processor.py:925} INFO - DAG(s) 'latest_only_with_trigger' retrieved from /home/airflow/.local/lib/python3.12/site-packages/airflow/example_dags/example_latest_only_with_trigger.py
[2025-01-06T12:33:43.114+0000] {logging_mixin.py:190} INFO - [2025-01-06T12:33:43.114+0000] {dag.py:3239} INFO - Sync 1 DAGs
[2025-01-06T12:33:43.126+0000] {logging_mixin.py:190} INFO - [2025-01-06T12:33:43.126+0000] {dag.py:4180} INFO - Setting next_dagrun for latest_only_with_trigger to 2025-01-06 08:00:00+00:00, run_after=2025-01-06 12:00:00+00:00
[2025-01-06T12:33:43.133+0000] {processor.py:208} INFO - Processing /home/airflow/.local/lib/python3.12/site-packages/airflow/example_dags/example_latest_only_with_trigger.py took 0.045 seconds
[2025-01-06T12:34:13.394+0000] {processor.py:186} INFO - Started process (PID=165) to work on /home/airflow/.local/lib/python3.12/site-packages/airflow/example_dags/example_latest_only_with_trigger.py
[2025-01-06T12:34:13.394+0000] {processor.py:914} INFO - Processing file /home/airflow/.local/lib/python3.12/site-packages/airflow/example_dags/example_latest_only_with_trigger.py for tasks to queue
[2025-01-06T12:34:13.396+0000] {logging_mixin.py:190} INFO - [2025-01-06T12:34:13.396+0000] {dagbag.py:588} INFO - Filling up the DagBag from /home/airflow/.local/lib/python3.12/site-packages/airflow/example_dags/example_latest_only_with_trigger.py
[2025-01-06T12:34:13.402+0000] {processor.py:925} INFO - DAG(s) 'latest_only_with_trigger' retrieved from /home/airflow/.local/lib/python3.12/site-packages/airflow/example_dags/example_latest_only_with_trigger.py
[2025-01-06T12:34:13.413+0000] {logging_mixin.py:190} INFO - [2025-01-06T12:34:13.413+0000] {dag.py:3239} INFO - Sync 1 DAGs
[2025-01-06T12:34:13.424+0000] {logging_mixin.py:190} INFO - [2025-01-06T12:34:13.424+0000] {dag.py:4180} INFO - Setting next_dagrun for latest_only_with_trigger to 2025-01-06 08:00:00+00:00, run_after=2025-01-06 12:00:00+00:00
[2025-01-06T12:34:13.431+0000] {processor.py:208} INFO - Processing /home/airflow/.local/lib/python3.12/site-packages/airflow/example_dags/example_latest_only_with_trigger.py took 0.042 seconds
[2025-01-06T12:34:43.645+0000] {processor.py:186} INFO - Started process (PID=223) to work on /home/airflow/.local/lib/python3.12/site-packages/airflow/example_dags/example_latest_only_with_trigger.py
[2025-01-06T12:34:43.646+0000] {processor.py:914} INFO - Processing file /home/airflow/.local/lib/python3.12/site-packages/airflow/example_dags/example_latest_only_with_trigger.py for tasks to queue
[2025-01-06T12:34:43.648+0000] {logging_mixin.py:190} INFO - [2025-01-06T12:34:43.647+0000] {dagbag.py:588} INFO - Filling up the DagBag from /home/airflow/.local/lib/python3.12/site-packages/airflow/example_dags/example_latest_only_with_trigger.py
[2025-01-06T12:34:43.655+0000] {processor.py:925} INFO - DAG(s) 'latest_only_with_trigger' retrieved from /home/airflow/.local/lib/python3.12/site-packages/airflow/example_dags/example_latest_only_with_trigger.py
[2025-01-06T12:34:43.671+0000] {logging_mixin.py:190} INFO - [2025-01-06T12:34:43.671+0000] {dag.py:3239} INFO - Sync 1 DAGs
[2025-01-06T12:34:43.687+0000] {logging_mixin.py:190} INFO - [2025-01-06T12:34:43.686+0000] {dag.py:4180} INFO - Setting next_dagrun for latest_only_with_trigger to 2025-01-06 08:00:00+00:00, run_after=2025-01-06 12:00:00+00:00
[2025-01-06T12:34:43.695+0000] {processor.py:208} INFO - Processing /home/airflow/.local/lib/python3.12/site-packages/airflow/example_dags/example_latest_only_with_trigger.py took 0.057 seconds
[2025-01-06T12:35:13.945+0000] {processor.py:186} INFO - Started process (PID=281) to work on /home/airflow/.local/lib/python3.12/site-packages/airflow/example_dags/example_latest_only_with_trigger.py
[2025-01-06T12:35:13.945+0000] {processor.py:914} INFO - Processing file /home/airflow/.local/lib/python3.12/site-packages/airflow/example_dags/example_latest_only_with_trigger.py for tasks to queue
[2025-01-06T12:35:13.947+0000] {logging_mixin.py:190} INFO - [2025-01-06T12:35:13.946+0000] {dagbag.py:588} INFO - Filling up the DagBag from /home/airflow/.local/lib/python3.12/site-packages/airflow/example_dags/example_latest_only_with_trigger.py
[2025-01-06T12:35:13.951+0000] {processor.py:925} INFO - DAG(s) 'latest_only_with_trigger' retrieved from /home/airflow/.local/lib/python3.12/site-packages/airflow/example_dags/example_latest_only_with_trigger.py
[2025-01-06T12:35:13.961+0000] {logging_mixin.py:190} INFO - [2025-01-06T12:35:13.961+0000] {dag.py:3239} INFO - Sync 1 DAGs
[2025-01-06T12:35:13.972+0000] {logging_mixin.py:190} INFO - [2025-01-06T12:35:13.972+0000] {dag.py:4180} INFO - Setting next_dagrun for latest_only_with_trigger to 2025-01-06 08:00:00+00:00, run_after=2025-01-06 12:00:00+00:00
[2025-01-06T12:35:13.981+0000] {processor.py:208} INFO - Processing /home/airflow/.local/lib/python3.12/site-packages/airflow/example_dags/example_latest_only_with_trigger.py took 0.041 seconds
[2025-01-06T12:35:44.239+0000] {processor.py:186} INFO - Started process (PID=339) to work on /home/airflow/.local/lib/python3.12/site-packages/airflow/example_dags/example_latest_only_with_trigger.py
[2025-01-06T12:35:44.240+0000] {processor.py:914} INFO - Processing file /home/airflow/.local/lib/python3.12/site-packages/airflow/example_dags/example_latest_only_with_trigger.py for tasks to queue
[2025-01-06T12:35:44.242+0000] {logging_mixin.py:190} INFO - [2025-01-06T12:35:44.242+0000] {dagbag.py:588} INFO - Filling up the DagBag from /home/airflow/.local/lib/python3.12/site-packages/airflow/example_dags/example_latest_only_with_trigger.py
[2025-01-06T12:35:44.248+0000] {processor.py:925} INFO - DAG(s) 'latest_only_with_trigger' retrieved from /home/airflow/.local/lib/python3.12/site-packages/airflow/example_dags/example_latest_only_with_trigger.py
[2025-01-06T12:35:44.259+0000] {logging_mixin.py:190} INFO - [2025-01-06T12:35:44.259+0000] {dag.py:3239} INFO - Sync 1 DAGs
[2025-01-06T12:35:44.270+0000] {logging_mixin.py:190} INFO - [2025-01-06T12:35:44.270+0000] {dag.py:4180} INFO - Setting next_dagrun for latest_only_with_trigger to 2025-01-06 08:00:00+00:00, run_after=2025-01-06 12:00:00+00:00
[2025-01-06T12:35:44.277+0000] {processor.py:208} INFO - Processing /home/airflow/.local/lib/python3.12/site-packages/airflow/example_dags/example_latest_only_with_trigger.py took 0.044 seconds
[2025-01-06T12:36:14.447+0000] {processor.py:186} INFO - Started process (PID=397) to work on /home/airflow/.local/lib/python3.12/site-packages/airflow/example_dags/example_latest_only_with_trigger.py
[2025-01-06T12:36:14.448+0000] {processor.py:914} INFO - Processing file /home/airflow/.local/lib/python3.12/site-packages/airflow/example_dags/example_latest_only_with_trigger.py for tasks to queue
[2025-01-06T12:36:14.449+0000] {logging_mixin.py:190} INFO - [2025-01-06T12:36:14.449+0000] {dagbag.py:588} INFO - Filling up the DagBag from /home/airflow/.local/lib/python3.12/site-packages/airflow/example_dags/example_latest_only_with_trigger.py
[2025-01-06T12:36:14.453+0000] {processor.py:925} INFO - DAG(s) 'latest_only_with_trigger' retrieved from /home/airflow/.local/lib/python3.12/site-packages/airflow/example_dags/example_latest_only_with_trigger.py
[2025-01-06T12:36:14.461+0000] {logging_mixin.py:190} INFO - [2025-01-06T12:36:14.461+0000] {dag.py:3239} INFO - Sync 1 DAGs
[2025-01-06T12:36:14.469+0000] {logging_mixin.py:190} INFO - [2025-01-06T12:36:14.469+0000] {dag.py:4180} INFO - Setting next_dagrun for latest_only_with_trigger to 2025-01-06 08:00:00+00:00, run_after=2025-01-06 12:00:00+00:00
[2025-01-06T12:36:14.475+0000] {processor.py:208} INFO - Processing /home/airflow/.local/lib/python3.12/site-packages/airflow/example_dags/example_latest_only_with_trigger.py took 0.030 seconds
[2025-01-06T12:36:44.931+0000] {processor.py:186} INFO - Started process (PID=455) to work on /home/airflow/.local/lib/python3.12/site-packages/airflow/example_dags/example_latest_only_with_trigger.py
[2025-01-06T12:36:44.932+0000] {processor.py:914} INFO - Processing file /home/airflow/.local/lib/python3.12/site-packages/airflow/example_dags/example_latest_only_with_trigger.py for tasks to queue
[2025-01-06T12:36:44.933+0000] {logging_mixin.py:190} INFO - [2025-01-06T12:36:44.933+0000] {dagbag.py:588} INFO - Filling up the DagBag from /home/airflow/.local/lib/python3.12/site-packages/airflow/example_dags/example_latest_only_with_trigger.py
[2025-01-06T12:36:44.936+0000] {processor.py:925} INFO - DAG(s) 'latest_only_with_trigger' retrieved from /home/airflow/.local/lib/python3.12/site-packages/airflow/example_dags/example_latest_only_with_trigger.py
[2025-01-06T12:36:44.944+0000] {logging_mixin.py:190} INFO - [2025-01-06T12:36:44.944+0000] {dag.py:3239} INFO - Sync 1 DAGs
[2025-01-06T12:36:44.953+0000] {logging_mixin.py:190} INFO - [2025-01-06T12:36:44.953+0000] {dag.py:4180} INFO - Setting next_dagrun for latest_only_with_trigger to 2025-01-06 08:00:00+00:00, run_after=2025-01-06 12:00:00+00:00
[2025-01-06T12:36:44.959+0000] {processor.py:208} INFO - Processing /home/airflow/.local/lib/python3.12/site-packages/airflow/example_dags/example_latest_only_with_trigger.py took 0.030 seconds
[2025-01-06T12:37:16.090+0000] {processor.py:186} INFO - Started process (PID=513) to work on /home/airflow/.local/lib/python3.12/site-packages/airflow/example_dags/example_latest_only_with_trigger.py
[2025-01-06T12:37:16.090+0000] {processor.py:914} INFO - Processing file /home/airflow/.local/lib/python3.12/site-packages/airflow/example_dags/example_latest_only_with_trigger.py for tasks to queue
[2025-01-06T12:37:16.091+0000] {logging_mixin.py:190} INFO - [2025-01-06T12:37:16.091+0000] {dagbag.py:588} INFO - Filling up the DagBag from /home/airflow/.local/lib/python3.12/site-packages/airflow/example_dags/example_latest_only_with_trigger.py
[2025-01-06T12:37:16.094+0000] {processor.py:925} INFO - DAG(s) 'latest_only_with_trigger' retrieved from /home/airflow/.local/lib/python3.12/site-packages/airflow/example_dags/example_latest_only_with_trigger.py
[2025-01-06T12:37:16.102+0000] {logging_mixin.py:190} INFO - [2025-01-06T12:37:16.102+0000] {dag.py:3239} INFO - Sync 1 DAGs
[2025-01-06T12:37:16.111+0000] {logging_mixin.py:190} INFO - [2025-01-06T12:37:16.111+0000] {dag.py:4180} INFO - Setting next_dagrun for latest_only_with_trigger to 2025-01-06 08:00:00+00:00, run_after=2025-01-06 12:00:00+00:00
[2025-01-06T12:37:16.117+0000] {processor.py:208} INFO - Processing /home/airflow/.local/lib/python3.12/site-packages/airflow/example_dags/example_latest_only_with_trigger.py took 0.030 seconds
