[2025-01-06T12:17:45.733+0000] {processor.py:186} INFO - Started process (PID=37) to work on /home/airflow/.local/lib/python3.12/site-packages/airflow/example_dags/example_dag_decorator.py
[2025-01-06T12:17:45.733+0000] {processor.py:914} INFO - Processing file /home/airflow/.local/lib/python3.12/site-packages/airflow/example_dags/example_dag_decorator.py for tasks to queue
[2025-01-06T12:17:45.735+0000] {logging_mixin.py:190} INFO - [2025-01-06T12:17:45.734+0000] {dagbag.py:588} INFO - Filling up the DagBag from /home/airflow/.local/lib/python3.12/site-packages/airflow/example_dags/example_dag_decorator.py
[2025-01-06T12:17:45.741+0000] {processor.py:925} INFO - DAG(s) 'example_dag_decorator' retrieved from /home/airflow/.local/lib/python3.12/site-packages/airflow/example_dags/example_dag_decorator.py
[2025-01-06T12:17:45.784+0000] {logging_mixin.py:190} INFO - [2025-01-06T12:17:45.784+0000] {override.py:1911} INFO - Created Permission View: can edit on DAG:example_dag_decorator
[2025-01-06T12:17:45.788+0000] {logging_mixin.py:190} INFO - [2025-01-06T12:17:45.788+0000] {override.py:1911} INFO - Created Permission View: can read on DAG:example_dag_decorator
[2025-01-06T12:17:45.791+0000] {logging_mixin.py:190} INFO - [2025-01-06T12:17:45.790+0000] {override.py:1911} INFO - Created Permission View: can delete on DAG:example_dag_decorator
[2025-01-06T12:17:45.795+0000] {logging_mixin.py:190} INFO - [2025-01-06T12:17:45.795+0000] {override.py:1911} INFO - Created Permission View: can read on DAG Run:example_dag_decorator
[2025-01-06T12:17:45.797+0000] {logging_mixin.py:190} INFO - [2025-01-06T12:17:45.797+0000] {override.py:1911} INFO - Created Permission View: can create on DAG Run:example_dag_decorator
[2025-01-06T12:17:45.798+0000] {logging_mixin.py:190} INFO - [2025-01-06T12:17:45.798+0000] {override.py:1911} INFO - Created Permission View: menu access on DAG Run:example_dag_decorator
[2025-01-06T12:17:45.800+0000] {logging_mixin.py:190} INFO - [2025-01-06T12:17:45.800+0000] {override.py:1911} INFO - Created Permission View: can delete on DAG Run:example_dag_decorator
[2025-01-06T12:17:45.800+0000] {logging_mixin.py:190} INFO - [2025-01-06T12:17:45.800+0000] {dag.py:3239} INFO - Sync 1 DAGs
[2025-01-06T12:17:45.805+0000] {logging_mixin.py:190} INFO - [2025-01-06T12:17:45.804+0000] {dag.py:3262} INFO - Creating ORM DAG for example_dag_decorator
[2025-01-06T12:17:45.805+0000] {logging_mixin.py:190} INFO - [2025-01-06T12:17:45.805+0000] {dag.py:4180} INFO - Setting next_dagrun for example_dag_decorator to None, run_after=None
[2025-01-06T12:17:45.809+0000] {processor.py:208} INFO - Processing /home/airflow/.local/lib/python3.12/site-packages/airflow/example_dags/example_dag_decorator.py took 0.079 seconds
[2025-01-06T12:18:00.202+0000] {processor.py:186} INFO - Started process (PID=37) to work on /home/airflow/.local/lib/python3.12/site-packages/airflow/example_dags/example_dag_decorator.py
[2025-01-06T12:18:00.202+0000] {processor.py:914} INFO - Processing file /home/airflow/.local/lib/python3.12/site-packages/airflow/example_dags/example_dag_decorator.py for tasks to queue
[2025-01-06T12:18:00.203+0000] {logging_mixin.py:190} INFO - [2025-01-06T12:18:00.203+0000] {dagbag.py:588} INFO - Filling up the DagBag from /home/airflow/.local/lib/python3.12/site-packages/airflow/example_dags/example_dag_decorator.py
[2025-01-06T12:18:00.209+0000] {processor.py:925} INFO - DAG(s) 'example_dag_decorator' retrieved from /home/airflow/.local/lib/python3.12/site-packages/airflow/example_dags/example_dag_decorator.py
[2025-01-06T12:18:00.213+0000] {logging_mixin.py:190} INFO - [2025-01-06T12:18:00.213+0000] {dag.py:3239} INFO - Sync 1 DAGs
[2025-01-06T12:18:00.220+0000] {logging_mixin.py:190} INFO - [2025-01-06T12:18:00.220+0000] {dag.py:4180} INFO - Setting next_dagrun for example_dag_decorator to None, run_after=None
[2025-01-06T12:18:00.227+0000] {processor.py:208} INFO - Processing /home/airflow/.local/lib/python3.12/site-packages/airflow/example_dags/example_dag_decorator.py took 0.027 seconds
[2025-01-06T12:18:13.862+0000] {processor.py:186} INFO - Started process (PID=37) to work on /home/airflow/.local/lib/python3.12/site-packages/airflow/example_dags/example_dag_decorator.py
[2025-01-06T12:18:13.862+0000] {processor.py:914} INFO - Processing file /home/airflow/.local/lib/python3.12/site-packages/airflow/example_dags/example_dag_decorator.py for tasks to queue
[2025-01-06T12:18:13.863+0000] {logging_mixin.py:190} INFO - [2025-01-06T12:18:13.863+0000] {dagbag.py:588} INFO - Filling up the DagBag from /home/airflow/.local/lib/python3.12/site-packages/airflow/example_dags/example_dag_decorator.py
[2025-01-06T12:18:13.868+0000] {processor.py:925} INFO - DAG(s) 'example_dag_decorator' retrieved from /home/airflow/.local/lib/python3.12/site-packages/airflow/example_dags/example_dag_decorator.py
[2025-01-06T12:18:13.873+0000] {logging_mixin.py:190} INFO - [2025-01-06T12:18:13.873+0000] {dag.py:3239} INFO - Sync 1 DAGs
[2025-01-06T12:18:13.879+0000] {logging_mixin.py:190} INFO - [2025-01-06T12:18:13.879+0000] {dag.py:4180} INFO - Setting next_dagrun for example_dag_decorator to None, run_after=None
[2025-01-06T12:18:13.886+0000] {processor.py:208} INFO - Processing /home/airflow/.local/lib/python3.12/site-packages/airflow/example_dags/example_dag_decorator.py took 0.026 seconds
[2025-01-06T12:18:27.919+0000] {processor.py:186} INFO - Started process (PID=37) to work on /home/airflow/.local/lib/python3.12/site-packages/airflow/example_dags/example_dag_decorator.py
[2025-01-06T12:18:27.920+0000] {processor.py:914} INFO - Processing file /home/airflow/.local/lib/python3.12/site-packages/airflow/example_dags/example_dag_decorator.py for tasks to queue
[2025-01-06T12:18:27.921+0000] {logging_mixin.py:190} INFO - [2025-01-06T12:18:27.921+0000] {dagbag.py:588} INFO - Filling up the DagBag from /home/airflow/.local/lib/python3.12/site-packages/airflow/example_dags/example_dag_decorator.py
[2025-01-06T12:18:27.927+0000] {processor.py:925} INFO - DAG(s) 'example_dag_decorator' retrieved from /home/airflow/.local/lib/python3.12/site-packages/airflow/example_dags/example_dag_decorator.py
[2025-01-06T12:18:27.972+0000] {logging_mixin.py:190} INFO - [2025-01-06T12:18:27.972+0000] {dag.py:3239} INFO - Sync 1 DAGs
[2025-01-06T12:18:27.977+0000] {logging_mixin.py:190} INFO - [2025-01-06T12:18:27.977+0000] {dag.py:4180} INFO - Setting next_dagrun for example_dag_decorator to None, run_after=None
[2025-01-06T12:18:27.984+0000] {processor.py:208} INFO - Processing /home/airflow/.local/lib/python3.12/site-packages/airflow/example_dags/example_dag_decorator.py took 0.067 seconds
[2025-01-06T12:18:38.829+0000] {processor.py:186} INFO - Started process (PID=37) to work on /home/airflow/.local/lib/python3.12/site-packages/airflow/example_dags/example_dag_decorator.py
[2025-01-06T12:18:38.830+0000] {processor.py:914} INFO - Processing file /home/airflow/.local/lib/python3.12/site-packages/airflow/example_dags/example_dag_decorator.py for tasks to queue
[2025-01-06T12:18:38.831+0000] {logging_mixin.py:190} INFO - [2025-01-06T12:18:38.831+0000] {dagbag.py:588} INFO - Filling up the DagBag from /home/airflow/.local/lib/python3.12/site-packages/airflow/example_dags/example_dag_decorator.py
[2025-01-06T12:18:38.837+0000] {processor.py:925} INFO - DAG(s) 'example_dag_decorator' retrieved from /home/airflow/.local/lib/python3.12/site-packages/airflow/example_dags/example_dag_decorator.py
[2025-01-06T12:18:38.841+0000] {logging_mixin.py:190} INFO - [2025-01-06T12:18:38.841+0000] {dag.py:3239} INFO - Sync 1 DAGs
[2025-01-06T12:18:38.848+0000] {logging_mixin.py:190} INFO - [2025-01-06T12:18:38.848+0000] {dag.py:4180} INFO - Setting next_dagrun for example_dag_decorator to None, run_after=None
[2025-01-06T12:18:38.854+0000] {processor.py:208} INFO - Processing /home/airflow/.local/lib/python3.12/site-packages/airflow/example_dags/example_dag_decorator.py took 0.027 seconds
[2025-01-06T12:19:04.921+0000] {processor.py:186} INFO - Started process (PID=37) to work on /home/airflow/.local/lib/python3.12/site-packages/airflow/example_dags/example_dag_decorator.py
[2025-01-06T12:19:04.922+0000] {processor.py:914} INFO - Processing file /home/airflow/.local/lib/python3.12/site-packages/airflow/example_dags/example_dag_decorator.py for tasks to queue
[2025-01-06T12:19:04.923+0000] {logging_mixin.py:190} INFO - [2025-01-06T12:19:04.923+0000] {dagbag.py:588} INFO - Filling up the DagBag from /home/airflow/.local/lib/python3.12/site-packages/airflow/example_dags/example_dag_decorator.py
[2025-01-06T12:19:04.929+0000] {processor.py:925} INFO - DAG(s) 'example_dag_decorator' retrieved from /home/airflow/.local/lib/python3.12/site-packages/airflow/example_dags/example_dag_decorator.py
[2025-01-06T12:19:04.972+0000] {logging_mixin.py:190} INFO - [2025-01-06T12:19:04.972+0000] {dag.py:3239} INFO - Sync 1 DAGs
[2025-01-06T12:19:04.976+0000] {logging_mixin.py:190} INFO - [2025-01-06T12:19:04.976+0000] {dag.py:4180} INFO - Setting next_dagrun for example_dag_decorator to None, run_after=None
[2025-01-06T12:19:04.983+0000] {processor.py:208} INFO - Processing /home/airflow/.local/lib/python3.12/site-packages/airflow/example_dags/example_dag_decorator.py took 0.064 seconds
[2025-01-06T12:19:17.872+0000] {processor.py:186} INFO - Started process (PID=37) to work on /home/airflow/.local/lib/python3.12/site-packages/airflow/example_dags/example_dag_decorator.py
[2025-01-06T12:19:17.873+0000] {processor.py:914} INFO - Processing file /home/airflow/.local/lib/python3.12/site-packages/airflow/example_dags/example_dag_decorator.py for tasks to queue
[2025-01-06T12:19:17.874+0000] {logging_mixin.py:190} INFO - [2025-01-06T12:19:17.874+0000] {dagbag.py:588} INFO - Filling up the DagBag from /home/airflow/.local/lib/python3.12/site-packages/airflow/example_dags/example_dag_decorator.py
[2025-01-06T12:19:17.879+0000] {processor.py:925} INFO - DAG(s) 'example_dag_decorator' retrieved from /home/airflow/.local/lib/python3.12/site-packages/airflow/example_dags/example_dag_decorator.py
[2025-01-06T12:19:17.884+0000] {logging_mixin.py:190} INFO - [2025-01-06T12:19:17.883+0000] {dag.py:3239} INFO - Sync 1 DAGs
[2025-01-06T12:19:17.892+0000] {logging_mixin.py:190} INFO - [2025-01-06T12:19:17.892+0000] {dag.py:4180} INFO - Setting next_dagrun for example_dag_decorator to None, run_after=None
[2025-01-06T12:19:17.899+0000] {processor.py:208} INFO - Processing /home/airflow/.local/lib/python3.12/site-packages/airflow/example_dags/example_dag_decorator.py took 0.029 seconds
[2025-01-06T12:33:10.370+0000] {processor.py:186} INFO - Started process (PID=39) to work on /home/airflow/.local/lib/python3.12/site-packages/airflow/example_dags/example_dag_decorator.py
[2025-01-06T12:33:10.370+0000] {processor.py:914} INFO - Processing file /home/airflow/.local/lib/python3.12/site-packages/airflow/example_dags/example_dag_decorator.py for tasks to queue
[2025-01-06T12:33:10.371+0000] {logging_mixin.py:190} INFO - [2025-01-06T12:33:10.371+0000] {dagbag.py:588} INFO - Filling up the DagBag from /home/airflow/.local/lib/python3.12/site-packages/airflow/example_dags/example_dag_decorator.py
[2025-01-06T12:33:10.377+0000] {processor.py:925} INFO - DAG(s) 'example_dag_decorator' retrieved from /home/airflow/.local/lib/python3.12/site-packages/airflow/example_dags/example_dag_decorator.py
[2025-01-06T12:33:10.421+0000] {logging_mixin.py:190} INFO - [2025-01-06T12:33:10.421+0000] {override.py:1911} INFO - Created Permission View: can delete on DAG:example_dag_decorator
[2025-01-06T12:33:10.425+0000] {logging_mixin.py:190} INFO - [2025-01-06T12:33:10.425+0000] {override.py:1911} INFO - Created Permission View: can read on DAG:example_dag_decorator
[2025-01-06T12:33:10.427+0000] {logging_mixin.py:190} INFO - [2025-01-06T12:33:10.427+0000] {override.py:1911} INFO - Created Permission View: can edit on DAG:example_dag_decorator
[2025-01-06T12:33:10.431+0000] {logging_mixin.py:190} INFO - [2025-01-06T12:33:10.431+0000] {override.py:1911} INFO - Created Permission View: menu access on DAG Run:example_dag_decorator
[2025-01-06T12:33:10.436+0000] {logging_mixin.py:190} INFO - [2025-01-06T12:33:10.436+0000] {override.py:1911} INFO - Created Permission View: can delete on DAG Run:example_dag_decorator
[2025-01-06T12:33:10.438+0000] {logging_mixin.py:190} INFO - [2025-01-06T12:33:10.438+0000] {override.py:1911} INFO - Created Permission View: can read on DAG Run:example_dag_decorator
[2025-01-06T12:33:10.439+0000] {logging_mixin.py:190} INFO - [2025-01-06T12:33:10.439+0000] {override.py:1911} INFO - Created Permission View: can create on DAG Run:example_dag_decorator
[2025-01-06T12:33:10.439+0000] {logging_mixin.py:190} INFO - [2025-01-06T12:33:10.439+0000] {dag.py:3239} INFO - Sync 1 DAGs
[2025-01-06T12:33:10.446+0000] {logging_mixin.py:190} INFO - [2025-01-06T12:33:10.446+0000] {dag.py:3262} INFO - Creating ORM DAG for example_dag_decorator
[2025-01-06T12:33:10.446+0000] {logging_mixin.py:190} INFO - [2025-01-06T12:33:10.446+0000] {dag.py:4180} INFO - Setting next_dagrun for example_dag_decorator to None, run_after=None
[2025-01-06T12:33:10.452+0000] {processor.py:208} INFO - Processing /home/airflow/.local/lib/python3.12/site-packages/airflow/example_dags/example_dag_decorator.py took 0.085 seconds
[2025-01-06T12:33:41.340+0000] {processor.py:186} INFO - Started process (PID=97) to work on /home/airflow/.local/lib/python3.12/site-packages/airflow/example_dags/example_dag_decorator.py
[2025-01-06T12:33:41.341+0000] {processor.py:914} INFO - Processing file /home/airflow/.local/lib/python3.12/site-packages/airflow/example_dags/example_dag_decorator.py for tasks to queue
[2025-01-06T12:33:41.342+0000] {logging_mixin.py:190} INFO - [2025-01-06T12:33:41.342+0000] {dagbag.py:588} INFO - Filling up the DagBag from /home/airflow/.local/lib/python3.12/site-packages/airflow/example_dags/example_dag_decorator.py
[2025-01-06T12:33:41.347+0000] {processor.py:925} INFO - DAG(s) 'example_dag_decorator' retrieved from /home/airflow/.local/lib/python3.12/site-packages/airflow/example_dags/example_dag_decorator.py
[2025-01-06T12:33:41.393+0000] {logging_mixin.py:190} INFO - [2025-01-06T12:33:41.393+0000] {dag.py:3239} INFO - Sync 1 DAGs
[2025-01-06T12:33:41.398+0000] {logging_mixin.py:190} INFO - [2025-01-06T12:33:41.398+0000] {dag.py:4180} INFO - Setting next_dagrun for example_dag_decorator to None, run_after=None
[2025-01-06T12:33:41.406+0000] {processor.py:208} INFO - Processing /home/airflow/.local/lib/python3.12/site-packages/airflow/example_dags/example_dag_decorator.py took 0.069 seconds
[2025-01-06T12:34:11.617+0000] {processor.py:186} INFO - Started process (PID=155) to work on /home/airflow/.local/lib/python3.12/site-packages/airflow/example_dags/example_dag_decorator.py
[2025-01-06T12:34:11.618+0000] {processor.py:914} INFO - Processing file /home/airflow/.local/lib/python3.12/site-packages/airflow/example_dags/example_dag_decorator.py for tasks to queue
[2025-01-06T12:34:11.619+0000] {logging_mixin.py:190} INFO - [2025-01-06T12:34:11.619+0000] {dagbag.py:588} INFO - Filling up the DagBag from /home/airflow/.local/lib/python3.12/site-packages/airflow/example_dags/example_dag_decorator.py
[2025-01-06T12:34:11.624+0000] {processor.py:925} INFO - DAG(s) 'example_dag_decorator' retrieved from /home/airflow/.local/lib/python3.12/site-packages/airflow/example_dags/example_dag_decorator.py
[2025-01-06T12:34:11.666+0000] {logging_mixin.py:190} INFO - [2025-01-06T12:34:11.666+0000] {dag.py:3239} INFO - Sync 1 DAGs
[2025-01-06T12:34:11.670+0000] {logging_mixin.py:190} INFO - [2025-01-06T12:34:11.670+0000] {dag.py:4180} INFO - Setting next_dagrun for example_dag_decorator to None, run_after=None
[2025-01-06T12:34:11.676+0000] {processor.py:208} INFO - Processing /home/airflow/.local/lib/python3.12/site-packages/airflow/example_dags/example_dag_decorator.py took 0.061 seconds
[2025-01-06T12:34:42.036+0000] {processor.py:186} INFO - Started process (PID=213) to work on /home/airflow/.local/lib/python3.12/site-packages/airflow/example_dags/example_dag_decorator.py
[2025-01-06T12:34:42.036+0000] {processor.py:914} INFO - Processing file /home/airflow/.local/lib/python3.12/site-packages/airflow/example_dags/example_dag_decorator.py for tasks to queue
[2025-01-06T12:34:42.037+0000] {logging_mixin.py:190} INFO - [2025-01-06T12:34:42.037+0000] {dagbag.py:588} INFO - Filling up the DagBag from /home/airflow/.local/lib/python3.12/site-packages/airflow/example_dags/example_dag_decorator.py
[2025-01-06T12:34:42.043+0000] {processor.py:925} INFO - DAG(s) 'example_dag_decorator' retrieved from /home/airflow/.local/lib/python3.12/site-packages/airflow/example_dags/example_dag_decorator.py
[2025-01-06T12:34:42.081+0000] {logging_mixin.py:190} INFO - [2025-01-06T12:34:42.081+0000] {dag.py:3239} INFO - Sync 1 DAGs
[2025-01-06T12:34:42.085+0000] {logging_mixin.py:190} INFO - [2025-01-06T12:34:42.085+0000] {dag.py:4180} INFO - Setting next_dagrun for example_dag_decorator to None, run_after=None
[2025-01-06T12:34:42.092+0000] {processor.py:208} INFO - Processing /home/airflow/.local/lib/python3.12/site-packages/airflow/example_dags/example_dag_decorator.py took 0.059 seconds
[2025-01-06T12:35:12.341+0000] {processor.py:186} INFO - Started process (PID=271) to work on /home/airflow/.local/lib/python3.12/site-packages/airflow/example_dags/example_dag_decorator.py
[2025-01-06T12:35:12.345+0000] {processor.py:914} INFO - Processing file /home/airflow/.local/lib/python3.12/site-packages/airflow/example_dags/example_dag_decorator.py for tasks to queue
[2025-01-06T12:35:12.346+0000] {logging_mixin.py:190} INFO - [2025-01-06T12:35:12.346+0000] {dagbag.py:588} INFO - Filling up the DagBag from /home/airflow/.local/lib/python3.12/site-packages/airflow/example_dags/example_dag_decorator.py
[2025-01-06T12:35:12.352+0000] {processor.py:925} INFO - DAG(s) 'example_dag_decorator' retrieved from /home/airflow/.local/lib/python3.12/site-packages/airflow/example_dags/example_dag_decorator.py
[2025-01-06T12:35:12.396+0000] {logging_mixin.py:190} INFO - [2025-01-06T12:35:12.396+0000] {dag.py:3239} INFO - Sync 1 DAGs
[2025-01-06T12:35:12.400+0000] {logging_mixin.py:190} INFO - [2025-01-06T12:35:12.400+0000] {dag.py:4180} INFO - Setting next_dagrun for example_dag_decorator to None, run_after=None
[2025-01-06T12:35:12.406+0000] {processor.py:208} INFO - Processing /home/airflow/.local/lib/python3.12/site-packages/airflow/example_dags/example_dag_decorator.py took 0.068 seconds
[2025-01-06T12:35:42.552+0000] {processor.py:186} INFO - Started process (PID=329) to work on /home/airflow/.local/lib/python3.12/site-packages/airflow/example_dags/example_dag_decorator.py
[2025-01-06T12:35:42.552+0000] {processor.py:914} INFO - Processing file /home/airflow/.local/lib/python3.12/site-packages/airflow/example_dags/example_dag_decorator.py for tasks to queue
[2025-01-06T12:35:42.553+0000] {logging_mixin.py:190} INFO - [2025-01-06T12:35:42.553+0000] {dagbag.py:588} INFO - Filling up the DagBag from /home/airflow/.local/lib/python3.12/site-packages/airflow/example_dags/example_dag_decorator.py
[2025-01-06T12:35:42.559+0000] {processor.py:925} INFO - DAG(s) 'example_dag_decorator' retrieved from /home/airflow/.local/lib/python3.12/site-packages/airflow/example_dags/example_dag_decorator.py
[2025-01-06T12:35:42.601+0000] {logging_mixin.py:190} INFO - [2025-01-06T12:35:42.601+0000] {dag.py:3239} INFO - Sync 1 DAGs
[2025-01-06T12:35:42.605+0000] {logging_mixin.py:190} INFO - [2025-01-06T12:35:42.605+0000] {dag.py:4180} INFO - Setting next_dagrun for example_dag_decorator to None, run_after=None
[2025-01-06T12:35:42.611+0000] {processor.py:208} INFO - Processing /home/airflow/.local/lib/python3.12/site-packages/airflow/example_dags/example_dag_decorator.py took 0.062 seconds
[2025-01-06T12:36:12.779+0000] {processor.py:186} INFO - Started process (PID=387) to work on /home/airflow/.local/lib/python3.12/site-packages/airflow/example_dags/example_dag_decorator.py
[2025-01-06T12:36:12.780+0000] {processor.py:914} INFO - Processing file /home/airflow/.local/lib/python3.12/site-packages/airflow/example_dags/example_dag_decorator.py for tasks to queue
[2025-01-06T12:36:12.781+0000] {logging_mixin.py:190} INFO - [2025-01-06T12:36:12.781+0000] {dagbag.py:588} INFO - Filling up the DagBag from /home/airflow/.local/lib/python3.12/site-packages/airflow/example_dags/example_dag_decorator.py
[2025-01-06T12:36:12.786+0000] {processor.py:925} INFO - DAG(s) 'example_dag_decorator' retrieved from /home/airflow/.local/lib/python3.12/site-packages/airflow/example_dags/example_dag_decorator.py
[2025-01-06T12:36:12.827+0000] {logging_mixin.py:190} INFO - [2025-01-06T12:36:12.827+0000] {dag.py:3239} INFO - Sync 1 DAGs
[2025-01-06T12:36:12.832+0000] {logging_mixin.py:190} INFO - [2025-01-06T12:36:12.832+0000] {dag.py:4180} INFO - Setting next_dagrun for example_dag_decorator to None, run_after=None
[2025-01-06T12:36:12.838+0000] {processor.py:208} INFO - Processing /home/airflow/.local/lib/python3.12/site-packages/airflow/example_dags/example_dag_decorator.py took 0.061 seconds
[2025-01-06T12:36:43.160+0000] {processor.py:186} INFO - Started process (PID=445) to work on /home/airflow/.local/lib/python3.12/site-packages/airflow/example_dags/example_dag_decorator.py
[2025-01-06T12:36:43.160+0000] {processor.py:914} INFO - Processing file /home/airflow/.local/lib/python3.12/site-packages/airflow/example_dags/example_dag_decorator.py for tasks to queue
[2025-01-06T12:36:43.161+0000] {logging_mixin.py:190} INFO - [2025-01-06T12:36:43.161+0000] {dagbag.py:588} INFO - Filling up the DagBag from /home/airflow/.local/lib/python3.12/site-packages/airflow/example_dags/example_dag_decorator.py
[2025-01-06T12:36:43.167+0000] {processor.py:925} INFO - DAG(s) 'example_dag_decorator' retrieved from /home/airflow/.local/lib/python3.12/site-packages/airflow/example_dags/example_dag_decorator.py
[2025-01-06T12:36:43.217+0000] {logging_mixin.py:190} INFO - [2025-01-06T12:36:43.217+0000] {dag.py:3239} INFO - Sync 1 DAGs
[2025-01-06T12:36:43.223+0000] {logging_mixin.py:190} INFO - [2025-01-06T12:36:43.222+0000] {dag.py:4180} INFO - Setting next_dagrun for example_dag_decorator to None, run_after=None
[2025-01-06T12:36:43.230+0000] {processor.py:208} INFO - Processing /home/airflow/.local/lib/python3.12/site-packages/airflow/example_dags/example_dag_decorator.py took 0.074 seconds
[2025-01-06T12:37:13.520+0000] {processor.py:186} INFO - Started process (PID=503) to work on /home/airflow/.local/lib/python3.12/site-packages/airflow/example_dags/example_dag_decorator.py
[2025-01-06T12:37:13.521+0000] {processor.py:914} INFO - Processing file /home/airflow/.local/lib/python3.12/site-packages/airflow/example_dags/example_dag_decorator.py for tasks to queue
[2025-01-06T12:37:13.521+0000] {logging_mixin.py:190} INFO - [2025-01-06T12:37:13.521+0000] {dagbag.py:588} INFO - Filling up the DagBag from /home/airflow/.local/lib/python3.12/site-packages/airflow/example_dags/example_dag_decorator.py
[2025-01-06T12:37:13.526+0000] {processor.py:925} INFO - DAG(s) 'example_dag_decorator' retrieved from /home/airflow/.local/lib/python3.12/site-packages/airflow/example_dags/example_dag_decorator.py
[2025-01-06T12:37:13.567+0000] {logging_mixin.py:190} INFO - [2025-01-06T12:37:13.567+0000] {dag.py:3239} INFO - Sync 1 DAGs
[2025-01-06T12:37:13.572+0000] {logging_mixin.py:190} INFO - [2025-01-06T12:37:13.571+0000] {dag.py:4180} INFO - Setting next_dagrun for example_dag_decorator to None, run_after=None
[2025-01-06T12:37:13.578+0000] {processor.py:208} INFO - Processing /home/airflow/.local/lib/python3.12/site-packages/airflow/example_dags/example_dag_decorator.py took 0.060 seconds
