[2025-01-06T12:17:47.066+0000] {processor.py:186} INFO - Started process (PID=46) to work on /home/airflow/.local/lib/python3.12/site-packages/airflow/example_dags/example_kubernetes_executor.py
[2025-01-06T12:17:47.067+0000] {processor.py:914} INFO - Processing file /home/airflow/.local/lib/python3.12/site-packages/airflow/example_dags/example_kubernetes_executor.py for tasks to queue
[2025-01-06T12:17:47.068+0000] {logging_mixin.py:190} INFO - [2025-01-06T12:17:47.068+0000] {dagbag.py:588} INFO - Filling up the DagBag from /home/airflow/.local/lib/python3.12/site-packages/airflow/example_dags/example_kubernetes_executor.py
[2025-01-06T12:17:47.077+0000] {processor.py:925} INFO - DAG(s) 'example_kubernetes_executor' retrieved from /home/airflow/.local/lib/python3.12/site-packages/airflow/example_dags/example_kubernetes_executor.py
[2025-01-06T12:17:47.133+0000] {logging_mixin.py:190} INFO - [2025-01-06T12:17:47.133+0000] {override.py:1911} INFO - Created Permission View: can edit on DAG:example_kubernetes_executor
[2025-01-06T12:17:47.137+0000] {logging_mixin.py:190} INFO - [2025-01-06T12:17:47.137+0000] {override.py:1911} INFO - Created Permission View: can read on DAG:example_kubernetes_executor
[2025-01-06T12:17:47.139+0000] {logging_mixin.py:190} INFO - [2025-01-06T12:17:47.139+0000] {override.py:1911} INFO - Created Permission View: can delete on DAG:example_kubernetes_executor
[2025-01-06T12:17:47.141+0000] {logging_mixin.py:190} INFO - [2025-01-06T12:17:47.141+0000] {override.py:1911} INFO - Created Permission View: can read on DAG Run:example_kubernetes_executor
[2025-01-06T12:17:47.143+0000] {logging_mixin.py:190} INFO - [2025-01-06T12:17:47.143+0000] {override.py:1911} INFO - Created Permission View: can create on DAG Run:example_kubernetes_executor
[2025-01-06T12:17:47.144+0000] {logging_mixin.py:190} INFO - [2025-01-06T12:17:47.144+0000] {override.py:1911} INFO - Created Permission View: menu access on DAG Run:example_kubernetes_executor
[2025-01-06T12:17:47.146+0000] {logging_mixin.py:190} INFO - [2025-01-06T12:17:47.146+0000] {override.py:1911} INFO - Created Permission View: can delete on DAG Run:example_kubernetes_executor
[2025-01-06T12:17:47.146+0000] {logging_mixin.py:190} INFO - [2025-01-06T12:17:47.146+0000] {dag.py:3239} INFO - Sync 1 DAGs
[2025-01-06T12:17:47.150+0000] {logging_mixin.py:190} INFO - [2025-01-06T12:17:47.150+0000] {dag.py:3262} INFO - Creating ORM DAG for example_kubernetes_executor
[2025-01-06T12:17:47.151+0000] {logging_mixin.py:190} INFO - [2025-01-06T12:17:47.151+0000] {dag.py:4180} INFO - Setting next_dagrun for example_kubernetes_executor to None, run_after=None
[2025-01-06T12:17:47.156+0000] {processor.py:208} INFO - Processing /home/airflow/.local/lib/python3.12/site-packages/airflow/example_dags/example_kubernetes_executor.py took 0.093 seconds
[2025-01-06T12:18:00.969+0000] {processor.py:186} INFO - Started process (PID=46) to work on /home/airflow/.local/lib/python3.12/site-packages/airflow/example_dags/example_kubernetes_executor.py
[2025-01-06T12:18:00.975+0000] {processor.py:914} INFO - Processing file /home/airflow/.local/lib/python3.12/site-packages/airflow/example_dags/example_kubernetes_executor.py for tasks to queue
[2025-01-06T12:18:00.976+0000] {logging_mixin.py:190} INFO - [2025-01-06T12:18:00.976+0000] {dagbag.py:588} INFO - Filling up the DagBag from /home/airflow/.local/lib/python3.12/site-packages/airflow/example_dags/example_kubernetes_executor.py
[2025-01-06T12:18:00.983+0000] {processor.py:925} INFO - DAG(s) 'example_kubernetes_executor' retrieved from /home/airflow/.local/lib/python3.12/site-packages/airflow/example_dags/example_kubernetes_executor.py
[2025-01-06T12:18:00.988+0000] {logging_mixin.py:190} INFO - [2025-01-06T12:18:00.988+0000] {dag.py:3239} INFO - Sync 1 DAGs
[2025-01-06T12:18:00.994+0000] {logging_mixin.py:190} INFO - [2025-01-06T12:18:00.994+0000] {dag.py:4180} INFO - Setting next_dagrun for example_kubernetes_executor to None, run_after=None
[2025-01-06T12:18:01.001+0000] {processor.py:208} INFO - Processing /home/airflow/.local/lib/python3.12/site-packages/airflow/example_dags/example_kubernetes_executor.py took 0.035 seconds
[2025-01-06T12:18:14.640+0000] {processor.py:186} INFO - Started process (PID=46) to work on /home/airflow/.local/lib/python3.12/site-packages/airflow/example_dags/example_kubernetes_executor.py
[2025-01-06T12:18:14.640+0000] {processor.py:914} INFO - Processing file /home/airflow/.local/lib/python3.12/site-packages/airflow/example_dags/example_kubernetes_executor.py for tasks to queue
[2025-01-06T12:18:14.641+0000] {logging_mixin.py:190} INFO - [2025-01-06T12:18:14.641+0000] {dagbag.py:588} INFO - Filling up the DagBag from /home/airflow/.local/lib/python3.12/site-packages/airflow/example_dags/example_kubernetes_executor.py
[2025-01-06T12:18:14.648+0000] {processor.py:925} INFO - DAG(s) 'example_kubernetes_executor' retrieved from /home/airflow/.local/lib/python3.12/site-packages/airflow/example_dags/example_kubernetes_executor.py
[2025-01-06T12:18:14.653+0000] {logging_mixin.py:190} INFO - [2025-01-06T12:18:14.653+0000] {dag.py:3239} INFO - Sync 1 DAGs
[2025-01-06T12:18:14.660+0000] {logging_mixin.py:190} INFO - [2025-01-06T12:18:14.660+0000] {dag.py:4180} INFO - Setting next_dagrun for example_kubernetes_executor to None, run_after=None
[2025-01-06T12:18:14.670+0000] {processor.py:208} INFO - Processing /home/airflow/.local/lib/python3.12/site-packages/airflow/example_dags/example_kubernetes_executor.py took 0.032 seconds
[2025-01-06T12:18:28.613+0000] {processor.py:186} INFO - Started process (PID=46) to work on /home/airflow/.local/lib/python3.12/site-packages/airflow/example_dags/example_kubernetes_executor.py
[2025-01-06T12:18:28.613+0000] {processor.py:914} INFO - Processing file /home/airflow/.local/lib/python3.12/site-packages/airflow/example_dags/example_kubernetes_executor.py for tasks to queue
[2025-01-06T12:18:28.615+0000] {logging_mixin.py:190} INFO - [2025-01-06T12:18:28.615+0000] {dagbag.py:588} INFO - Filling up the DagBag from /home/airflow/.local/lib/python3.12/site-packages/airflow/example_dags/example_kubernetes_executor.py
[2025-01-06T12:18:28.623+0000] {processor.py:925} INFO - DAG(s) 'example_kubernetes_executor' retrieved from /home/airflow/.local/lib/python3.12/site-packages/airflow/example_dags/example_kubernetes_executor.py
[2025-01-06T12:18:28.635+0000] {logging_mixin.py:190} INFO - [2025-01-06T12:18:28.635+0000] {dag.py:3239} INFO - Sync 1 DAGs
[2025-01-06T12:18:28.641+0000] {logging_mixin.py:190} INFO - [2025-01-06T12:18:28.641+0000] {dag.py:4180} INFO - Setting next_dagrun for example_kubernetes_executor to None, run_after=None
[2025-01-06T12:18:28.648+0000] {processor.py:208} INFO - Processing /home/airflow/.local/lib/python3.12/site-packages/airflow/example_dags/example_kubernetes_executor.py took 0.038 seconds
[2025-01-06T12:18:39.603+0000] {processor.py:186} INFO - Started process (PID=46) to work on /home/airflow/.local/lib/python3.12/site-packages/airflow/example_dags/example_kubernetes_executor.py
[2025-01-06T12:18:39.604+0000] {processor.py:914} INFO - Processing file /home/airflow/.local/lib/python3.12/site-packages/airflow/example_dags/example_kubernetes_executor.py for tasks to queue
[2025-01-06T12:18:39.605+0000] {logging_mixin.py:190} INFO - [2025-01-06T12:18:39.604+0000] {dagbag.py:588} INFO - Filling up the DagBag from /home/airflow/.local/lib/python3.12/site-packages/airflow/example_dags/example_kubernetes_executor.py
[2025-01-06T12:18:39.612+0000] {processor.py:925} INFO - DAG(s) 'example_kubernetes_executor' retrieved from /home/airflow/.local/lib/python3.12/site-packages/airflow/example_dags/example_kubernetes_executor.py
[2025-01-06T12:18:39.624+0000] {logging_mixin.py:190} INFO - [2025-01-06T12:18:39.624+0000] {dag.py:3239} INFO - Sync 1 DAGs
[2025-01-06T12:18:39.631+0000] {logging_mixin.py:190} INFO - [2025-01-06T12:18:39.630+0000] {dag.py:4180} INFO - Setting next_dagrun for example_kubernetes_executor to None, run_after=None
[2025-01-06T12:18:39.639+0000] {processor.py:208} INFO - Processing /home/airflow/.local/lib/python3.12/site-packages/airflow/example_dags/example_kubernetes_executor.py took 0.038 seconds
[2025-01-06T12:19:05.767+0000] {processor.py:186} INFO - Started process (PID=46) to work on /home/airflow/.local/lib/python3.12/site-packages/airflow/example_dags/example_kubernetes_executor.py
[2025-01-06T12:19:05.767+0000] {processor.py:914} INFO - Processing file /home/airflow/.local/lib/python3.12/site-packages/airflow/example_dags/example_kubernetes_executor.py for tasks to queue
[2025-01-06T12:19:05.768+0000] {logging_mixin.py:190} INFO - [2025-01-06T12:19:05.768+0000] {dagbag.py:588} INFO - Filling up the DagBag from /home/airflow/.local/lib/python3.12/site-packages/airflow/example_dags/example_kubernetes_executor.py
[2025-01-06T12:19:05.777+0000] {processor.py:925} INFO - DAG(s) 'example_kubernetes_executor' retrieved from /home/airflow/.local/lib/python3.12/site-packages/airflow/example_dags/example_kubernetes_executor.py
[2025-01-06T12:19:05.796+0000] {logging_mixin.py:190} INFO - [2025-01-06T12:19:05.795+0000] {dag.py:3239} INFO - Sync 1 DAGs
[2025-01-06T12:19:05.804+0000] {logging_mixin.py:190} INFO - [2025-01-06T12:19:05.803+0000] {dag.py:4180} INFO - Setting next_dagrun for example_kubernetes_executor to None, run_after=None
[2025-01-06T12:19:18.565+0000] {processor.py:186} INFO - Started process (PID=46) to work on /home/airflow/.local/lib/python3.12/site-packages/airflow/example_dags/example_kubernetes_executor.py
[2025-01-06T12:19:18.566+0000] {processor.py:914} INFO - Processing file /home/airflow/.local/lib/python3.12/site-packages/airflow/example_dags/example_kubernetes_executor.py for tasks to queue
[2025-01-06T12:19:18.567+0000] {logging_mixin.py:190} INFO - [2025-01-06T12:19:18.567+0000] {dagbag.py:588} INFO - Filling up the DagBag from /home/airflow/.local/lib/python3.12/site-packages/airflow/example_dags/example_kubernetes_executor.py
[2025-01-06T12:19:18.576+0000] {processor.py:925} INFO - DAG(s) 'example_kubernetes_executor' retrieved from /home/airflow/.local/lib/python3.12/site-packages/airflow/example_dags/example_kubernetes_executor.py
[2025-01-06T12:19:18.589+0000] {logging_mixin.py:190} INFO - [2025-01-06T12:19:18.589+0000] {dag.py:3239} INFO - Sync 1 DAGs
[2025-01-06T12:19:18.596+0000] {logging_mixin.py:190} INFO - [2025-01-06T12:19:18.596+0000] {dag.py:4180} INFO - Setting next_dagrun for example_kubernetes_executor to None, run_after=None
[2025-01-06T12:19:18.604+0000] {processor.py:208} INFO - Processing /home/airflow/.local/lib/python3.12/site-packages/airflow/example_dags/example_kubernetes_executor.py took 0.042 seconds
[2025-01-06T12:33:11.838+0000] {processor.py:186} INFO - Started process (PID=48) to work on /home/airflow/.local/lib/python3.12/site-packages/airflow/example_dags/example_kubernetes_executor.py
[2025-01-06T12:33:11.838+0000] {processor.py:914} INFO - Processing file /home/airflow/.local/lib/python3.12/site-packages/airflow/example_dags/example_kubernetes_executor.py for tasks to queue
[2025-01-06T12:33:11.839+0000] {logging_mixin.py:190} INFO - [2025-01-06T12:33:11.839+0000] {dagbag.py:588} INFO - Filling up the DagBag from /home/airflow/.local/lib/python3.12/site-packages/airflow/example_dags/example_kubernetes_executor.py
[2025-01-06T12:33:11.847+0000] {processor.py:925} INFO - DAG(s) 'example_kubernetes_executor' retrieved from /home/airflow/.local/lib/python3.12/site-packages/airflow/example_dags/example_kubernetes_executor.py
[2025-01-06T12:33:11.890+0000] {logging_mixin.py:190} INFO - [2025-01-06T12:33:11.889+0000] {override.py:1911} INFO - Created Permission View: can delete on DAG:example_kubernetes_executor
[2025-01-06T12:33:11.893+0000] {logging_mixin.py:190} INFO - [2025-01-06T12:33:11.893+0000] {override.py:1911} INFO - Created Permission View: can read on DAG:example_kubernetes_executor
[2025-01-06T12:33:11.895+0000] {logging_mixin.py:190} INFO - [2025-01-06T12:33:11.894+0000] {override.py:1911} INFO - Created Permission View: can edit on DAG:example_kubernetes_executor
[2025-01-06T12:33:11.896+0000] {logging_mixin.py:190} INFO - [2025-01-06T12:33:11.896+0000] {override.py:1911} INFO - Created Permission View: menu access on DAG Run:example_kubernetes_executor
[2025-01-06T12:33:11.898+0000] {logging_mixin.py:190} INFO - [2025-01-06T12:33:11.898+0000] {override.py:1911} INFO - Created Permission View: can delete on DAG Run:example_kubernetes_executor
[2025-01-06T12:33:11.899+0000] {logging_mixin.py:190} INFO - [2025-01-06T12:33:11.899+0000] {override.py:1911} INFO - Created Permission View: can read on DAG Run:example_kubernetes_executor
[2025-01-06T12:33:11.901+0000] {logging_mixin.py:190} INFO - [2025-01-06T12:33:11.901+0000] {override.py:1911} INFO - Created Permission View: can create on DAG Run:example_kubernetes_executor
[2025-01-06T12:33:11.901+0000] {logging_mixin.py:190} INFO - [2025-01-06T12:33:11.901+0000] {dag.py:3239} INFO - Sync 1 DAGs
[2025-01-06T12:33:11.906+0000] {logging_mixin.py:190} INFO - [2025-01-06T12:33:11.906+0000] {dag.py:3262} INFO - Creating ORM DAG for example_kubernetes_executor
[2025-01-06T12:33:11.906+0000] {logging_mixin.py:190} INFO - [2025-01-06T12:33:11.906+0000] {dag.py:4180} INFO - Setting next_dagrun for example_kubernetes_executor to None, run_after=None
[2025-01-06T12:33:11.913+0000] {processor.py:208} INFO - Processing /home/airflow/.local/lib/python3.12/site-packages/airflow/example_dags/example_kubernetes_executor.py took 0.078 seconds
[2025-01-06T12:33:42.025+0000] {processor.py:186} INFO - Started process (PID=105) to work on /home/airflow/.local/lib/python3.12/site-packages/airflow/example_dags/example_kubernetes_executor.py
[2025-01-06T12:33:42.025+0000] {processor.py:914} INFO - Processing file /home/airflow/.local/lib/python3.12/site-packages/airflow/example_dags/example_kubernetes_executor.py for tasks to queue
[2025-01-06T12:33:42.027+0000] {logging_mixin.py:190} INFO - [2025-01-06T12:33:42.026+0000] {dagbag.py:588} INFO - Filling up the DagBag from /home/airflow/.local/lib/python3.12/site-packages/airflow/example_dags/example_kubernetes_executor.py
[2025-01-06T12:33:42.033+0000] {processor.py:925} INFO - DAG(s) 'example_kubernetes_executor' retrieved from /home/airflow/.local/lib/python3.12/site-packages/airflow/example_dags/example_kubernetes_executor.py
[2025-01-06T12:33:42.043+0000] {logging_mixin.py:190} INFO - [2025-01-06T12:33:42.043+0000] {dag.py:3239} INFO - Sync 1 DAGs
[2025-01-06T12:33:42.048+0000] {logging_mixin.py:190} INFO - [2025-01-06T12:33:42.048+0000] {dag.py:4180} INFO - Setting next_dagrun for example_kubernetes_executor to None, run_after=None
[2025-01-06T12:33:42.054+0000] {processor.py:208} INFO - Processing /home/airflow/.local/lib/python3.12/site-packages/airflow/example_dags/example_kubernetes_executor.py took 0.033 seconds
[2025-01-06T12:34:12.271+0000] {processor.py:186} INFO - Started process (PID=163) to work on /home/airflow/.local/lib/python3.12/site-packages/airflow/example_dags/example_kubernetes_executor.py
[2025-01-06T12:34:12.271+0000] {processor.py:914} INFO - Processing file /home/airflow/.local/lib/python3.12/site-packages/airflow/example_dags/example_kubernetes_executor.py for tasks to queue
[2025-01-06T12:34:12.273+0000] {logging_mixin.py:190} INFO - [2025-01-06T12:34:12.272+0000] {dagbag.py:588} INFO - Filling up the DagBag from /home/airflow/.local/lib/python3.12/site-packages/airflow/example_dags/example_kubernetes_executor.py
[2025-01-06T12:34:12.280+0000] {processor.py:925} INFO - DAG(s) 'example_kubernetes_executor' retrieved from /home/airflow/.local/lib/python3.12/site-packages/airflow/example_dags/example_kubernetes_executor.py
[2025-01-06T12:34:12.290+0000] {logging_mixin.py:190} INFO - [2025-01-06T12:34:12.290+0000] {dag.py:3239} INFO - Sync 1 DAGs
[2025-01-06T12:34:12.314+0000] {logging_mixin.py:190} INFO - [2025-01-06T12:34:12.314+0000] {dag.py:4180} INFO - Setting next_dagrun for example_kubernetes_executor to None, run_after=None
[2025-01-06T12:34:12.323+0000] {processor.py:208} INFO - Processing /home/airflow/.local/lib/python3.12/site-packages/airflow/example_dags/example_kubernetes_executor.py took 0.054 seconds
[2025-01-06T12:34:42.347+0000] {processor.py:186} INFO - Started process (PID=220) to work on /home/airflow/.local/lib/python3.12/site-packages/airflow/example_dags/example_kubernetes_executor.py
[2025-01-06T12:34:42.347+0000] {processor.py:914} INFO - Processing file /home/airflow/.local/lib/python3.12/site-packages/airflow/example_dags/example_kubernetes_executor.py for tasks to queue
[2025-01-06T12:34:42.348+0000] {logging_mixin.py:190} INFO - [2025-01-06T12:34:42.348+0000] {dagbag.py:588} INFO - Filling up the DagBag from /home/airflow/.local/lib/python3.12/site-packages/airflow/example_dags/example_kubernetes_executor.py
[2025-01-06T12:34:42.354+0000] {processor.py:925} INFO - DAG(s) 'example_kubernetes_executor' retrieved from /home/airflow/.local/lib/python3.12/site-packages/airflow/example_dags/example_kubernetes_executor.py
[2025-01-06T12:34:42.364+0000] {logging_mixin.py:190} INFO - [2025-01-06T12:34:42.364+0000] {dag.py:3239} INFO - Sync 1 DAGs
[2025-01-06T12:34:42.369+0000] {logging_mixin.py:190} INFO - [2025-01-06T12:34:42.369+0000] {dag.py:4180} INFO - Setting next_dagrun for example_kubernetes_executor to None, run_after=None
[2025-01-06T12:34:42.376+0000] {processor.py:208} INFO - Processing /home/airflow/.local/lib/python3.12/site-packages/airflow/example_dags/example_kubernetes_executor.py took 0.032 seconds
[2025-01-06T12:35:12.594+0000] {processor.py:186} INFO - Started process (PID=277) to work on /home/airflow/.local/lib/python3.12/site-packages/airflow/example_dags/example_kubernetes_executor.py
[2025-01-06T12:35:12.595+0000] {processor.py:914} INFO - Processing file /home/airflow/.local/lib/python3.12/site-packages/airflow/example_dags/example_kubernetes_executor.py for tasks to queue
[2025-01-06T12:35:12.596+0000] {logging_mixin.py:190} INFO - [2025-01-06T12:35:12.595+0000] {dagbag.py:588} INFO - Filling up the DagBag from /home/airflow/.local/lib/python3.12/site-packages/airflow/example_dags/example_kubernetes_executor.py
[2025-01-06T12:35:12.601+0000] {processor.py:925} INFO - DAG(s) 'example_kubernetes_executor' retrieved from /home/airflow/.local/lib/python3.12/site-packages/airflow/example_dags/example_kubernetes_executor.py
[2025-01-06T12:35:12.611+0000] {logging_mixin.py:190} INFO - [2025-01-06T12:35:12.611+0000] {dag.py:3239} INFO - Sync 1 DAGs
[2025-01-06T12:35:12.617+0000] {logging_mixin.py:190} INFO - [2025-01-06T12:35:12.616+0000] {dag.py:4180} INFO - Setting next_dagrun for example_kubernetes_executor to None, run_after=None
[2025-01-06T12:35:12.623+0000] {processor.py:208} INFO - Processing /home/airflow/.local/lib/python3.12/site-packages/airflow/example_dags/example_kubernetes_executor.py took 0.032 seconds
[2025-01-06T12:35:42.658+0000] {processor.py:186} INFO - Started process (PID=334) to work on /home/airflow/.local/lib/python3.12/site-packages/airflow/example_dags/example_kubernetes_executor.py
[2025-01-06T12:35:42.658+0000] {processor.py:914} INFO - Processing file /home/airflow/.local/lib/python3.12/site-packages/airflow/example_dags/example_kubernetes_executor.py for tasks to queue
[2025-01-06T12:35:42.659+0000] {logging_mixin.py:190} INFO - [2025-01-06T12:35:42.659+0000] {dagbag.py:588} INFO - Filling up the DagBag from /home/airflow/.local/lib/python3.12/site-packages/airflow/example_dags/example_kubernetes_executor.py
[2025-01-06T12:35:42.665+0000] {processor.py:925} INFO - DAG(s) 'example_kubernetes_executor' retrieved from /home/airflow/.local/lib/python3.12/site-packages/airflow/example_dags/example_kubernetes_executor.py
[2025-01-06T12:35:42.675+0000] {logging_mixin.py:190} INFO - [2025-01-06T12:35:42.674+0000] {dag.py:3239} INFO - Sync 1 DAGs
[2025-01-06T12:35:42.680+0000] {logging_mixin.py:190} INFO - [2025-01-06T12:35:42.680+0000] {dag.py:4180} INFO - Setting next_dagrun for example_kubernetes_executor to None, run_after=None
[2025-01-06T12:35:42.686+0000] {processor.py:208} INFO - Processing /home/airflow/.local/lib/python3.12/site-packages/airflow/example_dags/example_kubernetes_executor.py took 0.030 seconds
[2025-01-06T12:36:12.898+0000] {processor.py:186} INFO - Started process (PID=392) to work on /home/airflow/.local/lib/python3.12/site-packages/airflow/example_dags/example_kubernetes_executor.py
[2025-01-06T12:36:12.899+0000] {processor.py:914} INFO - Processing file /home/airflow/.local/lib/python3.12/site-packages/airflow/example_dags/example_kubernetes_executor.py for tasks to queue
[2025-01-06T12:36:12.901+0000] {logging_mixin.py:190} INFO - [2025-01-06T12:36:12.901+0000] {dagbag.py:588} INFO - Filling up the DagBag from /home/airflow/.local/lib/python3.12/site-packages/airflow/example_dags/example_kubernetes_executor.py
[2025-01-06T12:36:12.907+0000] {processor.py:925} INFO - DAG(s) 'example_kubernetes_executor' retrieved from /home/airflow/.local/lib/python3.12/site-packages/airflow/example_dags/example_kubernetes_executor.py
[2025-01-06T12:36:12.916+0000] {logging_mixin.py:190} INFO - [2025-01-06T12:36:12.916+0000] {dag.py:3239} INFO - Sync 1 DAGs
[2025-01-06T12:36:12.922+0000] {logging_mixin.py:190} INFO - [2025-01-06T12:36:12.921+0000] {dag.py:4180} INFO - Setting next_dagrun for example_kubernetes_executor to None, run_after=None
[2025-01-06T12:36:12.928+0000] {processor.py:208} INFO - Processing /home/airflow/.local/lib/python3.12/site-packages/airflow/example_dags/example_kubernetes_executor.py took 0.034 seconds
[2025-01-06T12:36:43.286+0000] {processor.py:186} INFO - Started process (PID=450) to work on /home/airflow/.local/lib/python3.12/site-packages/airflow/example_dags/example_kubernetes_executor.py
[2025-01-06T12:36:43.286+0000] {processor.py:914} INFO - Processing file /home/airflow/.local/lib/python3.12/site-packages/airflow/example_dags/example_kubernetes_executor.py for tasks to queue
[2025-01-06T12:36:43.287+0000] {logging_mixin.py:190} INFO - [2025-01-06T12:36:43.287+0000] {dagbag.py:588} INFO - Filling up the DagBag from /home/airflow/.local/lib/python3.12/site-packages/airflow/example_dags/example_kubernetes_executor.py
[2025-01-06T12:36:43.295+0000] {processor.py:925} INFO - DAG(s) 'example_kubernetes_executor' retrieved from /home/airflow/.local/lib/python3.12/site-packages/airflow/example_dags/example_kubernetes_executor.py
[2025-01-06T12:36:43.306+0000] {logging_mixin.py:190} INFO - [2025-01-06T12:36:43.306+0000] {dag.py:3239} INFO - Sync 1 DAGs
[2025-01-06T12:36:43.313+0000] {logging_mixin.py:190} INFO - [2025-01-06T12:36:43.312+0000] {dag.py:4180} INFO - Setting next_dagrun for example_kubernetes_executor to None, run_after=None
[2025-01-06T12:36:43.320+0000] {processor.py:208} INFO - Processing /home/airflow/.local/lib/python3.12/site-packages/airflow/example_dags/example_kubernetes_executor.py took 0.036 seconds
[2025-01-06T12:37:13.677+0000] {processor.py:186} INFO - Started process (PID=509) to work on /home/airflow/.local/lib/python3.12/site-packages/airflow/example_dags/example_kubernetes_executor.py
[2025-01-06T12:37:13.677+0000] {processor.py:914} INFO - Processing file /home/airflow/.local/lib/python3.12/site-packages/airflow/example_dags/example_kubernetes_executor.py for tasks to queue
[2025-01-06T12:37:13.678+0000] {logging_mixin.py:190} INFO - [2025-01-06T12:37:13.678+0000] {dagbag.py:588} INFO - Filling up the DagBag from /home/airflow/.local/lib/python3.12/site-packages/airflow/example_dags/example_kubernetes_executor.py
[2025-01-06T12:37:13.685+0000] {processor.py:925} INFO - DAG(s) 'example_kubernetes_executor' retrieved from /home/airflow/.local/lib/python3.12/site-packages/airflow/example_dags/example_kubernetes_executor.py
[2025-01-06T12:37:13.696+0000] {logging_mixin.py:190} INFO - [2025-01-06T12:37:13.696+0000] {dag.py:3239} INFO - Sync 1 DAGs
[2025-01-06T12:37:13.703+0000] {logging_mixin.py:190} INFO - [2025-01-06T12:37:13.703+0000] {dag.py:4180} INFO - Setting next_dagrun for example_kubernetes_executor to None, run_after=None
[2025-01-06T12:37:13.711+0000] {processor.py:208} INFO - Processing /home/airflow/.local/lib/python3.12/site-packages/airflow/example_dags/example_kubernetes_executor.py took 0.038 seconds
