[2025-01-06T12:33:13.480+0000] {processor.py:186} INFO - Started process (PID=76) to work on /home/airflow/.local/lib/python3.12/site-packages/airflow/example_dags/tutorial.py
[2025-01-06T12:33:13.480+0000] {processor.py:914} INFO - Processing file /home/airflow/.local/lib/python3.12/site-packages/airflow/example_dags/tutorial.py for tasks to queue
[2025-01-06T12:33:13.481+0000] {logging_mixin.py:190} INFO - [2025-01-06T12:33:13.481+0000] {dagbag.py:588} INFO - Filling up the DagBag from /home/airflow/.local/lib/python3.12/site-packages/airflow/example_dags/tutorial.py
[2025-01-06T12:33:13.485+0000] {processor.py:925} INFO - DAG(s) 'tutorial' retrieved from /home/airflow/.local/lib/python3.12/site-packages/airflow/example_dags/tutorial.py
[2025-01-06T12:33:13.528+0000] {logging_mixin.py:190} INFO - [2025-01-06T12:33:13.527+0000] {override.py:1911} INFO - Created Permission View: can delete on DAG:tutorial
[2025-01-06T12:33:13.531+0000] {logging_mixin.py:190} INFO - [2025-01-06T12:33:13.531+0000] {override.py:1911} INFO - Created Permission View: can read on DAG:tutorial
[2025-01-06T12:33:13.534+0000] {logging_mixin.py:190} INFO - [2025-01-06T12:33:13.533+0000] {override.py:1911} INFO - Created Permission View: can edit on DAG:tutorial
[2025-01-06T12:33:13.535+0000] {logging_mixin.py:190} INFO - [2025-01-06T12:33:13.535+0000] {override.py:1911} INFO - Created Permission View: menu access on DAG Run:tutorial
[2025-01-06T12:33:13.537+0000] {logging_mixin.py:190} INFO - [2025-01-06T12:33:13.537+0000] {override.py:1911} INFO - Created Permission View: can delete on DAG Run:tutorial
[2025-01-06T12:33:13.539+0000] {logging_mixin.py:190} INFO - [2025-01-06T12:33:13.539+0000] {override.py:1911} INFO - Created Permission View: can read on DAG Run:tutorial
[2025-01-06T12:33:13.541+0000] {logging_mixin.py:190} INFO - [2025-01-06T12:33:13.541+0000] {override.py:1911} INFO - Created Permission View: can create on DAG Run:tutorial
[2025-01-06T12:33:13.542+0000] {logging_mixin.py:190} INFO - [2025-01-06T12:33:13.542+0000] {dag.py:3239} INFO - Sync 1 DAGs
[2025-01-06T12:33:13.546+0000] {logging_mixin.py:190} INFO - [2025-01-06T12:33:13.546+0000] {dag.py:3262} INFO - Creating ORM DAG for tutorial
[2025-01-06T12:33:13.551+0000] {logging_mixin.py:190} INFO - [2025-01-06T12:33:13.551+0000] {dag.py:4180} INFO - Setting next_dagrun for tutorial to 2025-01-05 00:00:00+00:00, run_after=2025-01-06 00:00:00+00:00
[2025-01-06T12:33:13.556+0000] {processor.py:208} INFO - Processing /home/airflow/.local/lib/python3.12/site-packages/airflow/example_dags/tutorial.py took 0.079 seconds
[2025-01-06T12:33:43.916+0000] {processor.py:186} INFO - Started process (PID=134) to work on /home/airflow/.local/lib/python3.12/site-packages/airflow/example_dags/tutorial.py
[2025-01-06T12:33:43.917+0000] {processor.py:914} INFO - Processing file /home/airflow/.local/lib/python3.12/site-packages/airflow/example_dags/tutorial.py for tasks to queue
[2025-01-06T12:33:43.918+0000] {logging_mixin.py:190} INFO - [2025-01-06T12:33:43.917+0000] {dagbag.py:588} INFO - Filling up the DagBag from /home/airflow/.local/lib/python3.12/site-packages/airflow/example_dags/tutorial.py
[2025-01-06T12:33:43.922+0000] {processor.py:925} INFO - DAG(s) 'tutorial' retrieved from /home/airflow/.local/lib/python3.12/site-packages/airflow/example_dags/tutorial.py
[2025-01-06T12:33:43.930+0000] {logging_mixin.py:190} INFO - [2025-01-06T12:33:43.930+0000] {dag.py:3239} INFO - Sync 1 DAGs
[2025-01-06T12:33:43.939+0000] {logging_mixin.py:190} INFO - [2025-01-06T12:33:43.939+0000] {dag.py:4180} INFO - Setting next_dagrun for tutorial to 2025-01-05 00:00:00+00:00, run_after=2025-01-06 00:00:00+00:00
[2025-01-06T12:33:43.946+0000] {processor.py:208} INFO - Processing /home/airflow/.local/lib/python3.12/site-packages/airflow/example_dags/tutorial.py took 0.033 seconds
[2025-01-06T12:34:14.282+0000] {processor.py:186} INFO - Started process (PID=192) to work on /home/airflow/.local/lib/python3.12/site-packages/airflow/example_dags/tutorial.py
[2025-01-06T12:34:14.283+0000] {processor.py:914} INFO - Processing file /home/airflow/.local/lib/python3.12/site-packages/airflow/example_dags/tutorial.py for tasks to queue
[2025-01-06T12:34:14.284+0000] {logging_mixin.py:190} INFO - [2025-01-06T12:34:14.284+0000] {dagbag.py:588} INFO - Filling up the DagBag from /home/airflow/.local/lib/python3.12/site-packages/airflow/example_dags/tutorial.py
[2025-01-06T12:34:14.289+0000] {processor.py:925} INFO - DAG(s) 'tutorial' retrieved from /home/airflow/.local/lib/python3.12/site-packages/airflow/example_dags/tutorial.py
[2025-01-06T12:34:14.297+0000] {logging_mixin.py:190} INFO - [2025-01-06T12:34:14.297+0000] {dag.py:3239} INFO - Sync 1 DAGs
[2025-01-06T12:34:14.307+0000] {logging_mixin.py:190} INFO - [2025-01-06T12:34:14.307+0000] {dag.py:4180} INFO - Setting next_dagrun for tutorial to 2025-01-05 00:00:00+00:00, run_after=2025-01-06 00:00:00+00:00
[2025-01-06T12:34:14.314+0000] {processor.py:208} INFO - Processing /home/airflow/.local/lib/python3.12/site-packages/airflow/example_dags/tutorial.py took 0.035 seconds
[2025-01-06T12:34:44.588+0000] {processor.py:186} INFO - Started process (PID=250) to work on /home/airflow/.local/lib/python3.12/site-packages/airflow/example_dags/tutorial.py
[2025-01-06T12:34:44.589+0000] {processor.py:914} INFO - Processing file /home/airflow/.local/lib/python3.12/site-packages/airflow/example_dags/tutorial.py for tasks to queue
[2025-01-06T12:34:44.590+0000] {logging_mixin.py:190} INFO - [2025-01-06T12:34:44.590+0000] {dagbag.py:588} INFO - Filling up the DagBag from /home/airflow/.local/lib/python3.12/site-packages/airflow/example_dags/tutorial.py
[2025-01-06T12:34:44.593+0000] {processor.py:925} INFO - DAG(s) 'tutorial' retrieved from /home/airflow/.local/lib/python3.12/site-packages/airflow/example_dags/tutorial.py
[2025-01-06T12:34:44.601+0000] {logging_mixin.py:190} INFO - [2025-01-06T12:34:44.601+0000] {dag.py:3239} INFO - Sync 1 DAGs
[2025-01-06T12:34:44.609+0000] {logging_mixin.py:190} INFO - [2025-01-06T12:34:44.609+0000] {dag.py:4180} INFO - Setting next_dagrun for tutorial to 2025-01-05 00:00:00+00:00, run_after=2025-01-06 00:00:00+00:00
[2025-01-06T12:34:44.615+0000] {processor.py:208} INFO - Processing /home/airflow/.local/lib/python3.12/site-packages/airflow/example_dags/tutorial.py took 0.029 seconds
[2025-01-06T12:35:15.897+0000] {processor.py:186} INFO - Started process (PID=308) to work on /home/airflow/.local/lib/python3.12/site-packages/airflow/example_dags/tutorial.py
[2025-01-06T12:35:15.897+0000] {processor.py:914} INFO - Processing file /home/airflow/.local/lib/python3.12/site-packages/airflow/example_dags/tutorial.py for tasks to queue
[2025-01-06T12:35:15.899+0000] {logging_mixin.py:190} INFO - [2025-01-06T12:35:15.898+0000] {dagbag.py:588} INFO - Filling up the DagBag from /home/airflow/.local/lib/python3.12/site-packages/airflow/example_dags/tutorial.py
[2025-01-06T12:35:15.902+0000] {processor.py:925} INFO - DAG(s) 'tutorial' retrieved from /home/airflow/.local/lib/python3.12/site-packages/airflow/example_dags/tutorial.py
[2025-01-06T12:35:15.911+0000] {logging_mixin.py:190} INFO - [2025-01-06T12:35:15.911+0000] {dag.py:3239} INFO - Sync 1 DAGs
[2025-01-06T12:35:15.920+0000] {logging_mixin.py:190} INFO - [2025-01-06T12:35:15.920+0000] {dag.py:4180} INFO - Setting next_dagrun for tutorial to 2025-01-05 00:00:00+00:00, run_after=2025-01-06 00:00:00+00:00
[2025-01-06T12:35:15.927+0000] {processor.py:208} INFO - Processing /home/airflow/.local/lib/python3.12/site-packages/airflow/example_dags/tutorial.py took 0.033 seconds
[2025-01-06T12:35:47.061+0000] {processor.py:186} INFO - Started process (PID=366) to work on /home/airflow/.local/lib/python3.12/site-packages/airflow/example_dags/tutorial.py
[2025-01-06T12:35:47.062+0000] {processor.py:914} INFO - Processing file /home/airflow/.local/lib/python3.12/site-packages/airflow/example_dags/tutorial.py for tasks to queue
[2025-01-06T12:35:47.063+0000] {logging_mixin.py:190} INFO - [2025-01-06T12:35:47.063+0000] {dagbag.py:588} INFO - Filling up the DagBag from /home/airflow/.local/lib/python3.12/site-packages/airflow/example_dags/tutorial.py
[2025-01-06T12:35:47.067+0000] {processor.py:925} INFO - DAG(s) 'tutorial' retrieved from /home/airflow/.local/lib/python3.12/site-packages/airflow/example_dags/tutorial.py
[2025-01-06T12:35:47.074+0000] {logging_mixin.py:190} INFO - [2025-01-06T12:35:47.074+0000] {dag.py:3239} INFO - Sync 1 DAGs
[2025-01-06T12:35:47.083+0000] {logging_mixin.py:190} INFO - [2025-01-06T12:35:47.082+0000] {dag.py:4180} INFO - Setting next_dagrun for tutorial to 2025-01-05 00:00:00+00:00, run_after=2025-01-06 00:00:00+00:00
[2025-01-06T12:35:47.089+0000] {processor.py:208} INFO - Processing /home/airflow/.local/lib/python3.12/site-packages/airflow/example_dags/tutorial.py took 0.030 seconds
[2025-01-06T12:36:18.316+0000] {processor.py:186} INFO - Started process (PID=424) to work on /home/airflow/.local/lib/python3.12/site-packages/airflow/example_dags/tutorial.py
[2025-01-06T12:36:18.317+0000] {processor.py:914} INFO - Processing file /home/airflow/.local/lib/python3.12/site-packages/airflow/example_dags/tutorial.py for tasks to queue
[2025-01-06T12:36:18.318+0000] {logging_mixin.py:190} INFO - [2025-01-06T12:36:18.318+0000] {dagbag.py:588} INFO - Filling up the DagBag from /home/airflow/.local/lib/python3.12/site-packages/airflow/example_dags/tutorial.py
[2025-01-06T12:36:18.321+0000] {processor.py:925} INFO - DAG(s) 'tutorial' retrieved from /home/airflow/.local/lib/python3.12/site-packages/airflow/example_dags/tutorial.py
[2025-01-06T12:36:18.330+0000] {logging_mixin.py:190} INFO - [2025-01-06T12:36:18.330+0000] {dag.py:3239} INFO - Sync 1 DAGs
[2025-01-06T12:36:18.338+0000] {logging_mixin.py:190} INFO - [2025-01-06T12:36:18.338+0000] {dag.py:4180} INFO - Setting next_dagrun for tutorial to 2025-01-05 00:00:00+00:00, run_after=2025-01-06 00:00:00+00:00
[2025-01-06T12:36:18.344+0000] {processor.py:208} INFO - Processing /home/airflow/.local/lib/python3.12/site-packages/airflow/example_dags/tutorial.py took 0.030 seconds
[2025-01-06T12:36:48.871+0000] {processor.py:186} INFO - Started process (PID=482) to work on /home/airflow/.local/lib/python3.12/site-packages/airflow/example_dags/tutorial.py
[2025-01-06T12:36:48.871+0000] {processor.py:914} INFO - Processing file /home/airflow/.local/lib/python3.12/site-packages/airflow/example_dags/tutorial.py for tasks to queue
[2025-01-06T12:36:48.873+0000] {logging_mixin.py:190} INFO - [2025-01-06T12:36:48.873+0000] {dagbag.py:588} INFO - Filling up the DagBag from /home/airflow/.local/lib/python3.12/site-packages/airflow/example_dags/tutorial.py
[2025-01-06T12:36:48.878+0000] {processor.py:925} INFO - DAG(s) 'tutorial' retrieved from /home/airflow/.local/lib/python3.12/site-packages/airflow/example_dags/tutorial.py
[2025-01-06T12:36:48.887+0000] {logging_mixin.py:190} INFO - [2025-01-06T12:36:48.887+0000] {dag.py:3239} INFO - Sync 1 DAGs
[2025-01-06T12:36:48.896+0000] {logging_mixin.py:190} INFO - [2025-01-06T12:36:48.896+0000] {dag.py:4180} INFO - Setting next_dagrun for tutorial to 2025-01-05 00:00:00+00:00, run_after=2025-01-06 00:00:00+00:00
[2025-01-06T12:36:48.902+0000] {processor.py:208} INFO - Processing /home/airflow/.local/lib/python3.12/site-packages/airflow/example_dags/tutorial.py took 0.034 seconds
[2025-01-06T12:37:19.906+0000] {processor.py:186} INFO - Started process (PID=540) to work on /home/airflow/.local/lib/python3.12/site-packages/airflow/example_dags/tutorial.py
[2025-01-06T12:37:19.906+0000] {processor.py:914} INFO - Processing file /home/airflow/.local/lib/python3.12/site-packages/airflow/example_dags/tutorial.py for tasks to queue
[2025-01-06T12:37:19.908+0000] {logging_mixin.py:190} INFO - [2025-01-06T12:37:19.907+0000] {dagbag.py:588} INFO - Filling up the DagBag from /home/airflow/.local/lib/python3.12/site-packages/airflow/example_dags/tutorial.py
[2025-01-06T12:37:19.911+0000] {processor.py:925} INFO - DAG(s) 'tutorial' retrieved from /home/airflow/.local/lib/python3.12/site-packages/airflow/example_dags/tutorial.py
[2025-01-06T12:37:19.919+0000] {logging_mixin.py:190} INFO - [2025-01-06T12:37:19.918+0000] {dag.py:3239} INFO - Sync 1 DAGs
[2025-01-06T12:37:19.927+0000] {logging_mixin.py:190} INFO - [2025-01-06T12:37:19.927+0000] {dag.py:4180} INFO - Setting next_dagrun for tutorial to 2025-01-05 00:00:00+00:00, run_after=2025-01-06 00:00:00+00:00
[2025-01-06T12:37:19.933+0000] {processor.py:208} INFO - Processing /home/airflow/.local/lib/python3.12/site-packages/airflow/example_dags/tutorial.py took 0.030 seconds
